41.0 APEX_CODE,FINEST;APEX_PROFILING,INFO;CALLOUT,INFO;DB,INFO;SYSTEM,DEBUG;VALIDATION,INFO;VISUALFORCE,INFO;WAVE,INFO;WORKFLOW,INFO
Execute Anonymous: Day3ListsAndLoops.executeLoops();
15:38:00.1 (1025274)|USER_INFO|[EXTERNAL]|0051I000000zlxU|anders.windell@atginfo.com.apex.bootcamp|Pacific Standard Time|GMT-07:00
15:38:00.1 (1193033)|EXECUTION_STARTED
15:38:00.1 (1197332)|CODE_UNIT_STARTED|[EXTERNAL]|execute_anonymous_apex
15:38:00.1 (1435342)|HEAP_ALLOCATE|[72]|Bytes:3
15:38:00.1 (1519293)|HEAP_ALLOCATE|[77]|Bytes:152
15:38:00.1 (1542092)|HEAP_ALLOCATE|[342]|Bytes:408
15:38:00.1 (1557789)|HEAP_ALLOCATE|[355]|Bytes:408
15:38:00.1 (1571635)|HEAP_ALLOCATE|[467]|Bytes:48
15:38:00.1 (1630833)|HEAP_ALLOCATE|[139]|Bytes:6
15:38:00.1 (1656610)|HEAP_ALLOCATE|[EXTERNAL]|Bytes:1
15:38:00.1 (1782116)|STATEMENT_EXECUTE|[1]
15:38:00.1 (1784388)|STATEMENT_EXECUTE|[1]
15:38:00.1 (1844547)|HEAP_ALLOCATE|[50]|Bytes:5
15:38:00.1 (1878280)|HEAP_ALLOCATE|[56]|Bytes:5
15:38:00.1 (1890997)|HEAP_ALLOCATE|[64]|Bytes:7
15:38:00.1 (1926867)|SYSTEM_MODE_ENTER|false
15:38:00.1 (2060448)|HEAP_ALLOCATE|[1]|Bytes:5
15:38:00.1 (6923592)|HEAP_ALLOCATE|[1]|Bytes:4
15:38:00.1 (6934159)|HEAP_ALLOCATE|[1]|Bytes:20
15:38:00.1 (6971273)|METHOD_ENTRY|[1]|01p1I000007biq8|Day3ListsAndLoops.Day3ListsAndLoops()
15:38:00.1 (6978396)|STATEMENT_EXECUTE|[1]
15:38:00.1 (6983269)|STATEMENT_EXECUTE|[1]
15:38:00.1 (6993948)|HEAP_ALLOCATE|[1]|Bytes:5
15:38:00.1 (7017203)|METHOD_EXIT|[1]|Day3ListsAndLoops
15:38:00.1 (7065818)|METHOD_ENTRY|[1]|01p1I000007biq8|Day3ListsAndLoops.executeLoops()
15:38:00.1 (7117839)|HEAP_ALLOCATE|[59]|Bytes:5
15:38:00.1 (7123552)|STATEMENT_EXECUTE|[52]
15:38:00.1 (7126745)|STATEMENT_EXECUTE|[59]
15:38:00.1 (7132794)|VARIABLE_SCOPE_BEGIN|[59]|i|Integer|false|false
15:38:00.1 (7140700)|HEAP_ALLOCATE|[59]|Bytes:4
15:38:00.1 (7158831)|VARIABLE_ASSIGNMENT|[59]|i|0
15:38:00.1 (7167819)|STATEMENT_EXECUTE|[59]
15:38:00.1 (7169408)|STATEMENT_EXECUTE|[60]
15:38:00.1 (7171449)|HEAP_ALLOCATE|[60]|Bytes:3
15:38:00.1 (7243694)|HEAP_ALLOCATE|[60]|Bytes:1
15:38:00.1 (7284317)|HEAP_ALLOCATE|[60]|Bytes:4
15:38:00.1 (7310352)|USER_DEBUG|[60]|DEBUG|i: 0
15:38:00.1 (7317942)|HEAP_ALLOCATE|[59]|Bytes:4
15:38:00.1 (7324328)|VARIABLE_ASSIGNMENT|[59]|i|1
15:38:00.1 (7329548)|STATEMENT_EXECUTE|[59]
15:38:00.1 (7330566)|STATEMENT_EXECUTE|[60]
15:38:00.1 (7339190)|HEAP_ALLOCATE|[60]|Bytes:1
15:38:00.1 (7347501)|HEAP_ALLOCATE|[60]|Bytes:4
15:38:00.1 (7352742)|USER_DEBUG|[60]|DEBUG|i: 1
15:38:00.1 (7357350)|HEAP_ALLOCATE|[59]|Bytes:4
15:38:00.1 (7361785)|VARIABLE_ASSIGNMENT|[59]|i|2
15:38:00.1 (7366299)|STATEMENT_EXECUTE|[59]
15:38:00.1 (7367280)|STATEMENT_EXECUTE|[60]
15:38:00.1 (7373911)|HEAP_ALLOCATE|[60]|Bytes:1
15:38:00.1 (7381202)|HEAP_ALLOCATE|[60]|Bytes:4
15:38:00.1 (7390638)|USER_DEBUG|[60]|DEBUG|i: 2
15:38:00.1 (7396966)|HEAP_ALLOCATE|[59]|Bytes:4
15:38:00.1 (7402489)|VARIABLE_ASSIGNMENT|[59]|i|3
15:38:00.1 (7407032)|STATEMENT_EXECUTE|[59]
15:38:00.1 (7407866)|STATEMENT_EXECUTE|[60]
15:38:00.1 (7415680)|HEAP_ALLOCATE|[60]|Bytes:1
15:38:00.1 (7423259)|HEAP_ALLOCATE|[60]|Bytes:4
15:38:00.1 (7427753)|USER_DEBUG|[60]|DEBUG|i: 3
15:38:00.1 (7432602)|HEAP_ALLOCATE|[59]|Bytes:4
15:38:00.1 (7435929)|VARIABLE_ASSIGNMENT|[59]|i|4
15:38:00.1 (7439544)|STATEMENT_EXECUTE|[59]
15:38:00.1 (7440381)|STATEMENT_EXECUTE|[60]
15:38:00.1 (7445866)|HEAP_ALLOCATE|[60]|Bytes:1
15:38:00.1 (7452864)|HEAP_ALLOCATE|[60]|Bytes:4
15:38:00.1 (7457499)|USER_DEBUG|[60]|DEBUG|i: 4
15:38:00.1 (7461521)|HEAP_ALLOCATE|[59]|Bytes:4
15:38:00.1 (7464832)|VARIABLE_ASSIGNMENT|[59]|i|5
15:38:00.1 (7468430)|STATEMENT_EXECUTE|[59]
15:38:00.1 (7469252)|STATEMENT_EXECUTE|[60]
15:38:00.1 (7474635)|HEAP_ALLOCATE|[60]|Bytes:1
15:38:00.1 (7482221)|HEAP_ALLOCATE|[60]|Bytes:4
15:38:00.1 (7486362)|USER_DEBUG|[60]|DEBUG|i: 5
15:38:00.1 (7490378)|HEAP_ALLOCATE|[59]|Bytes:4
15:38:00.1 (7493986)|VARIABLE_ASSIGNMENT|[59]|i|6
15:38:00.1 (7497316)|STATEMENT_EXECUTE|[59]
15:38:00.1 (7498127)|STATEMENT_EXECUTE|[60]
15:38:00.1 (7503688)|HEAP_ALLOCATE|[60]|Bytes:1
15:38:00.1 (7510523)|HEAP_ALLOCATE|[60]|Bytes:4
15:38:00.1 (7515018)|USER_DEBUG|[60]|DEBUG|i: 6
15:38:00.1 (7519099)|HEAP_ALLOCATE|[59]|Bytes:4
15:38:00.1 (7522460)|VARIABLE_ASSIGNMENT|[59]|i|7
15:38:00.1 (7525962)|STATEMENT_EXECUTE|[59]
15:38:00.1 (7526778)|STATEMENT_EXECUTE|[60]
15:38:00.1 (7532146)|HEAP_ALLOCATE|[60]|Bytes:1
15:38:00.1 (7539019)|HEAP_ALLOCATE|[60]|Bytes:4
15:38:00.1 (7543416)|USER_DEBUG|[60]|DEBUG|i: 7
15:38:00.1 (7547211)|HEAP_ALLOCATE|[59]|Bytes:4
15:38:00.1 (7550322)|VARIABLE_ASSIGNMENT|[59]|i|8
15:38:00.1 (7558511)|STATEMENT_EXECUTE|[59]
15:38:00.1 (7559747)|STATEMENT_EXECUTE|[60]
15:38:00.1 (7568830)|HEAP_ALLOCATE|[60]|Bytes:1
15:38:00.1 (7576606)|HEAP_ALLOCATE|[60]|Bytes:4
15:38:00.1 (7581925)|USER_DEBUG|[60]|DEBUG|i: 8
15:38:00.1 (7587314)|HEAP_ALLOCATE|[59]|Bytes:4
15:38:00.1 (7591195)|VARIABLE_ASSIGNMENT|[59]|i|9
15:38:00.1 (7594902)|STATEMENT_EXECUTE|[59]
15:38:00.1 (7595793)|STATEMENT_EXECUTE|[60]
15:38:00.1 (7601463)|HEAP_ALLOCATE|[60]|Bytes:1
15:38:00.1 (7608340)|HEAP_ALLOCATE|[60]|Bytes:4
15:38:00.1 (7612292)|USER_DEBUG|[60]|DEBUG|i: 9
15:38:00.1 (7617026)|HEAP_ALLOCATE|[59]|Bytes:4
15:38:00.1 (7620755)|VARIABLE_ASSIGNMENT|[59]|i|10
15:38:00.1 (7625717)|STATEMENT_EXECUTE|[65]
15:38:00.1 (7671119)|HEAP_ALLOCATE|[65]|Bytes:4
15:38:00.1 (7768252)|VARIABLE_SCOPE_BEGIN|[65]|names|List<String>|true|false
15:38:00.1 (7810104)|HEAP_ALLOCATE|[EXTERNAL]|Bytes:4
15:38:00.1 (7827400)|VARIABLE_ASSIGNMENT|[65]|names|[]|0x5c85c173
15:38:00.1 (7835690)|STATEMENT_EXECUTE|[67]
15:38:00.1 (7839000)|HEAP_ALLOCATE|[67]|Bytes:6
15:38:00.1 (7897144)|HEAP_ALLOCATE|[EXTERNAL]|Bytes:4
15:38:00.1 (7907685)|STATEMENT_EXECUTE|[68]
15:38:00.1 (7910952)|HEAP_ALLOCATE|[68]|Bytes:4
15:38:00.1 (7939296)|HEAP_ALLOCATE|[EXTERNAL]|Bytes:4
15:38:00.1 (7947360)|STATEMENT_EXECUTE|[69]
15:38:00.1 (7950145)|HEAP_ALLOCATE|[69]|Bytes:5
15:38:00.1 (7969288)|HEAP_ALLOCATE|[EXTERNAL]|Bytes:4
15:38:00.1 (7975942)|STATEMENT_EXECUTE|[70]
15:38:00.1 (7978390)|HEAP_ALLOCATE|[70]|Bytes:4
15:38:00.1 (7996265)|HEAP_ALLOCATE|[EXTERNAL]|Bytes:4
15:38:00.1 (8003845)|STATEMENT_EXECUTE|[72]
15:38:00.1 (8008225)|VARIABLE_SCOPE_BEGIN|[72]|i|Integer|false|false
15:38:00.1 (8021219)|HEAP_ALLOCATE|[72]|Bytes:4
15:38:00.1 (8028609)|VARIABLE_ASSIGNMENT|[72]|i|0
15:38:00.1 (8050797)|STATEMENT_EXECUTE|[72]
15:38:00.1 (8052633)|STATEMENT_EXECUTE|[73]
15:38:00.1 (8055348)|HEAP_ALLOCATE|[73]|Bytes:5
15:38:00.1 (8083343)|HEAP_ALLOCATE|[73]|Bytes:1
15:38:00.1 (8095777)|HEAP_ALLOCATE|[73]|Bytes:1
15:38:00.1 (8106292)|HEAP_ALLOCATE|[73]|Bytes:6
15:38:00.1 (8119809)|HEAP_ALLOCATE|[73]|Bytes:13
15:38:00.1 (8131596)|USER_DEBUG|[73]|DEBUG|Name 0 Anders
15:38:00.1 (8140401)|HEAP_ALLOCATE|[72]|Bytes:4
15:38:00.1 (8147619)|VARIABLE_ASSIGNMENT|[72]|i|1
15:38:00.1 (8159932)|STATEMENT_EXECUTE|[72]
15:38:00.1 (8161604)|STATEMENT_EXECUTE|[73]
15:38:00.1 (8172880)|HEAP_ALLOCATE|[73]|Bytes:1
15:38:00.1 (8186319)|HEAP_ALLOCATE|[73]|Bytes:4
15:38:00.1 (8193652)|HEAP_ALLOCATE|[73]|Bytes:11
15:38:00.1 (8201620)|USER_DEBUG|[73]|DEBUG|Name 1 Taco
15:38:00.1 (8209633)|HEAP_ALLOCATE|[72]|Bytes:4
15:38:00.1 (8216416)|VARIABLE_ASSIGNMENT|[72]|i|2
15:38:00.1 (8228531)|STATEMENT_EXECUTE|[72]
15:38:00.1 (8230035)|STATEMENT_EXECUTE|[73]
15:38:00.1 (8239697)|HEAP_ALLOCATE|[73]|Bytes:1
15:38:00.1 (8251250)|HEAP_ALLOCATE|[73]|Bytes:5
15:38:00.1 (8257829)|HEAP_ALLOCATE|[73]|Bytes:12
15:38:00.1 (8264377)|USER_DEBUG|[73]|DEBUG|Name 2 Pizza
15:38:00.1 (8270974)|HEAP_ALLOCATE|[72]|Bytes:4
15:38:00.1 (8277006)|VARIABLE_ASSIGNMENT|[72]|i|3
15:38:00.1 (8287844)|STATEMENT_EXECUTE|[72]
15:38:00.1 (8289394)|STATEMENT_EXECUTE|[73]
15:38:00.1 (8298840)|HEAP_ALLOCATE|[73]|Bytes:1
15:38:00.1 (8310528)|HEAP_ALLOCATE|[73]|Bytes:4
15:38:00.1 (8317053)|HEAP_ALLOCATE|[73]|Bytes:11
15:38:00.1 (8324455)|USER_DEBUG|[73]|DEBUG|Name 3 FOOD
15:38:00.1 (8331878)|HEAP_ALLOCATE|[72]|Bytes:4
15:38:00.1 (8337759)|VARIABLE_ASSIGNMENT|[72]|i|4
15:38:00.1 (8357623)|METHOD_EXIT|[1]|01p1I000007biq8|Day3ListsAndLoops.executeLoops()
15:38:00.1 (8374462)|SYSTEM_MODE_EXIT|false
15:38:00.8 (8456710)|CUMULATIVE_LIMIT_USAGE
15:38:00.8 (8456710)|LIMIT_USAGE_FOR_NS|(default)|
  Number of SOQL queries: 0 out of 100
  Number of query rows: 0 out of 50000
  Number of SOSL queries: 0 out of 20
  Number of DML statements: 0 out of 150
  Number of DML rows: 0 out of 10000
  Maximum CPU time: 0 out of 10000
  Maximum heap size: 0 out of 6000000
  Number of callouts: 0 out of 100
  Number of Email Invocations: 0 out of 10
  Number of future calls: 0 out of 50
  Number of queueable jobs added to the queue: 0 out of 50
  Number of Mobile Apex push calls: 0 out of 10

15:38:00.8 (8456710)|CUMULATIVE_LIMIT_USAGE_END

15:38:00.1 (8521064)|CODE_UNIT_FINISHED|execute_anonymous_apex
15:38:00.1 (10060171)|EXECUTION_FINISHED
