41.0 APEX_CODE,FINEST;APEX_PROFILING,INFO;CALLOUT,INFO;DB,INFO;SYSTEM,DEBUG;VALIDATION,INFO;VISUALFORCE,INFO;WAVE,INFO;WORKFLOW,INFO
Execute Anonymous: Day3ListsAndLoops.executeLoops();
15:33:25.0 (978172)|USER_INFO|[EXTERNAL]|0051I000000zlxU|anders.windell@atginfo.com.apex.bootcamp|Pacific Standard Time|GMT-07:00
15:33:25.0 (996373)|EXECUTION_STARTED
15:33:25.0 (1000966)|CODE_UNIT_STARTED|[EXTERNAL]|execute_anonymous_apex
15:33:25.0 (1204711)|HEAP_ALLOCATE|[72]|Bytes:3
15:33:25.0 (1248432)|HEAP_ALLOCATE|[77]|Bytes:152
15:33:25.0 (1269866)|HEAP_ALLOCATE|[342]|Bytes:408
15:33:25.0 (1285320)|HEAP_ALLOCATE|[355]|Bytes:408
15:33:25.0 (1298864)|HEAP_ALLOCATE|[467]|Bytes:48
15:33:25.0 (1325875)|HEAP_ALLOCATE|[139]|Bytes:6
15:33:25.0 (1341677)|HEAP_ALLOCATE|[EXTERNAL]|Bytes:1
15:33:25.0 (1416215)|STATEMENT_EXECUTE|[1]
15:33:25.0 (1418582)|STATEMENT_EXECUTE|[1]
15:33:25.0 (1467862)|HEAP_ALLOCATE|[50]|Bytes:5
15:33:25.0 (1491112)|HEAP_ALLOCATE|[56]|Bytes:5
15:33:25.0 (1498161)|HEAP_ALLOCATE|[64]|Bytes:7
15:33:25.0 (1519832)|SYSTEM_MODE_ENTER|false
15:33:25.0 (1538541)|HEAP_ALLOCATE|[1]|Bytes:5
15:33:25.0 (2551718)|HEAP_ALLOCATE|[1]|Bytes:4
15:33:25.0 (2561120)|HEAP_ALLOCATE|[1]|Bytes:17
15:33:25.0 (2578505)|METHOD_ENTRY|[1]|01p1I000007biq8|Day3ListsAndLoops.Day3ListsAndLoops()
15:33:25.0 (2585076)|STATEMENT_EXECUTE|[1]
15:33:25.0 (2589087)|STATEMENT_EXECUTE|[1]
15:33:25.0 (2598716)|HEAP_ALLOCATE|[1]|Bytes:5
15:33:25.0 (2610179)|METHOD_EXIT|[1]|Day3ListsAndLoops
15:33:25.0 (2627571)|METHOD_ENTRY|[1]|01p1I000007biq8|Day3ListsAndLoops.executeLoops()
15:33:25.0 (2662603)|HEAP_ALLOCATE|[59]|Bytes:5
15:33:25.0 (2667420)|STATEMENT_EXECUTE|[52]
15:33:25.0 (2669779)|STATEMENT_EXECUTE|[59]
15:33:25.0 (2675271)|VARIABLE_SCOPE_BEGIN|[59]|i|Integer|false|false
15:33:25.0 (2683706)|HEAP_ALLOCATE|[59]|Bytes:4
15:33:25.0 (2698366)|VARIABLE_ASSIGNMENT|[59]|i|0
15:33:25.0 (2705483)|STATEMENT_EXECUTE|[59]
15:33:25.0 (2706733)|STATEMENT_EXECUTE|[60]
15:33:25.0 (2709207)|HEAP_ALLOCATE|[60]|Bytes:3
15:33:25.0 (2776449)|HEAP_ALLOCATE|[60]|Bytes:1
15:33:25.0 (2798109)|HEAP_ALLOCATE|[60]|Bytes:4
15:33:25.0 (2821582)|USER_DEBUG|[60]|DEBUG|i: 0
15:33:25.0 (2830494)|HEAP_ALLOCATE|[59]|Bytes:4
15:33:25.0 (2836490)|VARIABLE_ASSIGNMENT|[59]|i|1
15:33:25.0 (2841520)|STATEMENT_EXECUTE|[59]
15:33:25.0 (2842489)|STATEMENT_EXECUTE|[60]
15:33:25.0 (2852196)|HEAP_ALLOCATE|[60]|Bytes:1
15:33:25.0 (2860358)|HEAP_ALLOCATE|[60]|Bytes:4
15:33:25.0 (2865446)|USER_DEBUG|[60]|DEBUG|i: 1
15:33:25.0 (2869786)|HEAP_ALLOCATE|[59]|Bytes:4
15:33:25.0 (2873519)|VARIABLE_ASSIGNMENT|[59]|i|2
15:33:25.0 (2877574)|STATEMENT_EXECUTE|[59]
15:33:25.0 (2878487)|STATEMENT_EXECUTE|[60]
15:33:25.0 (2885445)|HEAP_ALLOCATE|[60]|Bytes:1
15:33:25.0 (2896830)|HEAP_ALLOCATE|[60]|Bytes:4
15:33:25.0 (2901421)|USER_DEBUG|[60]|DEBUG|i: 2
15:33:25.0 (2905830)|HEAP_ALLOCATE|[59]|Bytes:4
15:33:25.0 (2909522)|VARIABLE_ASSIGNMENT|[59]|i|3
15:33:25.0 (2913269)|STATEMENT_EXECUTE|[59]
15:33:25.0 (2914202)|STATEMENT_EXECUTE|[60]
15:33:25.0 (2920719)|HEAP_ALLOCATE|[60]|Bytes:1
15:33:25.0 (2928334)|HEAP_ALLOCATE|[60]|Bytes:4
15:33:25.0 (2932475)|USER_DEBUG|[60]|DEBUG|i: 3
15:33:25.0 (2936840)|HEAP_ALLOCATE|[59]|Bytes:4
15:33:25.0 (2940347)|VARIABLE_ASSIGNMENT|[59]|i|4
15:33:25.0 (2943641)|STATEMENT_EXECUTE|[59]
15:33:25.0 (2944564)|STATEMENT_EXECUTE|[60]
15:33:25.0 (2950568)|HEAP_ALLOCATE|[60]|Bytes:1
15:33:25.0 (2957691)|HEAP_ALLOCATE|[60]|Bytes:4
15:33:25.0 (2962054)|USER_DEBUG|[60]|DEBUG|i: 4
15:33:25.0 (2965796)|HEAP_ALLOCATE|[59]|Bytes:4
15:33:25.0 (2969265)|VARIABLE_ASSIGNMENT|[59]|i|5
15:33:25.0 (2972617)|STATEMENT_EXECUTE|[59]
15:33:25.0 (2973492)|STATEMENT_EXECUTE|[60]
15:33:25.0 (2979368)|HEAP_ALLOCATE|[60]|Bytes:1
15:33:25.0 (2986856)|HEAP_ALLOCATE|[60]|Bytes:4
15:33:25.0 (2991493)|USER_DEBUG|[60]|DEBUG|i: 5
15:33:25.0 (2995228)|HEAP_ALLOCATE|[59]|Bytes:4
15:33:25.0 (2998349)|VARIABLE_ASSIGNMENT|[59]|i|6
15:33:25.0 (3002318)|STATEMENT_EXECUTE|[59]
15:33:25.0 (3004147)|STATEMENT_EXECUTE|[60]
15:33:25.0 (3010532)|HEAP_ALLOCATE|[60]|Bytes:1
15:33:25.0 (3017711)|HEAP_ALLOCATE|[60]|Bytes:4
15:33:25.0 (3022224)|USER_DEBUG|[60]|DEBUG|i: 6
15:33:25.0 (3026652)|HEAP_ALLOCATE|[59]|Bytes:4
15:33:25.0 (3030604)|VARIABLE_ASSIGNMENT|[59]|i|7
15:33:25.0 (3034810)|STATEMENT_EXECUTE|[59]
15:33:25.0 (3035741)|STATEMENT_EXECUTE|[60]
15:33:25.0 (3041833)|HEAP_ALLOCATE|[60]|Bytes:1
15:33:25.0 (3048542)|HEAP_ALLOCATE|[60]|Bytes:4
15:33:25.0 (3053136)|USER_DEBUG|[60]|DEBUG|i: 7
15:33:25.0 (3057553)|HEAP_ALLOCATE|[59]|Bytes:4
15:33:25.0 (3060930)|VARIABLE_ASSIGNMENT|[59]|i|8
15:33:25.0 (3065025)|STATEMENT_EXECUTE|[59]
15:33:25.0 (3065907)|STATEMENT_EXECUTE|[60]
15:33:25.0 (3071795)|HEAP_ALLOCATE|[60]|Bytes:1
15:33:25.0 (3081540)|HEAP_ALLOCATE|[60]|Bytes:4
15:33:25.0 (3086365)|USER_DEBUG|[60]|DEBUG|i: 8
15:33:25.0 (3091260)|HEAP_ALLOCATE|[59]|Bytes:4
15:33:25.0 (3098604)|VARIABLE_ASSIGNMENT|[59]|i|9
15:33:25.0 (3102585)|STATEMENT_EXECUTE|[59]
15:33:25.0 (3103511)|STATEMENT_EXECUTE|[60]
15:33:25.0 (3110162)|HEAP_ALLOCATE|[60]|Bytes:1
15:33:25.0 (3117271)|HEAP_ALLOCATE|[60]|Bytes:4
15:33:25.0 (3121899)|USER_DEBUG|[60]|DEBUG|i: 9
15:33:25.0 (3125961)|HEAP_ALLOCATE|[59]|Bytes:4
15:33:25.0 (3129459)|VARIABLE_ASSIGNMENT|[59]|i|10
15:33:25.0 (3138001)|METHOD_EXIT|[1]|01p1I000007biq8|Day3ListsAndLoops.executeLoops()
15:33:25.0 (3143424)|SYSTEM_MODE_EXIT|false
15:33:25.3 (3162222)|CUMULATIVE_LIMIT_USAGE
15:33:25.3 (3162222)|LIMIT_USAGE_FOR_NS|(default)|
  Number of SOQL queries: 0 out of 100
  Number of query rows: 0 out of 50000
  Number of SOSL queries: 0 out of 20
  Number of DML statements: 0 out of 150
  Number of DML rows: 0 out of 10000
  Maximum CPU time: 0 out of 10000
  Maximum heap size: 0 out of 6000000
  Number of callouts: 0 out of 100
  Number of Email Invocations: 0 out of 10
  Number of future calls: 0 out of 50
  Number of queueable jobs added to the queue: 0 out of 50
  Number of Mobile Apex push calls: 0 out of 10

15:33:25.3 (3162222)|CUMULATIVE_LIMIT_USAGE_END

15:33:25.0 (3193493)|CODE_UNIT_FINISHED|execute_anonymous_apex
15:33:25.0 (3932407)|EXECUTION_FINISHED
