41.0 APEX_CODE,FINEST;APEX_PROFILING,FINEST;CALLOUT,FINEST;DB,FINEST;SYSTEM,FINE;VALIDATION,INFO;VISUALFORCE,NONE;WAVE,INFO;WORKFLOW,FINER
Execute Anonymous: Person fred = new Person('Fred');
Execute Anonymous: fred.email = 'freddster@hotmail.com';
Execute Anonymous: fred.print();
Execute Anonymous: 
Execute Anonymous: Person betty = new Person('Betty');
Execute Anonymous: betty.print();
15:54:34.1 (1086604)|USER_INFO|[EXTERNAL]|0051I000000zlxU|anders.windell@atginfo.com.apex.bootcamp|Pacific Standard Time|GMT-08:00
15:54:34.1 (1112039)|EXECUTION_STARTED
15:54:34.1 (1116635)|CODE_UNIT_STARTED|[EXTERNAL]|execute_anonymous_apex
15:54:34.1 (6767346)|VARIABLE_SCOPE_BEGIN|[12]|Person.isHuman|Boolean|false|true
15:54:34.1 (6830252)|VARIABLE_SCOPE_BEGIN|[5]|betty|Person|true|false
15:54:34.1 (6844273)|VARIABLE_SCOPE_BEGIN|[1]|fred|Person|true|false
15:54:34.1 (7001010)|HEAP_ALLOCATE|[72]|Bytes:3
15:54:34.1 (7052512)|HEAP_ALLOCATE|[77]|Bytes:152
15:54:34.1 (7074952)|HEAP_ALLOCATE|[342]|Bytes:408
15:54:34.1 (7105836)|HEAP_ALLOCATE|[355]|Bytes:408
15:54:34.1 (7132181)|HEAP_ALLOCATE|[467]|Bytes:48
15:54:34.1 (7183092)|HEAP_ALLOCATE|[139]|Bytes:6
15:54:34.1 (7212027)|HEAP_ALLOCATE|[EXTERNAL]|Bytes:9
15:54:34.1 (7264684)|STATEMENT_EXECUTE|[1]
15:54:34.1 (7268124)|STATEMENT_EXECUTE|[1]
15:54:34.1 (7273378)|HEAP_ALLOCATE|[1]|Bytes:5
15:54:34.1 (7281968)|HEAP_ALLOCATE|[1]|Bytes:20
15:54:34.1 (7323663)|METHOD_ENTRY|[10]|01p1I00000AiJUh|Person.Person()
15:54:34.1 (7333576)|STATEMENT_EXECUTE|[10]
15:54:34.1 (7337611)|STATEMENT_EXECUTE|[10]
15:54:34.1 (7339586)|STATEMENT_EXECUTE|[12]
15:54:34.1 (7381207)|HEAP_ALLOCATE|[50]|Bytes:5
15:54:34.1 (7411255)|HEAP_ALLOCATE|[56]|Bytes:5
15:54:34.1 (7422540)|HEAP_ALLOCATE|[64]|Bytes:7
15:54:34.1 (7447994)|HEAP_ALLOCATE|[12]|Bytes:5
15:54:34.1 (7497105)|VARIABLE_ASSIGNMENT|[12]|Person.isHuman|true
15:54:34.1 (7509395)|METHOD_EXIT|[10]|Person
15:54:34.1 (7531324)|HEAP_ALLOCATE|[1]|Bytes:28
15:54:34.1 (7539059)|HEAP_ALLOCATE|[1]|Bytes:4
15:54:34.1 (7589519)|SYSTEM_MODE_ENTER|false
15:54:34.1 (7605098)|HEAP_ALLOCATE|[1]|Bytes:5
15:54:34.1 (7654135)|CONSTRUCTOR_ENTRY|[1]|01p1I00000AiJUh|<init>(String)
15:54:34.1 (7699521)|VARIABLE_SCOPE_BEGIN|[21]|this|Person|true|false
15:54:34.1 (7773223)|VARIABLE_ASSIGNMENT|[21]|this|{}|0x6f754177
15:54:34.1 (7787375)|VARIABLE_SCOPE_BEGIN|[21]|defaultName|String|false|false
15:54:34.1 (7803169)|VARIABLE_ASSIGNMENT|[21]|defaultName|"Fred"
15:54:34.1 (7812569)|STATEMENT_EXECUTE|[10]
15:54:34.1 (7814324)|STATEMENT_EXECUTE|[14]
15:54:34.1 (7815742)|STATEMENT_EXECUTE|[15]
15:54:34.1 (7817162)|STATEMENT_EXECUTE|[16]
15:54:34.1 (7818563)|STATEMENT_EXECUTE|[17]
15:54:34.1 (7820188)|STATEMENT_EXECUTE|[18]
15:54:34.1 (7821566)|STATEMENT_EXECUTE|[19]
15:54:34.1 (7827950)|HEAP_ALLOCATE|[19]|Bytes:5
15:54:34.1 (7844099)|VARIABLE_ASSIGNMENT|[19]|this.isDead|false|0x6f754177
15:54:34.1 (7859316)|HEAP_ALLOCATE|[19]|Bytes:6
15:54:34.1 (7900488)|STATEMENT_EXECUTE|[21]
15:54:34.1 (7902926)|STATEMENT_EXECUTE|[22]
15:54:34.1 (7912210)|VARIABLE_ASSIGNMENT|[22]|this.name|"Fred"|0x6f754177
15:54:34.1 (7953136)|CONSTRUCTOR_EXIT|[1]|01p1I00000AiJUh|<init>(String)
15:54:34.1 (7975170)|SYSTEM_MODE_EXIT|false
15:54:34.1 (8008588)|VARIABLE_ASSIGNMENT|[1]|fred|{"isDead":false,"name":"Fred"}|0x6f754177
15:54:34.1 (8017457)|STATEMENT_EXECUTE|[2]
15:54:34.1 (8021794)|HEAP_ALLOCATE|[2]|Bytes:21
15:54:34.1 (8040860)|VARIABLE_ASSIGNMENT|[2]|this.email|"freddster@hotmail.co (1 more) ..."|0x6f754177
15:54:34.1 (8049469)|STATEMENT_EXECUTE|[3]
15:54:34.1 (8084654)|SYSTEM_MODE_ENTER|false
15:54:34.1 (8096453)|HEAP_ALLOCATE|[3]|Bytes:5
15:54:34.1 (8128788)|METHOD_ENTRY|[3]|01p1I00000AiJUh|Person.print()
15:54:34.1 (8160736)|VARIABLE_SCOPE_BEGIN|[25]|this|Person|true|false
15:54:34.1 (8195861)|VARIABLE_ASSIGNMENT|[25]|this|{"email":"freddster@hotmail.co (1 more) ...","isDead":false,"name":"Fred"}|0x6f754177
15:54:34.1 (8210881)|STATEMENT_EXECUTE|[25]
15:54:34.1 (8212929)|STATEMENT_EXECUTE|[26]
15:54:34.1 (8217137)|HEAP_ALLOCATE|[26]|Bytes:13
15:54:34.1 (8243666)|HEAP_ALLOCATE|[26]|Bytes:17
15:54:34.1 (8274427)|SYSTEM_METHOD_ENTRY|[26]|System.debug(ANY)
15:54:34.1 (8324563)|USER_DEBUG|[26]|DEBUG|Person name: Fred
15:54:34.1 (8340735)|SYSTEM_METHOD_EXIT|[26]|System.debug(ANY)
15:54:34.1 (8347863)|STATEMENT_EXECUTE|[27]
15:54:34.1 (8352242)|HEAP_ALLOCATE|[27]|Bytes:14
15:54:34.1 (8363438)|HEAP_ALLOCATE|[27]|Bytes:35
15:54:34.1 (8374587)|SYSTEM_METHOD_ENTRY|[27]|System.debug(ANY)
15:54:34.1 (8388014)|USER_DEBUG|[27]|DEBUG|Person email: freddster@hotmail.com
15:54:34.1 (8395565)|SYSTEM_METHOD_EXIT|[27]|System.debug(ANY)
15:54:34.1 (8400094)|STATEMENT_EXECUTE|[28]
15:54:34.1 (8403411)|HEAP_ALLOCATE|[28]|Bytes:15
15:54:34.1 (8413374)|HEAP_ALLOCATE|[28]|Bytes:19
15:54:34.1 (8422292)|SYSTEM_METHOD_ENTRY|[28]|System.debug(ANY)
15:54:34.1 (8433786)|USER_DEBUG|[28]|DEBUG|Person gender: null
15:54:34.1 (8442567)|SYSTEM_METHOD_EXIT|[28]|System.debug(ANY)
15:54:34.1 (8447624)|STATEMENT_EXECUTE|[29]
15:54:34.1 (8450446)|HEAP_ALLOCATE|[29]|Bytes:15
15:54:34.1 (8494722)|SYSTEM_METHOD_ENTRY|[29]|String.valueOf(Object)
15:54:34.1 (8528220)|SYSTEM_METHOD_EXIT|[29]|String.valueOf(Object)
15:54:34.1 (8538973)|HEAP_ALLOCATE|[29]|Bytes:19
15:54:34.1 (8548708)|SYSTEM_METHOD_ENTRY|[29]|System.debug(ANY)
15:54:34.1 (8555072)|USER_DEBUG|[29]|DEBUG|Person weight: null
15:54:34.1 (8562407)|SYSTEM_METHOD_EXIT|[29]|System.debug(ANY)
15:54:34.1 (8567080)|STATEMENT_EXECUTE|[30]
15:54:34.1 (8570315)|HEAP_ALLOCATE|[30]|Bytes:12
15:54:34.1 (8592206)|SYSTEM_METHOD_ENTRY|[30]|String.valueOf(Object)
15:54:34.1 (8618468)|SYSTEM_METHOD_EXIT|[30]|String.valueOf(Object)
15:54:34.1 (8627642)|HEAP_ALLOCATE|[30]|Bytes:16
15:54:34.1 (8638299)|SYSTEM_METHOD_ENTRY|[30]|System.debug(ANY)
15:54:34.1 (8644357)|USER_DEBUG|[30]|DEBUG|Person age: null
15:54:34.1 (8651350)|SYSTEM_METHOD_EXIT|[30]|System.debug(ANY)
15:54:34.1 (8655238)|STATEMENT_EXECUTE|[31]
15:54:34.1 (8658178)|HEAP_ALLOCATE|[31]|Bytes:15
15:54:34.1 (8673041)|SYSTEM_METHOD_ENTRY|[31]|String.valueOf(Object)
15:54:34.1 (8683204)|HEAP_ALLOCATE|[31]|Bytes:5
15:54:34.1 (8692093)|SYSTEM_METHOD_EXIT|[31]|String.valueOf(Object)
15:54:34.1 (8696545)|HEAP_ALLOCATE|[31]|Bytes:20
15:54:34.1 (8702184)|SYSTEM_METHOD_ENTRY|[31]|System.debug(ANY)
15:54:34.1 (8705094)|USER_DEBUG|[31]|DEBUG|Person isDead: false
15:54:34.1 (8709335)|SYSTEM_METHOD_EXIT|[31]|System.debug(ANY)
15:54:34.1 (8712133)|STATEMENT_EXECUTE|[32]
15:54:34.1 (8713924)|HEAP_ALLOCATE|[32]|Bytes:16
15:54:34.1 (8725220)|SYSTEM_METHOD_ENTRY|[32]|String.valueOf(Object)
15:54:34.1 (8733265)|HEAP_ALLOCATE|[32]|Bytes:4
15:54:34.1 (8742021)|SYSTEM_METHOD_EXIT|[32]|String.valueOf(Object)
15:54:34.1 (8746304)|HEAP_ALLOCATE|[32]|Bytes:20
15:54:34.1 (8751505)|SYSTEM_METHOD_ENTRY|[32]|System.debug(ANY)
15:54:34.1 (8754684)|USER_DEBUG|[32]|DEBUG|Person isHuman: true
15:54:34.1 (8758112)|SYSTEM_METHOD_EXIT|[32]|System.debug(ANY)
15:54:34.1 (8762698)|METHOD_EXIT|[3]|01p1I00000AiJUh|Person.print()
15:54:34.1 (8769958)|SYSTEM_MODE_EXIT|false
15:54:34.1 (8775351)|STATEMENT_EXECUTE|[5]
15:54:34.1 (8779600)|HEAP_ALLOCATE|[5]|Bytes:28
15:54:34.1 (8784196)|HEAP_ALLOCATE|[5]|Bytes:5
15:54:34.1 (8810855)|SYSTEM_MODE_ENTER|false
15:54:34.1 (8820678)|HEAP_ALLOCATE|[5]|Bytes:5
15:54:34.1 (8830258)|CONSTRUCTOR_ENTRY|[5]|01p1I00000AiJUh|<init>(String)
15:54:34.1 (8842038)|VARIABLE_SCOPE_BEGIN|[21]|this|Person|true|false
15:54:34.1 (8860687)|VARIABLE_ASSIGNMENT|[21]|this|{}|0x408df320
15:54:34.1 (8866302)|VARIABLE_SCOPE_BEGIN|[21]|defaultName|String|false|false
15:54:34.1 (8874193)|VARIABLE_ASSIGNMENT|[21]|defaultName|"Betty"
15:54:34.1 (8878938)|STATEMENT_EXECUTE|[10]
15:54:34.1 (8880147)|STATEMENT_EXECUTE|[14]
15:54:34.1 (8881040)|STATEMENT_EXECUTE|[15]
15:54:34.1 (8881815)|STATEMENT_EXECUTE|[16]
15:54:34.1 (8882601)|STATEMENT_EXECUTE|[17]
15:54:34.1 (8883527)|STATEMENT_EXECUTE|[18]
15:54:34.1 (8884302)|STATEMENT_EXECUTE|[19]
15:54:34.1 (8888573)|HEAP_ALLOCATE|[19]|Bytes:5
15:54:34.1 (8902800)|VARIABLE_ASSIGNMENT|[19]|this.isDead|false|0x408df320
15:54:34.1 (8924704)|STATEMENT_EXECUTE|[21]
15:54:34.1 (8926594)|STATEMENT_EXECUTE|[22]
15:54:34.1 (8932976)|VARIABLE_ASSIGNMENT|[22]|this.name|"Betty"|0x408df320
15:54:34.1 (8945180)|CONSTRUCTOR_EXIT|[5]|01p1I00000AiJUh|<init>(String)
15:54:34.1 (8954263)|SYSTEM_MODE_EXIT|false
15:54:34.1 (8976686)|VARIABLE_ASSIGNMENT|[5]|betty|{"isDead":false,"name":"Betty"}|0x408df320
15:54:34.1 (8984134)|STATEMENT_EXECUTE|[6]
15:54:34.1 (9011624)|SYSTEM_MODE_ENTER|false
15:54:34.1 (9025474)|HEAP_ALLOCATE|[6]|Bytes:5
15:54:34.1 (9037424)|METHOD_ENTRY|[6]|01p1I00000AiJUh|Person.print()
15:54:34.1 (9052998)|VARIABLE_SCOPE_BEGIN|[25]|this|Person|true|false
15:54:34.1 (9079622)|VARIABLE_ASSIGNMENT|[25]|this|{"isDead":false,"name":"Betty"}|0x408df320
15:54:34.1 (9089575)|STATEMENT_EXECUTE|[25]
15:54:34.1 (9091574)|STATEMENT_EXECUTE|[26]
15:54:34.1 (9098494)|HEAP_ALLOCATE|[26]|Bytes:18
15:54:34.1 (9109454)|SYSTEM_METHOD_ENTRY|[26]|System.debug(ANY)
15:54:34.1 (9115942)|USER_DEBUG|[26]|DEBUG|Person name: Betty
15:54:34.1 (9123324)|SYSTEM_METHOD_EXIT|[26]|System.debug(ANY)
15:54:34.1 (9127897)|STATEMENT_EXECUTE|[27]
15:54:34.1 (9132524)|HEAP_ALLOCATE|[27]|Bytes:18
15:54:34.1 (9140904)|SYSTEM_METHOD_ENTRY|[27]|System.debug(ANY)
15:54:34.1 (9146341)|USER_DEBUG|[27]|DEBUG|Person email: null
15:54:34.1 (9154344)|SYSTEM_METHOD_EXIT|[27]|System.debug(ANY)
15:54:34.1 (9159336)|STATEMENT_EXECUTE|[28]
15:54:34.1 (9164696)|HEAP_ALLOCATE|[28]|Bytes:19
15:54:34.1 (9188116)|SYSTEM_METHOD_ENTRY|[28]|System.debug(ANY)
15:54:34.1 (9193658)|USER_DEBUG|[28]|DEBUG|Person gender: null
15:54:34.1 (9201975)|SYSTEM_METHOD_EXIT|[28]|System.debug(ANY)
15:54:34.1 (9206933)|STATEMENT_EXECUTE|[29]
15:54:34.1 (9229720)|SYSTEM_METHOD_ENTRY|[29]|String.valueOf(Object)
15:54:34.1 (9245564)|SYSTEM_METHOD_EXIT|[29]|String.valueOf(Object)
15:54:34.1 (9252524)|HEAP_ALLOCATE|[29]|Bytes:19
15:54:34.1 (9259359)|SYSTEM_METHOD_ENTRY|[29]|System.debug(ANY)
15:54:34.1 (9263977)|USER_DEBUG|[29]|DEBUG|Person weight: null
15:54:34.1 (9271837)|SYSTEM_METHOD_EXIT|[29]|System.debug(ANY)
15:54:34.1 (9277220)|STATEMENT_EXECUTE|[30]
15:54:34.1 (9293602)|SYSTEM_METHOD_ENTRY|[30]|String.valueOf(Object)
15:54:34.1 (9309876)|SYSTEM_METHOD_EXIT|[30]|String.valueOf(Object)
15:54:34.1 (9317773)|HEAP_ALLOCATE|[30]|Bytes:16
15:54:34.1 (9326231)|SYSTEM_METHOD_ENTRY|[30]|System.debug(ANY)
15:54:34.1 (9332035)|USER_DEBUG|[30]|DEBUG|Person age: null
15:54:34.1 (9339008)|SYSTEM_METHOD_EXIT|[30]|System.debug(ANY)
15:54:34.1 (9342778)|STATEMENT_EXECUTE|[31]
15:54:34.1 (9359687)|SYSTEM_METHOD_ENTRY|[31]|String.valueOf(Object)
15:54:34.1 (9366764)|HEAP_ALLOCATE|[31]|Bytes:5
15:54:34.1 (9380748)|SYSTEM_METHOD_EXIT|[31]|String.valueOf(Object)
15:54:34.1 (9387743)|HEAP_ALLOCATE|[31]|Bytes:20
15:54:34.1 (9395659)|SYSTEM_METHOD_ENTRY|[31]|System.debug(ANY)
15:54:34.1 (9401526)|USER_DEBUG|[31]|DEBUG|Person isDead: false
15:54:34.1 (9408882)|SYSTEM_METHOD_EXIT|[31]|System.debug(ANY)
15:54:34.1 (9413546)|STATEMENT_EXECUTE|[32]
15:54:34.1 (9429445)|SYSTEM_METHOD_ENTRY|[32]|String.valueOf(Object)
15:54:34.1 (9435372)|HEAP_ALLOCATE|[32]|Bytes:4
15:54:34.1 (9450943)|SYSTEM_METHOD_EXIT|[32]|String.valueOf(Object)
15:54:34.1 (9458540)|HEAP_ALLOCATE|[32]|Bytes:20
15:54:34.1 (9467049)|SYSTEM_METHOD_ENTRY|[32]|System.debug(ANY)
15:54:34.1 (9472927)|USER_DEBUG|[32]|DEBUG|Person isHuman: true
15:54:34.1 (9480834)|SYSTEM_METHOD_EXIT|[32]|System.debug(ANY)
15:54:34.1 (9488497)|METHOD_EXIT|[6]|01p1I00000AiJUh|Person.print()
15:54:34.1 (9500199)|SYSTEM_MODE_EXIT|false
15:54:34.9 (9533321)|CUMULATIVE_LIMIT_USAGE
15:54:34.9 (9533321)|LIMIT_USAGE_FOR_NS|(default)|
  Number of SOQL queries: 0 out of 100
  Number of query rows: 0 out of 50000
  Number of SOSL queries: 0 out of 20
  Number of DML statements: 0 out of 150
  Number of DML rows: 0 out of 10000
  Maximum CPU time: 0 out of 10000
  Maximum heap size: 0 out of 6000000
  Number of callouts: 0 out of 100
  Number of Email Invocations: 0 out of 10
  Number of future calls: 0 out of 50
  Number of queueable jobs added to the queue: 0 out of 50
  Number of Mobile Apex push calls: 0 out of 10

15:54:34.9 (9533321)|TOTAL_EMAIL_RECIPIENTS_QUEUED|0
15:54:34.9 (9533321)|STATIC_VARIABLE_LIST|
  char[]:DigitTens:0
  long:serialVersionUID:0
  Person:_static_betty:0
  String:_sfdcSuppressedCodeLocations:0
  long:serialVersionUID:0
  String:_sfdcAdditionalCodeLocations:0
  double:MAX_VALUE:0
  Boolean:FALSE:0
  long:serialVersionUID:0
  double:MIN_VALUE:0
  int:SIZE:0
  double:NEGATIVE_INFINITY:0
  int:MAX_VALUE:0
  Boolean:_static_isHuman:0
  char[]:digits:0
  double:NaN:0
  Boolean:TRUE:0
  Person:_static_fred:0
  int:MIN_VALUE:0
  char[]:DigitOnes:0
  int:BYTES:0
  int:MIN_EXPONENT:0
  String:_sfdcAdditionalCodeLocations:0
  int[]:sizeTable:0
  int:MAX_EXPONENT:0
  String:_sfdcSuppressedCodeLocations:0
  int:SIZE:0
  double:POSITIVE_INFINITY:0
  double:MIN_NORMAL:0
  int:BYTES:0

15:54:34.9 (9533321)|CUMULATIVE_LIMIT_USAGE_END

15:54:34.1 (11079841)|CODE_UNIT_FINISHED|execute_anonymous_apex
15:54:34.1 (11876081)|EXECUTION_FINISHED
15:54:34.12 (12638251)|CUMULATIVE_PROFILING_BEGIN
15:54:34.12 (12638251)|CUMULATIVE_PROFILING|No profiling information for SOQL operations
15:54:34.12 (12638251)|CUMULATIVE_PROFILING|No profiling information for SOSL operations
15:54:34.12 (12638251)|CUMULATIVE_PROFILING|No profiling information for DML operations
15:54:34.12 (12638251)|CUMULATIVE_PROFILING|method invocations|
External entry point: public static void execute(): executed 1 time in 3 ms
AnonymousBlock: line 3, column 1: public void print(): executed 1 time in 1 ms
AnonymousBlock: line 6, column 1: public void print(): executed 1 time in 1 ms
AnonymousBlock: line 1, column 1: public Person(String): executed 1 time in 0 ms
AnonymousBlock: line 5, column 1: public Person(String): executed 1 time in 0 ms
Class.Person.print: line 32, column 1: public static String valueOf(Object): executed 4 times in 0 ms
Class.Person.print: line 26, column 1: global public static void debug(ANY): executed 2 times in 0 ms
Class.Person.print: line 27, column 1: global public static void debug(ANY): executed 2 times in 0 ms
Class.Person.print: line 28, column 1: global public static void debug(ANY): executed 2 times in 0 ms
Class.Person.print: line 29, column 1: public static String valueOf(Object): executed 4 times in 0 ms
Class.Person.print: line 30, column 1: public static String valueOf(Object): executed 4 times in 0 ms

15:54:34.12 (12638251)|CUMULATIVE_PROFILING_END
