41.0 APEX_CODE,FINEST;APEX_PROFILING,INFO;CALLOUT,INFO;DB,INFO;SYSTEM,DEBUG;VALIDATION,INFO;VISUALFORCE,INFO;WAVE,INFO;WORKFLOW,INFO
Execute Anonymous: Day3ListsAndLoops.execute();
14:55:24.2 (2078535)|USER_INFO|[EXTERNAL]|0051I000000zlxU|anders.windell@atginfo.com.apex.bootcamp|Pacific Standard Time|GMT-07:00
14:55:24.2 (2098208)|EXECUTION_STARTED
14:55:24.2 (2103316)|CODE_UNIT_STARTED|[EXTERNAL]|execute_anonymous_apex
14:55:24.2 (2309678)|HEAP_ALLOCATE|[72]|Bytes:3
14:55:24.2 (2346595)|HEAP_ALLOCATE|[77]|Bytes:152
14:55:24.2 (2359250)|HEAP_ALLOCATE|[342]|Bytes:408
14:55:24.2 (2373025)|HEAP_ALLOCATE|[355]|Bytes:408
14:55:24.2 (2385797)|HEAP_ALLOCATE|[467]|Bytes:48
14:55:24.2 (2412884)|HEAP_ALLOCATE|[139]|Bytes:6
14:55:24.2 (2427594)|HEAP_ALLOCATE|[EXTERNAL]|Bytes:1
14:55:24.2 (2500604)|STATEMENT_EXECUTE|[1]
14:55:24.2 (2502817)|STATEMENT_EXECUTE|[1]
14:55:24.2 (2550148)|HEAP_ALLOCATE|[50]|Bytes:5
14:55:24.2 (2572717)|HEAP_ALLOCATE|[56]|Bytes:5
14:55:24.2 (2579447)|HEAP_ALLOCATE|[64]|Bytes:7
14:55:24.2 (2600961)|SYSTEM_MODE_ENTER|false
14:55:24.2 (2615994)|HEAP_ALLOCATE|[1]|Bytes:5
14:55:24.2 (8374416)|HEAP_ALLOCATE|[1]|Bytes:1
14:55:24.2 (8384233)|HEAP_ALLOCATE|[1]|Bytes:2
14:55:24.2 (8398919)|METHOD_ENTRY|[1]|01p1I000007biq8|Day3ListsAndLoops.Day3ListsAndLoops()
14:55:24.2 (8405093)|STATEMENT_EXECUTE|[1]
14:55:24.2 (8409163)|STATEMENT_EXECUTE|[1]
14:55:24.2 (8420019)|HEAP_ALLOCATE|[1]|Bytes:5
14:55:24.2 (8431131)|METHOD_EXIT|[1]|Day3ListsAndLoops
14:55:24.2 (8452711)|METHOD_ENTRY|[1]|01p1I000007biq8|Day3ListsAndLoops.execute()
14:55:24.2 (8492241)|HEAP_ALLOCATE|[6]|Bytes:5
14:55:24.2 (8496755)|STATEMENT_EXECUTE|[3]
14:55:24.2 (8498122)|STATEMENT_EXECUTE|[6]
14:55:24.2 (8500852)|HEAP_ALLOCATE|[6]|Bytes:6
14:55:24.2 (8508178)|VARIABLE_SCOPE_BEGIN|[6]|myName|String|false|false
14:55:24.2 (8533482)|VARIABLE_ASSIGNMENT|[6]|myName|"Anders"
14:55:24.2 (8537921)|STATEMENT_EXECUTE|[10]
14:55:24.2 (8571090)|HEAP_ALLOCATE|[10]|Bytes:4
14:55:24.2 (8621092)|VARIABLE_SCOPE_BEGIN|[10]|names|List<String>|true|false
14:55:24.2 (8655604)|HEAP_ALLOCATE|[EXTERNAL]|Bytes:4
14:55:24.2 (8672008)|VARIABLE_ASSIGNMENT|[10]|names|[]|0x85fb58
14:55:24.2 (8677533)|STATEMENT_EXECUTE|[13]
14:55:24.2 (8683095)|HEAP_ALLOCATE|[13]|Bytes:4
14:55:24.2 (8698479)|HEAP_ALLOCATE|[13]|Bytes:9
14:55:24.2 (8707199)|HEAP_ALLOCATE|[13]|Bytes:9
14:55:24.2 (8710852)|HEAP_ALLOCATE|[13]|Bytes:9
14:55:24.2 (8714211)|VARIABLE_SCOPE_BEGIN|[13]|students|List<String>|true|false
14:55:24.2 (8731052)|HEAP_ALLOCATE|[EXTERNAL]|Bytes:16
14:55:24.2 (8739879)|VARIABLE_ASSIGNMENT|[13]|students|["Student 1","Student 2","Student 3"]|0x352ee009
14:55:24.2 (8744109)|STATEMENT_EXECUTE|[16]
14:55:24.2 (8748942)|HEAP_ALLOCATE|[16]|Bytes:4
14:55:24.2 (8770303)|VARIABLE_SCOPE_BEGIN|[16]|employees|List<String>|true|false
14:55:24.2 (8785090)|HEAP_ALLOCATE|[EXTERNAL]|Bytes:84
14:55:24.2 (8792000)|VARIABLE_ASSIGNMENT|[16]|employees|"List of size 20 too large to display"|0x7eeaa51c
14:55:24.2 (8796845)|STATEMENT_EXECUTE|[18]
14:55:24.2 (8827270)|HEAP_ALLOCATE|[EXTERNAL]|Bytes:4
14:55:24.2 (8834877)|STATEMENT_EXECUTE|[19]
14:55:24.2 (8837245)|HEAP_ALLOCATE|[19]|Bytes:4
14:55:24.2 (8851321)|HEAP_ALLOCATE|[EXTERNAL]|Bytes:4
14:55:24.2 (8856133)|STATEMENT_EXECUTE|[20]
14:55:24.2 (8857675)|HEAP_ALLOCATE|[20]|Bytes:4
14:55:24.2 (8868575)|HEAP_ALLOCATE|[EXTERNAL]|Bytes:4
14:55:24.2 (8872664)|STATEMENT_EXECUTE|[21]
14:55:24.2 (8874298)|HEAP_ALLOCATE|[21]|Bytes:5
14:55:24.2 (8884274)|HEAP_ALLOCATE|[EXTERNAL]|Bytes:4
14:55:24.2 (8887862)|STATEMENT_EXECUTE|[23]
14:55:24.2 (8889327)|HEAP_ALLOCATE|[23]|Bytes:7
14:55:24.2 (8932721)|HEAP_ALLOCATE|[23]|Bytes:27
14:55:24.2 (8948338)|HEAP_ALLOCATE|[23]|Bytes:34
14:55:24.2 (8970011)|USER_DEBUG|[23]|DEBUG|names: (Anders, Ders, Papa, Bless)
14:55:24.2 (8982154)|METHOD_EXIT|[1]|01p1I000007biq8|Day3ListsAndLoops.execute()
14:55:24.2 (8987668)|SYSTEM_MODE_EXIT|false
14:55:24.9 (9010675)|CUMULATIVE_LIMIT_USAGE
14:55:24.9 (9010675)|LIMIT_USAGE_FOR_NS|(default)|
  Number of SOQL queries: 0 out of 100
  Number of query rows: 0 out of 50000
  Number of SOSL queries: 0 out of 20
  Number of DML statements: 0 out of 150
  Number of DML rows: 0 out of 10000
  Maximum CPU time: 0 out of 10000
  Maximum heap size: 0 out of 6000000
  Number of callouts: 0 out of 100
  Number of Email Invocations: 0 out of 10
  Number of future calls: 0 out of 50
  Number of queueable jobs added to the queue: 0 out of 50
  Number of Mobile Apex push calls: 0 out of 10

14:55:24.9 (9010675)|CUMULATIVE_LIMIT_USAGE_END

14:55:24.2 (9043795)|CODE_UNIT_FINISHED|execute_anonymous_apex
14:55:24.2 (10032612)|EXECUTION_FINISHED
