41.0 APEX_CODE,FINEST;APEX_PROFILING,FINEST;CALLOUT,FINEST;DB,FINEST;SYSTEM,FINE;VALIDATION,INFO;VISUALFORCE,NONE;WAVE,INFO;WORKFLOW,FINER
Execute Anonymous: 
Execute Anonymous: 
Execute Anonymous: Person fred = new Person('Fred', 'freddster@hotmail.com');
Execute Anonymous: fred.setIsHuman(false);
Execute Anonymous: fred.print();
Execute Anonymous: 
Execute Anonymous: Person betty = new Person('Betty');
Execute Anonymous: betty.print();
16:31:34.1 (1066592)|USER_INFO|[EXTERNAL]|0051I000000zlxU|anders.windell@atginfo.com.apex.bootcamp|Pacific Standard Time|GMT-08:00
16:31:34.1 (1089450)|EXECUTION_STARTED
16:31:34.1 (1094019)|CODE_UNIT_STARTED|[EXTERNAL]|execute_anonymous_apex
16:31:34.1 (6690268)|VARIABLE_SCOPE_BEGIN|[12]|Person.isHuman|Boolean|false|true
16:31:34.1 (6751113)|VARIABLE_SCOPE_BEGIN|[7]|betty|Person|true|false
16:31:34.1 (6759980)|VARIABLE_SCOPE_BEGIN|[3]|fred|Person|true|false
16:31:34.1 (6889026)|HEAP_ALLOCATE|[72]|Bytes:3
16:31:34.1 (6932223)|HEAP_ALLOCATE|[77]|Bytes:152
16:31:34.1 (6960400)|HEAP_ALLOCATE|[342]|Bytes:408
16:31:34.1 (6978661)|HEAP_ALLOCATE|[355]|Bytes:408
16:31:34.1 (6992087)|HEAP_ALLOCATE|[467]|Bytes:48
16:31:34.1 (7020334)|HEAP_ALLOCATE|[139]|Bytes:6
16:31:34.1 (7039197)|HEAP_ALLOCATE|[EXTERNAL]|Bytes:9
16:31:34.1 (7087865)|STATEMENT_EXECUTE|[1]
16:31:34.1 (7092479)|STATEMENT_EXECUTE|[3]
16:31:34.1 (7095903)|HEAP_ALLOCATE|[3]|Bytes:11
16:31:34.1 (7101176)|HEAP_ALLOCATE|[3]|Bytes:20
16:31:34.1 (7136215)|METHOD_ENTRY|[10]|01p1I00000AiJUh|Person.Person()
16:31:34.1 (7141844)|STATEMENT_EXECUTE|[10]
16:31:34.1 (7145556)|STATEMENT_EXECUTE|[10]
16:31:34.1 (7146371)|STATEMENT_EXECUTE|[12]
16:31:34.1 (7176293)|HEAP_ALLOCATE|[50]|Bytes:5
16:31:34.1 (7199190)|HEAP_ALLOCATE|[56]|Bytes:5
16:31:34.1 (7205810)|HEAP_ALLOCATE|[64]|Bytes:7
16:31:34.1 (7225250)|HEAP_ALLOCATE|[12]|Bytes:5
16:31:34.1 (7247190)|VARIABLE_ASSIGNMENT|[12]|Person.isHuman|true
16:31:34.1 (7253923)|METHOD_EXIT|[10]|Person
16:31:34.1 (7270918)|HEAP_ALLOCATE|[3]|Bytes:28
16:31:34.1 (7275379)|HEAP_ALLOCATE|[3]|Bytes:4
16:31:34.1 (7278710)|HEAP_ALLOCATE|[3]|Bytes:21
16:31:34.1 (7314607)|SYSTEM_MODE_ENTER|false
16:31:34.1 (7325637)|HEAP_ALLOCATE|[3]|Bytes:5
16:31:34.1 (7340769)|CONSTRUCTOR_ENTRY|[3]|01p1I00000AiJUh|<init>(String,String)
16:31:34.1 (7367687)|VARIABLE_SCOPE_BEGIN|[27]|this|Person|true|false
16:31:34.1 (7417187)|VARIABLE_ASSIGNMENT|[27]|this|{}|0x2a773057
16:31:34.1 (7423609)|VARIABLE_SCOPE_BEGIN|[27]|defaultName|String|false|false
16:31:34.1 (7433544)|VARIABLE_ASSIGNMENT|[27]|defaultName|"Fred"
16:31:34.1 (7437593)|VARIABLE_SCOPE_BEGIN|[27]|defaultEmail|String|false|false
16:31:34.1 (7446647)|VARIABLE_ASSIGNMENT|[27]|defaultEmail|"freddster@hotmail.co (1 more) ..."
16:31:34.1 (7452779)|STATEMENT_EXECUTE|[10]
16:31:34.1 (7453820)|STATEMENT_EXECUTE|[14]
16:31:34.1 (7454810)|STATEMENT_EXECUTE|[15]
16:31:34.1 (7455675)|STATEMENT_EXECUTE|[16]
16:31:34.1 (7456582)|STATEMENT_EXECUTE|[17]
16:31:34.1 (7457436)|STATEMENT_EXECUTE|[18]
16:31:34.1 (7458268)|STATEMENT_EXECUTE|[19]
16:31:34.1 (7463287)|HEAP_ALLOCATE|[28]|Bytes:6
16:31:34.1 (7491815)|STATEMENT_EXECUTE|[27]
16:31:34.1 (7493278)|STATEMENT_EXECUTE|[28]
16:31:34.1 (7501890)|VARIABLE_ASSIGNMENT|[28]|this.name|"Fred"|0x2a773057
16:31:34.1 (7507886)|STATEMENT_EXECUTE|[29]
16:31:34.1 (7512022)|VARIABLE_ASSIGNMENT|[29]|this.email|"freddster@hotmail.co (1 more) ..."|0x2a773057
16:31:34.1 (7521763)|CONSTRUCTOR_EXIT|[3]|01p1I00000AiJUh|<init>(String,String)
16:31:34.1 (7531413)|SYSTEM_MODE_EXIT|false
16:31:34.1 (7552128)|VARIABLE_ASSIGNMENT|[3]|fred|{"email":"freddster@hotmail.co (1 more) ...","name":"Fred"}|0x2a773057
16:31:34.1 (7557842)|STATEMENT_EXECUTE|[4]
16:31:34.1 (7582882)|SYSTEM_MODE_ENTER|false
16:31:34.1 (7589952)|HEAP_ALLOCATE|[4]|Bytes:5
16:31:34.1 (7616261)|METHOD_ENTRY|[4]|01p1I00000AiJUh|Person.setIsHuman(Boolean)
16:31:34.1 (7636762)|VARIABLE_SCOPE_BEGIN|[42]|this|Person|true|false
16:31:34.1 (7654183)|VARIABLE_ASSIGNMENT|[42]|this|{"email":"freddster@hotmail.co (1 more) ...","name":"Fred"}|0x2a773057
16:31:34.1 (7661367)|VARIABLE_SCOPE_BEGIN|[42]|isHumanVal|Boolean|false|false
16:31:34.1 (7668291)|VARIABLE_ASSIGNMENT|[42]|isHumanVal|false
16:31:34.1 (7675846)|STATEMENT_EXECUTE|[42]
16:31:34.1 (7676799)|STATEMENT_EXECUTE|[43]
16:31:34.1 (7680209)|HEAP_ALLOCATE|[43]|Bytes:5
16:31:34.1 (7687328)|VARIABLE_ASSIGNMENT|[43]|Person.isHuman|false
16:31:34.1 (7694642)|METHOD_EXIT|[4]|01p1I00000AiJUh|Person.setIsHuman(Boolean)
16:31:34.1 (7703720)|SYSTEM_MODE_EXIT|false
16:31:34.1 (7707826)|STATEMENT_EXECUTE|[5]
16:31:34.1 (7726878)|SYSTEM_MODE_ENTER|false
16:31:34.1 (7733234)|HEAP_ALLOCATE|[5]|Bytes:5
16:31:34.1 (7742875)|METHOD_ENTRY|[5]|01p1I00000AiJUh|Person.print()
16:31:34.1 (7758582)|VARIABLE_SCOPE_BEGIN|[32]|this|Person|true|false
16:31:34.1 (7775186)|VARIABLE_ASSIGNMENT|[32]|this|{"email":"freddster@hotmail.co (1 more) ...","name":"Fred"}|0x2a773057
16:31:34.1 (7781551)|STATEMENT_EXECUTE|[32]
16:31:34.1 (7782551)|STATEMENT_EXECUTE|[33]
16:31:34.1 (7784615)|HEAP_ALLOCATE|[33]|Bytes:13
16:31:34.1 (7807295)|HEAP_ALLOCATE|[33]|Bytes:17
16:31:34.1 (7835459)|SYSTEM_METHOD_ENTRY|[33]|System.debug(ANY)
16:31:34.1 (7873257)|USER_DEBUG|[33]|DEBUG|Person name: Fred
16:31:34.1 (7880336)|SYSTEM_METHOD_EXIT|[33]|System.debug(ANY)
16:31:34.1 (7891051)|STATEMENT_EXECUTE|[34]
16:31:34.1 (7893564)|HEAP_ALLOCATE|[34]|Bytes:14
16:31:34.1 (7901150)|HEAP_ALLOCATE|[34]|Bytes:35
16:31:34.1 (7907496)|SYSTEM_METHOD_ENTRY|[34]|System.debug(ANY)
16:31:34.1 (7914870)|USER_DEBUG|[34]|DEBUG|Person email: freddster@hotmail.com
16:31:34.1 (7920123)|SYSTEM_METHOD_EXIT|[34]|System.debug(ANY)
16:31:34.1 (7922344)|STATEMENT_EXECUTE|[35]
16:31:34.1 (7923767)|HEAP_ALLOCATE|[35]|Bytes:15
16:31:34.1 (7928354)|HEAP_ALLOCATE|[35]|Bytes:19
16:31:34.1 (7933338)|SYSTEM_METHOD_ENTRY|[35]|System.debug(ANY)
16:31:34.1 (7939134)|USER_DEBUG|[35]|DEBUG|Person gender: null
16:31:34.1 (7943664)|SYSTEM_METHOD_EXIT|[35]|System.debug(ANY)
16:31:34.1 (7946550)|STATEMENT_EXECUTE|[36]
16:31:34.1 (7948075)|HEAP_ALLOCATE|[36]|Bytes:15
16:31:34.1 (7978294)|SYSTEM_METHOD_ENTRY|[36]|String.valueOf(Object)
16:31:34.1 (7999024)|SYSTEM_METHOD_EXIT|[36]|String.valueOf(Object)
16:31:34.1 (8004630)|HEAP_ALLOCATE|[36]|Bytes:19
16:31:34.1 (8011172)|SYSTEM_METHOD_ENTRY|[36]|System.debug(ANY)
16:31:34.1 (8014101)|USER_DEBUG|[36]|DEBUG|Person weight: null
16:31:34.1 (8018782)|SYSTEM_METHOD_EXIT|[36]|System.debug(ANY)
16:31:34.1 (8021358)|STATEMENT_EXECUTE|[37]
16:31:34.1 (8022919)|HEAP_ALLOCATE|[37]|Bytes:12
16:31:34.1 (8033535)|SYSTEM_METHOD_ENTRY|[37]|String.valueOf(Object)
16:31:34.1 (8045858)|SYSTEM_METHOD_EXIT|[37]|String.valueOf(Object)
16:31:34.1 (8050297)|HEAP_ALLOCATE|[37]|Bytes:16
16:31:34.1 (8054867)|SYSTEM_METHOD_ENTRY|[37]|System.debug(ANY)
16:31:34.1 (8057833)|USER_DEBUG|[37]|DEBUG|Person age: null
16:31:34.1 (8062018)|SYSTEM_METHOD_EXIT|[37]|System.debug(ANY)
16:31:34.1 (8064282)|STATEMENT_EXECUTE|[38]
16:31:34.1 (8065646)|HEAP_ALLOCATE|[38]|Bytes:15
16:31:34.1 (8074661)|SYSTEM_METHOD_ENTRY|[38]|String.valueOf(Object)
16:31:34.1 (8086657)|SYSTEM_METHOD_EXIT|[38]|String.valueOf(Object)
16:31:34.1 (8090718)|HEAP_ALLOCATE|[38]|Bytes:19
16:31:34.1 (8095519)|SYSTEM_METHOD_ENTRY|[38]|System.debug(ANY)
16:31:34.1 (8098425)|USER_DEBUG|[38]|DEBUG|Person isDead: null
16:31:34.1 (8102634)|SYSTEM_METHOD_EXIT|[38]|System.debug(ANY)
16:31:34.1 (8104856)|STATEMENT_EXECUTE|[39]
16:31:34.1 (8106174)|HEAP_ALLOCATE|[39]|Bytes:16
16:31:34.1 (8116530)|SYSTEM_METHOD_ENTRY|[39]|String.valueOf(Object)
16:31:34.1 (8123312)|HEAP_ALLOCATE|[39]|Bytes:5
16:31:34.1 (8131712)|SYSTEM_METHOD_EXIT|[39]|String.valueOf(Object)
16:31:34.1 (8135843)|HEAP_ALLOCATE|[39]|Bytes:21
16:31:34.1 (8140221)|SYSTEM_METHOD_ENTRY|[39]|System.debug(ANY)
16:31:34.1 (8143366)|USER_DEBUG|[39]|DEBUG|Person isHuman: false
16:31:34.1 (8147335)|SYSTEM_METHOD_EXIT|[39]|System.debug(ANY)
16:31:34.1 (8151631)|METHOD_EXIT|[5]|01p1I00000AiJUh|Person.print()
16:31:34.1 (8158183)|SYSTEM_MODE_EXIT|false
16:31:34.1 (8162639)|STATEMENT_EXECUTE|[7]
16:31:34.1 (8166324)|HEAP_ALLOCATE|[7]|Bytes:28
16:31:34.1 (8170197)|HEAP_ALLOCATE|[7]|Bytes:5
16:31:34.1 (8192826)|SYSTEM_MODE_ENTER|false
16:31:34.1 (8200729)|HEAP_ALLOCATE|[7]|Bytes:5
16:31:34.1 (8211097)|CONSTRUCTOR_ENTRY|[7]|01p1I00000AiJUh|<init>(String)
16:31:34.1 (8225094)|VARIABLE_SCOPE_BEGIN|[21]|this|Person|true|false
16:31:34.1 (8242293)|VARIABLE_ASSIGNMENT|[21]|this|{}|0x3d4963a6
16:31:34.1 (8249024)|VARIABLE_SCOPE_BEGIN|[21]|defaultName|String|false|false
16:31:34.1 (8256693)|VARIABLE_ASSIGNMENT|[21]|defaultName|"Betty"
16:31:34.1 (8261225)|STATEMENT_EXECUTE|[10]
16:31:34.1 (8262194)|STATEMENT_EXECUTE|[14]
16:31:34.1 (8263186)|STATEMENT_EXECUTE|[15]
16:31:34.1 (8263978)|STATEMENT_EXECUTE|[16]
16:31:34.1 (8264797)|STATEMENT_EXECUTE|[17]
16:31:34.1 (8265640)|STATEMENT_EXECUTE|[18]
16:31:34.1 (8266427)|STATEMENT_EXECUTE|[19]
16:31:34.1 (8275134)|STATEMENT_EXECUTE|[21]
16:31:34.1 (8276442)|STATEMENT_EXECUTE|[22]
16:31:34.1 (8282334)|VARIABLE_ASSIGNMENT|[22]|this.name|"Betty"|0x3d4963a6
16:31:34.1 (8290951)|CONSTRUCTOR_EXIT|[7]|01p1I00000AiJUh|<init>(String)
16:31:34.1 (8297745)|SYSTEM_MODE_EXIT|false
16:31:34.1 (8313197)|VARIABLE_ASSIGNMENT|[7]|betty|{"name":"Betty"}|0x3d4963a6
16:31:34.1 (8318509)|STATEMENT_EXECUTE|[8]
16:31:34.1 (8338209)|SYSTEM_MODE_ENTER|false
16:31:34.1 (8345003)|HEAP_ALLOCATE|[8]|Bytes:5
16:31:34.1 (8353102)|METHOD_ENTRY|[8]|01p1I00000AiJUh|Person.print()
16:31:34.1 (8362813)|VARIABLE_SCOPE_BEGIN|[32]|this|Person|true|false
16:31:34.1 (8376786)|VARIABLE_ASSIGNMENT|[32]|this|{"name":"Betty"}|0x3d4963a6
16:31:34.1 (8383145)|STATEMENT_EXECUTE|[32]
16:31:34.1 (8384148)|STATEMENT_EXECUTE|[33]
16:31:34.1 (8393254)|HEAP_ALLOCATE|[33]|Bytes:18
16:31:34.1 (8400395)|SYSTEM_METHOD_ENTRY|[33]|System.debug(ANY)
16:31:34.1 (8404511)|USER_DEBUG|[33]|DEBUG|Person name: Betty
16:31:34.1 (8409492)|SYSTEM_METHOD_EXIT|[33]|System.debug(ANY)
16:31:34.1 (8412572)|STATEMENT_EXECUTE|[34]
16:31:34.1 (8415523)|HEAP_ALLOCATE|[34]|Bytes:18
16:31:34.1 (8420132)|SYSTEM_METHOD_ENTRY|[34]|System.debug(ANY)
16:31:34.1 (8422920)|USER_DEBUG|[34]|DEBUG|Person email: null
16:31:34.1 (8426843)|SYSTEM_METHOD_EXIT|[34]|System.debug(ANY)
16:31:34.1 (8428783)|STATEMENT_EXECUTE|[35]
16:31:34.1 (8431081)|HEAP_ALLOCATE|[35]|Bytes:19
16:31:34.1 (8434454)|SYSTEM_METHOD_ENTRY|[35]|System.debug(ANY)
16:31:34.1 (8436966)|USER_DEBUG|[35]|DEBUG|Person gender: null
16:31:34.1 (8440866)|SYSTEM_METHOD_EXIT|[35]|System.debug(ANY)
16:31:34.1 (8443308)|STATEMENT_EXECUTE|[36]
16:31:34.1 (8456022)|SYSTEM_METHOD_ENTRY|[36]|String.valueOf(Object)
16:31:34.1 (8464344)|SYSTEM_METHOD_EXIT|[36]|String.valueOf(Object)
16:31:34.1 (8467842)|HEAP_ALLOCATE|[36]|Bytes:19
16:31:34.1 (8472142)|SYSTEM_METHOD_ENTRY|[36]|System.debug(ANY)
16:31:34.1 (8475379)|USER_DEBUG|[36]|DEBUG|Person weight: null
16:31:34.1 (8479425)|SYSTEM_METHOD_EXIT|[36]|System.debug(ANY)
16:31:34.1 (8481427)|STATEMENT_EXECUTE|[37]
16:31:34.1 (8488657)|SYSTEM_METHOD_ENTRY|[37]|String.valueOf(Object)
16:31:34.1 (8496142)|SYSTEM_METHOD_EXIT|[37]|String.valueOf(Object)
16:31:34.1 (8500112)|HEAP_ALLOCATE|[37]|Bytes:16
16:31:34.1 (8503804)|SYSTEM_METHOD_ENTRY|[37]|System.debug(ANY)
16:31:34.1 (8506271)|USER_DEBUG|[37]|DEBUG|Person age: null
16:31:34.1 (8510638)|SYSTEM_METHOD_EXIT|[37]|System.debug(ANY)
16:31:34.1 (8513201)|STATEMENT_EXECUTE|[38]
16:31:34.1 (8519959)|SYSTEM_METHOD_ENTRY|[38]|String.valueOf(Object)
16:31:34.1 (8527703)|SYSTEM_METHOD_EXIT|[38]|String.valueOf(Object)
16:31:34.1 (8531117)|HEAP_ALLOCATE|[38]|Bytes:19
16:31:34.1 (8535103)|SYSTEM_METHOD_ENTRY|[38]|System.debug(ANY)
16:31:34.1 (8537902)|USER_DEBUG|[38]|DEBUG|Person isDead: null
16:31:34.1 (8541439)|SYSTEM_METHOD_EXIT|[38]|System.debug(ANY)
16:31:34.1 (8548576)|STATEMENT_EXECUTE|[39]
16:31:34.1 (8557252)|SYSTEM_METHOD_ENTRY|[39]|String.valueOf(Object)
16:31:34.1 (8560681)|HEAP_ALLOCATE|[39]|Bytes:5
16:31:34.1 (8568327)|SYSTEM_METHOD_EXIT|[39]|String.valueOf(Object)
16:31:34.1 (8572676)|HEAP_ALLOCATE|[39]|Bytes:21
16:31:34.1 (8576422)|SYSTEM_METHOD_ENTRY|[39]|System.debug(ANY)
16:31:34.1 (8578965)|USER_DEBUG|[39]|DEBUG|Person isHuman: false
16:31:34.1 (8583517)|SYSTEM_METHOD_EXIT|[39]|System.debug(ANY)
16:31:34.1 (8588136)|METHOD_EXIT|[8]|01p1I00000AiJUh|Person.print()
16:31:34.1 (8594751)|SYSTEM_MODE_EXIT|false
16:31:34.8 (8616891)|CUMULATIVE_LIMIT_USAGE
16:31:34.8 (8616891)|LIMIT_USAGE_FOR_NS|(default)|
  Number of SOQL queries: 0 out of 100
  Number of query rows: 0 out of 50000
  Number of SOSL queries: 0 out of 20
  Number of DML statements: 0 out of 150
  Number of DML rows: 0 out of 10000
  Maximum CPU time: 0 out of 10000
  Maximum heap size: 0 out of 6000000
  Number of callouts: 0 out of 100
  Number of Email Invocations: 0 out of 10
  Number of future calls: 0 out of 50
  Number of queueable jobs added to the queue: 0 out of 50
  Number of Mobile Apex push calls: 0 out of 10

16:31:34.8 (8616891)|TOTAL_EMAIL_RECIPIENTS_QUEUED|0
16:31:34.8 (8616891)|STATIC_VARIABLE_LIST|
  char[]:DigitTens:0
  long:serialVersionUID:0
  Person:_static_betty:0
  String:_sfdcSuppressedCodeLocations:0
  long:serialVersionUID:0
  String:_sfdcAdditionalCodeLocations:0
  double:MAX_VALUE:0
  Boolean:FALSE:0
  long:serialVersionUID:0
  double:MIN_VALUE:0
  int:SIZE:0
  double:NEGATIVE_INFINITY:0
  int:MAX_VALUE:0
  Boolean:_static_isHuman:0
  char[]:digits:0
  double:NaN:0
  Boolean:TRUE:0
  Person:_static_fred:0
  int:MIN_VALUE:0
  char[]:DigitOnes:0
  int:BYTES:0
  int:MIN_EXPONENT:0
  String:_sfdcAdditionalCodeLocations:0
  int[]:sizeTable:0
  int:MAX_EXPONENT:0
  String:_sfdcSuppressedCodeLocations:0
  int:SIZE:0
  double:POSITIVE_INFINITY:0
  double:MIN_NORMAL:0
  int:BYTES:0

16:31:34.8 (8616891)|CUMULATIVE_LIMIT_USAGE_END

16:31:34.1 (8724364)|CODE_UNIT_FINISHED|execute_anonymous_apex
16:31:34.1 (9542384)|EXECUTION_FINISHED
16:31:34.16 (16866287)|CUMULATIVE_PROFILING_BEGIN
16:31:34.16 (16866287)|CUMULATIVE_PROFILING|No profiling information for SOQL operations
16:31:34.16 (16866287)|CUMULATIVE_PROFILING|No profiling information for SOSL operations
16:31:34.16 (16866287)|CUMULATIVE_PROFILING|No profiling information for DML operations
16:31:34.16 (16866287)|CUMULATIVE_PROFILING|method invocations|
External entry point: public static void execute(): executed 1 time in 2 ms
AnonymousBlock: line 3, column 1: public Person(String, String): executed 1 time in 1 ms
AnonymousBlock: line 8, column 1: public void print(): executed 1 time in 1 ms
AnonymousBlock: line 4, column 1: public void setIsHuman(Boolean): executed 1 time in 0 ms
AnonymousBlock: line 5, column 1: public void print(): executed 1 time in 0 ms
AnonymousBlock: line 7, column 1: public Person(String): executed 1 time in 0 ms
Class.Person.print: line 33, column 1: global public static void debug(ANY): executed 2 times in 0 ms
Class.Person.print: line 34, column 1: global public static void debug(ANY): executed 2 times in 0 ms
Class.Person.print: line 35, column 1: global public static void debug(ANY): executed 2 times in 0 ms
Class.Person.print: line 36, column 1: public static String valueOf(Object): executed 4 times in 0 ms
Class.Person.print: line 37, column 1: public static String valueOf(Object): executed 4 times in 0 ms

16:31:34.16 (16866287)|CUMULATIVE_PROFILING_END
