41.0 APEX_CODE,FINEST;APEX_PROFILING,INFO;CALLOUT,INFO;DB,INFO;SYSTEM,DEBUG;VALIDATION,INFO;VISUALFORCE,INFO;WAVE,INFO;WORKFLOW,INFO
Execute Anonymous: Day3ListsAndLoops.execute();
14:57:28.0 (991573)|USER_INFO|[EXTERNAL]|0051I000000zlxU|anders.windell@atginfo.com.apex.bootcamp|Pacific Standard Time|GMT-07:00
14:57:28.0 (1014822)|EXECUTION_STARTED
14:57:28.0 (1019026)|CODE_UNIT_STARTED|[EXTERNAL]|execute_anonymous_apex
14:57:28.0 (1237707)|HEAP_ALLOCATE|[72]|Bytes:3
14:57:28.0 (1310865)|HEAP_ALLOCATE|[77]|Bytes:152
14:57:28.0 (1329842)|HEAP_ALLOCATE|[342]|Bytes:408
14:57:28.0 (1347611)|HEAP_ALLOCATE|[355]|Bytes:408
14:57:28.0 (1361140)|HEAP_ALLOCATE|[467]|Bytes:48
14:57:28.0 (1390551)|HEAP_ALLOCATE|[139]|Bytes:6
14:57:28.0 (1407012)|HEAP_ALLOCATE|[EXTERNAL]|Bytes:1
14:57:28.0 (1500385)|STATEMENT_EXECUTE|[1]
14:57:28.0 (1503168)|STATEMENT_EXECUTE|[1]
14:57:28.0 (1556770)|HEAP_ALLOCATE|[50]|Bytes:5
14:57:28.0 (1578934)|HEAP_ALLOCATE|[56]|Bytes:5
14:57:28.0 (1586099)|HEAP_ALLOCATE|[64]|Bytes:7
14:57:28.0 (1611459)|SYSTEM_MODE_ENTER|false
14:57:28.0 (1635179)|HEAP_ALLOCATE|[1]|Bytes:5
14:57:28.0 (2717672)|HEAP_ALLOCATE|[1]|Bytes:1
14:57:28.0 (2727170)|HEAP_ALLOCATE|[1]|Bytes:2
14:57:28.0 (2760359)|METHOD_ENTRY|[1]|01p1I000007biq8|Day3ListsAndLoops.Day3ListsAndLoops()
14:57:28.0 (2767299)|STATEMENT_EXECUTE|[1]
14:57:28.0 (2771806)|STATEMENT_EXECUTE|[1]
14:57:28.0 (2784809)|HEAP_ALLOCATE|[1]|Bytes:5
14:57:28.0 (2807166)|METHOD_EXIT|[1]|Day3ListsAndLoops
14:57:28.0 (2829290)|METHOD_ENTRY|[1]|01p1I000007biq8|Day3ListsAndLoops.execute()
14:57:28.0 (2869465)|HEAP_ALLOCATE|[6]|Bytes:5
14:57:28.0 (2874776)|STATEMENT_EXECUTE|[3]
14:57:28.0 (2876613)|STATEMENT_EXECUTE|[6]
14:57:28.0 (2879301)|HEAP_ALLOCATE|[6]|Bytes:6
14:57:28.0 (2888748)|VARIABLE_SCOPE_BEGIN|[6]|myName|String|false|false
14:57:28.0 (2908283)|VARIABLE_ASSIGNMENT|[6]|myName|"Anders"
14:57:28.0 (2913315)|STATEMENT_EXECUTE|[10]
14:57:28.0 (2954555)|HEAP_ALLOCATE|[10]|Bytes:4
14:57:28.0 (3009183)|VARIABLE_SCOPE_BEGIN|[10]|names|List<String>|true|false
14:57:28.0 (3043985)|HEAP_ALLOCATE|[EXTERNAL]|Bytes:4
14:57:28.0 (3056554)|VARIABLE_ASSIGNMENT|[10]|names|[]|0x2ab83133
14:57:28.0 (3061568)|STATEMENT_EXECUTE|[13]
14:57:28.0 (3067475)|HEAP_ALLOCATE|[13]|Bytes:4
14:57:28.0 (3082643)|HEAP_ALLOCATE|[13]|Bytes:9
14:57:28.0 (3094341)|HEAP_ALLOCATE|[13]|Bytes:9
14:57:28.0 (3098417)|HEAP_ALLOCATE|[13]|Bytes:9
14:57:28.0 (3102543)|VARIABLE_SCOPE_BEGIN|[13]|students|List<String>|true|false
14:57:28.0 (3120005)|HEAP_ALLOCATE|[EXTERNAL]|Bytes:16
14:57:28.0 (3128791)|VARIABLE_ASSIGNMENT|[13]|students|["Student 1","Student 2","Student 3"]|0x2287dab6
14:57:28.0 (3133836)|STATEMENT_EXECUTE|[16]
14:57:28.0 (3138603)|HEAP_ALLOCATE|[16]|Bytes:4
14:57:28.0 (3161952)|VARIABLE_SCOPE_BEGIN|[16]|employees|List<String>|true|false
14:57:28.0 (3178623)|HEAP_ALLOCATE|[EXTERNAL]|Bytes:84
14:57:28.0 (3186194)|VARIABLE_ASSIGNMENT|[16]|employees|"List of size 20 too large to display"|0x4f3757ec
14:57:28.0 (3191873)|STATEMENT_EXECUTE|[18]
14:57:28.0 (3222010)|HEAP_ALLOCATE|[EXTERNAL]|Bytes:4
14:57:28.0 (3231302)|STATEMENT_EXECUTE|[19]
14:57:28.0 (3233652)|HEAP_ALLOCATE|[19]|Bytes:4
14:57:28.0 (3248643)|HEAP_ALLOCATE|[EXTERNAL]|Bytes:4
14:57:28.0 (3254090)|STATEMENT_EXECUTE|[20]
14:57:28.0 (3255815)|HEAP_ALLOCATE|[20]|Bytes:4
14:57:28.0 (3267999)|HEAP_ALLOCATE|[EXTERNAL]|Bytes:4
14:57:28.0 (3272952)|STATEMENT_EXECUTE|[21]
14:57:28.0 (3274600)|HEAP_ALLOCATE|[21]|Bytes:5
14:57:28.0 (3285843)|HEAP_ALLOCATE|[EXTERNAL]|Bytes:4
14:57:28.0 (3290567)|STATEMENT_EXECUTE|[23]
14:57:28.0 (3292333)|HEAP_ALLOCATE|[23]|Bytes:7
14:57:28.0 (3335599)|HEAP_ALLOCATE|[23]|Bytes:27
14:57:28.0 (3352541)|HEAP_ALLOCATE|[23]|Bytes:34
14:57:28.0 (3374645)|USER_DEBUG|[23]|DEBUG|names: (Anders, Ders, Papa, Bless)
14:57:28.0 (3388827)|METHOD_EXIT|[1]|01p1I000007biq8|Day3ListsAndLoops.execute()
14:57:28.0 (3394329)|SYSTEM_MODE_EXIT|false
14:57:28.3 (3417546)|CUMULATIVE_LIMIT_USAGE
14:57:28.3 (3417546)|LIMIT_USAGE_FOR_NS|(default)|
  Number of SOQL queries: 0 out of 100
  Number of query rows: 0 out of 50000
  Number of SOSL queries: 0 out of 20
  Number of DML statements: 0 out of 150
  Number of DML rows: 0 out of 10000
  Maximum CPU time: 0 out of 10000
  Maximum heap size: 0 out of 6000000
  Number of callouts: 0 out of 100
  Number of Email Invocations: 0 out of 10
  Number of future calls: 0 out of 50
  Number of queueable jobs added to the queue: 0 out of 50
  Number of Mobile Apex push calls: 0 out of 10

14:57:28.3 (3417546)|CUMULATIVE_LIMIT_USAGE_END

14:57:28.0 (3452054)|CODE_UNIT_FINISHED|execute_anonymous_apex
14:57:28.0 (4202056)|EXECUTION_FINISHED
