41.0 APEX_CODE,FINEST;APEX_PROFILING,INFO;CALLOUT,INFO;DB,INFO;SYSTEM,DEBUG;VALIDATION,INFO;VISUALFORCE,INFO;WAVE,INFO;WORKFLOW,INFO
Execute Anonymous: Day3ListsAndLoops.executeLoops();
15:51:16.0 (945852)|USER_INFO|[EXTERNAL]|0051I000000zlxU|anders.windell@atginfo.com.apex.bootcamp|Pacific Standard Time|GMT-07:00
15:51:16.0 (967276)|EXECUTION_STARTED
15:51:16.0 (971630)|CODE_UNIT_STARTED|[EXTERNAL]|execute_anonymous_apex
15:51:16.0 (1180261)|HEAP_ALLOCATE|[72]|Bytes:3
15:51:16.0 (1225046)|HEAP_ALLOCATE|[77]|Bytes:152
15:51:16.0 (1241888)|HEAP_ALLOCATE|[342]|Bytes:408
15:51:16.0 (1256226)|HEAP_ALLOCATE|[355]|Bytes:408
15:51:16.0 (1269133)|HEAP_ALLOCATE|[467]|Bytes:48
15:51:16.0 (1295365)|HEAP_ALLOCATE|[139]|Bytes:6
15:51:16.0 (1310317)|HEAP_ALLOCATE|[EXTERNAL]|Bytes:1
15:51:16.0 (1383242)|STATEMENT_EXECUTE|[1]
15:51:16.0 (1386068)|STATEMENT_EXECUTE|[1]
15:51:16.0 (1435982)|HEAP_ALLOCATE|[50]|Bytes:5
15:51:16.0 (1458250)|HEAP_ALLOCATE|[56]|Bytes:5
15:51:16.0 (1465482)|HEAP_ALLOCATE|[64]|Bytes:7
15:51:16.0 (1508013)|SYSTEM_MODE_ENTER|false
15:51:16.0 (1665042)|HEAP_ALLOCATE|[1]|Bytes:5
15:51:16.0 (7510464)|HEAP_ALLOCATE|[1]|Bytes:4
15:51:16.0 (7519973)|HEAP_ALLOCATE|[1]|Bytes:26
15:51:16.0 (7535247)|METHOD_ENTRY|[1]|01p1I000007biq8|Day3ListsAndLoops.Day3ListsAndLoops()
15:51:16.0 (7541634)|STATEMENT_EXECUTE|[1]
15:51:16.0 (7545722)|STATEMENT_EXECUTE|[1]
15:51:16.0 (7555477)|HEAP_ALLOCATE|[1]|Bytes:5
15:51:16.0 (7565795)|METHOD_EXIT|[1]|Day3ListsAndLoops
15:51:16.0 (7584695)|METHOD_ENTRY|[1]|01p1I000007biq8|Day3ListsAndLoops.executeLoops()
15:51:16.0 (7619548)|HEAP_ALLOCATE|[59]|Bytes:5
15:51:16.0 (7624696)|STATEMENT_EXECUTE|[52]
15:51:16.0 (7626993)|STATEMENT_EXECUTE|[59]
15:51:16.0 (7633579)|VARIABLE_SCOPE_BEGIN|[59]|i|Integer|false|false
15:51:16.0 (7640766)|HEAP_ALLOCATE|[59]|Bytes:4
15:51:16.0 (7657007)|VARIABLE_ASSIGNMENT|[59]|i|0
15:51:16.0 (7663978)|STATEMENT_EXECUTE|[59]
15:51:16.0 (7665029)|STATEMENT_EXECUTE|[60]
15:51:16.0 (7667113)|HEAP_ALLOCATE|[60]|Bytes:3
15:51:16.0 (7734165)|HEAP_ALLOCATE|[60]|Bytes:1
15:51:16.0 (7758791)|HEAP_ALLOCATE|[60]|Bytes:4
15:51:16.0 (7783338)|USER_DEBUG|[60]|DEBUG|i: 0
15:51:16.0 (7790899)|HEAP_ALLOCATE|[59]|Bytes:4
15:51:16.0 (7797346)|VARIABLE_ASSIGNMENT|[59]|i|1
15:51:16.0 (7803779)|STATEMENT_EXECUTE|[59]
15:51:16.0 (7804767)|STATEMENT_EXECUTE|[60]
15:51:16.0 (7813415)|HEAP_ALLOCATE|[60]|Bytes:1
15:51:16.0 (7820920)|HEAP_ALLOCATE|[60]|Bytes:4
15:51:16.0 (7826329)|USER_DEBUG|[60]|DEBUG|i: 1
15:51:16.0 (7831915)|HEAP_ALLOCATE|[59]|Bytes:4
15:51:16.0 (7835598)|VARIABLE_ASSIGNMENT|[59]|i|2
15:51:16.0 (7839852)|STATEMENT_EXECUTE|[59]
15:51:16.0 (7840949)|STATEMENT_EXECUTE|[60]
15:51:16.0 (7847213)|HEAP_ALLOCATE|[60]|Bytes:1
15:51:16.0 (7854322)|HEAP_ALLOCATE|[60]|Bytes:4
15:51:16.0 (7858919)|USER_DEBUG|[60]|DEBUG|i: 2
15:51:16.0 (7862824)|HEAP_ALLOCATE|[59]|Bytes:4
15:51:16.0 (7866109)|VARIABLE_ASSIGNMENT|[59]|i|3
15:51:16.0 (7870228)|STATEMENT_EXECUTE|[59]
15:51:16.0 (7871115)|STATEMENT_EXECUTE|[60]
15:51:16.0 (7876879)|HEAP_ALLOCATE|[60]|Bytes:1
15:51:16.0 (7883687)|HEAP_ALLOCATE|[60]|Bytes:4
15:51:16.0 (7887913)|USER_DEBUG|[60]|DEBUG|i: 3
15:51:16.0 (7892261)|HEAP_ALLOCATE|[59]|Bytes:4
15:51:16.0 (7896171)|VARIABLE_ASSIGNMENT|[59]|i|4
15:51:16.0 (7900215)|STATEMENT_EXECUTE|[59]
15:51:16.0 (7901100)|STATEMENT_EXECUTE|[60]
15:51:16.0 (7906657)|HEAP_ALLOCATE|[60]|Bytes:1
15:51:16.0 (7912960)|HEAP_ALLOCATE|[60]|Bytes:4
15:51:16.0 (7917478)|USER_DEBUG|[60]|DEBUG|i: 4
15:51:16.0 (7922359)|HEAP_ALLOCATE|[59]|Bytes:4
15:51:16.0 (7925670)|VARIABLE_ASSIGNMENT|[59]|i|5
15:51:16.0 (7929017)|STATEMENT_EXECUTE|[59]
15:51:16.0 (7929942)|STATEMENT_EXECUTE|[60]
15:51:16.0 (7935235)|HEAP_ALLOCATE|[60]|Bytes:1
15:51:16.0 (7942776)|HEAP_ALLOCATE|[60]|Bytes:4
15:51:16.0 (7946940)|USER_DEBUG|[60]|DEBUG|i: 5
15:51:16.0 (7951234)|HEAP_ALLOCATE|[59]|Bytes:4
15:51:16.0 (7954635)|VARIABLE_ASSIGNMENT|[59]|i|6
15:51:16.0 (7957794)|STATEMENT_EXECUTE|[59]
15:51:16.0 (7958690)|STATEMENT_EXECUTE|[60]
15:51:16.0 (7964212)|HEAP_ALLOCATE|[60]|Bytes:1
15:51:16.0 (7971298)|HEAP_ALLOCATE|[60]|Bytes:4
15:51:16.0 (7975517)|USER_DEBUG|[60]|DEBUG|i: 6
15:51:16.0 (7979492)|HEAP_ALLOCATE|[59]|Bytes:4
15:51:16.0 (7982771)|VARIABLE_ASSIGNMENT|[59]|i|7
15:51:16.0 (7986633)|STATEMENT_EXECUTE|[59]
15:51:16.0 (7987493)|STATEMENT_EXECUTE|[60]
15:51:16.0 (7993322)|HEAP_ALLOCATE|[60]|Bytes:1
15:51:16.0 (8000207)|HEAP_ALLOCATE|[60]|Bytes:4
15:51:16.0 (8005343)|USER_DEBUG|[60]|DEBUG|i: 7
15:51:16.0 (8009483)|HEAP_ALLOCATE|[59]|Bytes:4
15:51:16.0 (8013244)|VARIABLE_ASSIGNMENT|[59]|i|8
15:51:16.0 (8017751)|STATEMENT_EXECUTE|[59]
15:51:16.0 (8018627)|STATEMENT_EXECUTE|[60]
15:51:16.0 (8024175)|HEAP_ALLOCATE|[60]|Bytes:1
15:51:16.0 (8030779)|HEAP_ALLOCATE|[60]|Bytes:4
15:51:16.0 (8035459)|USER_DEBUG|[60]|DEBUG|i: 8
15:51:16.0 (8039791)|HEAP_ALLOCATE|[59]|Bytes:4
15:51:16.0 (8043365)|VARIABLE_ASSIGNMENT|[59]|i|9
15:51:16.0 (8046874)|STATEMENT_EXECUTE|[59]
15:51:16.0 (8047767)|STATEMENT_EXECUTE|[60]
15:51:16.0 (8053237)|HEAP_ALLOCATE|[60]|Bytes:1
15:51:16.0 (8060176)|HEAP_ALLOCATE|[60]|Bytes:4
15:51:16.0 (8064361)|USER_DEBUG|[60]|DEBUG|i: 9
15:51:16.0 (8068564)|HEAP_ALLOCATE|[59]|Bytes:4
15:51:16.0 (8071918)|VARIABLE_ASSIGNMENT|[59]|i|10
15:51:16.0 (8076263)|STATEMENT_EXECUTE|[65]
15:51:16.0 (8116700)|HEAP_ALLOCATE|[65]|Bytes:4
15:51:16.0 (8147227)|VARIABLE_SCOPE_BEGIN|[65]|names|List<String>|true|false
15:51:16.0 (8184924)|HEAP_ALLOCATE|[EXTERNAL]|Bytes:4
15:51:16.0 (8197880)|VARIABLE_ASSIGNMENT|[65]|names|[]|0x35b4bf6d
15:51:16.0 (8203515)|STATEMENT_EXECUTE|[67]
15:51:16.0 (8206106)|HEAP_ALLOCATE|[67]|Bytes:6
15:51:16.0 (8236168)|HEAP_ALLOCATE|[EXTERNAL]|Bytes:4
15:51:16.0 (8243855)|STATEMENT_EXECUTE|[68]
15:51:16.0 (8245766)|HEAP_ALLOCATE|[68]|Bytes:4
15:51:16.0 (8258843)|HEAP_ALLOCATE|[EXTERNAL]|Bytes:4
15:51:16.0 (8263571)|STATEMENT_EXECUTE|[69]
15:51:16.0 (8265161)|HEAP_ALLOCATE|[69]|Bytes:5
15:51:16.0 (8276534)|HEAP_ALLOCATE|[EXTERNAL]|Bytes:4
15:51:16.0 (8281412)|STATEMENT_EXECUTE|[70]
15:51:16.0 (8282944)|HEAP_ALLOCATE|[70]|Bytes:4
15:51:16.0 (8294676)|HEAP_ALLOCATE|[EXTERNAL]|Bytes:4
15:51:16.0 (8299755)|STATEMENT_EXECUTE|[72]
15:51:16.0 (8302365)|VARIABLE_SCOPE_BEGIN|[72]|i|Integer|false|false
15:51:16.0 (8308337)|HEAP_ALLOCATE|[72]|Bytes:4
15:51:16.0 (8313597)|VARIABLE_ASSIGNMENT|[72]|i|0
15:51:16.0 (8329705)|STATEMENT_EXECUTE|[72]
15:51:16.0 (8330833)|STATEMENT_EXECUTE|[73]
15:51:16.0 (8332441)|HEAP_ALLOCATE|[73]|Bytes:5
15:51:16.0 (8351661)|HEAP_ALLOCATE|[73]|Bytes:1
15:51:16.0 (8359554)|HEAP_ALLOCATE|[73]|Bytes:4
15:51:16.0 (8366731)|HEAP_ALLOCATE|[73]|Bytes:6
15:51:16.0 (8375581)|HEAP_ALLOCATE|[73]|Bytes:16
15:51:16.0 (8383066)|USER_DEBUG|[73]|DEBUG|Name 0 is Anders
15:51:16.0 (8388829)|STATEMENT_EXECUTE|[74]
15:51:16.0 (8402653)|HEAP_ALLOCATE|[74]|Bytes:1
15:51:16.0 (8414650)|HEAP_ALLOCATE|[74]|Bytes:6
15:51:16.0 (8420797)|HEAP_ALLOCATE|[74]|Bytes:16
15:51:16.0 (8426459)|USER_DEBUG|[74]|DEBUG|Name 0 is Anders
15:51:16.0 (8431892)|HEAP_ALLOCATE|[72]|Bytes:4
15:51:16.0 (8436556)|VARIABLE_ASSIGNMENT|[72]|i|1
15:51:16.0 (8444961)|STATEMENT_EXECUTE|[72]
15:51:16.0 (8445929)|STATEMENT_EXECUTE|[73]
15:51:16.0 (8452428)|HEAP_ALLOCATE|[73]|Bytes:1
15:51:16.0 (8460103)|HEAP_ALLOCATE|[73]|Bytes:4
15:51:16.0 (8464123)|HEAP_ALLOCATE|[73]|Bytes:14
15:51:16.0 (8468797)|USER_DEBUG|[73]|DEBUG|Name 1 is Taco
15:51:16.0 (8473288)|STATEMENT_EXECUTE|[74]
15:51:16.0 (8478962)|HEAP_ALLOCATE|[74]|Bytes:1
15:51:16.0 (8487196)|HEAP_ALLOCATE|[74]|Bytes:4
15:51:16.0 (8492425)|HEAP_ALLOCATE|[74]|Bytes:14
15:51:16.0 (8496107)|USER_DEBUG|[74]|DEBUG|Name 1 is Taco
15:51:16.0 (8500075)|HEAP_ALLOCATE|[72]|Bytes:4
15:51:16.0 (8503604)|VARIABLE_ASSIGNMENT|[72]|i|2
15:51:16.0 (8516534)|STATEMENT_EXECUTE|[72]
15:51:16.0 (8517588)|STATEMENT_EXECUTE|[73]
15:51:16.0 (8524094)|HEAP_ALLOCATE|[73]|Bytes:1
15:51:16.0 (8531956)|HEAP_ALLOCATE|[73]|Bytes:5
15:51:16.0 (8536183)|HEAP_ALLOCATE|[73]|Bytes:15
15:51:16.0 (8540519)|USER_DEBUG|[73]|DEBUG|Name 2 is Pizza
15:51:16.0 (8545214)|STATEMENT_EXECUTE|[74]
15:51:16.0 (8550596)|HEAP_ALLOCATE|[74]|Bytes:1
15:51:16.0 (8558714)|HEAP_ALLOCATE|[74]|Bytes:5
15:51:16.0 (8563824)|HEAP_ALLOCATE|[74]|Bytes:15
15:51:16.0 (8567795)|USER_DEBUG|[74]|DEBUG|Name 2 is Pizza
15:51:16.0 (8572384)|HEAP_ALLOCATE|[72]|Bytes:4
15:51:16.0 (8576480)|VARIABLE_ASSIGNMENT|[72]|i|3
15:51:16.0 (8584689)|STATEMENT_EXECUTE|[72]
15:51:16.0 (8585654)|STATEMENT_EXECUTE|[73]
15:51:16.0 (8591471)|HEAP_ALLOCATE|[73]|Bytes:1
15:51:16.0 (8598565)|HEAP_ALLOCATE|[73]|Bytes:4
15:51:16.0 (8602541)|HEAP_ALLOCATE|[73]|Bytes:14
15:51:16.0 (8606301)|USER_DEBUG|[73]|DEBUG|Name 3 is FOOD
15:51:16.0 (8610452)|STATEMENT_EXECUTE|[74]
15:51:16.0 (8616004)|HEAP_ALLOCATE|[74]|Bytes:1
15:51:16.0 (8624620)|HEAP_ALLOCATE|[74]|Bytes:4
15:51:16.0 (8629135)|HEAP_ALLOCATE|[74]|Bytes:14
15:51:16.0 (8633413)|USER_DEBUG|[74]|DEBUG|Name 3 is FOOD
15:51:16.0 (8638556)|HEAP_ALLOCATE|[72]|Bytes:4
15:51:16.0 (8642410)|VARIABLE_ASSIGNMENT|[72]|i|4
15:51:16.0 (8698897)|HEAP_ALLOCATE|[78]|Bytes:5
15:51:16.0 (8726192)|HEAP_ALLOCATE|[78]|Bytes:6
15:51:16.0 (8734080)|VARIABLE_SCOPE_BEGIN|[78]|name|String|false|false
15:51:16.0 (8750769)|VARIABLE_ASSIGNMENT|[78]|name|"Anders"
15:51:16.0 (8755134)|STATEMENT_EXECUTE|[78]
15:51:16.0 (8756119)|STATEMENT_EXECUTE|[79]
15:51:16.0 (8772343)|USER_DEBUG|[79]|DEBUG|Anders
15:51:16.0 (8784041)|HEAP_ALLOCATE|[78]|Bytes:5
15:51:16.0 (8791087)|HEAP_ALLOCATE|[78]|Bytes:4
15:51:16.0 (8795763)|VARIABLE_SCOPE_BEGIN|[78]|name|String|false|false
15:51:16.0 (8803875)|VARIABLE_ASSIGNMENT|[78]|name|"Taco"
15:51:16.0 (8807622)|STATEMENT_EXECUTE|[78]
15:51:16.0 (8808604)|STATEMENT_EXECUTE|[79]
15:51:16.0 (8811949)|USER_DEBUG|[79]|DEBUG|Taco
15:51:16.0 (8819825)|HEAP_ALLOCATE|[78]|Bytes:5
15:51:16.0 (8825158)|HEAP_ALLOCATE|[78]|Bytes:5
15:51:16.0 (8829178)|VARIABLE_SCOPE_BEGIN|[78]|name|String|false|false
15:51:16.0 (8837352)|VARIABLE_ASSIGNMENT|[78]|name|"Pizza"
15:51:16.0 (8840713)|STATEMENT_EXECUTE|[78]
15:51:16.0 (8841605)|STATEMENT_EXECUTE|[79]
15:51:16.0 (8844617)|USER_DEBUG|[79]|DEBUG|Pizza
15:51:16.0 (8851681)|HEAP_ALLOCATE|[78]|Bytes:5
15:51:16.0 (8856519)|HEAP_ALLOCATE|[78]|Bytes:4
15:51:16.0 (8860167)|VARIABLE_SCOPE_BEGIN|[78]|name|String|false|false
15:51:16.0 (8867119)|VARIABLE_ASSIGNMENT|[78]|name|"FOOD"
15:51:16.0 (8869826)|STATEMENT_EXECUTE|[78]
15:51:16.0 (8870756)|STATEMENT_EXECUTE|[79]
15:51:16.0 (8873468)|USER_DEBUG|[79]|DEBUG|FOOD
15:51:16.0 (8880635)|HEAP_ALLOCATE|[78]|Bytes:5
15:51:16.0 (8887737)|VARIABLE_ASSIGNMENT|[78]|name|null
15:51:16.0 (8897896)|METHOD_EXIT|[1]|01p1I000007biq8|Day3ListsAndLoops.executeLoops()
15:51:16.0 (8904450)|SYSTEM_MODE_EXIT|false
15:51:16.8 (8925848)|CUMULATIVE_LIMIT_USAGE
15:51:16.8 (8925848)|LIMIT_USAGE_FOR_NS|(default)|
  Number of SOQL queries: 0 out of 100
  Number of query rows: 0 out of 50000
  Number of SOSL queries: 0 out of 20
  Number of DML statements: 0 out of 150
  Number of DML rows: 0 out of 10000
  Maximum CPU time: 0 out of 10000
  Maximum heap size: 0 out of 6000000
  Number of callouts: 0 out of 100
  Number of Email Invocations: 0 out of 10
  Number of future calls: 0 out of 50
  Number of queueable jobs added to the queue: 0 out of 50
  Number of Mobile Apex push calls: 0 out of 10

15:51:16.8 (8925848)|CUMULATIVE_LIMIT_USAGE_END

15:51:16.0 (8958045)|CODE_UNIT_FINISHED|execute_anonymous_apex
15:51:16.0 (10009859)|EXECUTION_FINISHED
