41.0 APEX_CODE,FINEST;APEX_PROFILING,INFO;CALLOUT,INFO;DB,INFO;SYSTEM,DEBUG;VALIDATION,INFO;VISUALFORCE,INFO;WAVE,INFO;WORKFLOW,INFO
Execute Anonymous: Day3ListsAndLoops.execute();
15:09:36.1 (1022475)|USER_INFO|[EXTERNAL]|0051I000000zlxU|anders.windell@atginfo.com.apex.bootcamp|Pacific Standard Time|GMT-07:00
15:09:36.1 (1043723)|EXECUTION_STARTED
15:09:36.1 (1047309)|CODE_UNIT_STARTED|[EXTERNAL]|execute_anonymous_apex
15:09:36.1 (1221867)|HEAP_ALLOCATE|[72]|Bytes:3
15:09:36.1 (1282774)|HEAP_ALLOCATE|[77]|Bytes:152
15:09:36.1 (1303202)|HEAP_ALLOCATE|[342]|Bytes:408
15:09:36.1 (1320971)|HEAP_ALLOCATE|[355]|Bytes:408
15:09:36.1 (1335006)|HEAP_ALLOCATE|[467]|Bytes:48
15:09:36.1 (1389404)|HEAP_ALLOCATE|[139]|Bytes:6
15:09:36.1 (1406488)|HEAP_ALLOCATE|[EXTERNAL]|Bytes:1
15:09:36.1 (1497110)|STATEMENT_EXECUTE|[1]
15:09:36.1 (1499622)|STATEMENT_EXECUTE|[1]
15:09:36.1 (1546814)|HEAP_ALLOCATE|[50]|Bytes:5
15:09:36.1 (1567353)|HEAP_ALLOCATE|[56]|Bytes:5
15:09:36.1 (1574781)|HEAP_ALLOCATE|[64]|Bytes:7
15:09:36.1 (1599141)|SYSTEM_MODE_ENTER|false
15:09:36.1 (1615264)|HEAP_ALLOCATE|[1]|Bytes:5
15:09:36.1 (6885461)|HEAP_ALLOCATE|[1]|Bytes:1
15:09:36.1 (6896054)|HEAP_ALLOCATE|[1]|Bytes:8
15:09:36.1 (6930512)|METHOD_ENTRY|[1]|01p1I000007biq8|Day3ListsAndLoops.Day3ListsAndLoops()
15:09:36.1 (6936610)|STATEMENT_EXECUTE|[1]
15:09:36.1 (6941481)|STATEMENT_EXECUTE|[1]
15:09:36.1 (6952542)|HEAP_ALLOCATE|[1]|Bytes:5
15:09:36.1 (6971817)|METHOD_EXIT|[1]|Day3ListsAndLoops
15:09:36.1 (7002949)|METHOD_ENTRY|[1]|01p1I000007biq8|Day3ListsAndLoops.execute()
15:09:36.1 (7044117)|HEAP_ALLOCATE|[6]|Bytes:5
15:09:36.1 (7049136)|STATEMENT_EXECUTE|[3]
15:09:36.1 (7050598)|STATEMENT_EXECUTE|[6]
15:09:36.1 (7052921)|HEAP_ALLOCATE|[6]|Bytes:6
15:09:36.1 (7059378)|VARIABLE_SCOPE_BEGIN|[6]|myName|String|false|false
15:09:36.1 (7082046)|VARIABLE_ASSIGNMENT|[6]|myName|"Anders"
15:09:36.1 (7086602)|STATEMENT_EXECUTE|[10]
15:09:36.1 (7120016)|HEAP_ALLOCATE|[10]|Bytes:4
15:09:36.1 (7233028)|VARIABLE_SCOPE_BEGIN|[10]|names|List<String>|true|false
15:09:36.1 (7262313)|HEAP_ALLOCATE|[EXTERNAL]|Bytes:4
15:09:36.1 (7277062)|VARIABLE_ASSIGNMENT|[10]|names|[]|0x521de00a
15:09:36.1 (7282578)|STATEMENT_EXECUTE|[13]
15:09:36.1 (7292236)|HEAP_ALLOCATE|[13]|Bytes:4
15:09:36.1 (7311793)|HEAP_ALLOCATE|[13]|Bytes:9
15:09:36.1 (7328303)|HEAP_ALLOCATE|[13]|Bytes:9
15:09:36.1 (7332643)|HEAP_ALLOCATE|[13]|Bytes:9
15:09:36.1 (7337128)|VARIABLE_SCOPE_BEGIN|[13]|students|List<String>|true|false
15:09:36.1 (7355562)|HEAP_ALLOCATE|[EXTERNAL]|Bytes:16
15:09:36.1 (7365627)|VARIABLE_ASSIGNMENT|[13]|students|["Student 1","Student 2","Student 3"]|0x619acf7a
15:09:36.1 (7370763)|STATEMENT_EXECUTE|[16]
15:09:36.1 (7376804)|HEAP_ALLOCATE|[16]|Bytes:4
15:09:36.1 (7407460)|VARIABLE_SCOPE_BEGIN|[16]|employees|List<String>|true|false
15:09:36.1 (7423698)|HEAP_ALLOCATE|[EXTERNAL]|Bytes:84
15:09:36.1 (7432003)|VARIABLE_ASSIGNMENT|[16]|employees|"List of size 20 too large to display"|0x973abb5
15:09:36.1 (7436901)|STATEMENT_EXECUTE|[18]
15:09:36.1 (7466495)|HEAP_ALLOCATE|[EXTERNAL]|Bytes:4
15:09:36.1 (7493725)|STATEMENT_EXECUTE|[19]
15:09:36.1 (7496320)|HEAP_ALLOCATE|[19]|Bytes:7
15:09:36.1 (7513849)|HEAP_ALLOCATE|[EXTERNAL]|Bytes:4
15:09:36.1 (7519432)|STATEMENT_EXECUTE|[20]
15:09:36.1 (7521096)|HEAP_ALLOCATE|[20]|Bytes:4
15:09:36.1 (7534205)|HEAP_ALLOCATE|[EXTERNAL]|Bytes:4
15:09:36.1 (7538985)|STATEMENT_EXECUTE|[21]
15:09:36.1 (7540561)|HEAP_ALLOCATE|[21]|Bytes:5
15:09:36.1 (7551986)|HEAP_ALLOCATE|[EXTERNAL]|Bytes:4
15:09:36.1 (7556740)|STATEMENT_EXECUTE|[24]
15:09:36.1 (7558230)|HEAP_ALLOCATE|[24]|Bytes:7
15:09:36.1 (7598814)|HEAP_ALLOCATE|[24]|Bytes:30
15:09:36.1 (7615125)|HEAP_ALLOCATE|[24]|Bytes:37
15:09:36.1 (7632656)|USER_DEBUG|[24]|DEBUG|names: (Anders, Windell, Papa, Bless)
15:09:36.1 (7639063)|STATEMENT_EXECUTE|[26]
15:09:36.1 (7659895)|HEAP_ALLOCATE|[26]|Bytes:5
15:09:36.1 (7665723)|STATEMENT_EXECUTE|[28]
15:09:36.1 (7667535)|HEAP_ALLOCATE|[28]|Bytes:33
15:09:36.1 (7685733)|HEAP_ALLOCATE|[28]|Bytes:23
15:09:36.1 (7694696)|HEAP_ALLOCATE|[28]|Bytes:56
15:09:36.1 (7701423)|USER_DEBUG|[28]|DEBUG|names after last element removed (Anders, Windell, Papa)
15:09:36.1 (7707028)|STATEMENT_EXECUTE|[30]
15:09:36.1 (7722501)|HEAP_ALLOCATE|[30]|Bytes:4
15:09:36.1 (7727021)|STATEMENT_EXECUTE|[32]
15:09:36.1 (7729112)|HEAP_ALLOCATE|[32]|Bytes:28
15:09:36.1 (7746534)|HEAP_ALLOCATE|[32]|Bytes:17
15:09:36.1 (7755787)|HEAP_ALLOCATE|[32]|Bytes:45
15:09:36.1 (7762187)|USER_DEBUG|[32]|DEBUG|names after last bad remove (Anders, Windell)
15:09:36.1 (7773673)|METHOD_EXIT|[1]|01p1I000007biq8|Day3ListsAndLoops.execute()
15:09:36.1 (7779989)|SYSTEM_MODE_EXIT|false
15:09:36.7 (7816646)|CUMULATIVE_LIMIT_USAGE
15:09:36.7 (7816646)|LIMIT_USAGE_FOR_NS|(default)|
  Number of SOQL queries: 0 out of 100
  Number of query rows: 0 out of 50000
  Number of SOSL queries: 0 out of 20
  Number of DML statements: 0 out of 150
  Number of DML rows: 0 out of 10000
  Maximum CPU time: 0 out of 10000
  Maximum heap size: 0 out of 6000000
  Number of callouts: 0 out of 100
  Number of Email Invocations: 0 out of 10
  Number of future calls: 0 out of 50
  Number of queueable jobs added to the queue: 0 out of 50
  Number of Mobile Apex push calls: 0 out of 10

15:09:36.7 (7816646)|CUMULATIVE_LIMIT_USAGE_END

15:09:36.1 (7850314)|CODE_UNIT_FINISHED|execute_anonymous_apex
15:09:36.1 (8959618)|EXECUTION_FINISHED
