41.0 APEX_CODE,FINEST;APEX_PROFILING,INFO;CALLOUT,INFO;DB,INFO;SYSTEM,DEBUG;VALIDATION,INFO;VISUALFORCE,INFO;WAVE,INFO;WORKFLOW,INFO
Execute Anonymous: Day3ListsAndLoops.execute();
15:17:11.1 (1026052)|USER_INFO|[EXTERNAL]|0051I000000zlxU|anders.windell@atginfo.com.apex.bootcamp|Pacific Standard Time|GMT-07:00
15:17:11.1 (1047562)|EXECUTION_STARTED
15:17:11.1 (1052213)|CODE_UNIT_STARTED|[EXTERNAL]|execute_anonymous_apex
15:17:11.1 (1261908)|HEAP_ALLOCATE|[72]|Bytes:3
15:17:11.1 (1329420)|HEAP_ALLOCATE|[77]|Bytes:152
15:17:11.1 (1347882)|HEAP_ALLOCATE|[342]|Bytes:408
15:17:11.1 (1361718)|HEAP_ALLOCATE|[355]|Bytes:408
15:17:11.1 (1374757)|HEAP_ALLOCATE|[467]|Bytes:48
15:17:11.1 (1439877)|HEAP_ALLOCATE|[139]|Bytes:6
15:17:11.1 (1457737)|HEAP_ALLOCATE|[EXTERNAL]|Bytes:1
15:17:11.1 (1553918)|STATEMENT_EXECUTE|[1]
15:17:11.1 (1556240)|STATEMENT_EXECUTE|[1]
15:17:11.1 (1607556)|HEAP_ALLOCATE|[50]|Bytes:5
15:17:11.1 (1632988)|HEAP_ALLOCATE|[56]|Bytes:5
15:17:11.1 (1641663)|HEAP_ALLOCATE|[64]|Bytes:7
15:17:11.1 (1683270)|SYSTEM_MODE_ENTER|false
15:17:11.1 (1704109)|HEAP_ALLOCATE|[1]|Bytes:5
15:17:11.1 (7292110)|HEAP_ALLOCATE|[1]|Bytes:1
15:17:11.1 (7302826)|HEAP_ALLOCATE|[1]|Bytes:14
15:17:11.1 (7334860)|METHOD_ENTRY|[1]|01p1I000007biq8|Day3ListsAndLoops.Day3ListsAndLoops()
15:17:11.1 (7341817)|STATEMENT_EXECUTE|[1]
15:17:11.1 (7347017)|STATEMENT_EXECUTE|[1]
15:17:11.1 (7358434)|HEAP_ALLOCATE|[1]|Bytes:5
15:17:11.1 (7380722)|METHOD_EXIT|[1]|Day3ListsAndLoops
15:17:11.1 (7400611)|METHOD_ENTRY|[1]|01p1I000007biq8|Day3ListsAndLoops.execute()
15:17:11.1 (7450209)|HEAP_ALLOCATE|[6]|Bytes:5
15:17:11.1 (7455466)|STATEMENT_EXECUTE|[3]
15:17:11.1 (7457038)|STATEMENT_EXECUTE|[6]
15:17:11.1 (7459388)|HEAP_ALLOCATE|[6]|Bytes:6
15:17:11.1 (7466896)|VARIABLE_SCOPE_BEGIN|[6]|myName|String|false|false
15:17:11.1 (7489333)|VARIABLE_ASSIGNMENT|[6]|myName|"Anders"
15:17:11.1 (7493994)|STATEMENT_EXECUTE|[10]
15:17:11.1 (7540474)|HEAP_ALLOCATE|[10]|Bytes:4
15:17:11.1 (7598490)|VARIABLE_SCOPE_BEGIN|[10]|names|List<String>|true|false
15:17:11.1 (7634909)|HEAP_ALLOCATE|[EXTERNAL]|Bytes:4
15:17:11.1 (7648941)|VARIABLE_ASSIGNMENT|[10]|names|[]|0x4205335d
15:17:11.1 (7653913)|STATEMENT_EXECUTE|[13]
15:17:11.1 (7660682)|HEAP_ALLOCATE|[13]|Bytes:4
15:17:11.1 (7675462)|HEAP_ALLOCATE|[13]|Bytes:9
15:17:11.1 (7686599)|HEAP_ALLOCATE|[13]|Bytes:9
15:17:11.1 (7693351)|HEAP_ALLOCATE|[13]|Bytes:9
15:17:11.1 (7698060)|VARIABLE_SCOPE_BEGIN|[13]|students|List<String>|true|false
15:17:11.1 (7716619)|HEAP_ALLOCATE|[EXTERNAL]|Bytes:16
15:17:11.1 (7727316)|VARIABLE_ASSIGNMENT|[13]|students|["Student 1","Student 2","Student 3"]|0x29ece8df
15:17:11.1 (7732069)|STATEMENT_EXECUTE|[16]
15:17:11.1 (7737795)|HEAP_ALLOCATE|[16]|Bytes:4
15:17:11.1 (7762392)|VARIABLE_SCOPE_BEGIN|[16]|employees|List<String>|true|false
15:17:11.1 (7781091)|HEAP_ALLOCATE|[EXTERNAL]|Bytes:84
15:17:11.1 (7789038)|VARIABLE_ASSIGNMENT|[16]|employees|"List of size 20 too large to display"|0xf0d61e2
15:17:11.1 (7793650)|STATEMENT_EXECUTE|[18]
15:17:11.1 (7825434)|HEAP_ALLOCATE|[EXTERNAL]|Bytes:4
15:17:11.1 (7834278)|STATEMENT_EXECUTE|[19]
15:17:11.1 (7836269)|HEAP_ALLOCATE|[19]|Bytes:7
15:17:11.1 (7856352)|HEAP_ALLOCATE|[EXTERNAL]|Bytes:4
15:17:11.1 (7862320)|STATEMENT_EXECUTE|[20]
15:17:11.1 (7863957)|HEAP_ALLOCATE|[20]|Bytes:4
15:17:11.1 (7878706)|HEAP_ALLOCATE|[EXTERNAL]|Bytes:4
15:17:11.1 (7883757)|STATEMENT_EXECUTE|[21]
15:17:11.1 (7885205)|HEAP_ALLOCATE|[21]|Bytes:5
15:17:11.1 (7902935)|HEAP_ALLOCATE|[EXTERNAL]|Bytes:4
15:17:11.1 (7908077)|STATEMENT_EXECUTE|[24]
15:17:11.1 (7909765)|HEAP_ALLOCATE|[24]|Bytes:7
15:17:11.1 (7958083)|HEAP_ALLOCATE|[24]|Bytes:30
15:17:11.1 (7974961)|HEAP_ALLOCATE|[24]|Bytes:37
15:17:11.1 (8002035)|USER_DEBUG|[24]|DEBUG|names: (Anders, Windell, Papa, Bless)
15:17:11.1 (8009762)|STATEMENT_EXECUTE|[26]
15:17:11.1 (8047853)|HEAP_ALLOCATE|[26]|Bytes:5
15:17:11.1 (8055800)|STATEMENT_EXECUTE|[28]
15:17:11.1 (8057659)|HEAP_ALLOCATE|[28]|Bytes:33
15:17:11.1 (8079850)|HEAP_ALLOCATE|[28]|Bytes:23
15:17:11.1 (8090977)|HEAP_ALLOCATE|[28]|Bytes:56
15:17:11.1 (8099300)|USER_DEBUG|[28]|DEBUG|names after last element removed (Anders, Windell, Papa)
15:17:11.1 (8105113)|STATEMENT_EXECUTE|[30]
15:17:11.1 (8123665)|HEAP_ALLOCATE|[30]|Bytes:4
15:17:11.1 (8128363)|STATEMENT_EXECUTE|[32]
15:17:11.1 (8130428)|HEAP_ALLOCATE|[32]|Bytes:28
15:17:11.1 (8149679)|HEAP_ALLOCATE|[32]|Bytes:17
15:17:11.1 (8160412)|HEAP_ALLOCATE|[32]|Bytes:45
15:17:11.1 (8170570)|USER_DEBUG|[32]|DEBUG|names after dynamic removal (Anders, Windell)
15:17:11.1 (8175814)|STATEMENT_EXECUTE|[34]
15:17:11.1 (8189945)|HEAP_ALLOCATE|[34]|Bytes:4
15:17:11.1 (8213337)|VARIABLE_SCOPE_BEGIN|[34]|uniqueNames|Set<String>|true|false
15:17:11.1 (8240290)|VARIABLE_ASSIGNMENT|[34]|uniqueNames|[]|0x3c0af9e8
15:17:11.1 (8245638)|STATEMENT_EXECUTE|[36]
15:17:11.1 (8267656)|HEAP_ALLOCATE|[EXTERNAL]|Bytes:4
15:17:11.1 (8274489)|STATEMENT_EXECUTE|[37]
15:17:11.1 (8285914)|HEAP_ALLOCATE|[EXTERNAL]|Bytes:4
15:17:11.1 (8291232)|STATEMENT_EXECUTE|[38]
15:17:11.1 (8301651)|HEAP_ALLOCATE|[EXTERNAL]|Bytes:4
15:17:11.1 (8306103)|STATEMENT_EXECUTE|[39]
15:17:11.1 (8316412)|HEAP_ALLOCATE|[EXTERNAL]|Bytes:4
15:17:11.1 (8320901)|STATEMENT_EXECUTE|[40]
15:17:11.1 (8330808)|HEAP_ALLOCATE|[EXTERNAL]|Bytes:4
15:17:11.1 (8335417)|STATEMENT_EXECUTE|[41]
15:17:11.1 (8345185)|HEAP_ALLOCATE|[EXTERNAL]|Bytes:4
15:17:11.1 (8349709)|STATEMENT_EXECUTE|[42]
15:17:11.1 (8362546)|HEAP_ALLOCATE|[EXTERNAL]|Bytes:4
15:17:11.1 (8367355)|STATEMENT_EXECUTE|[44]
15:17:11.1 (8369410)|HEAP_ALLOCATE|[44]|Bytes:13
15:17:11.1 (8392748)|HEAP_ALLOCATE|[44]|Bytes:8
15:17:11.1 (8403769)|HEAP_ALLOCATE|[44]|Bytes:21
15:17:11.1 (8415778)|USER_DEBUG|[44]|DEBUG|uniqueNames: {Anders}
15:17:11.1 (8421625)|STATEMENT_EXECUTE|[45]
15:17:11.1 (8423875)|HEAP_ALLOCATE|[45]|Bytes:18
15:17:11.1 (8447779)|HEAP_ALLOCATE|[45]|Bytes:1
15:17:11.1 (8457079)|HEAP_ALLOCATE|[45]|Bytes:19
15:17:11.1 (8464097)|USER_DEBUG|[45]|DEBUG|uniqueNames size: 1
15:17:11.1 (8475472)|METHOD_EXIT|[1]|01p1I000007biq8|Day3ListsAndLoops.execute()
15:17:11.1 (8480987)|SYSTEM_MODE_EXIT|false
15:17:11.8 (8515557)|CUMULATIVE_LIMIT_USAGE
15:17:11.8 (8515557)|LIMIT_USAGE_FOR_NS|(default)|
  Number of SOQL queries: 0 out of 100
  Number of query rows: 0 out of 50000
  Number of SOSL queries: 0 out of 20
  Number of DML statements: 0 out of 150
  Number of DML rows: 0 out of 10000
  Maximum CPU time: 0 out of 10000
  Maximum heap size: 0 out of 6000000
  Number of callouts: 0 out of 100
  Number of Email Invocations: 0 out of 10
  Number of future calls: 0 out of 50
  Number of queueable jobs added to the queue: 0 out of 50
  Number of Mobile Apex push calls: 0 out of 10

15:17:11.8 (8515557)|CUMULATIVE_LIMIT_USAGE_END

15:17:11.1 (8551862)|CODE_UNIT_FINISHED|execute_anonymous_apex
15:17:11.1 (9615477)|EXECUTION_FINISHED
