36.0 APEX_CODE,FINEST;APEX_PROFILING,FINEST;CALLOUT,FINEST;DB,FINEST;SYSTEM,FINE;VALIDATION,INFO;VISUALFORCE,NONE;WAVE,INFO;WORKFLOW,FINER
15:45:56.0 (338409)|USER_INFO|[EXTERNAL]|0051I000000zlxU|anders.windell@atginfo.com.apex.bootcamp|Pacific Standard Time|GMT-08:00
15:45:56.0 (375985)|EXECUTION_STARTED
15:45:56.0 (380224)|CODE_UNIT_STARTED|[EXTERNAL]|01q1I000001Dqmh|OpportunityTrigger on Opportunity trigger event AfterUpdate for [0061I000005Mykz]
15:45:56.0 (434126)|HEAP_ALLOCATE|[EXTERNAL]|Bytes:8
15:45:56.0 (466550)|HEAP_ALLOCATE|[EXTERNAL]|Bytes:8
15:45:56.0 (833291)|HEAP_ALLOCATE|[72]|Bytes:3
15:45:56.0 (893977)|HEAP_ALLOCATE|[77]|Bytes:152
15:45:56.0 (910816)|HEAP_ALLOCATE|[342]|Bytes:408
15:45:56.0 (925336)|HEAP_ALLOCATE|[355]|Bytes:408
15:45:56.0 (938307)|HEAP_ALLOCATE|[467]|Bytes:48
15:45:56.0 (966789)|HEAP_ALLOCATE|[139]|Bytes:6
15:45:56.0 (991777)|HEAP_ALLOCATE|[EXTERNAL]|Bytes:4
15:45:56.0 (1020932)|VARIABLE_SCOPE_BEGIN|[1]|this|OpportunityTrigger|true|false
15:45:56.0 (1085308)|VARIABLE_ASSIGNMENT|[1]|this|{}|0x11e3de5c
15:45:56.0 (1129600)|HEAP_ALLOCATE|[EXTERNAL]|Bytes:4
15:45:56.0 (1185290)|VARIABLE_SCOPE_BEGIN|[1]|this|OpportunityTrigger|true|false
15:45:56.0 (1198844)|VARIABLE_ASSIGNMENT|[1]|this|{}|0x11e3de5c
15:45:56.0 (1207187)|STATEMENT_EXECUTE|[1]
15:45:56.0 (1237827)|HEAP_ALLOCATE|[50]|Bytes:5
15:45:56.0 (1263210)|HEAP_ALLOCATE|[56]|Bytes:5
15:45:56.0 (1271737)|HEAP_ALLOCATE|[64]|Bytes:7
15:45:56.0 (1306770)|STATEMENT_EXECUTE|[5]
15:45:56.0 (1308614)|STATEMENT_EXECUTE|[6]
15:45:56.0 (4756232)|HEAP_ALLOCATE|[6]|Bytes:12
15:45:56.0 (4766204)|HEAP_ALLOCATE|[6]|Bytes:17
15:45:56.0 (4780762)|METHOD_ENTRY|[1]|01p1I00000FV94A|OpportunityTriggerHelper.OpportunityTriggerHelper()
15:45:56.0 (4787861)|STATEMENT_EXECUTE|[1]
15:45:56.0 (4791644)|STATEMENT_EXECUTE|[1]
15:45:56.0 (5129583)|SYSTEM_MODE_ENTER|false
15:45:56.0 (5147602)|HEAP_ALLOCATE|[6]|Bytes:5
15:45:56.0 (5157834)|SYSTEM_MODE_EXIT|false
15:45:56.0 (5166212)|METHOD_EXIT|[1]|OpportunityTriggerHelper
15:45:56.0 (5194945)|METHOD_ENTRY|[6]|01p1I00000FV94A|OpportunityTriggerHelper.afterUpdate(List<Opportunity>, Map<Id,Opportunity>)
15:45:56.0 (5227453)|VARIABLE_SCOPE_BEGIN|[6]|newOpportunities|List<Opportunity>|true|false
15:45:56.0 (5831432)|VARIABLE_ASSIGNMENT|[6]|newOpportunities|[{"LastModifiedDate":"2017-12-12T23:45:56.000Z","IsDeleted":false,"AccountId":"0011I000007E0EyQAK","HasOpportunityLineIt (2 more) ...":false,"StageName":"Prospecting","Probability":10,"ForecastCategory":"Pipeline","IsClosed":false,"CloseDate":"2017-12-12T00:00:00.000Z","Name":"Insert Test","SystemModstamp":"2017-12-12T23:45:56.000Z","HasOpenActivity":false,"CreatedById":"0051I000000zlxUQAQ","OwnerId":"0051I000000zlxUQAQ","IsWon":false,"CreatedDate":"2017-12-12T23:44:34.000Z","HasOverdueTask":false,"Id":"0061I000005MykzQAC","ForecastCategoryName":"Pipeline","IsPrivate":false,"LastModifiedById":"0051I000000zlxUQAQ"}]|0x1256acd1
15:45:56.0 (5850713)|VARIABLE_SCOPE_BEGIN|[6]|oldOpportunities|Map<Id,Opportunity>|true|false
15:45:56.0 (6191473)|VARIABLE_ASSIGNMENT|[6]|oldOpportunities|{"0061I000005MykzQAC":{"LastModifiedDate":"2017-12-12T23:44:34.000Z","IsDeleted":false,"AccountId":"0011I000007E0EyQAK","HasOpportunityLineIt (2 more) ...":false,"StageName":"Closed Won","Probability":100,"ForecastCategory":"Closed","IsClosed":true,"CloseDate":"2017-12-12T00:00:00.000Z","Name":"Insert Test","SystemModstamp":"2017-12-12T23:44:34.000Z","HasOpenActivity":false,"CreatedById":"0051I000000zlxUQAQ","OwnerId":"0051I000000zlxUQAQ","IsWon":true,"CreatedDate":"2017-12-12T23:44:34.000Z","HasOverdueTask":false,"Id":"0061I000005MykzQAC","ForecastCategoryName":"Closed","IsPrivate":false,"LastModifiedById":"0051I000000zlxUQAQ"}}|0x78e3ace5
15:45:56.0 (6214468)|SYSTEM_MODE_ENTER|false
15:45:56.0 (6220916)|HEAP_ALLOCATE|[7]|Bytes:5
15:45:56.0 (6226358)|STATEMENT_EXECUTE|[6]
15:45:56.0 (6227878)|STATEMENT_EXECUTE|[7]
15:45:56.0 (6245279)|METHOD_ENTRY|[7]|01p1I00000FV94A|OpportunityTriggerHelper.changedToClosedWon(List<Opportunity>, Map<Id,Opportunity>)
15:45:56.0 (6285121)|VARIABLE_SCOPE_BEGIN|[25]|newOpportunities|List<Opportunity>|true|false
15:45:56.0 (6547754)|VARIABLE_ASSIGNMENT|[25]|newOpportunities|[{"LastModifiedDate":"2017-12-12T23:45:56.000Z","IsDeleted":false,"AccountId":"0011I000007E0EyQAK","HasOpportunityLineIt (2 more) ...":false,"StageName":"Prospecting","Probability":10,"ForecastCategory":"Pipeline","IsClosed":false,"CloseDate":"2017-12-12T00:00:00.000Z","Name":"Insert Test","SystemModstamp":"2017-12-12T23:45:56.000Z","HasOpenActivity":false,"CreatedById":"0051I000000zlxUQAQ","OwnerId":"0051I000000zlxUQAQ","IsWon":false,"CreatedDate":"2017-12-12T23:44:34.000Z","HasOverdueTask":false,"Id":"0061I000005MykzQAC","ForecastCategoryName":"Pipeline","IsPrivate":false,"LastModifiedById":"0051I000000zlxUQAQ"}]|0x1256acd1
15:45:56.0 (6562669)|VARIABLE_SCOPE_BEGIN|[25]|oldOpportunities|Map<Id,Opportunity>|true|false
15:45:56.0 (6804796)|VARIABLE_ASSIGNMENT|[25]|oldOpportunities|{"0061I000005MykzQAC":{"LastModifiedDate":"2017-12-12T23:44:34.000Z","IsDeleted":false,"AccountId":"0011I000007E0EyQAK","HasOpportunityLineIt (2 more) ...":false,"StageName":"Closed Won","Probability":100,"ForecastCategory":"Closed","IsClosed":true,"CloseDate":"2017-12-12T00:00:00.000Z","Name":"Insert Test","SystemModstamp":"2017-12-12T23:44:34.000Z","HasOpenActivity":false,"CreatedById":"0051I000000zlxUQAQ","OwnerId":"0051I000000zlxUQAQ","IsWon":true,"CreatedDate":"2017-12-12T23:44:34.000Z","HasOverdueTask":false,"Id":"0061I000005MykzQAC","ForecastCategoryName":"Closed","IsPrivate":false,"LastModifiedById":"0051I000000zlxUQAQ"}}|0x78e3ace5
15:45:56.0 (6825583)|HEAP_ALLOCATE|[26]|Bytes:5
15:45:56.0 (6830452)|STATEMENT_EXECUTE|[25]
15:45:56.0 (6831772)|STATEMENT_EXECUTE|[26]
15:45:56.0 (6849273)|HEAP_ALLOCATE|[26]|Bytes:4
15:45:56.0 (6903162)|SYSTEM_CONSTRUCTOR_ENTRY|[26]|<init>()
15:45:56.0 (6938618)|SYSTEM_CONSTRUCTOR_EXIT|[26]|<init>()
15:45:56.0 (6944541)|VARIABLE_SCOPE_BEGIN|[26]|oppsToCreateContracts|List<Opportunity>|true|false
15:45:56.0 (6953882)|HEAP_ALLOCATE|[EXTERNAL]|Bytes:4
15:45:56.0 (6960882)|VARIABLE_ASSIGNMENT|[26]|oppsToCreateContracts|[]|0xd32a9f4
15:45:56.0 (6966043)|STATEMENT_EXECUTE|[28]
15:45:56.0 (6968996)|HEAP_ALLOCATE|[28]|Bytes:35
15:45:56.0 (7009673)|SYSTEM_METHOD_ENTRY|[28]|String.valueOf(Object)
15:45:56.0 (7364852)|HEAP_ALLOCATE|[28]|Bytes:974
15:45:56.0 (7390344)|SYSTEM_METHOD_EXIT|[28]|String.valueOf(Object)
15:45:56.0 (7405661)|HEAP_ALLOCATE|[28]|Bytes:1009
15:45:56.0 (7424228)|SYSTEM_METHOD_ENTRY|[28]|System.debug(ANY)
15:45:56.0 (7432482)|USER_DEBUG|[28]|DEBUG|Changed To Closed Won - New Values (Opportunity:{Id=0061I000005MykzQAC, IsDeleted=false, AccountId=0011I000007E0EyQAK, IsPrivate=false, Name=Insert Test, Description=null, StageName=Prospecting, Amount=null, Probability=10, ExpectedRevenue=null, TotalOpportunityQuantity=null, CloseDate=2017-12-12 00:00:00, Type=null, NextStep=null, LeadSource=null, IsClosed=false, IsWon=false, ForecastCategory=Pipeline, ForecastCategoryName=Pipeline, CampaignId=null, HasOpportunityLineItem=false, Pricebook2Id=null, OwnerId=0051I000000zlxUQAQ, CreatedDate=2017-12-12 23:44:34, CreatedById=0051I000000zlxUQAQ, LastModifiedDate=2017-12-12 23:45:56, LastModifiedById=0051I000000zlxUQAQ, SystemModstamp=2017-12-12 23:45:56, LastActivityDate=null, FiscalYear=null, FiscalQuarter=null, LastViewedDate=null, LastReferencedDate=null, ContractId=null, HasOpenActivity=false, HasOverdueTask=false, DeliveryInstallationStatus__c=null, TrackingNumber__c=null, OrderNumber__c=null, CurrentGenerators__c=null, MainCompetitors__c=null})
15:45:56.0 (7448747)|SYSTEM_METHOD_EXIT|[28]|System.debug(ANY)
15:45:56.0 (7452022)|STATEMENT_EXECUTE|[29]
15:45:56.0 (7454797)|HEAP_ALLOCATE|[29]|Bytes:35
15:45:56.0 (7471300)|SYSTEM_METHOD_ENTRY|[29]|String.valueOf(Object)
15:45:56.0 (7768262)|HEAP_ALLOCATE|[29]|Bytes:987
15:45:56.0 (7787078)|SYSTEM_METHOD_EXIT|[29]|String.valueOf(Object)
15:45:56.0 (7795392)|HEAP_ALLOCATE|[29]|Bytes:1022
15:45:56.0 (7803760)|SYSTEM_METHOD_ENTRY|[29]|System.debug(ANY)
15:45:56.0 (7808037)|USER_DEBUG|[29]|DEBUG|Changed To Closed Won - Old Values {0061I000005MykzQAC=Opportunity:{Id=0061I000005MykzQAC, IsDeleted=false, AccountId=0011I000007E0EyQAK, IsPrivate=false, Name=Insert Test, Description=null, StageName=Closed Won, Amount=null, Probability=100, ExpectedRevenue=null, TotalOpportunityQuantity=null, CloseDate=2017-12-12 00:00:00, Type=null, NextStep=null, LeadSource=null, IsClosed=true, IsWon=true, ForecastCategory=Closed, ForecastCategoryName=Closed, CampaignId=null, HasOpportunityLineItem=false, Pricebook2Id=null, OwnerId=0051I000000zlxUQAQ, CreatedDate=2017-12-12 23:44:34, CreatedById=0051I000000zlxUQAQ, LastModifiedDate=2017-12-12 23:44:34, LastModifiedById=0051I000000zlxUQAQ, SystemModstamp=2017-12-12 23:44:34, LastActivityDate=null, FiscalYear=null, FiscalQuarter=null, LastViewedDate=null, LastReferencedDate=null, ContractId=null, HasOpenActivity=false, HasOverdueTask=false, DeliveryInstallationStatus__c=null, TrackingNumber__c=null, OrderNumber__c=null, CurrentGenerators__c=null, MainCompetitors__c=null}}
15:45:56.0 (7824489)|SYSTEM_METHOD_EXIT|[29]|System.debug(ANY)
15:45:56.0 (7836787)|SYSTEM_METHOD_ENTRY|[31]|List<Opportunity>.iterator()
15:45:56.0 (7948358)|SYSTEM_METHOD_EXIT|[31]|List<Opportunity>.iterator()
15:45:56.0 (7968777)|SYSTEM_METHOD_ENTRY|[31]|system.ListIterator.hasNext()
15:45:56.0 (7979218)|HEAP_ALLOCATE|[31]|Bytes:5
15:45:56.0 (7985577)|SYSTEM_METHOD_EXIT|[31]|system.ListIterator.hasNext()
15:45:56.0 (8005020)|VARIABLE_SCOPE_BEGIN|[31]|opp|Opportunity|true|false
15:45:56.0 (8293464)|VARIABLE_ASSIGNMENT|[31]|opp|{"LastModifiedDate":"2017-12-12T23:45:56.000Z","IsDeleted":false,"AccountId":"0011I000007E0EyQAK","HasOpportunityLineIt (2 more) ...":false,"StageName":"Prospecting","Probability":10,"ForecastCategory":"Pipeline","IsClosed":false,"CloseDate":"2017-12-12T00:00:00.000Z","Name":"Insert Test","SystemModstamp":"2017-12-12T23:45:56.000Z","HasOpenActivity":false,"CreatedById":"0051I000000zlxUQAQ","OwnerId":"0051I000000zlxUQAQ","IsWon":false,"CreatedDate":"2017-12-12T23:44:34.000Z","HasOverdueTask":false,"Id":"0061I000005MykzQAC","ForecastCategoryName":"Pipeline","IsPrivate":false,"LastModifiedById":"0051I000000zlxUQAQ"}|0x4eb60e52
15:45:56.0 (8308862)|STATEMENT_EXECUTE|[31]
15:45:56.0 (8341671)|HEAP_ALLOCATE|[32]|Bytes:10
15:45:56.0 (8365459)|STATEMENT_EXECUTE|[32]
15:45:56.0 (8379514)|SYSTEM_METHOD_ENTRY|[31]|system.ListIterator.hasNext()
15:45:56.0 (8390671)|HEAP_ALLOCATE|[31]|Bytes:5
15:45:56.0 (8400141)|SYSTEM_METHOD_EXIT|[31]|system.ListIterator.hasNext()
15:45:56.0 (8412873)|VARIABLE_ASSIGNMENT|[31]|opp|null|
15:45:56.0 (8426420)|SYSTEM_METHOD_ENTRY|[37]|List<Opportunity>.size()
15:45:56.0 (8448039)|SYSTEM_METHOD_EXIT|[37]|List<Opportunity>.size()
15:45:56.0 (8456643)|STATEMENT_EXECUTE|[37]
15:45:56.0 (8467629)|METHOD_EXIT|[7]|01p1I00000FV94A|OpportunityTriggerHelper.changedToClosedWon(List<Opportunity>, Map<Id,Opportunity>)
15:45:56.0 (8476806)|SYSTEM_MODE_EXIT|false
15:45:56.0 (8484921)|METHOD_EXIT|[6]|01p1I00000FV94A|OpportunityTriggerHelper.afterUpdate(List<Opportunity>, Map<Id,Opportunity>)
15:45:56.8 (8496171)|CUMULATIVE_LIMIT_USAGE
15:45:56.8 (8496171)|LIMIT_USAGE_FOR_NS|(default)|
  Number of SOQL queries: 0 out of 100
  Number of query rows: 0 out of 50000
  Number of SOSL queries: 0 out of 20
  Number of DML statements: 0 out of 150
  Number of DML rows: 0 out of 10000
  Maximum CPU time: 0 out of 10000
  Maximum heap size: 0 out of 6000000
  Number of callouts: 0 out of 100
  Number of Email Invocations: 0 out of 10
  Number of future calls: 0 out of 50
  Number of queueable jobs added to the queue: 0 out of 50
  Number of Mobile Apex push calls: 0 out of 10

15:45:56.8 (8496171)|TOTAL_EMAIL_RECIPIENTS_QUEUED|0
15:45:56.8 (8496171)|STATIC_VARIABLE_LIST|
  char[]:DigitTens:0
  long:serialVersionUID:0
  long:serialVersionUID:0
  double:MAX_VALUE:0
  Boolean:FALSE:0
  String:_sfdcAdditionalCodeLocations:0
  long:serialVersionUID:0
  double:MIN_VALUE:0
  int:SIZE:0
  double:NEGATIVE_INFINITY:0
  int:MAX_VALUE:0
  String:_sfdcSuppressedCodeLocations:0
  char[]:digits:0
  double:NaN:0
  Boolean:TRUE:0
  int:MIN_VALUE:0
  char[]:DigitOnes:0
  int:BYTES:0
  int:MIN_EXPONENT:0
  int[]:sizeTable:0
  int:MAX_EXPONENT:0
  int:SIZE:0
  double:POSITIVE_INFINITY:0
  double:MIN_NORMAL:0
  int:BYTES:0

15:45:56.8 (8496171)|CUMULATIVE_LIMIT_USAGE_END

15:45:56.0 (9691236)|CODE_UNIT_FINISHED|OpportunityTrigger on Opportunity trigger event AfterUpdate for [0061I000005Mykz]
15:45:56.0 (10415600)|EXECUTION_FINISHED
15:45:56.64 (64662260)|CUMULATIVE_PROFILING_BEGIN
15:45:56.64 (64662260)|CUMULATIVE_PROFILING|No profiling information for SOQL operations
15:45:56.64 (64662260)|CUMULATIVE_PROFILING|No profiling information for SOSL operations
15:45:56.64 (64662260)|CUMULATIVE_PROFILING|No profiling information for DML operations
15:45:56.64 (64662260)|CUMULATIVE_PROFILING|method invocations|
External entry point: public void invoke(): executed 1 time in 7 ms
Trigger.OpportunityTrigger: line 6, column 1: public static void afterUpdate(List<Opportunity>, Map<Id,Opportunity>): executed 1 time in 3 ms
Class.OpportunityTriggerHelper.afterUpdate: line 7, column 1: public static void changedToClosedWon(List<Opportunity>, Map<Id,Opportunity>): executed 1 time in 2 ms
Class.OpportunityTriggerHelper.changedToClosedWon: line 31, column 1: global public System.Iterator iterator(): executed 3 times in 1 ms
Class.OpportunityTriggerHelper.changedToClosedWon: line 37, column 1: global public Integer size(): executed 1 time in 0 ms
Class.OpportunityTriggerHelper.changedToClosedWon: line 26, column 1: global public List<Opportunity>(): executed 1 time in 0 ms
Class.OpportunityTriggerHelper.changedToClosedWon: line 28, column 1: public static String valueOf(Object): executed 2 times in 0 ms
Class.OpportunityTriggerHelper.changedToClosedWon: line 29, column 1: public static String valueOf(Object): executed 2 times in 0 ms

15:45:56.64 (64662260)|CUMULATIVE_PROFILING_END
