36.0 APEX_CODE,FINEST;APEX_PROFILING,FINEST;CALLOUT,FINEST;DB,FINEST;SYSTEM,FINE;VALIDATION,INFO;VISUALFORCE,NONE;WAVE,INFO;WORKFLOW,FINER
15:41:13.0 (369874)|USER_INFO|[EXTERNAL]|0051I000000zlxU|anders.windell@atginfo.com.apex.bootcamp|Pacific Standard Time|GMT-08:00
15:41:13.0 (407563)|EXECUTION_STARTED
15:41:13.0 (411657)|CODE_UNIT_STARTED|[EXTERNAL]|01q1I000001Dqmh|OpportunityTrigger on Opportunity trigger event AfterUpdate for [0061I0000056Klc]
15:41:13.0 (468814)|HEAP_ALLOCATE|[EXTERNAL]|Bytes:8
15:41:13.0 (526016)|HEAP_ALLOCATE|[EXTERNAL]|Bytes:8
15:41:13.0 (1005712)|HEAP_ALLOCATE|[72]|Bytes:3
15:41:13.0 (1116801)|HEAP_ALLOCATE|[77]|Bytes:152
15:41:13.0 (1160422)|HEAP_ALLOCATE|[342]|Bytes:408
15:41:13.0 (1185916)|HEAP_ALLOCATE|[355]|Bytes:408
15:41:13.0 (1208025)|HEAP_ALLOCATE|[467]|Bytes:48
15:41:13.0 (1280808)|HEAP_ALLOCATE|[139]|Bytes:6
15:41:13.0 (1318981)|HEAP_ALLOCATE|[EXTERNAL]|Bytes:4
15:41:13.0 (1370539)|VARIABLE_SCOPE_BEGIN|[1]|this|OpportunityTrigger|true|false
15:41:13.0 (1554709)|VARIABLE_ASSIGNMENT|[1]|this|{}|0x5712e179
15:41:13.0 (1611562)|HEAP_ALLOCATE|[EXTERNAL]|Bytes:4
15:41:13.0 (1689509)|VARIABLE_SCOPE_BEGIN|[1]|this|OpportunityTrigger|true|false
15:41:13.0 (1703520)|VARIABLE_ASSIGNMENT|[1]|this|{}|0x5712e179
15:41:13.0 (1710526)|STATEMENT_EXECUTE|[1]
15:41:13.0 (1752091)|HEAP_ALLOCATE|[50]|Bytes:5
15:41:13.0 (1778967)|HEAP_ALLOCATE|[56]|Bytes:5
15:41:13.0 (1787757)|HEAP_ALLOCATE|[64]|Bytes:7
15:41:13.0 (1842689)|STATEMENT_EXECUTE|[5]
15:41:13.0 (1844753)|STATEMENT_EXECUTE|[6]
15:41:13.0 (6765172)|HEAP_ALLOCATE|[6]|Bytes:12
15:41:13.0 (6776507)|HEAP_ALLOCATE|[6]|Bytes:17
15:41:13.0 (6808809)|METHOD_ENTRY|[1]|01p1I00000FV94A|OpportunityTriggerHelper.OpportunityTriggerHelper()
15:41:13.0 (6815689)|STATEMENT_EXECUTE|[1]
15:41:13.0 (6820398)|STATEMENT_EXECUTE|[1]
15:41:13.0 (7306601)|SYSTEM_MODE_ENTER|false
15:41:13.0 (7326709)|HEAP_ALLOCATE|[6]|Bytes:5
15:41:13.0 (7336399)|SYSTEM_MODE_EXIT|false
15:41:13.0 (7360215)|METHOD_EXIT|[1]|OpportunityTriggerHelper
15:41:13.0 (7408028)|METHOD_ENTRY|[6]|01p1I00000FV94A|OpportunityTriggerHelper.afterUpdate(List<Opportunity>, Map<Id,Opportunity>)
15:41:13.0 (7449669)|VARIABLE_SCOPE_BEGIN|[6]|newOpportunities|List<Opportunity>|true|false
15:41:13.0 (8277456)|VARIABLE_ASSIGNMENT|[6]|newOpportunities|[{"LastModifiedDate":"2017-12-12T23:41:13.000Z","DeliveryInstallation (9 more) ...":"Yet to begin","MainCompetitors__c":"John Deere","AccountId":"0011I000007E0EoQAK","HasOpportunityLineIt (2 more) ...":false,"ForecastCategory":"Pipeline","IsClosed":false,"CloseDate":"2017-08-27T00:00:00.000Z","Name":"Burlington Textiles  (23 more) ...","HasOpenActivity":false,"ExpectedRevenue":23500.00,"CreatedById":"0051I000000zlxUQAQ","OwnerId":"0051I000000zlxUQAQ","IsWon":false,"TrackingNumber__c":"830150301360","IsDeleted":false,"StageName":"Qualification","Amount":235000.00,"Probability":10,"OrderNumber__c":"645612","SystemModstamp":"2017-12-12T23:41:13.000Z","Type":"New Customer","CurrentGenerators__c":"John Deere","LeadSource":"Web","CreatedDate":"2017-10-25T22:52:04.000Z","HasOverdueTask":false,"Id":"0061I0000056KlcQAE","ForecastCategoryName":"Pipeline","IsPrivate":false,"LastModifiedById":"0051I000000zlxUQAQ"}]|0x6d3ac651
15:41:13.0 (8305418)|VARIABLE_SCOPE_BEGIN|[6]|oldOpportunities|Map<Id,Opportunity>|true|false
15:41:13.0 (8808764)|VARIABLE_ASSIGNMENT|[6]|oldOpportunities|{"0061I0000056KlcQAE":{"LastModifiedDate":"2017-10-25T22:52:04.000Z","DeliveryInstallation (9 more) ...":"Yet to begin","MainCompetitors__c":"John Deere","AccountId":"0011I000007E0EoQAK","HasOpportunityLineIt (2 more) ...":false,"ForecastCategory":"Closed","IsClosed":true,"CloseDate":"2017-08-27T00:00:00.000Z","Name":"Burlington Textiles  (23 more) ...","HasOpenActivity":false,"ExpectedRevenue":235000.00,"CreatedById":"0051I000000zlxUQAQ","OwnerId":"0051I000000zlxUQAQ","IsWon":true,"TrackingNumber__c":"830150301360","IsDeleted":false,"StageName":"Closed Won","Amount":235000.00,"Probability":100,"OrderNumber__c":"645612","SystemModstamp":"2017-10-25T22:52:04.000Z","Type":"New Customer","CurrentGenerators__c":"John Deere","LeadSource":"Web","CreatedDate":"2017-10-25T22:52:04.000Z","HasOverdueTask":false,"Id":"0061I0000056KlcQAE","ForecastCategoryName":"Closed","IsPrivate":false,"LastModifiedById":"0051I000000zlxUQAQ"}}|0x43db9c47
15:41:13.0 (8848517)|SYSTEM_MODE_ENTER|false
15:41:13.0 (8860981)|HEAP_ALLOCATE|[7]|Bytes:5
15:41:13.0 (8869149)|STATEMENT_EXECUTE|[6]
15:41:13.0 (8870906)|STATEMENT_EXECUTE|[7]
15:41:13.0 (8892760)|METHOD_ENTRY|[7]|01p1I00000FV94A|OpportunityTriggerHelper.changedToClosedWon(List<Opportunity>, Map<Id,Opportunity>)
15:41:13.0 (8941290)|VARIABLE_SCOPE_BEGIN|[25]|newOpportunities|List<Opportunity>|true|false
15:41:13.0 (9158419)|VARIABLE_ASSIGNMENT|[25]|newOpportunities|[{"LastModifiedDate":"2017-12-12T23:41:13.000Z","DeliveryInstallation (9 more) ...":"Yet to begin","MainCompetitors__c":"John Deere","AccountId":"0011I000007E0EoQAK","HasOpportunityLineIt (2 more) ...":false,"ForecastCategory":"Pipeline","IsClosed":false,"CloseDate":"2017-08-27T00:00:00.000Z","Name":"Burlington Textiles  (23 more) ...","HasOpenActivity":false,"ExpectedRevenue":23500.00,"CreatedById":"0051I000000zlxUQAQ","OwnerId":"0051I000000zlxUQAQ","IsWon":false,"TrackingNumber__c":"830150301360","IsDeleted":false,"StageName":"Qualification","Amount":235000.00,"Probability":10,"OrderNumber__c":"645612","SystemModstamp":"2017-12-12T23:41:13.000Z","Type":"New Customer","CurrentGenerators__c":"John Deere","LeadSource":"Web","CreatedDate":"2017-10-25T22:52:04.000Z","HasOverdueTask":false,"Id":"0061I0000056KlcQAE","ForecastCategoryName":"Pipeline","IsPrivate":false,"LastModifiedById":"0051I000000zlxUQAQ"}]|0x6d3ac651
15:41:13.0 (9177569)|VARIABLE_SCOPE_BEGIN|[25]|oldOpportunities|Map<Id,Opportunity>|true|false
15:41:13.0 (9378393)|VARIABLE_ASSIGNMENT|[25]|oldOpportunities|{"0061I0000056KlcQAE":{"LastModifiedDate":"2017-10-25T22:52:04.000Z","DeliveryInstallation (9 more) ...":"Yet to begin","MainCompetitors__c":"John Deere","AccountId":"0011I000007E0EoQAK","HasOpportunityLineIt (2 more) ...":false,"ForecastCategory":"Closed","IsClosed":true,"CloseDate":"2017-08-27T00:00:00.000Z","Name":"Burlington Textiles  (23 more) ...","HasOpenActivity":false,"ExpectedRevenue":235000.00,"CreatedById":"0051I000000zlxUQAQ","OwnerId":"0051I000000zlxUQAQ","IsWon":true,"TrackingNumber__c":"830150301360","IsDeleted":false,"StageName":"Closed Won","Amount":235000.00,"Probability":100,"OrderNumber__c":"645612","SystemModstamp":"2017-10-25T22:52:04.000Z","Type":"New Customer","CurrentGenerators__c":"John Deere","LeadSource":"Web","CreatedDate":"2017-10-25T22:52:04.000Z","HasOverdueTask":false,"Id":"0061I0000056KlcQAE","ForecastCategoryName":"Closed","IsPrivate":false,"LastModifiedById":"0051I000000zlxUQAQ"}}|0x43db9c47
15:41:13.0 (9402965)|HEAP_ALLOCATE|[26]|Bytes:5
15:41:13.0 (9408511)|STATEMENT_EXECUTE|[25]
15:41:13.0 (9409718)|STATEMENT_EXECUTE|[26]
15:41:13.0 (9433255)|HEAP_ALLOCATE|[26]|Bytes:4
15:41:13.0 (9511194)|SYSTEM_CONSTRUCTOR_ENTRY|[26]|<init>()
15:41:13.0 (9558634)|SYSTEM_CONSTRUCTOR_EXIT|[26]|<init>()
15:41:13.0 (9567390)|VARIABLE_SCOPE_BEGIN|[26]|oppsToCreateContracts|List<Opportunity>|true|false
15:41:13.0 (9577879)|HEAP_ALLOCATE|[EXTERNAL]|Bytes:4
15:41:13.0 (9585053)|VARIABLE_ASSIGNMENT|[26]|oppsToCreateContracts|[]|0x2cddbce4
15:41:13.0 (9589978)|STATEMENT_EXECUTE|[28]
15:41:13.0 (9593071)|HEAP_ALLOCATE|[28]|Bytes:35
15:41:13.0 (9656502)|SYSTEM_METHOD_ENTRY|[28]|String.valueOf(Object)
15:41:13.0 (10073584)|HEAP_ALLOCATE|[28]|Bytes:1054
15:41:13.0 (10114154)|SYSTEM_METHOD_EXIT|[28]|String.valueOf(Object)
15:41:13.0 (10137158)|HEAP_ALLOCATE|[28]|Bytes:1089
15:41:13.0 (10179885)|SYSTEM_METHOD_ENTRY|[28]|System.debug(ANY)
15:41:13.0 (10207639)|USER_DEBUG|[28]|DEBUG|Changed To Closed Won - New Values (Opportunity:{Id=0061I0000056KlcQAE, IsDeleted=false, AccountId=0011I000007E0EoQAK, IsPrivate=false, Name=Burlington Textiles Weaving Plant Generator, Description=null, StageName=Qualification, Amount=235000.00, Probability=10, ExpectedRevenue=23500.00, TotalOpportunityQuantity=null, CloseDate=2017-08-27 00:00:00, Type=New Customer, NextStep=null, LeadSource=Web, IsClosed=false, IsWon=false, ForecastCategory=Pipeline, ForecastCategoryName=Pipeline, CampaignId=null, HasOpportunityLineItem=false, Pricebook2Id=null, OwnerId=0051I000000zlxUQAQ, CreatedDate=2017-10-25 22:52:04, CreatedById=0051I000000zlxUQAQ, LastModifiedDate=2017-12-12 23:41:13, LastModifiedById=0051I000000zlxUQAQ, SystemModstamp=2017-12-12 23:41:13, LastActivityDate=null, FiscalYear=null, FiscalQuarter=null, LastViewedDate=null, LastReferencedDate=null, ContractId=null, HasOpenActivity=false, HasOverdueTask=false, DeliveryInstallationStatus__c=Yet to begin, TrackingNumber__c=830150301360, OrderNumber__c=645612, CurrentGenerators__c=John Deere, MainCompetitors__c=John Deere})
15:41:13.0 (10234018)|SYSTEM_METHOD_EXIT|[28]|System.debug(ANY)
15:41:13.0 (10240788)|STATEMENT_EXECUTE|[29]
15:41:13.0 (10245562)|HEAP_ALLOCATE|[29]|Bytes:35
15:41:13.0 (10273017)|SYSTEM_METHOD_ENTRY|[29]|String.valueOf(Object)
15:41:13.0 (10652561)|HEAP_ALLOCATE|[29]|Bytes:1066
15:41:13.0 (10677809)|SYSTEM_METHOD_EXIT|[29]|String.valueOf(Object)
15:41:13.0 (10688025)|HEAP_ALLOCATE|[29]|Bytes:1101
15:41:13.0 (10698287)|SYSTEM_METHOD_ENTRY|[29]|System.debug(ANY)
15:41:13.0 (10702789)|USER_DEBUG|[29]|DEBUG|Changed To Closed Won - Old Values {0061I0000056KlcQAE=Opportunity:{Id=0061I0000056KlcQAE, IsDeleted=false, AccountId=0011I000007E0EoQAK, IsPrivate=false, Name=Burlington Textiles Weaving Plant Generator, Description=null, StageName=Closed Won, Amount=235000.00, Probability=100, ExpectedRevenue=235000.00, TotalOpportunityQuantity=null, CloseDate=2017-08-27 00:00:00, Type=New Customer, NextStep=null, LeadSource=Web, IsClosed=true, IsWon=true, ForecastCategory=Closed, ForecastCategoryName=Closed, CampaignId=null, HasOpportunityLineItem=false, Pricebook2Id=null, OwnerId=0051I000000zlxUQAQ, CreatedDate=2017-10-25 22:52:04, CreatedById=0051I000000zlxUQAQ, LastModifiedDate=2017-10-25 22:52:04, LastModifiedById=0051I000000zlxUQAQ, SystemModstamp=2017-10-25 22:52:04, LastActivityDate=null, FiscalYear=null, FiscalQuarter=null, LastViewedDate=null, LastReferencedDate=null, ContractId=null, HasOpenActivity=false, HasOverdueTask=false, DeliveryInstallationStatus__c=Yet to begin, TrackingNumber__c=830150301360, OrderNumber__c=645612, CurrentGenerators__c=John Deere, MainCompetitors__c=John Deere}}
15:41:13.0 (10720640)|SYSTEM_METHOD_EXIT|[29]|System.debug(ANY)
15:41:13.0 (10745564)|SYSTEM_METHOD_ENTRY|[31]|List<Opportunity>.iterator()
15:41:13.0 (10902470)|SYSTEM_METHOD_EXIT|[31]|List<Opportunity>.iterator()
15:41:13.0 (10923760)|SYSTEM_METHOD_ENTRY|[31]|system.ListIterator.hasNext()
15:41:13.0 (10935249)|HEAP_ALLOCATE|[31]|Bytes:5
15:41:13.0 (10952820)|SYSTEM_METHOD_EXIT|[31]|system.ListIterator.hasNext()
15:41:13.0 (10972898)|VARIABLE_SCOPE_BEGIN|[31]|opp|Opportunity|true|false
15:41:13.0 (11199337)|VARIABLE_ASSIGNMENT|[31]|opp|{"LastModifiedDate":"2017-12-12T23:41:13.000Z","DeliveryInstallation (9 more) ...":"Yet to begin","MainCompetitors__c":"John Deere","AccountId":"0011I000007E0EoQAK","HasOpportunityLineIt (2 more) ...":false,"ForecastCategory":"Pipeline","IsClosed":false,"CloseDate":"2017-08-27T00:00:00.000Z","Name":"Burlington Textiles  (23 more) ...","HasOpenActivity":false,"ExpectedRevenue":23500.00,"CreatedById":"0051I000000zlxUQAQ","OwnerId":"0051I000000zlxUQAQ","IsWon":false,"TrackingNumber__c":"830150301360","IsDeleted":false,"StageName":"Qualification","Amount":235000.00,"Probability":10,"OrderNumber__c":"645612","SystemModstamp":"2017-12-12T23:41:13.000Z","Type":"New Customer","CurrentGenerators__c":"John Deere","LeadSource":"Web","CreatedDate":"2017-10-25T22:52:04.000Z","HasOverdueTask":false,"Id":"0061I0000056KlcQAE","ForecastCategoryName":"Pipeline","IsPrivate":false,"LastModifiedById":"0051I000000zlxUQAQ"}|0x6ba9aa1f
15:41:13.0 (11220743)|STATEMENT_EXECUTE|[31]
15:41:13.0 (11242403)|HEAP_ALLOCATE|[32]|Bytes:10
15:41:13.0 (11265129)|STATEMENT_EXECUTE|[32]
15:41:13.0 (11271768)|SYSTEM_METHOD_ENTRY|[31]|system.ListIterator.hasNext()
15:41:13.0 (11291252)|HEAP_ALLOCATE|[31]|Bytes:5
15:41:13.0 (11297977)|SYSTEM_METHOD_EXIT|[31]|system.ListIterator.hasNext()
15:41:13.0 (11307094)|VARIABLE_ASSIGNMENT|[31]|opp|null|
15:41:13.0 (11315540)|SYSTEM_METHOD_ENTRY|[37]|List<Opportunity>.size()
15:41:13.0 (11331326)|SYSTEM_METHOD_EXIT|[37]|List<Opportunity>.size()
15:41:13.0 (11336206)|STATEMENT_EXECUTE|[37]
15:41:13.0 (11345955)|METHOD_EXIT|[7]|01p1I00000FV94A|OpportunityTriggerHelper.changedToClosedWon(List<Opportunity>, Map<Id,Opportunity>)
15:41:13.0 (11352790)|SYSTEM_MODE_EXIT|false
15:41:13.0 (11359397)|METHOD_EXIT|[6]|01p1I00000FV94A|OpportunityTriggerHelper.afterUpdate(List<Opportunity>, Map<Id,Opportunity>)
15:41:13.11 (11370204)|CUMULATIVE_LIMIT_USAGE
15:41:13.11 (11370204)|LIMIT_USAGE_FOR_NS|(default)|
  Number of SOQL queries: 0 out of 100
  Number of query rows: 0 out of 50000
  Number of SOSL queries: 0 out of 20
  Number of DML statements: 0 out of 150
  Number of DML rows: 0 out of 10000
  Maximum CPU time: 0 out of 10000
  Maximum heap size: 0 out of 6000000
  Number of callouts: 0 out of 100
  Number of Email Invocations: 0 out of 10
  Number of future calls: 0 out of 50
  Number of queueable jobs added to the queue: 0 out of 50
  Number of Mobile Apex push calls: 0 out of 10

15:41:13.11 (11370204)|TOTAL_EMAIL_RECIPIENTS_QUEUED|0
15:41:13.11 (11370204)|STATIC_VARIABLE_LIST|
  char[]:DigitTens:0
  long:serialVersionUID:0
  long:serialVersionUID:0
  double:MAX_VALUE:0
  Boolean:FALSE:0
  String:_sfdcAdditionalCodeLocations:0
  long:serialVersionUID:0
  double:MIN_VALUE:0
  int:SIZE:0
  double:NEGATIVE_INFINITY:0
  int:MAX_VALUE:0
  String:_sfdcSuppressedCodeLocations:0
  char[]:digits:0
  double:NaN:0
  Boolean:TRUE:0
  int:MIN_VALUE:0
  char[]:DigitOnes:0
  int:BYTES:0
  int:MIN_EXPONENT:0
  int[]:sizeTable:0
  int:MAX_EXPONENT:0
  int:SIZE:0
  double:POSITIVE_INFINITY:0
  double:MIN_NORMAL:0
  int:BYTES:0

15:41:13.11 (11370204)|CUMULATIVE_LIMIT_USAGE_END

15:41:13.0 (12496744)|CODE_UNIT_FINISHED|OpportunityTrigger on Opportunity trigger event AfterUpdate for [0061I0000056Klc]
15:41:13.0 (13282604)|EXECUTION_FINISHED
15:41:13.104 (104387495)|CUMULATIVE_PROFILING_BEGIN
15:41:13.104 (104387495)|CUMULATIVE_PROFILING|No profiling information for SOQL operations
15:41:13.104 (104387495)|CUMULATIVE_PROFILING|No profiling information for SOSL operations
15:41:13.104 (104387495)|CUMULATIVE_PROFILING|No profiling information for DML operations
15:41:13.104 (104387495)|CUMULATIVE_PROFILING|method invocations|
External entry point: public void invoke(): executed 1 time in 9 ms
Trigger.OpportunityTrigger: line 6, column 1: public static void afterUpdate(List<Opportunity>, Map<Id,Opportunity>): executed 1 time in 4 ms
Class.OpportunityTriggerHelper.afterUpdate: line 7, column 1: public static void changedToClosedWon(List<Opportunity>, Map<Id,Opportunity>): executed 1 time in 2 ms
Class.OpportunityTriggerHelper.changedToClosedWon: line 29, column 1: public static String valueOf(Object): executed 2 times in 1 ms
Class.OpportunityTriggerHelper.changedToClosedWon: line 37, column 1: global public Integer size(): executed 1 time in 0 ms
Class.OpportunityTriggerHelper.changedToClosedWon: line 26, column 1: global public List<Opportunity>(): executed 1 time in 0 ms
Class.OpportunityTriggerHelper.changedToClosedWon: line 28, column 1: public static String valueOf(Object): executed 2 times in 0 ms
Class.OpportunityTriggerHelper.changedToClosedWon: line 31, column 1: global public System.Iterator iterator(): executed 3 times in 0 ms

15:41:13.104 (104387495)|CUMULATIVE_PROFILING_END
