41.0 APEX_CODE,FINEST;APEX_PROFILING,INFO;CALLOUT,INFO;DB,INFO;SYSTEM,DEBUG;VALIDATION,INFO;VISUALFORCE,INFO;WAVE,INFO;WORKFLOW,INFO
Execute Anonymous: Day3ListsAndLoops.updateExistingAccount();
16:37:05.1 (1019629)|USER_INFO|[EXTERNAL]|0051I000000zlxU|anders.windell@atginfo.com.apex.bootcamp|Pacific Standard Time|GMT-07:00
16:37:05.1 (1217785)|EXECUTION_STARTED
16:37:05.1 (1222488)|CODE_UNIT_STARTED|[EXTERNAL]|execute_anonymous_apex
16:37:05.1 (1409543)|HEAP_ALLOCATE|[72]|Bytes:3
16:37:05.1 (1453292)|HEAP_ALLOCATE|[77]|Bytes:152
16:37:05.1 (1468063)|HEAP_ALLOCATE|[342]|Bytes:408
16:37:05.1 (1481060)|HEAP_ALLOCATE|[355]|Bytes:408
16:37:05.1 (1494186)|HEAP_ALLOCATE|[467]|Bytes:48
16:37:05.1 (1548020)|HEAP_ALLOCATE|[139]|Bytes:6
16:37:05.1 (1564251)|HEAP_ALLOCATE|[EXTERNAL]|Bytes:1
16:37:05.1 (1647417)|STATEMENT_EXECUTE|[1]
16:37:05.1 (1649795)|STATEMENT_EXECUTE|[1]
16:37:05.1 (1695683)|HEAP_ALLOCATE|[50]|Bytes:5
16:37:05.1 (1716000)|HEAP_ALLOCATE|[56]|Bytes:5
16:37:05.1 (1728205)|HEAP_ALLOCATE|[64]|Bytes:7
16:37:05.1 (1764500)|SYSTEM_MODE_ENTER|false
16:37:05.1 (1857044)|HEAP_ALLOCATE|[1]|Bytes:5
16:37:05.1 (9262991)|HEAP_ALLOCATE|[1]|Bytes:10
16:37:05.1 (9273792)|HEAP_ALLOCATE|[1]|Bytes:40
16:37:05.1 (9306010)|METHOD_ENTRY|[1]|01p1I000007biq8|Day3ListsAndLoops.Day3ListsAndLoops()
16:37:05.1 (9312974)|STATEMENT_EXECUTE|[1]
16:37:05.1 (9317835)|STATEMENT_EXECUTE|[1]
16:37:05.1 (9328356)|HEAP_ALLOCATE|[1]|Bytes:5
16:37:05.1 (9348576)|METHOD_EXIT|[1]|Day3ListsAndLoops
16:37:05.1 (9369842)|METHOD_ENTRY|[1]|01p1I000007biq8|Day3ListsAndLoops.updateExistingAccount()
16:37:05.1 (9411235)|HEAP_ALLOCATE|[99]|Bytes:5
16:37:05.1 (9416178)|STATEMENT_EXECUTE|[97]
16:37:05.1 (9418000)|STATEMENT_EXECUTE|[99]
16:37:05.1 (9420302)|HEAP_ALLOCATE|[99]|Bytes:61
16:37:05.1 (9433798)|HEAP_ALLOCATE|[99]|Bytes:4
16:37:05.1 (9697932)|SOQL_EXECUTE_BEGIN|[99]|Aggregations:0|SELECT Id, Name, Type FROM Account WHERE Name = 'ATG' LIMIT 1
16:37:05.1 (15383004)|SOQL_EXECUTE_END|[99]|Rows:1
16:37:05.1 (15402268)|HEAP_ALLOCATE|[99]|Bytes:8
16:37:05.1 (15418058)|HEAP_ALLOCATE|[99]|Bytes:56
16:37:05.1 (15515559)|HEAP_ALLOCATE|[99]|Bytes:8
16:37:05.1 (15530442)|VARIABLE_SCOPE_BEGIN|[99]|queriedAccounts|List<Account>|true|false
16:37:05.1 (15573431)|VARIABLE_ASSIGNMENT|[99]|queriedAccounts|[{"Id":"0011I000007Q0kVQAS","Name":"ATG","Type":"Prospect"}]|0x4f611daf
16:37:05.1 (15580537)|STATEMENT_EXECUTE|[105]
16:37:05.1 (15654948)|USER_DEBUG|[105]|DEBUG|(Account:{Id=0011I000007Q0kVQAS, Name=ATG, Type=Prospect})
16:37:05.1 (15729771)|STATEMENT_EXECUTE|[107]
16:37:05.1 (15731393)|STATEMENT_EXECUTE|[108]
16:37:05.1 (15742777)|HEAP_ALLOCATE|[108]|Bytes:16
16:37:05.1 (15750678)|VARIABLE_SCOPE_BEGIN|[108]|myAccount|Account|true|false
16:37:05.1 (15766860)|VARIABLE_ASSIGNMENT|[108]|myAccount|{"Id":"0011I000007Q0kVQAS","Name":"ATG","Type":"Prospect"}|0x2e9d8fac
16:37:05.1 (15772960)|STATEMENT_EXECUTE|[109]
16:37:05.1 (15775832)|HEAP_ALLOCATE|[109]|Bytes:10
16:37:05.1 (15823206)|VARIABLE_ASSIGNMENT|[109]|this.Name|"Better ATG"|0x2e9d8fac
16:37:05.1 (15829154)|STATEMENT_EXECUTE|[110]
16:37:05.1 (15852773)|HEAP_ALLOCATE|[110]|Bytes:8
16:37:05.1 (15860726)|DML_BEGIN|[110]|Op:Update|Type:Account|Rows:1
16:37:05.1 (15885265)|HEAP_ALLOCATE|[EXTERNAL]|Bytes:8
16:37:05.1 (34025222)|CODE_UNIT_STARTED|[EXTERNAL]|DuplicateDetector
16:37:05.1 (34045234)|DUPLICATE_DETECTION_BEGIN
16:37:05.1 (34708716)|DUPLICATE_DETECTION_RULE_INVOCATION|DuplicateRuleId:0Bm1I000003ZZdx|DuplicateRuleName:Standard Account Duplicate Rule|DmlType:UPDATE
16:37:05.1 (34749148)|DUPLICATE_DETECTION_END
16:37:05.1 (34754463)|CODE_UNIT_FINISHED|DuplicateDetector
16:37:05.1 (60654584)|DML_END|[110]
16:37:05.1 (60674118)|STATEMENT_EXECUTE|[111]
16:37:05.1 (60680826)|HEAP_ALLOCATE|[111]|Bytes:8
16:37:05.1 (60724844)|USER_DEBUG|[111]|DEBUG|Updated!
16:37:05.1 (60744040)|METHOD_EXIT|[1]|01p1I000007biq8|Day3ListsAndLoops.updateExistingAccount()
16:37:05.1 (60751776)|SYSTEM_MODE_EXIT|false
16:37:05.1 (119089043)|CODE_UNIT_STARTED|[EXTERNAL]|DuplicateDetector
16:37:05.1 (119109368)|DUPLICATE_DETECTION_BEGIN
16:37:05.1 (119171447)|DUPLICATE_DETECTION_RULE_INVOCATION|DuplicateRuleId:0Bm1I000003ZZdx|DuplicateRuleName:Standard Account Duplicate Rule|DmlType:UPDATE
16:37:05.1 (138438124)|DUPLICATE_DETECTION_MATCH_INVOCATION_DETAILS|EntityId:0011I000007Q0kV|ActionTaken:Allow_[Report]|DuplicateRecordIds:
16:37:05.1 (138464770)|DUPLICATE_DETECTION_MATCH_INVOCATION_SUMMARY|EntityType:Account|NumRecordsToBeSaved:1|NumRecordsToBeSavedWithDuplicates:0|NumDuplicateRecordsFound:0
16:37:05.1 (138568363)|DUPLICATE_DETECTION_END
16:37:05.1 (138576192)|CODE_UNIT_FINISHED|DuplicateDetector
16:37:05.138 (138616484)|CUMULATIVE_LIMIT_USAGE
16:37:05.138 (138616484)|LIMIT_USAGE_FOR_NS|(default)|
  Number of SOQL queries: 1 out of 100
  Number of query rows: 1 out of 50000
  Number of SOSL queries: 0 out of 20
  Number of DML statements: 1 out of 150
  Number of DML rows: 1 out of 10000
  Maximum CPU time: 0 out of 10000
  Maximum heap size: 0 out of 6000000
  Number of callouts: 0 out of 100
  Number of Email Invocations: 0 out of 10
  Number of future calls: 0 out of 50
  Number of queueable jobs added to the queue: 0 out of 50
  Number of Mobile Apex push calls: 0 out of 10

16:37:05.138 (138616484)|CUMULATIVE_LIMIT_USAGE_END

16:37:05.1 (138658384)|CODE_UNIT_FINISHED|execute_anonymous_apex
16:37:05.1 (139568178)|EXECUTION_FINISHED
