41.0 APEX_CODE,FINEST;APEX_PROFILING,INFO;CALLOUT,INFO;DB,INFO;SYSTEM,DEBUG;VALIDATION,INFO;VISUALFORCE,INFO;WAVE,INFO;WORKFLOW,INFO
Execute Anonymous: Day3ListsAndLoops.execute();
15:08:04.1 (1001377)|USER_INFO|[EXTERNAL]|0051I000000zlxU|anders.windell@atginfo.com.apex.bootcamp|Pacific Standard Time|GMT-07:00
15:08:04.1 (1025204)|EXECUTION_STARTED
15:08:04.1 (1029893)|CODE_UNIT_STARTED|[EXTERNAL]|execute_anonymous_apex
15:08:04.1 (1232939)|HEAP_ALLOCATE|[72]|Bytes:3
15:08:04.1 (1280108)|HEAP_ALLOCATE|[77]|Bytes:152
15:08:04.1 (1299317)|HEAP_ALLOCATE|[342]|Bytes:408
15:08:04.1 (1315020)|HEAP_ALLOCATE|[355]|Bytes:408
15:08:04.1 (1328300)|HEAP_ALLOCATE|[467]|Bytes:48
15:08:04.1 (1358051)|HEAP_ALLOCATE|[139]|Bytes:6
15:08:04.1 (1374264)|HEAP_ALLOCATE|[EXTERNAL]|Bytes:1
15:08:04.1 (1453191)|STATEMENT_EXECUTE|[1]
15:08:04.1 (1455726)|STATEMENT_EXECUTE|[1]
15:08:04.1 (1507787)|HEAP_ALLOCATE|[50]|Bytes:5
15:08:04.1 (1534178)|HEAP_ALLOCATE|[56]|Bytes:5
15:08:04.1 (1542033)|HEAP_ALLOCATE|[64]|Bytes:7
15:08:04.1 (1586806)|SYSTEM_MODE_ENTER|false
15:08:04.1 (1611331)|HEAP_ALLOCATE|[1]|Bytes:5
15:08:04.1 (7894856)|HEAP_ALLOCATE|[1]|Bytes:1
15:08:04.1 (7906278)|HEAP_ALLOCATE|[1]|Bytes:8
15:08:04.1 (7921148)|METHOD_ENTRY|[1]|01p1I000007biq8|Day3ListsAndLoops.Day3ListsAndLoops()
15:08:04.1 (7927066)|STATEMENT_EXECUTE|[1]
15:08:04.1 (7931720)|STATEMENT_EXECUTE|[1]
15:08:04.1 (7944740)|HEAP_ALLOCATE|[1]|Bytes:5
15:08:04.1 (7956844)|METHOD_EXIT|[1]|Day3ListsAndLoops
15:08:04.1 (7979265)|METHOD_ENTRY|[1]|01p1I000007biq8|Day3ListsAndLoops.execute()
15:08:04.1 (8021256)|HEAP_ALLOCATE|[6]|Bytes:5
15:08:04.1 (8026908)|STATEMENT_EXECUTE|[3]
15:08:04.1 (8028309)|STATEMENT_EXECUTE|[6]
15:08:04.1 (8030666)|HEAP_ALLOCATE|[6]|Bytes:6
15:08:04.1 (8040322)|VARIABLE_SCOPE_BEGIN|[6]|myName|String|false|false
15:08:04.1 (8064493)|VARIABLE_ASSIGNMENT|[6]|myName|"Anders"
15:08:04.1 (8069057)|STATEMENT_EXECUTE|[10]
15:08:04.1 (8113792)|HEAP_ALLOCATE|[10]|Bytes:4
15:08:04.1 (8167854)|VARIABLE_SCOPE_BEGIN|[10]|names|List<String>|true|false
15:08:04.1 (8202094)|HEAP_ALLOCATE|[EXTERNAL]|Bytes:4
15:08:04.1 (8215023)|VARIABLE_ASSIGNMENT|[10]|names|[]|0x4aa3dcff
15:08:04.1 (8220510)|STATEMENT_EXECUTE|[13]
15:08:04.1 (8226619)|HEAP_ALLOCATE|[13]|Bytes:4
15:08:04.1 (8241031)|HEAP_ALLOCATE|[13]|Bytes:9
15:08:04.1 (8251081)|HEAP_ALLOCATE|[13]|Bytes:9
15:08:04.1 (8255232)|HEAP_ALLOCATE|[13]|Bytes:9
15:08:04.1 (8261080)|VARIABLE_SCOPE_BEGIN|[13]|students|List<String>|true|false
15:08:04.1 (8286945)|HEAP_ALLOCATE|[EXTERNAL]|Bytes:16
15:08:04.1 (8299363)|VARIABLE_ASSIGNMENT|[13]|students|["Student 1","Student 2","Student 3"]|0x4ec2c0fb
15:08:04.1 (8305374)|STATEMENT_EXECUTE|[16]
15:08:04.1 (8311722)|HEAP_ALLOCATE|[16]|Bytes:4
15:08:04.1 (8341150)|VARIABLE_SCOPE_BEGIN|[16]|employees|List<String>|true|false
15:08:04.1 (8367973)|HEAP_ALLOCATE|[EXTERNAL]|Bytes:84
15:08:04.1 (8379614)|VARIABLE_ASSIGNMENT|[16]|employees|"List of size 20 too large to display"|0x6436e340
15:08:04.1 (8387874)|STATEMENT_EXECUTE|[18]
15:08:04.1 (8422121)|HEAP_ALLOCATE|[EXTERNAL]|Bytes:4
15:08:04.1 (8431350)|STATEMENT_EXECUTE|[19]
15:08:04.1 (8433828)|HEAP_ALLOCATE|[19]|Bytes:7
15:08:04.1 (8449779)|HEAP_ALLOCATE|[EXTERNAL]|Bytes:4
15:08:04.1 (8454953)|STATEMENT_EXECUTE|[20]
15:08:04.1 (8456501)|HEAP_ALLOCATE|[20]|Bytes:4
15:08:04.1 (8469171)|HEAP_ALLOCATE|[EXTERNAL]|Bytes:4
15:08:04.1 (8474221)|STATEMENT_EXECUTE|[21]
15:08:04.1 (8475840)|HEAP_ALLOCATE|[21]|Bytes:5
15:08:04.1 (8488314)|HEAP_ALLOCATE|[EXTERNAL]|Bytes:4
15:08:04.1 (8492979)|STATEMENT_EXECUTE|[24]
15:08:04.1 (8494380)|HEAP_ALLOCATE|[24]|Bytes:7
15:08:04.1 (8540915)|HEAP_ALLOCATE|[24]|Bytes:30
15:08:04.1 (8558106)|HEAP_ALLOCATE|[24]|Bytes:37
15:08:04.1 (8584997)|USER_DEBUG|[24]|DEBUG|names: (Anders, Windell, Papa, Bless)
15:08:04.1 (8591786)|STATEMENT_EXECUTE|[26]
15:08:04.1 (8612371)|HEAP_ALLOCATE|[26]|Bytes:5
15:08:04.1 (8618655)|STATEMENT_EXECUTE|[28]
15:08:04.1 (8620738)|HEAP_ALLOCATE|[28]|Bytes:33
15:08:04.1 (8643817)|HEAP_ALLOCATE|[28]|Bytes:23
15:08:04.1 (8654923)|HEAP_ALLOCATE|[28]|Bytes:56
15:08:04.1 (8662276)|USER_DEBUG|[28]|DEBUG|names after last element removed (Anders, Windell, Papa)
15:08:04.1 (8668033)|STATEMENT_EXECUTE|[30]
15:08:04.1 (8807288)|HEAP_ALLOCATE|[30]|Bytes:31
15:08:04.1 (8827146)|METHOD_EXIT|[1]|01p1I000007biq8|Day3ListsAndLoops.execute()
15:08:04.1 (8834726)|SYSTEM_MODE_EXIT|false
15:08:04.1 (8916071)|FATAL_ERROR|System.ListException: List index out of bounds: 3

Class.Day3ListsAndLoops.execute: line 30, column 1
AnonymousBlock: line 1, column 1
AnonymousBlock: line 1, column 1
15:08:04.8 (8955223)|CUMULATIVE_LIMIT_USAGE
15:08:04.8 (8955223)|LIMIT_USAGE_FOR_NS|(default)|
  Number of SOQL queries: 0 out of 100
  Number of query rows: 0 out of 50000
  Number of SOSL queries: 0 out of 20
  Number of DML statements: 0 out of 150
  Number of DML rows: 0 out of 10000
  Maximum CPU time: 0 out of 10000
  Maximum heap size: 0 out of 6000000
  Number of callouts: 0 out of 100
  Number of Email Invocations: 0 out of 10
  Number of future calls: 0 out of 50
  Number of queueable jobs added to the queue: 0 out of 50
  Number of Mobile Apex push calls: 0 out of 10

15:08:04.8 (8955223)|CUMULATIVE_LIMIT_USAGE_END

15:08:04.1 (8990917)|CODE_UNIT_FINISHED|execute_anonymous_apex
15:08:04.1 (10036742)|EXECUTION_FINISHED
