41.0 APEX_CODE,FINEST;APEX_PROFILING,INFO;CALLOUT,INFO;DB,INFO;SYSTEM,DEBUG;VALIDATION,INFO;VISUALFORCE,INFO;WAVE,INFO;WORKFLOW,INFO
Execute Anonymous: Day3ListsAndLoops.querySobjects();
16:19:21.0 (983109)|USER_INFO|[EXTERNAL]|0051I000000zlxU|anders.windell@atginfo.com.apex.bootcamp|Pacific Standard Time|GMT-07:00
16:19:21.0 (1005281)|EXECUTION_STARTED
16:19:21.0 (1009909)|CODE_UNIT_STARTED|[EXTERNAL]|execute_anonymous_apex
16:19:21.0 (1225524)|HEAP_ALLOCATE|[72]|Bytes:3
16:19:21.0 (1271591)|HEAP_ALLOCATE|[77]|Bytes:152
16:19:21.0 (1287041)|HEAP_ALLOCATE|[342]|Bytes:408
16:19:21.0 (1300242)|HEAP_ALLOCATE|[355]|Bytes:408
16:19:21.0 (1313464)|HEAP_ALLOCATE|[467]|Bytes:48
16:19:21.0 (1342481)|HEAP_ALLOCATE|[139]|Bytes:6
16:19:21.0 (1357406)|HEAP_ALLOCATE|[EXTERNAL]|Bytes:1
16:19:21.0 (1432214)|STATEMENT_EXECUTE|[1]
16:19:21.0 (1434441)|STATEMENT_EXECUTE|[1]
16:19:21.0 (1484295)|HEAP_ALLOCATE|[50]|Bytes:5
16:19:21.0 (1506190)|HEAP_ALLOCATE|[56]|Bytes:5
16:19:21.0 (1513768)|HEAP_ALLOCATE|[64]|Bytes:7
16:19:21.0 (1533806)|SYSTEM_MODE_ENTER|false
16:19:21.0 (1551625)|HEAP_ALLOCATE|[1]|Bytes:5
16:19:21.0 (7052776)|HEAP_ALLOCATE|[1]|Bytes:7
16:19:21.0 (7065426)|HEAP_ALLOCATE|[1]|Bytes:32
16:19:21.0 (7429972)|METHOD_ENTRY|[1]|01p1I000007biq8|Day3ListsAndLoops.Day3ListsAndLoops()
16:19:21.0 (7441338)|STATEMENT_EXECUTE|[1]
16:19:21.0 (7446592)|STATEMENT_EXECUTE|[1]
16:19:21.0 (7460968)|HEAP_ALLOCATE|[1]|Bytes:5
16:19:21.0 (7475825)|METHOD_EXIT|[1]|Day3ListsAndLoops
16:19:21.0 (7496360)|METHOD_ENTRY|[1]|01p1I000007biq8|Day3ListsAndLoops.querySobjects()
16:19:21.0 (7533458)|HEAP_ALLOCATE|[86]|Bytes:5
16:19:21.0 (7538462)|STATEMENT_EXECUTE|[84]
16:19:21.0 (7540127)|STATEMENT_EXECUTE|[86]
16:19:21.0 (7589746)|HEAP_ALLOCATE|[86]|Bytes:4
16:19:21.0 (7693268)|VARIABLE_SCOPE_BEGIN|[86]|myAccount|Account|true|false
16:19:21.0 (7720498)|VARIABLE_ASSIGNMENT|[86]|myAccount|{}|0x2d2c6e79
16:19:21.0 (7726183)|STATEMENT_EXECUTE|[87]
16:19:21.0 (7728882)|HEAP_ALLOCATE|[87]|Bytes:3
16:19:21.0 (7793123)|VARIABLE_ASSIGNMENT|[87]|this.Name|"ATG"|0x2d2c6e79
16:19:21.0 (7799575)|STATEMENT_EXECUTE|[89]
16:19:21.0 (7802030)|HEAP_ALLOCATE|[89]|Bytes:24
16:19:21.0 (7895013)|HEAP_ALLOCATE|[89]|Bytes:18
16:19:21.0 (7916898)|HEAP_ALLOCATE|[89]|Bytes:42
16:19:21.0 (7938721)|USER_DEBUG|[89]|DEBUG|myAccount before insert Account:{Name=ATG}
16:19:21.0 (7946882)|STATEMENT_EXECUTE|[93]
16:19:21.0 (7949681)|HEAP_ALLOCATE|[93]|Bytes:23
16:19:21.0 (7979066)|HEAP_ALLOCATE|[93]|Bytes:18
16:19:21.0 (7989720)|HEAP_ALLOCATE|[93]|Bytes:41
16:19:21.0 (7997191)|USER_DEBUG|[93]|DEBUG|myAccount after insert Account:{Name=ATG}
16:19:21.0 (8002576)|STATEMENT_EXECUTE|[95]
16:19:21.0 (8005681)|HEAP_ALLOCATE|[95]|Bytes:8
16:19:21.0 (8035268)|VARIABLE_ASSIGNMENT|[95]|this.Type|"Prospect"|0x2d2c6e79
16:19:21.0 (8041465)|STATEMENT_EXECUTE|[97]
16:19:21.0 (8062657)|HEAP_ALLOCATE|[97]|Bytes:8
16:19:21.0 (8069845)|DML_BEGIN|[97]|Op:Update|Type:Account|Rows:1
16:19:21.0 (8097441)|HEAP_ALLOCATE|[EXTERNAL]|Bytes:8
16:19:21.0 (9010127)|DML_END|[97]
16:19:21.0 (9078395)|EXCEPTION_THROWN|[97]|System.DmlException: Update failed. First exception on row 0; first error: MISSING_ARGUMENT, Id not specified in an update call: []
16:19:21.0 (9320953)|HEAP_ALLOCATE|[97]|Bytes:114
16:19:21.0 (9340306)|METHOD_EXIT|[1]|01p1I000007biq8|Day3ListsAndLoops.querySobjects()
16:19:21.0 (9348680)|SYSTEM_MODE_EXIT|false
16:19:21.0 (9429335)|FATAL_ERROR|System.DmlException: Update failed. First exception on row 0; first error: MISSING_ARGUMENT, Id not specified in an update call: []

Class.Day3ListsAndLoops.querySobjects: line 97, column 1
AnonymousBlock: line 1, column 1
AnonymousBlock: line 1, column 1
16:19:21.9 (9441468)|CUMULATIVE_LIMIT_USAGE
16:19:21.9 (9441468)|LIMIT_USAGE_FOR_NS|(default)|
  Number of SOQL queries: 0 out of 100
  Number of query rows: 0 out of 50000
  Number of SOSL queries: 0 out of 20
  Number of DML statements: 1 out of 150
  Number of DML rows: 1 out of 10000
  Maximum CPU time: 0 out of 10000
  Maximum heap size: 0 out of 6000000
  Number of callouts: 0 out of 100
  Number of Email Invocations: 0 out of 10
  Number of future calls: 0 out of 50
  Number of queueable jobs added to the queue: 0 out of 50
  Number of Mobile Apex push calls: 0 out of 10

16:19:21.9 (9441468)|CUMULATIVE_LIMIT_USAGE_END

16:19:21.0 (9475140)|CODE_UNIT_FINISHED|execute_anonymous_apex
16:19:21.0 (10429397)|EXECUTION_FINISHED
