41.0 APEX_CODE,FINEST;APEX_PROFILING,INFO;CALLOUT,INFO;DB,INFO;SYSTEM,DEBUG;VALIDATION,INFO;VISUALFORCE,INFO;WAVE,INFO;WORKFLOW,INFO
Execute Anonymous: Day3ListsAndLoops.executeLoops();
15:42:30.1 (1015396)|USER_INFO|[EXTERNAL]|0051I000000zlxU|anders.windell@atginfo.com.apex.bootcamp|Pacific Standard Time|GMT-07:00
15:42:30.1 (1039632)|EXECUTION_STARTED
15:42:30.1 (1043592)|CODE_UNIT_STARTED|[EXTERNAL]|execute_anonymous_apex
15:42:30.1 (1238582)|HEAP_ALLOCATE|[72]|Bytes:3
15:42:30.1 (1278879)|HEAP_ALLOCATE|[77]|Bytes:152
15:42:30.1 (1296389)|HEAP_ALLOCATE|[342]|Bytes:408
15:42:30.1 (1317321)|HEAP_ALLOCATE|[355]|Bytes:408
15:42:30.1 (1330778)|HEAP_ALLOCATE|[467]|Bytes:48
15:42:30.1 (1358712)|HEAP_ALLOCATE|[139]|Bytes:6
15:42:30.1 (1373590)|HEAP_ALLOCATE|[EXTERNAL]|Bytes:1
15:42:30.1 (1455328)|STATEMENT_EXECUTE|[1]
15:42:30.1 (1457945)|STATEMENT_EXECUTE|[1]
15:42:30.1 (1508173)|HEAP_ALLOCATE|[50]|Bytes:5
15:42:30.1 (1530003)|HEAP_ALLOCATE|[56]|Bytes:5
15:42:30.1 (1537004)|HEAP_ALLOCATE|[64]|Bytes:7
15:42:30.1 (1558868)|SYSTEM_MODE_ENTER|false
15:42:30.1 (1574996)|HEAP_ALLOCATE|[1]|Bytes:5
15:42:30.1 (7430091)|HEAP_ALLOCATE|[1]|Bytes:4
15:42:30.1 (7440567)|HEAP_ALLOCATE|[1]|Bytes:23
15:42:30.1 (7455823)|METHOD_ENTRY|[1]|01p1I000007biq8|Day3ListsAndLoops.Day3ListsAndLoops()
15:42:30.1 (7463010)|STATEMENT_EXECUTE|[1]
15:42:30.1 (7467866)|STATEMENT_EXECUTE|[1]
15:42:30.1 (7480071)|HEAP_ALLOCATE|[1]|Bytes:5
15:42:30.1 (7491211)|METHOD_EXIT|[1]|Day3ListsAndLoops
15:42:30.1 (7514111)|METHOD_ENTRY|[1]|01p1I000007biq8|Day3ListsAndLoops.executeLoops()
15:42:30.1 (7558789)|HEAP_ALLOCATE|[59]|Bytes:5
15:42:30.1 (7563663)|STATEMENT_EXECUTE|[52]
15:42:30.1 (7566335)|STATEMENT_EXECUTE|[59]
15:42:30.1 (7572608)|VARIABLE_SCOPE_BEGIN|[59]|i|Integer|false|false
15:42:30.1 (7580627)|HEAP_ALLOCATE|[59]|Bytes:4
15:42:30.1 (7597161)|VARIABLE_ASSIGNMENT|[59]|i|0
15:42:30.1 (7604835)|STATEMENT_EXECUTE|[59]
15:42:30.1 (7605779)|STATEMENT_EXECUTE|[60]
15:42:30.1 (7607822)|HEAP_ALLOCATE|[60]|Bytes:3
15:42:30.1 (7678503)|HEAP_ALLOCATE|[60]|Bytes:1
15:42:30.1 (7699168)|HEAP_ALLOCATE|[60]|Bytes:4
15:42:30.1 (7724677)|USER_DEBUG|[60]|DEBUG|i: 0
15:42:30.1 (7733306)|HEAP_ALLOCATE|[59]|Bytes:4
15:42:30.1 (7739312)|VARIABLE_ASSIGNMENT|[59]|i|1
15:42:30.1 (7744755)|STATEMENT_EXECUTE|[59]
15:42:30.1 (7745844)|STATEMENT_EXECUTE|[60]
15:42:30.1 (7754388)|HEAP_ALLOCATE|[60]|Bytes:1
15:42:30.1 (7762897)|HEAP_ALLOCATE|[60]|Bytes:4
15:42:30.1 (7768350)|USER_DEBUG|[60]|DEBUG|i: 1
15:42:30.1 (7772894)|HEAP_ALLOCATE|[59]|Bytes:4
15:42:30.1 (7776738)|VARIABLE_ASSIGNMENT|[59]|i|2
15:42:30.1 (7780743)|STATEMENT_EXECUTE|[59]
15:42:30.1 (7781639)|STATEMENT_EXECUTE|[60]
15:42:30.1 (7788821)|HEAP_ALLOCATE|[60]|Bytes:1
15:42:30.1 (7796101)|HEAP_ALLOCATE|[60]|Bytes:4
15:42:30.1 (7800984)|USER_DEBUG|[60]|DEBUG|i: 2
15:42:30.1 (7805390)|HEAP_ALLOCATE|[59]|Bytes:4
15:42:30.1 (7809232)|VARIABLE_ASSIGNMENT|[59]|i|3
15:42:30.1 (7813060)|STATEMENT_EXECUTE|[59]
15:42:30.1 (7813960)|STATEMENT_EXECUTE|[60]
15:42:30.1 (7819854)|HEAP_ALLOCATE|[60]|Bytes:1
15:42:30.1 (7828083)|HEAP_ALLOCATE|[60]|Bytes:4
15:42:30.1 (7832557)|USER_DEBUG|[60]|DEBUG|i: 3
15:42:30.1 (7837462)|HEAP_ALLOCATE|[59]|Bytes:4
15:42:30.1 (7841580)|VARIABLE_ASSIGNMENT|[59]|i|4
15:42:30.1 (7846198)|STATEMENT_EXECUTE|[59]
15:42:30.1 (7847081)|STATEMENT_EXECUTE|[60]
15:42:30.1 (7852847)|HEAP_ALLOCATE|[60]|Bytes:1
15:42:30.1 (7860230)|HEAP_ALLOCATE|[60]|Bytes:4
15:42:30.1 (7865006)|USER_DEBUG|[60]|DEBUG|i: 4
15:42:30.1 (7870274)|HEAP_ALLOCATE|[59]|Bytes:4
15:42:30.1 (7873912)|VARIABLE_ASSIGNMENT|[59]|i|5
15:42:30.1 (7877588)|STATEMENT_EXECUTE|[59]
15:42:30.1 (7878734)|STATEMENT_EXECUTE|[60]
15:42:30.1 (7884318)|HEAP_ALLOCATE|[60]|Bytes:1
15:42:30.1 (7892493)|HEAP_ALLOCATE|[60]|Bytes:4
15:42:30.1 (7897460)|USER_DEBUG|[60]|DEBUG|i: 5
15:42:30.1 (7901599)|HEAP_ALLOCATE|[59]|Bytes:4
15:42:30.1 (7905174)|VARIABLE_ASSIGNMENT|[59]|i|6
15:42:30.1 (7909150)|STATEMENT_EXECUTE|[59]
15:42:30.1 (7910112)|STATEMENT_EXECUTE|[60]
15:42:30.1 (7915744)|HEAP_ALLOCATE|[60]|Bytes:1
15:42:30.1 (7923144)|HEAP_ALLOCATE|[60]|Bytes:4
15:42:30.1 (7928493)|USER_DEBUG|[60]|DEBUG|i: 6
15:42:30.1 (7933288)|HEAP_ALLOCATE|[59]|Bytes:4
15:42:30.1 (7937440)|VARIABLE_ASSIGNMENT|[59]|i|7
15:42:30.1 (7941470)|STATEMENT_EXECUTE|[59]
15:42:30.1 (7942359)|STATEMENT_EXECUTE|[60]
15:42:30.1 (7948068)|HEAP_ALLOCATE|[60]|Bytes:1
15:42:30.1 (7955073)|HEAP_ALLOCATE|[60]|Bytes:4
15:42:30.1 (7960237)|USER_DEBUG|[60]|DEBUG|i: 7
15:42:30.1 (7964823)|HEAP_ALLOCATE|[59]|Bytes:4
15:42:30.1 (7968265)|VARIABLE_ASSIGNMENT|[59]|i|8
15:42:30.1 (7972101)|STATEMENT_EXECUTE|[59]
15:42:30.1 (7973066)|STATEMENT_EXECUTE|[60]
15:42:30.1 (7978741)|HEAP_ALLOCATE|[60]|Bytes:1
15:42:30.1 (7986321)|HEAP_ALLOCATE|[60]|Bytes:4
15:42:30.1 (7991275)|USER_DEBUG|[60]|DEBUG|i: 8
15:42:30.1 (7995968)|HEAP_ALLOCATE|[59]|Bytes:4
15:42:30.1 (7999537)|VARIABLE_ASSIGNMENT|[59]|i|9
15:42:30.1 (8003287)|STATEMENT_EXECUTE|[59]
15:42:30.1 (8004896)|STATEMENT_EXECUTE|[60]
15:42:30.1 (8010768)|HEAP_ALLOCATE|[60]|Bytes:1
15:42:30.1 (8017968)|HEAP_ALLOCATE|[60]|Bytes:4
15:42:30.1 (8022644)|USER_DEBUG|[60]|DEBUG|i: 9
15:42:30.1 (8026965)|HEAP_ALLOCATE|[59]|Bytes:4
15:42:30.1 (8030656)|VARIABLE_ASSIGNMENT|[59]|i|10
15:42:30.1 (8035408)|STATEMENT_EXECUTE|[65]
15:42:30.1 (8076761)|HEAP_ALLOCATE|[65]|Bytes:4
15:42:30.1 (8109148)|VARIABLE_SCOPE_BEGIN|[65]|names|List<String>|true|false
15:42:30.1 (8142632)|HEAP_ALLOCATE|[EXTERNAL]|Bytes:4
15:42:30.1 (8155922)|VARIABLE_ASSIGNMENT|[65]|names|[]|0x16bf6c10
15:42:30.1 (8160968)|STATEMENT_EXECUTE|[67]
15:42:30.1 (8163392)|HEAP_ALLOCATE|[67]|Bytes:6
15:42:30.1 (8192463)|HEAP_ALLOCATE|[EXTERNAL]|Bytes:4
15:42:30.1 (8199611)|STATEMENT_EXECUTE|[68]
15:42:30.1 (8201681)|HEAP_ALLOCATE|[68]|Bytes:4
15:42:30.1 (8215131)|HEAP_ALLOCATE|[EXTERNAL]|Bytes:4
15:42:30.1 (8220174)|STATEMENT_EXECUTE|[69]
15:42:30.1 (8221765)|HEAP_ALLOCATE|[69]|Bytes:5
15:42:30.1 (8232289)|HEAP_ALLOCATE|[EXTERNAL]|Bytes:4
15:42:30.1 (8237050)|STATEMENT_EXECUTE|[70]
15:42:30.1 (8238535)|HEAP_ALLOCATE|[70]|Bytes:4
15:42:30.1 (8250066)|HEAP_ALLOCATE|[EXTERNAL]|Bytes:4
15:42:30.1 (8255046)|STATEMENT_EXECUTE|[72]
15:42:30.1 (8257620)|VARIABLE_SCOPE_BEGIN|[72]|i|Integer|false|false
15:42:30.1 (8263384)|HEAP_ALLOCATE|[72]|Bytes:4
15:42:30.1 (8268317)|VARIABLE_ASSIGNMENT|[72]|i|0
15:42:30.1 (8284344)|STATEMENT_EXECUTE|[72]
15:42:30.1 (8285440)|STATEMENT_EXECUTE|[73]
15:42:30.1 (8287424)|HEAP_ALLOCATE|[73]|Bytes:5
15:42:30.1 (8310703)|HEAP_ALLOCATE|[73]|Bytes:1
15:42:30.1 (8320009)|HEAP_ALLOCATE|[73]|Bytes:4
15:42:30.1 (8327283)|HEAP_ALLOCATE|[73]|Bytes:6
15:42:30.1 (8336107)|HEAP_ALLOCATE|[73]|Bytes:16
15:42:30.1 (8343897)|USER_DEBUG|[73]|DEBUG|Name 0 is Anders
15:42:30.1 (8350215)|STATEMENT_EXECUTE|[74]
15:42:30.1 (8364447)|HEAP_ALLOCATE|[74]|Bytes:1
15:42:30.1 (8377004)|HEAP_ALLOCATE|[74]|Bytes:6
15:42:30.1 (8383554)|HEAP_ALLOCATE|[74]|Bytes:16
15:42:30.1 (8389516)|USER_DEBUG|[74]|DEBUG|Name 0 is Anders
15:42:30.1 (8394179)|HEAP_ALLOCATE|[72]|Bytes:4
15:42:30.1 (8398676)|VARIABLE_ASSIGNMENT|[72]|i|1
15:42:30.1 (8406708)|STATEMENT_EXECUTE|[72]
15:42:30.1 (8407677)|STATEMENT_EXECUTE|[73]
15:42:30.1 (8414382)|HEAP_ALLOCATE|[73]|Bytes:1
15:42:30.1 (8422653)|HEAP_ALLOCATE|[73]|Bytes:4
15:42:30.1 (8426511)|HEAP_ALLOCATE|[73]|Bytes:14
15:42:30.1 (8431304)|USER_DEBUG|[73]|DEBUG|Name 1 is Taco
15:42:30.1 (8436166)|STATEMENT_EXECUTE|[74]
15:42:30.1 (8441882)|HEAP_ALLOCATE|[74]|Bytes:1
15:42:30.1 (8450683)|HEAP_ALLOCATE|[74]|Bytes:4
15:42:30.1 (8455990)|HEAP_ALLOCATE|[74]|Bytes:14
15:42:30.1 (8460144)|USER_DEBUG|[74]|DEBUG|Name 1 is Taco
15:42:30.1 (8464700)|HEAP_ALLOCATE|[72]|Bytes:4
15:42:30.1 (8468757)|VARIABLE_ASSIGNMENT|[72]|i|2
15:42:30.1 (8476502)|STATEMENT_EXECUTE|[72]
15:42:30.1 (8477407)|STATEMENT_EXECUTE|[73]
15:42:30.1 (8483888)|HEAP_ALLOCATE|[73]|Bytes:1
15:42:30.1 (8491570)|HEAP_ALLOCATE|[73]|Bytes:5
15:42:30.1 (8495973)|HEAP_ALLOCATE|[73]|Bytes:15
15:42:30.1 (8500584)|USER_DEBUG|[73]|DEBUG|Name 2 is Pizza
15:42:30.1 (8506042)|STATEMENT_EXECUTE|[74]
15:42:30.1 (8511622)|HEAP_ALLOCATE|[74]|Bytes:1
15:42:30.1 (8519939)|HEAP_ALLOCATE|[74]|Bytes:5
15:42:30.1 (8525214)|HEAP_ALLOCATE|[74]|Bytes:15
15:42:30.1 (8529491)|USER_DEBUG|[74]|DEBUG|Name 2 is Pizza
15:42:30.1 (8534528)|HEAP_ALLOCATE|[72]|Bytes:4
15:42:30.1 (8538164)|VARIABLE_ASSIGNMENT|[72]|i|3
15:42:30.1 (8545430)|STATEMENT_EXECUTE|[72]
15:42:30.1 (8546378)|STATEMENT_EXECUTE|[73]
15:42:30.1 (8552236)|HEAP_ALLOCATE|[73]|Bytes:1
15:42:30.1 (8559996)|HEAP_ALLOCATE|[73]|Bytes:4
15:42:30.1 (8563990)|HEAP_ALLOCATE|[73]|Bytes:14
15:42:30.1 (8568799)|USER_DEBUG|[73]|DEBUG|Name 3 is FOOD
15:42:30.1 (8573811)|STATEMENT_EXECUTE|[74]
15:42:30.1 (8579346)|HEAP_ALLOCATE|[74]|Bytes:1
15:42:30.1 (8588379)|HEAP_ALLOCATE|[74]|Bytes:4
15:42:30.1 (8597681)|HEAP_ALLOCATE|[74]|Bytes:14
15:42:30.1 (8602504)|USER_DEBUG|[74]|DEBUG|Name 3 is FOOD
15:42:30.1 (8608143)|HEAP_ALLOCATE|[72]|Bytes:4
15:42:30.1 (8612091)|VARIABLE_ASSIGNMENT|[72]|i|4
15:42:30.1 (8625416)|METHOD_EXIT|[1]|01p1I000007biq8|Day3ListsAndLoops.executeLoops()
15:42:30.1 (8630999)|SYSTEM_MODE_EXIT|false
15:42:30.8 (8651839)|CUMULATIVE_LIMIT_USAGE
15:42:30.8 (8651839)|LIMIT_USAGE_FOR_NS|(default)|
  Number of SOQL queries: 0 out of 100
  Number of query rows: 0 out of 50000
  Number of SOSL queries: 0 out of 20
  Number of DML statements: 0 out of 150
  Number of DML rows: 0 out of 10000
  Maximum CPU time: 0 out of 10000
  Maximum heap size: 0 out of 6000000
  Number of callouts: 0 out of 100
  Number of Email Invocations: 0 out of 10
  Number of future calls: 0 out of 50
  Number of queueable jobs added to the queue: 0 out of 50
  Number of Mobile Apex push calls: 0 out of 10

15:42:30.8 (8651839)|CUMULATIVE_LIMIT_USAGE_END

15:42:30.1 (8686710)|CODE_UNIT_FINISHED|execute_anonymous_apex
15:42:30.1 (9809785)|EXECUTION_FINISHED
