41.0 APEX_CODE,FINEST;APEX_PROFILING,INFO;CALLOUT,INFO;DB,INFO;SYSTEM,DEBUG;VALIDATION,INFO;VISUALFORCE,INFO;WAVE,INFO;WORKFLOW,INFO
Execute Anonymous: Day3ListsAndLoops.execute();
15:16:11.0 (973184)|USER_INFO|[EXTERNAL]|0051I000000zlxU|anders.windell@atginfo.com.apex.bootcamp|Pacific Standard Time|GMT-07:00
15:16:11.0 (992604)|EXECUTION_STARTED
15:16:11.0 (996935)|CODE_UNIT_STARTED|[EXTERNAL]|execute_anonymous_apex
15:16:11.0 (1232359)|HEAP_ALLOCATE|[72]|Bytes:3
15:16:11.0 (1298358)|HEAP_ALLOCATE|[77]|Bytes:152
15:16:11.0 (1319018)|HEAP_ALLOCATE|[342]|Bytes:408
15:16:11.0 (1339446)|HEAP_ALLOCATE|[355]|Bytes:408
15:16:11.0 (1355165)|HEAP_ALLOCATE|[467]|Bytes:48
15:16:11.0 (1409201)|HEAP_ALLOCATE|[139]|Bytes:6
15:16:11.0 (1425722)|HEAP_ALLOCATE|[EXTERNAL]|Bytes:1
15:16:11.0 (1518472)|STATEMENT_EXECUTE|[1]
15:16:11.0 (1521279)|STATEMENT_EXECUTE|[1]
15:16:11.0 (1573783)|HEAP_ALLOCATE|[50]|Bytes:5
15:16:11.0 (1597924)|HEAP_ALLOCATE|[56]|Bytes:5
15:16:11.0 (1605187)|HEAP_ALLOCATE|[64]|Bytes:7
15:16:11.0 (1629482)|SYSTEM_MODE_ENTER|false
15:16:11.0 (1803253)|HEAP_ALLOCATE|[1]|Bytes:5
15:16:11.0 (7810893)|HEAP_ALLOCATE|[1]|Bytes:1
15:16:11.0 (7821340)|HEAP_ALLOCATE|[1]|Bytes:11
15:16:11.0 (7856901)|METHOD_ENTRY|[1]|01p1I000007biq8|Day3ListsAndLoops.Day3ListsAndLoops()
15:16:11.0 (7863487)|STATEMENT_EXECUTE|[1]
15:16:11.0 (7868248)|STATEMENT_EXECUTE|[1]
15:16:11.0 (7878690)|HEAP_ALLOCATE|[1]|Bytes:5
15:16:11.0 (7901884)|METHOD_EXIT|[1]|Day3ListsAndLoops
15:16:11.0 (7933429)|METHOD_ENTRY|[1]|01p1I000007biq8|Day3ListsAndLoops.execute()
15:16:11.0 (7975762)|HEAP_ALLOCATE|[6]|Bytes:5
15:16:11.0 (7980776)|STATEMENT_EXECUTE|[3]
15:16:11.0 (7982567)|STATEMENT_EXECUTE|[6]
15:16:11.0 (7984881)|HEAP_ALLOCATE|[6]|Bytes:6
15:16:11.0 (7992582)|VARIABLE_SCOPE_BEGIN|[6]|myName|String|false|false
15:16:11.0 (8030540)|VARIABLE_ASSIGNMENT|[6]|myName|"Anders"
15:16:11.0 (8036547)|STATEMENT_EXECUTE|[10]
15:16:11.0 (8083667)|HEAP_ALLOCATE|[10]|Bytes:4
15:16:11.0 (8207555)|VARIABLE_SCOPE_BEGIN|[10]|names|List<String>|true|false
15:16:11.0 (8248019)|HEAP_ALLOCATE|[EXTERNAL]|Bytes:4
15:16:11.0 (8265768)|VARIABLE_ASSIGNMENT|[10]|names|[]|0x1b3c0f39
15:16:11.0 (8274911)|STATEMENT_EXECUTE|[13]
15:16:11.0 (8283628)|HEAP_ALLOCATE|[13]|Bytes:4
15:16:11.0 (8320567)|HEAP_ALLOCATE|[13]|Bytes:9
15:16:11.0 (8342441)|HEAP_ALLOCATE|[13]|Bytes:9
15:16:11.0 (8347665)|HEAP_ALLOCATE|[13]|Bytes:9
15:16:11.0 (8352385)|VARIABLE_SCOPE_BEGIN|[13]|students|List<String>|true|false
15:16:11.0 (8371987)|HEAP_ALLOCATE|[EXTERNAL]|Bytes:16
15:16:11.0 (8380890)|VARIABLE_ASSIGNMENT|[13]|students|["Student 1","Student 2","Student 3"]|0x5be04dac
15:16:11.0 (8385759)|STATEMENT_EXECUTE|[16]
15:16:11.0 (8392210)|HEAP_ALLOCATE|[16]|Bytes:4
15:16:11.0 (8425157)|VARIABLE_SCOPE_BEGIN|[16]|employees|List<String>|true|false
15:16:11.0 (8442841)|HEAP_ALLOCATE|[EXTERNAL]|Bytes:84
15:16:11.0 (8451155)|VARIABLE_ASSIGNMENT|[16]|employees|"List of size 20 too large to display"|0x2ddc450c
15:16:11.0 (8456293)|STATEMENT_EXECUTE|[18]
15:16:11.0 (8488597)|HEAP_ALLOCATE|[EXTERNAL]|Bytes:4
15:16:11.0 (8514424)|STATEMENT_EXECUTE|[19]
15:16:11.0 (8517380)|HEAP_ALLOCATE|[19]|Bytes:7
15:16:11.0 (8536812)|HEAP_ALLOCATE|[EXTERNAL]|Bytes:4
15:16:11.0 (8543164)|STATEMENT_EXECUTE|[20]
15:16:11.0 (8558289)|HEAP_ALLOCATE|[20]|Bytes:4
15:16:11.0 (8574454)|HEAP_ALLOCATE|[EXTERNAL]|Bytes:4
15:16:11.0 (8579853)|STATEMENT_EXECUTE|[21]
15:16:11.0 (8581844)|HEAP_ALLOCATE|[21]|Bytes:5
15:16:11.0 (8593783)|HEAP_ALLOCATE|[EXTERNAL]|Bytes:4
15:16:11.0 (8597868)|STATEMENT_EXECUTE|[24]
15:16:11.0 (8599412)|HEAP_ALLOCATE|[24]|Bytes:7
15:16:11.0 (8645049)|HEAP_ALLOCATE|[24]|Bytes:30
15:16:11.0 (8661406)|HEAP_ALLOCATE|[24]|Bytes:37
15:16:11.0 (8685881)|USER_DEBUG|[24]|DEBUG|names: (Anders, Windell, Papa, Bless)
15:16:11.0 (8694172)|STATEMENT_EXECUTE|[26]
15:16:11.0 (8715246)|HEAP_ALLOCATE|[26]|Bytes:5
15:16:11.0 (8721458)|STATEMENT_EXECUTE|[28]
15:16:11.0 (8723337)|HEAP_ALLOCATE|[28]|Bytes:33
15:16:11.0 (8741981)|HEAP_ALLOCATE|[28]|Bytes:23
15:16:11.0 (8751752)|HEAP_ALLOCATE|[28]|Bytes:56
15:16:11.0 (8758858)|USER_DEBUG|[28]|DEBUG|names after last element removed (Anders, Windell, Papa)
15:16:11.0 (8764624)|STATEMENT_EXECUTE|[30]
15:16:11.0 (8786464)|HEAP_ALLOCATE|[30]|Bytes:4
15:16:11.0 (8792271)|STATEMENT_EXECUTE|[32]
15:16:11.0 (8793855)|HEAP_ALLOCATE|[32]|Bytes:28
15:16:11.0 (8812238)|HEAP_ALLOCATE|[32]|Bytes:17
15:16:11.0 (8821517)|HEAP_ALLOCATE|[32]|Bytes:45
15:16:11.0 (8827796)|USER_DEBUG|[32]|DEBUG|names after dynamic removal (Anders, Windell)
15:16:11.0 (8833011)|STATEMENT_EXECUTE|[34]
15:16:11.0 (8846639)|HEAP_ALLOCATE|[34]|Bytes:4
15:16:11.0 (8869413)|VARIABLE_SCOPE_BEGIN|[34]|uniqueNames|Set<String>|true|false
15:16:11.0 (8895589)|VARIABLE_ASSIGNMENT|[34]|uniqueNames|[]|0x2a42bb73
15:16:11.0 (8901306)|STATEMENT_EXECUTE|[36]
15:16:11.0 (8920828)|HEAP_ALLOCATE|[EXTERNAL]|Bytes:4
15:16:11.0 (8928001)|STATEMENT_EXECUTE|[37]
15:16:11.0 (8938229)|HEAP_ALLOCATE|[EXTERNAL]|Bytes:4
15:16:11.0 (8942700)|STATEMENT_EXECUTE|[38]
15:16:11.0 (8951186)|HEAP_ALLOCATE|[EXTERNAL]|Bytes:4
15:16:11.0 (8956046)|STATEMENT_EXECUTE|[39]
15:16:11.0 (8979842)|HEAP_ALLOCATE|[EXTERNAL]|Bytes:4
15:16:11.0 (8985688)|STATEMENT_EXECUTE|[40]
15:16:11.0 (8996047)|HEAP_ALLOCATE|[EXTERNAL]|Bytes:4
15:16:11.0 (9000582)|STATEMENT_EXECUTE|[41]
15:16:11.0 (9010389)|HEAP_ALLOCATE|[EXTERNAL]|Bytes:4
15:16:11.0 (9014377)|STATEMENT_EXECUTE|[42]
15:16:11.0 (9022950)|HEAP_ALLOCATE|[EXTERNAL]|Bytes:4
15:16:11.0 (9027102)|STATEMENT_EXECUTE|[44]
15:16:11.0 (9037958)|HEAP_ALLOCATE|[44]|Bytes:13
15:16:11.0 (9065694)|HEAP_ALLOCATE|[44]|Bytes:8
15:16:11.0 (9077037)|HEAP_ALLOCATE|[44]|Bytes:21
15:16:11.0 (9091350)|USER_DEBUG|[44]|DEBUG|uniqueNames: {Anders}
15:16:11.0 (9103342)|METHOD_EXIT|[1]|01p1I000007biq8|Day3ListsAndLoops.execute()
15:16:11.0 (9109153)|SYSTEM_MODE_EXIT|false
15:16:11.9 (9141669)|CUMULATIVE_LIMIT_USAGE
15:16:11.9 (9141669)|LIMIT_USAGE_FOR_NS|(default)|
  Number of SOQL queries: 0 out of 100
  Number of query rows: 0 out of 50000
  Number of SOSL queries: 0 out of 20
  Number of DML statements: 0 out of 150
  Number of DML rows: 0 out of 10000
  Maximum CPU time: 0 out of 10000
  Maximum heap size: 0 out of 6000000
  Number of callouts: 0 out of 100
  Number of Email Invocations: 0 out of 10
  Number of future calls: 0 out of 50
  Number of queueable jobs added to the queue: 0 out of 50
  Number of Mobile Apex push calls: 0 out of 10

15:16:11.9 (9141669)|CUMULATIVE_LIMIT_USAGE_END

15:16:11.0 (9179548)|CODE_UNIT_FINISHED|execute_anonymous_apex
15:16:11.0 (10209537)|EXECUTION_FINISHED
