41.0 APEX_CODE,FINEST;APEX_PROFILING,INFO;CALLOUT,INFO;DB,INFO;SYSTEM,DEBUG;VALIDATION,INFO;VISUALFORCE,INFO;WAVE,INFO;WORKFLOW,INFO
Execute Anonymous: Day3ListsAndLoops.updateExistingAccount();
16:35:10.0 (975452)|USER_INFO|[EXTERNAL]|0051I000000zlxU|anders.windell@atginfo.com.apex.bootcamp|Pacific Standard Time|GMT-07:00
16:35:10.0 (995849)|EXECUTION_STARTED
16:35:10.0 (999526)|CODE_UNIT_STARTED|[EXTERNAL]|execute_anonymous_apex
16:35:10.0 (1190245)|HEAP_ALLOCATE|[72]|Bytes:3
16:35:10.0 (1236199)|HEAP_ALLOCATE|[77]|Bytes:152
16:35:10.0 (1251876)|HEAP_ALLOCATE|[342]|Bytes:408
16:35:10.0 (1267339)|HEAP_ALLOCATE|[355]|Bytes:408
16:35:10.0 (1280476)|HEAP_ALLOCATE|[467]|Bytes:48
16:35:10.0 (1308023)|HEAP_ALLOCATE|[139]|Bytes:6
16:35:10.0 (1322781)|HEAP_ALLOCATE|[EXTERNAL]|Bytes:1
16:35:10.0 (1397020)|STATEMENT_EXECUTE|[1]
16:35:10.0 (1399157)|STATEMENT_EXECUTE|[1]
16:35:10.0 (1450588)|HEAP_ALLOCATE|[50]|Bytes:5
16:35:10.0 (1472260)|HEAP_ALLOCATE|[56]|Bytes:5
16:35:10.0 (1479216)|HEAP_ALLOCATE|[64]|Bytes:7
16:35:10.0 (1501466)|SYSTEM_MODE_ENTER|false
16:35:10.0 (1518590)|HEAP_ALLOCATE|[1]|Bytes:5
16:35:10.0 (8163777)|HEAP_ALLOCATE|[1]|Bytes:10
16:35:10.0 (8173717)|HEAP_ALLOCATE|[1]|Bytes:36
16:35:10.0 (8187613)|METHOD_ENTRY|[1]|01p1I000007biq8|Day3ListsAndLoops.Day3ListsAndLoops()
16:35:10.0 (8193364)|STATEMENT_EXECUTE|[1]
16:35:10.0 (8197553)|STATEMENT_EXECUTE|[1]
16:35:10.0 (8207540)|HEAP_ALLOCATE|[1]|Bytes:5
16:35:10.0 (8219164)|METHOD_EXIT|[1]|Day3ListsAndLoops
16:35:10.0 (8239466)|METHOD_ENTRY|[1]|01p1I000007biq8|Day3ListsAndLoops.updateExistingAccount()
16:35:10.0 (8277424)|HEAP_ALLOCATE|[99]|Bytes:5
16:35:10.0 (8281831)|STATEMENT_EXECUTE|[97]
16:35:10.0 (8283279)|STATEMENT_EXECUTE|[99]
16:35:10.0 (8285646)|HEAP_ALLOCATE|[99]|Bytes:61
16:35:10.0 (8306934)|HEAP_ALLOCATE|[99]|Bytes:4
16:35:10.0 (8527191)|SOQL_EXECUTE_BEGIN|[99]|Aggregations:0|SELECT Id, Name, Type FROM Account WHERE Name = 'ATG' LIMIT 1
16:35:10.0 (19593193)|SOQL_EXECUTE_END|[99]|Rows:1
16:35:10.0 (19614459)|HEAP_ALLOCATE|[99]|Bytes:8
16:35:10.0 (19630827)|HEAP_ALLOCATE|[99]|Bytes:56
16:35:10.0 (19728375)|HEAP_ALLOCATE|[99]|Bytes:8
16:35:10.0 (19746043)|VARIABLE_SCOPE_BEGIN|[99]|queriedAccounts|List<Account>|true|false
16:35:10.0 (19789050)|VARIABLE_ASSIGNMENT|[99]|queriedAccounts|[{"Id":"0011I000007Q0kVQAS","Name":"ATG","Type":"Prospect"}]|0x15c4e322
16:35:10.0 (19795500)|STATEMENT_EXECUTE|[105]
16:35:10.0 (20041705)|USER_DEBUG|[105]|DEBUG|(Account:{Id=0011I000007Q0kVQAS, Name=ATG, Type=Prospect})
16:35:10.0 (20110233)|STATEMENT_EXECUTE|[107]
16:35:10.0 (20112082)|STATEMENT_EXECUTE|[108]
16:35:10.0 (20123204)|HEAP_ALLOCATE|[108]|Bytes:16
16:35:10.0 (20131087)|VARIABLE_SCOPE_BEGIN|[108]|myAccount|Account|true|false
16:35:10.0 (20147278)|VARIABLE_ASSIGNMENT|[108]|myAccount|{"Id":"0011I000007Q0kVQAS","Name":"ATG","Type":"Prospect"}|0x50424524
16:35:10.0 (20153249)|STATEMENT_EXECUTE|[109]
16:35:10.0 (20155844)|HEAP_ALLOCATE|[109]|Bytes:10
16:35:10.0 (20200474)|VARIABLE_ASSIGNMENT|[109]|this.Name|"Better ATG"|0x50424524
16:35:10.0 (20213252)|METHOD_EXIT|[1]|01p1I000007biq8|Day3ListsAndLoops.updateExistingAccount()
16:35:10.0 (20219080)|SYSTEM_MODE_EXIT|false
16:35:10.20 (20238226)|CUMULATIVE_LIMIT_USAGE
16:35:10.20 (20238226)|LIMIT_USAGE_FOR_NS|(default)|
  Number of SOQL queries: 1 out of 100
  Number of query rows: 1 out of 50000
  Number of SOSL queries: 0 out of 20
  Number of DML statements: 0 out of 150
  Number of DML rows: 0 out of 10000
  Maximum CPU time: 0 out of 10000
  Maximum heap size: 0 out of 6000000
  Number of callouts: 0 out of 100
  Number of Email Invocations: 0 out of 10
  Number of future calls: 0 out of 50
  Number of queueable jobs added to the queue: 0 out of 50
  Number of Mobile Apex push calls: 0 out of 10

16:35:10.20 (20238226)|CUMULATIVE_LIMIT_USAGE_END

16:35:10.0 (20272540)|CODE_UNIT_FINISHED|execute_anonymous_apex
16:35:10.0 (21338310)|EXECUTION_FINISHED
