41.0 APEX_CODE,FINEST;APEX_PROFILING,INFO;CALLOUT,INFO;DB,INFO;SYSTEM,DEBUG;VALIDATION,INFO;VISUALFORCE,INFO;WAVE,INFO;WORKFLOW,INFO
Execute Anonymous: Day3ListsAndLoops.execute();
15:00:59.1 (1099941)|USER_INFO|[EXTERNAL]|0051I000000zlxU|anders.windell@atginfo.com.apex.bootcamp|Pacific Standard Time|GMT-07:00
15:00:59.1 (1128814)|EXECUTION_STARTED
15:00:59.1 (1133149)|CODE_UNIT_STARTED|[EXTERNAL]|execute_anonymous_apex
15:00:59.1 (1356823)|HEAP_ALLOCATE|[72]|Bytes:3
15:00:59.1 (1424535)|HEAP_ALLOCATE|[77]|Bytes:152
15:00:59.1 (1443173)|HEAP_ALLOCATE|[342]|Bytes:408
15:00:59.1 (1459389)|HEAP_ALLOCATE|[355]|Bytes:408
15:00:59.1 (1472431)|HEAP_ALLOCATE|[467]|Bytes:48
15:00:59.1 (1528860)|HEAP_ALLOCATE|[139]|Bytes:6
15:00:59.1 (1546954)|HEAP_ALLOCATE|[EXTERNAL]|Bytes:1
15:00:59.1 (1644910)|STATEMENT_EXECUTE|[1]
15:00:59.1 (1647398)|STATEMENT_EXECUTE|[1]
15:00:59.1 (1699635)|HEAP_ALLOCATE|[50]|Bytes:5
15:00:59.1 (1724005)|HEAP_ALLOCATE|[56]|Bytes:5
15:00:59.1 (1732154)|HEAP_ALLOCATE|[64]|Bytes:7
15:00:59.1 (1774872)|SYSTEM_MODE_ENTER|false
15:00:59.1 (1798562)|HEAP_ALLOCATE|[1]|Bytes:5
15:00:59.1 (7320186)|HEAP_ALLOCATE|[1]|Bytes:1
15:00:59.1 (7330889)|HEAP_ALLOCATE|[1]|Bytes:5
15:00:59.1 (7361741)|METHOD_ENTRY|[1]|01p1I000007biq8|Day3ListsAndLoops.Day3ListsAndLoops()
15:00:59.1 (7369047)|STATEMENT_EXECUTE|[1]
15:00:59.1 (7374145)|STATEMENT_EXECUTE|[1]
15:00:59.1 (7385747)|HEAP_ALLOCATE|[1]|Bytes:5
15:00:59.1 (7407583)|METHOD_EXIT|[1]|Day3ListsAndLoops
15:00:59.1 (7439328)|METHOD_ENTRY|[1]|01p1I000007biq8|Day3ListsAndLoops.execute()
15:00:59.1 (7482500)|HEAP_ALLOCATE|[6]|Bytes:5
15:00:59.1 (7487978)|STATEMENT_EXECUTE|[3]
15:00:59.1 (7489832)|STATEMENT_EXECUTE|[6]
15:00:59.1 (7492336)|HEAP_ALLOCATE|[6]|Bytes:6
15:00:59.1 (7500375)|VARIABLE_SCOPE_BEGIN|[6]|myName|String|false|false
15:00:59.1 (7525354)|VARIABLE_ASSIGNMENT|[6]|myName|"Anders"
15:00:59.1 (7530226)|STATEMENT_EXECUTE|[10]
15:00:59.1 (7576027)|HEAP_ALLOCATE|[10]|Bytes:4
15:00:59.1 (7683652)|VARIABLE_SCOPE_BEGIN|[10]|names|List<String>|true|false
15:00:59.1 (7720593)|HEAP_ALLOCATE|[EXTERNAL]|Bytes:4
15:00:59.1 (7734210)|VARIABLE_ASSIGNMENT|[10]|names|[]|0x2534495f
15:00:59.1 (7739641)|STATEMENT_EXECUTE|[13]
15:00:59.1 (7746514)|HEAP_ALLOCATE|[13]|Bytes:4
15:00:59.1 (7761802)|HEAP_ALLOCATE|[13]|Bytes:9
15:00:59.1 (7779994)|HEAP_ALLOCATE|[13]|Bytes:9
15:00:59.1 (7784972)|HEAP_ALLOCATE|[13]|Bytes:9
15:00:59.1 (7789685)|VARIABLE_SCOPE_BEGIN|[13]|students|List<String>|true|false
15:00:59.1 (7807046)|HEAP_ALLOCATE|[EXTERNAL]|Bytes:16
15:00:59.1 (7816114)|VARIABLE_ASSIGNMENT|[13]|students|["Student 1","Student 2","Student 3"]|0x21272e2c
15:00:59.1 (7820892)|STATEMENT_EXECUTE|[16]
15:00:59.1 (7826756)|HEAP_ALLOCATE|[16]|Bytes:4
15:00:59.1 (7857975)|VARIABLE_SCOPE_BEGIN|[16]|employees|List<String>|true|false
15:00:59.1 (7875131)|HEAP_ALLOCATE|[EXTERNAL]|Bytes:84
15:00:59.1 (7883723)|VARIABLE_ASSIGNMENT|[16]|employees|"List of size 20 too large to display"|0xd137731
15:00:59.1 (7888541)|STATEMENT_EXECUTE|[18]
15:00:59.1 (7925580)|HEAP_ALLOCATE|[EXTERNAL]|Bytes:4
15:00:59.1 (7953585)|STATEMENT_EXECUTE|[19]
15:00:59.1 (7956589)|HEAP_ALLOCATE|[19]|Bytes:7
15:00:59.1 (7974689)|HEAP_ALLOCATE|[EXTERNAL]|Bytes:4
15:00:59.1 (7980810)|STATEMENT_EXECUTE|[20]
15:00:59.1 (7982752)|HEAP_ALLOCATE|[20]|Bytes:4
15:00:59.1 (7997746)|HEAP_ALLOCATE|[EXTERNAL]|Bytes:4
15:00:59.1 (8005601)|STATEMENT_EXECUTE|[21]
15:00:59.1 (8009501)|HEAP_ALLOCATE|[21]|Bytes:5
15:00:59.1 (8031412)|HEAP_ALLOCATE|[EXTERNAL]|Bytes:4
15:00:59.1 (8039361)|STATEMENT_EXECUTE|[24]
15:00:59.1 (8042294)|HEAP_ALLOCATE|[24]|Bytes:7
15:00:59.1 (8106642)|HEAP_ALLOCATE|[24]|Bytes:30
15:00:59.1 (8124857)|HEAP_ALLOCATE|[24]|Bytes:37
15:00:59.1 (8150704)|USER_DEBUG|[24]|DEBUG|names: (Anders, Windell, Papa, Bless)
15:00:59.1 (8163501)|STATEMENT_EXECUTE|[26]
15:00:59.1 (8197787)|HEAP_ALLOCATE|[26]|Bytes:5
15:00:59.1 (8205519)|STATEMENT_EXECUTE|[28]
15:00:59.1 (8207610)|HEAP_ALLOCATE|[28]|Bytes:33
15:00:59.1 (8228711)|HEAP_ALLOCATE|[28]|Bytes:23
15:00:59.1 (8238826)|HEAP_ALLOCATE|[28]|Bytes:56
15:00:59.1 (8246248)|USER_DEBUG|[28]|DEBUG|names after last element removed (Anders, Windell, Papa)
15:00:59.1 (8258288)|METHOD_EXIT|[1]|01p1I000007biq8|Day3ListsAndLoops.execute()
15:00:59.1 (8264070)|SYSTEM_MODE_EXIT|false
15:00:59.8 (8299397)|CUMULATIVE_LIMIT_USAGE
15:00:59.8 (8299397)|LIMIT_USAGE_FOR_NS|(default)|
  Number of SOQL queries: 0 out of 100
  Number of query rows: 0 out of 50000
  Number of SOSL queries: 0 out of 20
  Number of DML statements: 0 out of 150
  Number of DML rows: 0 out of 10000
  Maximum CPU time: 0 out of 10000
  Maximum heap size: 0 out of 6000000
  Number of callouts: 0 out of 100
  Number of Email Invocations: 0 out of 10
  Number of future calls: 0 out of 50
  Number of queueable jobs added to the queue: 0 out of 50
  Number of Mobile Apex push calls: 0 out of 10

15:00:59.8 (8299397)|CUMULATIVE_LIMIT_USAGE_END

15:00:59.1 (8335052)|CODE_UNIT_FINISHED|execute_anonymous_apex
15:00:59.1 (9455948)|EXECUTION_FINISHED
