41.0 APEX_CODE,FINEST;APEX_PROFILING,INFO;CALLOUT,INFO;DB,INFO;SYSTEM,DEBUG;VALIDATION,INFO;VISUALFORCE,INFO;WAVE,INFO;WORKFLOW,INFO
Execute Anonymous: Day3ListsAndLoops.querySobjects();
16:12:38.0 (964044)|USER_INFO|[EXTERNAL]|0051I000000zlxU|anders.windell@atginfo.com.apex.bootcamp|Pacific Standard Time|GMT-07:00
16:12:38.0 (1163126)|EXECUTION_STARTED
16:12:38.0 (1167671)|CODE_UNIT_STARTED|[EXTERNAL]|execute_anonymous_apex
16:12:38.0 (1307078)|HEAP_ALLOCATE|[72]|Bytes:3
16:12:38.0 (1357642)|HEAP_ALLOCATE|[77]|Bytes:152
16:12:38.0 (1368994)|HEAP_ALLOCATE|[342]|Bytes:408
16:12:38.0 (1381695)|HEAP_ALLOCATE|[355]|Bytes:408
16:12:38.0 (1394220)|HEAP_ALLOCATE|[467]|Bytes:48
16:12:38.0 (1445749)|HEAP_ALLOCATE|[139]|Bytes:6
16:12:38.0 (1460692)|HEAP_ALLOCATE|[EXTERNAL]|Bytes:1
16:12:38.0 (1526456)|STATEMENT_EXECUTE|[1]
16:12:38.0 (1528806)|STATEMENT_EXECUTE|[1]
16:12:38.0 (1563749)|HEAP_ALLOCATE|[50]|Bytes:5
16:12:38.0 (1579268)|HEAP_ALLOCATE|[56]|Bytes:5
16:12:38.0 (1586110)|HEAP_ALLOCATE|[64]|Bytes:7
16:12:38.0 (1609081)|SYSTEM_MODE_ENTER|false
16:12:38.0 (1707045)|HEAP_ALLOCATE|[1]|Bytes:5
16:12:38.0 (7337366)|HEAP_ALLOCATE|[1]|Bytes:7
16:12:38.0 (7347243)|HEAP_ALLOCATE|[1]|Bytes:32
16:12:38.0 (7381495)|METHOD_ENTRY|[1]|01p1I000007biq8|Day3ListsAndLoops.Day3ListsAndLoops()
16:12:38.0 (7388067)|STATEMENT_EXECUTE|[1]
16:12:38.0 (7392432)|STATEMENT_EXECUTE|[1]
16:12:38.0 (7402807)|HEAP_ALLOCATE|[1]|Bytes:5
16:12:38.0 (7422273)|METHOD_EXIT|[1]|Day3ListsAndLoops
16:12:38.0 (7463187)|METHOD_ENTRY|[1]|01p1I000007biq8|Day3ListsAndLoops.querySobjects()
16:12:38.0 (7509071)|HEAP_ALLOCATE|[86]|Bytes:5
16:12:38.0 (7514353)|STATEMENT_EXECUTE|[84]
16:12:38.0 (7515920)|STATEMENT_EXECUTE|[86]
16:12:38.0 (7566425)|HEAP_ALLOCATE|[86]|Bytes:4
16:12:38.0 (7667438)|VARIABLE_SCOPE_BEGIN|[86]|myAccount|Account|true|false
16:12:38.0 (7696864)|VARIABLE_ASSIGNMENT|[86]|myAccount|{}|0x7c6a1d73
16:12:38.0 (7702950)|STATEMENT_EXECUTE|[87]
16:12:38.0 (7705673)|HEAP_ALLOCATE|[87]|Bytes:3
16:12:38.0 (7770857)|VARIABLE_ASSIGNMENT|[87]|this.Name|"ATG"|0x7c6a1d73
16:12:38.0 (7776541)|STATEMENT_EXECUTE|[89]
16:12:38.0 (7778897)|HEAP_ALLOCATE|[89]|Bytes:24
16:12:38.0 (7879333)|HEAP_ALLOCATE|[89]|Bytes:18
16:12:38.0 (7919794)|HEAP_ALLOCATE|[89]|Bytes:42
16:12:38.0 (7945282)|USER_DEBUG|[89]|DEBUG|myAccount before insert Account:{Name=ATG}
16:12:38.0 (7953155)|STATEMENT_EXECUTE|[91]
16:12:38.0 (7976851)|HEAP_ALLOCATE|[91]|Bytes:8
16:12:38.0 (7985025)|DML_BEGIN|[91]|Op:Insert|Type:Account|Rows:1
16:12:38.0 (8006139)|HEAP_ALLOCATE|[EXTERNAL]|Bytes:8
16:12:38.0 (39487041)|CODE_UNIT_STARTED|[EXTERNAL]|DuplicateDetector
16:12:38.0 (39510249)|DUPLICATE_DETECTION_BEGIN
16:12:38.0 (41057146)|DUPLICATE_DETECTION_RULE_INVOCATION|DuplicateRuleId:0Bm1I000003ZZdx|DuplicateRuleName:Standard Account Duplicate Rule|DmlType:INSERT
16:12:38.0 (62432133)|DUPLICATE_DETECTION_MATCH_INVOCATION_DETAILS|EntityType:Account|ActionTaken:Allow_[Alert,Report]|DuplicateRecordIds:
16:12:38.0 (62454829)|DUPLICATE_DETECTION_MATCH_INVOCATION_SUMMARY|EntityType:Account|NumRecordsToBeSaved:1|NumRecordsToBeSavedWithDuplicates:0|NumDuplicateRecordsFound:0
16:12:38.0 (62538495)|DUPLICATE_DETECTION_END
16:12:38.0 (62543900)|CODE_UNIT_FINISHED|DuplicateDetector
16:12:38.0 (93134551)|DML_END|[91]
16:12:38.0 (93182102)|STATEMENT_EXECUTE|[93]
16:12:38.0 (93197852)|HEAP_ALLOCATE|[93]|Bytes:23
16:12:38.0 (93382359)|HEAP_ALLOCATE|[93]|Bytes:41
16:12:38.0 (93416186)|HEAP_ALLOCATE|[93]|Bytes:64
16:12:38.0 (93448164)|USER_DEBUG|[93]|DEBUG|myAccount after insert Account:{Name=ATG, Id=0011I000007Q0kLQAS}
16:12:38.0 (93482561)|METHOD_EXIT|[1]|01p1I000007biq8|Day3ListsAndLoops.querySobjects()
16:12:38.0 (93495162)|SYSTEM_MODE_EXIT|false
16:12:38.0 (113069903)|CODE_UNIT_STARTED|[EXTERNAL]|DuplicateDetector
16:12:38.0 (113094987)|DUPLICATE_DETECTION_BEGIN
16:12:38.0 (113133258)|DUPLICATE_DETECTION_RULE_INVOCATION|DuplicateRuleId:0Bm1I000003ZZdx|DuplicateRuleName:Standard Account Duplicate Rule|DmlType:INSERT
16:12:38.0 (119873622)|DUPLICATE_DETECTION_END
16:12:38.0 (119884654)|CODE_UNIT_FINISHED|DuplicateDetector
16:12:38.119 (119999175)|CUMULATIVE_LIMIT_USAGE
16:12:38.119 (119999175)|LIMIT_USAGE_FOR_NS|(default)|
  Number of SOQL queries: 0 out of 100
  Number of query rows: 0 out of 50000
  Number of SOSL queries: 0 out of 20
  Number of DML statements: 1 out of 150
  Number of DML rows: 1 out of 10000
  Maximum CPU time: 0 out of 10000
  Maximum heap size: 0 out of 6000000
  Number of callouts: 0 out of 100
  Number of Email Invocations: 0 out of 10
  Number of future calls: 0 out of 50
  Number of queueable jobs added to the queue: 0 out of 50
  Number of Mobile Apex push calls: 0 out of 10

16:12:38.119 (119999175)|CUMULATIVE_LIMIT_USAGE_END

16:12:38.0 (120040394)|CODE_UNIT_FINISHED|execute_anonymous_apex
16:12:38.0 (120771934)|EXECUTION_FINISHED
