41.0 APEX_CODE,FINEST;APEX_PROFILING,FINEST;CALLOUT,FINEST;DB,FINEST;SYSTEM,FINE;VALIDATION,INFO;VISUALFORCE,NONE;WAVE,INFO;WORKFLOW,FINER
Execute Anonymous: Person fred = new Person('Fred', 'freddster@hotmail.com');
Execute Anonymous: fred.print();
Execute Anonymous: 
Execute Anonymous: Person betty = new Person('Betty');
Execute Anonymous: betty.print();
16:02:53.1 (1311592)|USER_INFO|[EXTERNAL]|0051I000000zlxU|anders.windell@atginfo.com.apex.bootcamp|Pacific Standard Time|GMT-08:00
16:02:53.1 (1412186)|EXECUTION_STARTED
16:02:53.1 (1418857)|CODE_UNIT_STARTED|[EXTERNAL]|execute_anonymous_apex
16:02:53.1 (9390392)|VARIABLE_SCOPE_BEGIN|[12]|Person.isHuman|Boolean|false|true
16:02:53.1 (9799688)|VARIABLE_SCOPE_BEGIN|[4]|betty|Person|true|false
16:02:53.1 (9814802)|VARIABLE_SCOPE_BEGIN|[1]|fred|Person|true|false
16:02:53.1 (9987511)|HEAP_ALLOCATE|[72]|Bytes:3
16:02:53.1 (10072395)|HEAP_ALLOCATE|[77]|Bytes:152
16:02:53.1 (10105714)|HEAP_ALLOCATE|[342]|Bytes:408
16:02:53.1 (10139743)|HEAP_ALLOCATE|[355]|Bytes:408
16:02:53.1 (10164638)|HEAP_ALLOCATE|[467]|Bytes:48
16:02:53.1 (10243119)|HEAP_ALLOCATE|[139]|Bytes:6
16:02:53.1 (10272394)|HEAP_ALLOCATE|[EXTERNAL]|Bytes:7
16:02:53.1 (10347358)|STATEMENT_EXECUTE|[1]
16:02:53.1 (10351203)|STATEMENT_EXECUTE|[1]
16:02:53.1 (10356951)|HEAP_ALLOCATE|[1]|Bytes:8
16:02:53.1 (10370110)|HEAP_ALLOCATE|[1]|Bytes:20
16:02:53.1 (10429160)|METHOD_ENTRY|[10]|01p1I00000AiJUh|Person.Person()
16:02:53.1 (10439796)|STATEMENT_EXECUTE|[10]
16:02:53.1 (10444824)|STATEMENT_EXECUTE|[10]
16:02:53.1 (10446697)|STATEMENT_EXECUTE|[12]
16:02:53.1 (10482905)|HEAP_ALLOCATE|[50]|Bytes:5
16:02:53.1 (10514003)|HEAP_ALLOCATE|[56]|Bytes:5
16:02:53.1 (10531701)|HEAP_ALLOCATE|[64]|Bytes:7
16:02:53.1 (10560814)|HEAP_ALLOCATE|[12]|Bytes:5
16:02:53.1 (10593141)|VARIABLE_ASSIGNMENT|[12]|Person.isHuman|true
16:02:53.1 (10622050)|METHOD_EXIT|[10]|Person
16:02:53.1 (10648611)|HEAP_ALLOCATE|[1]|Bytes:28
16:02:53.1 (10655256)|HEAP_ALLOCATE|[1]|Bytes:4
16:02:53.1 (10661163)|HEAP_ALLOCATE|[1]|Bytes:21
16:02:53.1 (10711457)|SYSTEM_MODE_ENTER|false
16:02:53.1 (10726936)|HEAP_ALLOCATE|[1]|Bytes:5
16:02:53.1 (10777607)|CONSTRUCTOR_ENTRY|[1]|01p1I00000AiJUh|<init>(String,String)
16:02:53.1 (10828948)|VARIABLE_SCOPE_BEGIN|[27]|this|Person|true|false
16:02:53.1 (10890708)|VARIABLE_ASSIGNMENT|[27]|this|{}|0x7805b84b
16:02:53.1 (10902115)|VARIABLE_SCOPE_BEGIN|[27]|defaultName|String|false|false
16:02:53.1 (10916987)|VARIABLE_ASSIGNMENT|[27]|defaultName|"Fred"
16:02:53.1 (10924673)|VARIABLE_SCOPE_BEGIN|[27]|defaultEmail|String|false|false
16:02:53.1 (10938909)|VARIABLE_ASSIGNMENT|[27]|defaultEmail|"freddster@hotmail.co (1 more) ..."
16:02:53.1 (10948117)|STATEMENT_EXECUTE|[10]
16:02:53.1 (10950239)|STATEMENT_EXECUTE|[14]
16:02:53.1 (10952106)|STATEMENT_EXECUTE|[15]
16:02:53.1 (10953788)|STATEMENT_EXECUTE|[16]
16:02:53.1 (10955357)|STATEMENT_EXECUTE|[17]
16:02:53.1 (10956840)|STATEMENT_EXECUTE|[18]
16:02:53.1 (10958110)|STATEMENT_EXECUTE|[19]
16:02:53.1 (10964391)|HEAP_ALLOCATE|[19]|Bytes:5
16:02:53.1 (10986420)|VARIABLE_ASSIGNMENT|[19]|this.isDead|false|0x7805b84b
16:02:53.1 (11000276)|HEAP_ALLOCATE|[19]|Bytes:6
16:02:53.1 (11041571)|STATEMENT_EXECUTE|[27]
16:02:53.1 (11043902)|STATEMENT_EXECUTE|[28]
16:02:53.1 (11053865)|VARIABLE_ASSIGNMENT|[28]|this.name|"Fred"|0x7805b84b
16:02:53.1 (11062379)|STATEMENT_EXECUTE|[29]
16:02:53.1 (11069981)|VARIABLE_ASSIGNMENT|[29]|this.email|"freddster@hotmail.co (1 more) ..."|0x7805b84b
16:02:53.1 (11108296)|CONSTRUCTOR_EXIT|[1]|01p1I00000AiJUh|<init>(String,String)
16:02:53.1 (11129705)|SYSTEM_MODE_EXIT|false
16:02:53.1 (11164302)|VARIABLE_ASSIGNMENT|[1]|fred|{"email":"freddster@hotmail.co (1 more) ...","isDead":false,"name":"Fred"}|0x7805b84b
16:02:53.1 (11172972)|STATEMENT_EXECUTE|[2]
16:02:53.1 (11209970)|SYSTEM_MODE_ENTER|false
16:02:53.1 (11220424)|HEAP_ALLOCATE|[2]|Bytes:5
16:02:53.1 (11276904)|METHOD_ENTRY|[2]|01p1I00000AiJUh|Person.print()
16:02:53.1 (11315750)|VARIABLE_SCOPE_BEGIN|[32]|this|Person|true|false
16:02:53.1 (11343293)|VARIABLE_ASSIGNMENT|[32]|this|{"email":"freddster@hotmail.co (1 more) ...","isDead":false,"name":"Fred"}|0x7805b84b
16:02:53.1 (11355823)|STATEMENT_EXECUTE|[32]
16:02:53.1 (11357713)|STATEMENT_EXECUTE|[33]
16:02:53.1 (11361373)|HEAP_ALLOCATE|[33]|Bytes:13
16:02:53.1 (11389420)|HEAP_ALLOCATE|[33]|Bytes:17
16:02:53.1 (11440763)|SYSTEM_METHOD_ENTRY|[33]|System.debug(ANY)
16:02:53.1 (11499607)|USER_DEBUG|[33]|DEBUG|Person name: Fred
16:02:53.1 (11536639)|SYSTEM_METHOD_EXIT|[33]|System.debug(ANY)
16:02:53.1 (11549981)|STATEMENT_EXECUTE|[34]
16:02:53.1 (11553934)|HEAP_ALLOCATE|[34]|Bytes:14
16:02:53.1 (11565823)|HEAP_ALLOCATE|[34]|Bytes:35
16:02:53.1 (11576279)|SYSTEM_METHOD_ENTRY|[34]|System.debug(ANY)
16:02:53.1 (11587834)|USER_DEBUG|[34]|DEBUG|Person email: freddster@hotmail.com
16:02:53.1 (11596422)|SYSTEM_METHOD_EXIT|[34]|System.debug(ANY)
16:02:53.1 (11602198)|STATEMENT_EXECUTE|[35]
16:02:53.1 (11604965)|HEAP_ALLOCATE|[35]|Bytes:15
16:02:53.1 (11612832)|HEAP_ALLOCATE|[35]|Bytes:19
16:02:53.1 (11621014)|SYSTEM_METHOD_ENTRY|[35]|System.debug(ANY)
16:02:53.1 (11629238)|USER_DEBUG|[35]|DEBUG|Person gender: null
16:02:53.1 (11638132)|SYSTEM_METHOD_EXIT|[35]|System.debug(ANY)
16:02:53.1 (11643035)|STATEMENT_EXECUTE|[36]
16:02:53.1 (11645885)|HEAP_ALLOCATE|[36]|Bytes:15
16:02:53.1 (11703666)|SYSTEM_METHOD_ENTRY|[36]|String.valueOf(Object)
16:02:53.1 (11745495)|SYSTEM_METHOD_EXIT|[36]|String.valueOf(Object)
16:02:53.1 (11755373)|HEAP_ALLOCATE|[36]|Bytes:19
16:02:53.1 (11766074)|SYSTEM_METHOD_ENTRY|[36]|System.debug(ANY)
16:02:53.1 (11771180)|USER_DEBUG|[36]|DEBUG|Person weight: null
16:02:53.1 (11777923)|SYSTEM_METHOD_EXIT|[36]|System.debug(ANY)
16:02:53.1 (11782191)|STATEMENT_EXECUTE|[37]
16:02:53.1 (11785243)|HEAP_ALLOCATE|[37]|Bytes:12
16:02:53.1 (11806686)|SYSTEM_METHOD_ENTRY|[37]|String.valueOf(Object)
16:02:53.1 (11829390)|SYSTEM_METHOD_EXIT|[37]|String.valueOf(Object)
16:02:53.1 (11837423)|HEAP_ALLOCATE|[37]|Bytes:16
16:02:53.1 (11846265)|SYSTEM_METHOD_ENTRY|[37]|System.debug(ANY)
16:02:53.1 (11851323)|USER_DEBUG|[37]|DEBUG|Person age: null
16:02:53.1 (11858178)|SYSTEM_METHOD_EXIT|[37]|System.debug(ANY)
16:02:53.1 (11862588)|STATEMENT_EXECUTE|[38]
16:02:53.1 (11865274)|HEAP_ALLOCATE|[38]|Bytes:15
16:02:53.1 (11885848)|SYSTEM_METHOD_ENTRY|[38]|String.valueOf(Object)
16:02:53.1 (11899228)|HEAP_ALLOCATE|[38]|Bytes:5
16:02:53.1 (11915012)|SYSTEM_METHOD_EXIT|[38]|String.valueOf(Object)
16:02:53.1 (11923898)|HEAP_ALLOCATE|[38]|Bytes:20
16:02:53.1 (11933311)|SYSTEM_METHOD_ENTRY|[38]|System.debug(ANY)
16:02:53.1 (11938278)|USER_DEBUG|[38]|DEBUG|Person isDead: false
16:02:53.1 (11945256)|SYSTEM_METHOD_EXIT|[38]|System.debug(ANY)
16:02:53.1 (11949723)|STATEMENT_EXECUTE|[39]
16:02:53.1 (11952664)|HEAP_ALLOCATE|[39]|Bytes:16
16:02:53.1 (11971550)|SYSTEM_METHOD_ENTRY|[39]|String.valueOf(Object)
16:02:53.1 (11984630)|HEAP_ALLOCATE|[39]|Bytes:4
16:02:53.1 (12001382)|SYSTEM_METHOD_EXIT|[39]|String.valueOf(Object)
16:02:53.1 (12010063)|HEAP_ALLOCATE|[39]|Bytes:20
16:02:53.1 (12019845)|SYSTEM_METHOD_ENTRY|[39]|System.debug(ANY)
16:02:53.1 (12024434)|USER_DEBUG|[39]|DEBUG|Person isHuman: true
16:02:53.1 (12031282)|SYSTEM_METHOD_EXIT|[39]|System.debug(ANY)
16:02:53.1 (12038394)|METHOD_EXIT|[2]|01p1I00000AiJUh|Person.print()
16:02:53.1 (12049723)|SYSTEM_MODE_EXIT|false
16:02:53.1 (12057884)|STATEMENT_EXECUTE|[4]
16:02:53.1 (12064167)|HEAP_ALLOCATE|[4]|Bytes:28
16:02:53.1 (12070789)|HEAP_ALLOCATE|[4]|Bytes:5
16:02:53.1 (12120756)|SYSTEM_MODE_ENTER|false
16:02:53.1 (12133349)|HEAP_ALLOCATE|[4]|Bytes:5
16:02:53.1 (12148936)|CONSTRUCTOR_ENTRY|[4]|01p1I00000AiJUh|<init>(String)
16:02:53.1 (12170118)|VARIABLE_SCOPE_BEGIN|[21]|this|Person|true|false
16:02:53.1 (12200790)|VARIABLE_ASSIGNMENT|[21]|this|{}|0x499b3a55
16:02:53.1 (12212490)|VARIABLE_SCOPE_BEGIN|[21]|defaultName|String|false|false
16:02:53.1 (12224625)|VARIABLE_ASSIGNMENT|[21]|defaultName|"Betty"
16:02:53.1 (12232151)|STATEMENT_EXECUTE|[10]
16:02:53.1 (12233963)|STATEMENT_EXECUTE|[14]
16:02:53.1 (12235647)|STATEMENT_EXECUTE|[15]
16:02:53.1 (12238004)|STATEMENT_EXECUTE|[16]
16:02:53.1 (12239435)|STATEMENT_EXECUTE|[17]
16:02:53.1 (12240565)|STATEMENT_EXECUTE|[18]
16:02:53.1 (12241809)|STATEMENT_EXECUTE|[19]
16:02:53.1 (12247778)|HEAP_ALLOCATE|[19]|Bytes:5
16:02:53.1 (12259953)|VARIABLE_ASSIGNMENT|[19]|this.isDead|false|0x499b3a55
16:02:53.1 (12285015)|STATEMENT_EXECUTE|[21]
16:02:53.1 (12288078)|STATEMENT_EXECUTE|[22]
16:02:53.1 (12300095)|VARIABLE_ASSIGNMENT|[22]|this.name|"Betty"|0x499b3a55
16:02:53.1 (12313506)|CONSTRUCTOR_EXIT|[4]|01p1I00000AiJUh|<init>(String)
16:02:53.1 (12324675)|SYSTEM_MODE_EXIT|false
16:02:53.1 (12352316)|VARIABLE_ASSIGNMENT|[4]|betty|{"isDead":false,"name":"Betty"}|0x499b3a55
16:02:53.1 (12360680)|STATEMENT_EXECUTE|[5]
16:02:53.1 (12393458)|SYSTEM_MODE_ENTER|false
16:02:53.1 (12404066)|HEAP_ALLOCATE|[5]|Bytes:5
16:02:53.1 (12416907)|METHOD_ENTRY|[5]|01p1I00000AiJUh|Person.print()
16:02:53.1 (12431841)|VARIABLE_SCOPE_BEGIN|[32]|this|Person|true|false
16:02:53.1 (12470798)|VARIABLE_ASSIGNMENT|[32]|this|{"isDead":false,"name":"Betty"}|0x499b3a55
16:02:53.1 (12481504)|STATEMENT_EXECUTE|[32]
16:02:53.1 (12483394)|STATEMENT_EXECUTE|[33]
16:02:53.1 (12491392)|HEAP_ALLOCATE|[33]|Bytes:18
16:02:53.1 (12503663)|SYSTEM_METHOD_ENTRY|[33]|System.debug(ANY)
16:02:53.1 (12511758)|USER_DEBUG|[33]|DEBUG|Person name: Betty
16:02:53.1 (12524574)|SYSTEM_METHOD_EXIT|[33]|System.debug(ANY)
16:02:53.1 (12529279)|STATEMENT_EXECUTE|[34]
16:02:53.1 (12534176)|HEAP_ALLOCATE|[34]|Bytes:18
16:02:53.1 (12541064)|SYSTEM_METHOD_ENTRY|[34]|System.debug(ANY)
16:02:53.1 (12545967)|USER_DEBUG|[34]|DEBUG|Person email: null
16:02:53.1 (12553239)|SYSTEM_METHOD_EXIT|[34]|System.debug(ANY)
16:02:53.1 (12557330)|STATEMENT_EXECUTE|[35]
16:02:53.1 (12561430)|HEAP_ALLOCATE|[35]|Bytes:19
16:02:53.1 (12568619)|SYSTEM_METHOD_ENTRY|[35]|System.debug(ANY)
16:02:53.1 (12573996)|USER_DEBUG|[35]|DEBUG|Person gender: null
16:02:53.1 (12581272)|SYSTEM_METHOD_EXIT|[35]|System.debug(ANY)
16:02:53.1 (12585934)|STATEMENT_EXECUTE|[36]
16:02:53.1 (12609610)|SYSTEM_METHOD_ENTRY|[36]|String.valueOf(Object)
16:02:53.1 (12625910)|SYSTEM_METHOD_EXIT|[36]|String.valueOf(Object)
16:02:53.1 (12634252)|HEAP_ALLOCATE|[36]|Bytes:19
16:02:53.1 (12643151)|SYSTEM_METHOD_ENTRY|[36]|System.debug(ANY)
16:02:53.1 (12648104)|USER_DEBUG|[36]|DEBUG|Person weight: null
16:02:53.1 (12655565)|SYSTEM_METHOD_EXIT|[36]|System.debug(ANY)
16:02:53.1 (12659825)|STATEMENT_EXECUTE|[37]
16:02:53.1 (12674837)|SYSTEM_METHOD_ENTRY|[37]|String.valueOf(Object)
16:02:53.1 (12688728)|SYSTEM_METHOD_EXIT|[37]|String.valueOf(Object)
16:02:53.1 (12696767)|HEAP_ALLOCATE|[37]|Bytes:16
16:02:53.1 (12705529)|SYSTEM_METHOD_ENTRY|[37]|System.debug(ANY)
16:02:53.1 (12710796)|USER_DEBUG|[37]|DEBUG|Person age: null
16:02:53.1 (12717512)|SYSTEM_METHOD_EXIT|[37]|System.debug(ANY)
16:02:53.1 (12721971)|STATEMENT_EXECUTE|[38]
16:02:53.1 (12736836)|SYSTEM_METHOD_ENTRY|[38]|String.valueOf(Object)
16:02:53.1 (12743061)|HEAP_ALLOCATE|[38]|Bytes:5
16:02:53.1 (12758192)|SYSTEM_METHOD_EXIT|[38]|String.valueOf(Object)
16:02:53.1 (12765818)|HEAP_ALLOCATE|[38]|Bytes:20
16:02:53.1 (12773230)|SYSTEM_METHOD_ENTRY|[38]|System.debug(ANY)
16:02:53.1 (12777794)|USER_DEBUG|[38]|DEBUG|Person isDead: false
16:02:53.1 (12789267)|SYSTEM_METHOD_EXIT|[38]|System.debug(ANY)
16:02:53.1 (12794332)|STATEMENT_EXECUTE|[39]
16:02:53.1 (12823055)|SYSTEM_METHOD_ENTRY|[39]|String.valueOf(Object)
16:02:53.1 (12830543)|HEAP_ALLOCATE|[39]|Bytes:4
16:02:53.1 (12848081)|SYSTEM_METHOD_EXIT|[39]|String.valueOf(Object)
16:02:53.1 (12855814)|HEAP_ALLOCATE|[39]|Bytes:20
16:02:53.1 (12863996)|SYSTEM_METHOD_ENTRY|[39]|System.debug(ANY)
16:02:53.1 (12868364)|USER_DEBUG|[39]|DEBUG|Person isHuman: true
16:02:53.1 (12875533)|SYSTEM_METHOD_EXIT|[39]|System.debug(ANY)
16:02:53.1 (12882130)|METHOD_EXIT|[5]|01p1I00000AiJUh|Person.print()
16:02:53.1 (12894289)|SYSTEM_MODE_EXIT|false
16:02:53.12 (12944240)|CUMULATIVE_LIMIT_USAGE
16:02:53.12 (12944240)|LIMIT_USAGE_FOR_NS|(default)|
  Number of SOQL queries: 0 out of 100
  Number of query rows: 0 out of 50000
  Number of SOSL queries: 0 out of 20
  Number of DML statements: 0 out of 150
  Number of DML rows: 0 out of 10000
  Maximum CPU time: 0 out of 10000
  Maximum heap size: 0 out of 6000000
  Number of callouts: 0 out of 100
  Number of Email Invocations: 0 out of 10
  Number of future calls: 0 out of 50
  Number of queueable jobs added to the queue: 0 out of 50
  Number of Mobile Apex push calls: 0 out of 10

16:02:53.12 (12944240)|TOTAL_EMAIL_RECIPIENTS_QUEUED|0
16:02:53.12 (12944240)|STATIC_VARIABLE_LIST|
  char[]:DigitTens:0
  long:serialVersionUID:0
  Person:_static_betty:0
  String:_sfdcSuppressedCodeLocations:0
  long:serialVersionUID:0
  String:_sfdcAdditionalCodeLocations:0
  double:MAX_VALUE:0
  Boolean:FALSE:0
  long:serialVersionUID:0
  double:MIN_VALUE:0
  int:SIZE:0
  double:NEGATIVE_INFINITY:0
  int:MAX_VALUE:0
  Boolean:_static_isHuman:0
  char[]:digits:0
  double:NaN:0
  Boolean:TRUE:0
  Person:_static_fred:0
  int:MIN_VALUE:0
  char[]:DigitOnes:0
  int:BYTES:0
  int:MIN_EXPONENT:0
  String:_sfdcAdditionalCodeLocations:0
  int[]:sizeTable:0
  int:MAX_EXPONENT:0
  String:_sfdcSuppressedCodeLocations:0
  int:SIZE:0
  double:POSITIVE_INFINITY:0
  double:MIN_NORMAL:0
  int:BYTES:0

16:02:53.12 (12944240)|CUMULATIVE_LIMIT_USAGE_END

16:02:53.1 (13082656)|CODE_UNIT_FINISHED|execute_anonymous_apex
16:02:53.1 (14259360)|EXECUTION_FINISHED
16:02:53.15 (15151036)|CUMULATIVE_PROFILING_BEGIN
16:02:53.15 (15151036)|CUMULATIVE_PROFILING|No profiling information for SOQL operations
16:02:53.15 (15151036)|CUMULATIVE_PROFILING|No profiling information for SOSL operations
16:02:53.15 (15151036)|CUMULATIVE_PROFILING|No profiling information for DML operations
16:02:53.15 (15151036)|CUMULATIVE_PROFILING|method invocations|
External entry point: public static void execute(): executed 1 time in 3 ms
AnonymousBlock: line 1, column 1: public Person(String, String): executed 1 time in 1 ms
AnonymousBlock: line 2, column 1: public void print(): executed 1 time in 1 ms
AnonymousBlock: line 4, column 1: public Person(String): executed 1 time in 0 ms
AnonymousBlock: line 5, column 1: public void print(): executed 1 time in 0 ms
Class.Person.print: line 33, column 1: global public static void debug(ANY): executed 2 times in 0 ms
Class.Person.print: line 34, column 1: global public static void debug(ANY): executed 2 times in 0 ms
Class.Person.print: line 35, column 1: global public static void debug(ANY): executed 2 times in 0 ms
Class.Person.print: line 36, column 1: public static String valueOf(Object): executed 4 times in 0 ms
Class.Person.print: line 37, column 1: public static String valueOf(Object): executed 4 times in 0 ms
Class.Person.print: line 38, column 1: public static String valueOf(Object): executed 4 times in 0 ms

16:02:53.15 (15151036)|CUMULATIVE_PROFILING_END
