41.0 APEX_CODE,FINEST;APEX_PROFILING,FINEST;CALLOUT,FINEST;DB,FINEST;SYSTEM,FINE;VALIDATION,INFO;VISUALFORCE,NONE;WAVE,INFO;WORKFLOW,FINER
Execute Anonymous: Person.isHuman = false;
Execute Anonymous: 
Execute Anonymous: Person fred = new Person('Fred', 'freddster@hotmail.com');
Execute Anonymous: fred.print();
Execute Anonymous: 
Execute Anonymous: Person betty = new Person('Betty');
Execute Anonymous: betty.print();
16:12:35.1 (1017012)|USER_INFO|[EXTERNAL]|0051I000000zlxU|anders.windell@atginfo.com.apex.bootcamp|Pacific Standard Time|GMT-08:00
16:12:35.1 (1037786)|EXECUTION_STARTED
16:12:35.1 (1042146)|CODE_UNIT_STARTED|[EXTERNAL]|execute_anonymous_apex
16:12:35.1 (1933757)|VARIABLE_SCOPE_BEGIN|[12]|Person.isHuman|Boolean|false|true
16:12:35.1 (1967114)|VARIABLE_SCOPE_BEGIN|[6]|betty|Person|true|false
16:12:35.1 (1975780)|VARIABLE_SCOPE_BEGIN|[3]|fred|Person|true|false
16:12:35.1 (2055489)|HEAP_ALLOCATE|[72]|Bytes:3
16:12:35.1 (2078328)|HEAP_ALLOCATE|[77]|Bytes:152
16:12:35.1 (2089805)|HEAP_ALLOCATE|[342]|Bytes:408
16:12:35.1 (2103040)|HEAP_ALLOCATE|[355]|Bytes:408
16:12:35.1 (2115372)|HEAP_ALLOCATE|[467]|Bytes:48
16:12:35.1 (2135130)|HEAP_ALLOCATE|[139]|Bytes:6
16:12:35.1 (2149526)|HEAP_ALLOCATE|[EXTERNAL]|Bytes:9
16:12:35.1 (2183234)|STATEMENT_EXECUTE|[1]
16:12:35.1 (2185113)|STATEMENT_EXECUTE|[1]
16:12:35.1 (2207582)|HEAP_ALLOCATE|[50]|Bytes:5
16:12:35.1 (2222439)|HEAP_ALLOCATE|[56]|Bytes:5
16:12:35.1 (2229755)|HEAP_ALLOCATE|[64]|Bytes:7
16:12:35.1 (2239409)|HEAP_ALLOCATE|[1]|Bytes:8
16:12:35.1 (2248686)|HEAP_ALLOCATE|[1]|Bytes:20
16:12:35.1 (2259491)|METHOD_ENTRY|[10]|01p1I00000AiJUh|Person.Person()
16:12:35.1 (2264916)|STATEMENT_EXECUTE|[10]
16:12:35.1 (2267992)|STATEMENT_EXECUTE|[10]
16:12:35.1 (2269000)|STATEMENT_EXECUTE|[12]
16:12:35.1 (2279115)|HEAP_ALLOCATE|[12]|Bytes:5
16:12:35.1 (2299418)|VARIABLE_ASSIGNMENT|[12]|Person.isHuman|true
16:12:35.1 (2307424)|METHOD_EXIT|[10]|Person
16:12:35.1 (2312310)|HEAP_ALLOCATE|[1]|Bytes:5
16:12:35.1 (2317934)|VARIABLE_ASSIGNMENT|[1]|Person.isHuman|false
16:12:35.1 (2321553)|STATEMENT_EXECUTE|[3]
16:12:35.1 (2331846)|HEAP_ALLOCATE|[3]|Bytes:28
16:12:35.1 (2336208)|HEAP_ALLOCATE|[3]|Bytes:4
16:12:35.1 (2339125)|HEAP_ALLOCATE|[3]|Bytes:21
16:12:35.1 (2369184)|SYSTEM_MODE_ENTER|false
16:12:35.1 (2377625)|HEAP_ALLOCATE|[3]|Bytes:5
16:12:35.1 (2391000)|CONSTRUCTOR_ENTRY|[3]|01p1I00000AiJUh|<init>(String,String)
16:12:35.1 (2413837)|VARIABLE_SCOPE_BEGIN|[27]|this|Person|true|false
16:12:35.1 (2449675)|VARIABLE_ASSIGNMENT|[27]|this|{}|0x1bc3e325
16:12:35.1 (2455850)|VARIABLE_SCOPE_BEGIN|[27]|defaultName|String|false|false
16:12:35.1 (2466318)|VARIABLE_ASSIGNMENT|[27]|defaultName|"Fred"
16:12:35.1 (2470086)|VARIABLE_SCOPE_BEGIN|[27]|defaultEmail|String|false|false
16:12:35.1 (2478735)|VARIABLE_ASSIGNMENT|[27]|defaultEmail|"freddster@hotmail.co (1 more) ..."
16:12:35.1 (2483557)|STATEMENT_EXECUTE|[10]
16:12:35.1 (2484612)|STATEMENT_EXECUTE|[14]
16:12:35.1 (2485552)|STATEMENT_EXECUTE|[15]
16:12:35.1 (2486762)|STATEMENT_EXECUTE|[16]
16:12:35.1 (2487605)|STATEMENT_EXECUTE|[17]
16:12:35.1 (2488496)|STATEMENT_EXECUTE|[18]
16:12:35.1 (2489336)|STATEMENT_EXECUTE|[19]
16:12:35.1 (2493094)|HEAP_ALLOCATE|[19]|Bytes:5
16:12:35.1 (2502555)|VARIABLE_ASSIGNMENT|[19]|this.isDead|false|0x1bc3e325
16:12:35.1 (2510423)|HEAP_ALLOCATE|[19]|Bytes:6
16:12:35.1 (2537898)|STATEMENT_EXECUTE|[27]
16:12:35.1 (2539263)|STATEMENT_EXECUTE|[28]
16:12:35.1 (2545158)|VARIABLE_ASSIGNMENT|[28]|this.name|"Fred"|0x1bc3e325
16:12:35.1 (2550436)|STATEMENT_EXECUTE|[29]
16:12:35.1 (2554759)|VARIABLE_ASSIGNMENT|[29]|this.email|"freddster@hotmail.co (1 more) ..."|0x1bc3e325
16:12:35.1 (2565681)|CONSTRUCTOR_EXIT|[3]|01p1I00000AiJUh|<init>(String,String)
16:12:35.1 (2747186)|SYSTEM_MODE_EXIT|false
16:12:35.1 (2775673)|VARIABLE_ASSIGNMENT|[3]|fred|{"email":"freddster@hotmail.co (1 more) ...","isDead":false,"name":"Fred"}|0x1bc3e325
16:12:35.1 (2781822)|STATEMENT_EXECUTE|[4]
16:12:35.1 (2808041)|SYSTEM_MODE_ENTER|false
16:12:35.1 (2815864)|HEAP_ALLOCATE|[4]|Bytes:5
16:12:35.1 (2838549)|METHOD_ENTRY|[4]|01p1I00000AiJUh|Person.print()
16:12:35.1 (2859439)|VARIABLE_SCOPE_BEGIN|[32]|this|Person|true|false
16:12:35.1 (2877525)|VARIABLE_ASSIGNMENT|[32]|this|{"email":"freddster@hotmail.co (1 more) ...","isDead":false,"name":"Fred"}|0x1bc3e325
16:12:35.1 (2885474)|STATEMENT_EXECUTE|[32]
16:12:35.1 (2886680)|STATEMENT_EXECUTE|[33]
16:12:35.1 (2889390)|HEAP_ALLOCATE|[33]|Bytes:13
16:12:35.1 (2905800)|HEAP_ALLOCATE|[33]|Bytes:17
16:12:35.1 (3011404)|SYSTEM_METHOD_ENTRY|[33]|System.debug(ANY)
16:12:35.1 (3050542)|USER_DEBUG|[33]|DEBUG|Person name: Fred
16:12:35.1 (3060255)|SYSTEM_METHOD_EXIT|[33]|System.debug(ANY)
16:12:35.1 (3064925)|STATEMENT_EXECUTE|[34]
16:12:35.1 (3067955)|HEAP_ALLOCATE|[34]|Bytes:14
16:12:35.1 (3076176)|HEAP_ALLOCATE|[34]|Bytes:35
16:12:35.1 (3083309)|SYSTEM_METHOD_ENTRY|[34]|System.debug(ANY)
16:12:35.1 (3090575)|USER_DEBUG|[34]|DEBUG|Person email: freddster@hotmail.com
16:12:35.1 (3096206)|SYSTEM_METHOD_EXIT|[34]|System.debug(ANY)
16:12:35.1 (3098962)|STATEMENT_EXECUTE|[35]
16:12:35.1 (3100943)|HEAP_ALLOCATE|[35]|Bytes:15
16:12:35.1 (3107204)|HEAP_ALLOCATE|[35]|Bytes:19
16:12:35.1 (3113102)|SYSTEM_METHOD_ENTRY|[35]|System.debug(ANY)
16:12:35.1 (3118589)|USER_DEBUG|[35]|DEBUG|Person gender: null
16:12:35.1 (3123507)|SYSTEM_METHOD_EXIT|[35]|System.debug(ANY)
16:12:35.1 (3126983)|STATEMENT_EXECUTE|[36]
16:12:35.1 (3128728)|HEAP_ALLOCATE|[36]|Bytes:15
16:12:35.1 (3157295)|SYSTEM_METHOD_ENTRY|[36]|String.valueOf(Object)
16:12:35.1 (3176211)|SYSTEM_METHOD_EXIT|[36]|String.valueOf(Object)
16:12:35.1 (3182460)|HEAP_ALLOCATE|[36]|Bytes:19
16:12:35.1 (3189019)|SYSTEM_METHOD_ENTRY|[36]|System.debug(ANY)
16:12:35.1 (3192623)|USER_DEBUG|[36]|DEBUG|Person weight: null
16:12:35.1 (3197593)|SYSTEM_METHOD_EXIT|[36]|System.debug(ANY)
16:12:35.1 (3200234)|STATEMENT_EXECUTE|[37]
16:12:35.1 (3202442)|HEAP_ALLOCATE|[37]|Bytes:12
16:12:35.1 (3214458)|SYSTEM_METHOD_ENTRY|[37]|String.valueOf(Object)
16:12:35.1 (3227339)|SYSTEM_METHOD_EXIT|[37]|String.valueOf(Object)
16:12:35.1 (3232350)|HEAP_ALLOCATE|[37]|Bytes:16
16:12:35.1 (3238437)|SYSTEM_METHOD_ENTRY|[37]|System.debug(ANY)
16:12:35.1 (3241313)|USER_DEBUG|[37]|DEBUG|Person age: null
16:12:35.1 (3250751)|SYSTEM_METHOD_EXIT|[37]|System.debug(ANY)
16:12:35.1 (3253481)|STATEMENT_EXECUTE|[38]
16:12:35.1 (3255413)|HEAP_ALLOCATE|[38]|Bytes:15
16:12:35.1 (3267178)|SYSTEM_METHOD_ENTRY|[38]|String.valueOf(Object)
16:12:35.1 (3275558)|HEAP_ALLOCATE|[38]|Bytes:5
16:12:35.1 (3285041)|SYSTEM_METHOD_EXIT|[38]|String.valueOf(Object)
16:12:35.1 (3290046)|HEAP_ALLOCATE|[38]|Bytes:20
16:12:35.1 (3295887)|SYSTEM_METHOD_ENTRY|[38]|System.debug(ANY)
16:12:35.1 (3298689)|USER_DEBUG|[38]|DEBUG|Person isDead: false
16:12:35.1 (3303435)|SYSTEM_METHOD_EXIT|[38]|System.debug(ANY)
16:12:35.1 (3306067)|STATEMENT_EXECUTE|[39]
16:12:35.1 (3307951)|HEAP_ALLOCATE|[39]|Bytes:16
16:12:35.1 (3319829)|SYSTEM_METHOD_ENTRY|[39]|String.valueOf(Object)
16:12:35.1 (3327183)|HEAP_ALLOCATE|[39]|Bytes:5
16:12:35.1 (3336299)|SYSTEM_METHOD_EXIT|[39]|String.valueOf(Object)
16:12:35.1 (3340909)|HEAP_ALLOCATE|[39]|Bytes:21
16:12:35.1 (3346436)|SYSTEM_METHOD_ENTRY|[39]|System.debug(ANY)
16:12:35.1 (3349507)|USER_DEBUG|[39]|DEBUG|Person isHuman: false
16:12:35.1 (3353690)|SYSTEM_METHOD_EXIT|[39]|System.debug(ANY)
16:12:35.1 (3364893)|METHOD_EXIT|[4]|01p1I00000AiJUh|Person.print()
16:12:35.1 (3372631)|SYSTEM_MODE_EXIT|false
16:12:35.1 (3376979)|STATEMENT_EXECUTE|[6]
16:12:35.1 (3381201)|HEAP_ALLOCATE|[6]|Bytes:28
16:12:35.1 (3385399)|HEAP_ALLOCATE|[6]|Bytes:5
16:12:35.1 (3409634)|SYSTEM_MODE_ENTER|false
16:12:35.1 (3416882)|HEAP_ALLOCATE|[6]|Bytes:5
16:12:35.1 (3426987)|CONSTRUCTOR_ENTRY|[6]|01p1I00000AiJUh|<init>(String)
16:12:35.1 (3441419)|VARIABLE_SCOPE_BEGIN|[21]|this|Person|true|false
16:12:35.1 (3458397)|VARIABLE_ASSIGNMENT|[21]|this|{}|0x650c2c0
16:12:35.1 (3464496)|VARIABLE_SCOPE_BEGIN|[21]|defaultName|String|false|false
16:12:35.1 (3471985)|VARIABLE_ASSIGNMENT|[21]|defaultName|"Betty"
16:12:35.1 (3476795)|STATEMENT_EXECUTE|[10]
16:12:35.1 (3478172)|STATEMENT_EXECUTE|[14]
16:12:35.1 (3479219)|STATEMENT_EXECUTE|[15]
16:12:35.1 (3480055)|STATEMENT_EXECUTE|[16]
16:12:35.1 (3480885)|STATEMENT_EXECUTE|[17]
16:12:35.1 (3481712)|STATEMENT_EXECUTE|[18]
16:12:35.1 (3482546)|STATEMENT_EXECUTE|[19]
16:12:35.1 (3486583)|HEAP_ALLOCATE|[19]|Bytes:5
16:12:35.1 (3493173)|VARIABLE_ASSIGNMENT|[19]|this.isDead|false|0x650c2c0
16:12:35.1 (3506309)|STATEMENT_EXECUTE|[21]
16:12:35.1 (3507411)|STATEMENT_EXECUTE|[22]
16:12:35.1 (3512078)|VARIABLE_ASSIGNMENT|[22]|this.name|"Betty"|0x650c2c0
16:12:35.1 (3520285)|CONSTRUCTOR_EXIT|[6]|01p1I00000AiJUh|<init>(String)
16:12:35.1 (3527347)|SYSTEM_MODE_EXIT|false
16:12:35.1 (3543214)|VARIABLE_ASSIGNMENT|[6]|betty|{"isDead":false,"name":"Betty"}|0x650c2c0
16:12:35.1 (3548711)|STATEMENT_EXECUTE|[7]
16:12:35.1 (3569927)|SYSTEM_MODE_ENTER|false
16:12:35.1 (3575943)|HEAP_ALLOCATE|[7]|Bytes:5
16:12:35.1 (3584684)|METHOD_ENTRY|[7]|01p1I00000AiJUh|Person.print()
16:12:35.1 (3594545)|VARIABLE_SCOPE_BEGIN|[32]|this|Person|true|false
16:12:35.1 (3609845)|VARIABLE_ASSIGNMENT|[32]|this|{"isDead":false,"name":"Betty"}|0x650c2c0
16:12:35.1 (3616121)|STATEMENT_EXECUTE|[32]
16:12:35.1 (3617602)|STATEMENT_EXECUTE|[33]
16:12:35.1 (3622835)|HEAP_ALLOCATE|[33]|Bytes:18
16:12:35.1 (3629740)|SYSTEM_METHOD_ENTRY|[33]|System.debug(ANY)
16:12:35.1 (3633659)|USER_DEBUG|[33]|DEBUG|Person name: Betty
16:12:35.1 (3638685)|SYSTEM_METHOD_EXIT|[33]|System.debug(ANY)
16:12:35.1 (3641689)|STATEMENT_EXECUTE|[34]
16:12:35.1 (3644900)|HEAP_ALLOCATE|[34]|Bytes:18
16:12:35.1 (3649060)|SYSTEM_METHOD_ENTRY|[34]|System.debug(ANY)
16:12:35.1 (3651619)|USER_DEBUG|[34]|DEBUG|Person email: null
16:12:35.1 (3655085)|SYSTEM_METHOD_EXIT|[34]|System.debug(ANY)
16:12:35.1 (3657630)|STATEMENT_EXECUTE|[35]
16:12:35.1 (3660021)|HEAP_ALLOCATE|[35]|Bytes:19
16:12:35.1 (3663659)|SYSTEM_METHOD_ENTRY|[35]|System.debug(ANY)
16:12:35.1 (3666182)|USER_DEBUG|[35]|DEBUG|Person gender: null
16:12:35.1 (3669922)|SYSTEM_METHOD_EXIT|[35]|System.debug(ANY)
16:12:35.1 (3672189)|STATEMENT_EXECUTE|[36]
16:12:35.1 (3684689)|SYSTEM_METHOD_ENTRY|[36]|String.valueOf(Object)
16:12:35.1 (3694722)|SYSTEM_METHOD_EXIT|[36]|String.valueOf(Object)
16:12:35.1 (3699388)|HEAP_ALLOCATE|[36]|Bytes:19
16:12:35.1 (3703945)|SYSTEM_METHOD_ENTRY|[36]|System.debug(ANY)
16:12:35.1 (3706980)|USER_DEBUG|[36]|DEBUG|Person weight: null
16:12:35.1 (3710538)|SYSTEM_METHOD_EXIT|[36]|System.debug(ANY)
16:12:35.1 (3712742)|STATEMENT_EXECUTE|[37]
16:12:35.1 (3720872)|SYSTEM_METHOD_ENTRY|[37]|String.valueOf(Object)
16:12:35.1 (3728990)|SYSTEM_METHOD_EXIT|[37]|String.valueOf(Object)
16:12:35.1 (3733288)|HEAP_ALLOCATE|[37]|Bytes:16
16:12:35.1 (3737677)|SYSTEM_METHOD_ENTRY|[37]|System.debug(ANY)
16:12:35.1 (3740101)|USER_DEBUG|[37]|DEBUG|Person age: null
16:12:35.1 (3744406)|SYSTEM_METHOD_EXIT|[37]|System.debug(ANY)
16:12:35.1 (3747141)|STATEMENT_EXECUTE|[38]
16:12:35.1 (3755225)|SYSTEM_METHOD_ENTRY|[38]|String.valueOf(Object)
16:12:35.1 (3758840)|HEAP_ALLOCATE|[38]|Bytes:5
16:12:35.1 (3767241)|SYSTEM_METHOD_EXIT|[38]|String.valueOf(Object)
16:12:35.1 (3772206)|HEAP_ALLOCATE|[38]|Bytes:20
16:12:35.1 (3776286)|SYSTEM_METHOD_ENTRY|[38]|System.debug(ANY)
16:12:35.1 (3779487)|USER_DEBUG|[38]|DEBUG|Person isDead: false
16:12:35.1 (3783465)|SYSTEM_METHOD_EXIT|[38]|System.debug(ANY)
16:12:35.1 (3785650)|STATEMENT_EXECUTE|[39]
16:12:35.1 (3794304)|SYSTEM_METHOD_ENTRY|[39]|String.valueOf(Object)
16:12:35.1 (3798161)|HEAP_ALLOCATE|[39]|Bytes:5
16:12:35.1 (3806637)|SYSTEM_METHOD_EXIT|[39]|String.valueOf(Object)
16:12:35.1 (3810853)|HEAP_ALLOCATE|[39]|Bytes:21
16:12:35.1 (3815044)|SYSTEM_METHOD_ENTRY|[39]|System.debug(ANY)
16:12:35.1 (3817693)|USER_DEBUG|[39]|DEBUG|Person isHuman: false
16:12:35.1 (3821978)|SYSTEM_METHOD_EXIT|[39]|System.debug(ANY)
16:12:35.1 (3826228)|METHOD_EXIT|[7]|01p1I00000AiJUh|Person.print()
16:12:35.1 (3832960)|SYSTEM_MODE_EXIT|false
16:12:35.3 (3854558)|CUMULATIVE_LIMIT_USAGE
16:12:35.3 (3854558)|LIMIT_USAGE_FOR_NS|(default)|
  Number of SOQL queries: 0 out of 100
  Number of query rows: 0 out of 50000
  Number of SOSL queries: 0 out of 20
  Number of DML statements: 0 out of 150
  Number of DML rows: 0 out of 10000
  Maximum CPU time: 0 out of 10000
  Maximum heap size: 0 out of 6000000
  Number of callouts: 0 out of 100
  Number of Email Invocations: 0 out of 10
  Number of future calls: 0 out of 50
  Number of queueable jobs added to the queue: 0 out of 50
  Number of Mobile Apex push calls: 0 out of 10

16:12:35.3 (3854558)|TOTAL_EMAIL_RECIPIENTS_QUEUED|0
16:12:35.3 (3854558)|STATIC_VARIABLE_LIST|
  char[]:DigitTens:0
  long:serialVersionUID:0
  Person:_static_betty:0
  String:_sfdcSuppressedCodeLocations:0
  long:serialVersionUID:0
  String:_sfdcAdditionalCodeLocations:0
  double:MAX_VALUE:0
  Boolean:FALSE:0
  long:serialVersionUID:0
  double:MIN_VALUE:0
  int:SIZE:0
  double:NEGATIVE_INFINITY:0
  int:MAX_VALUE:0
  Boolean:_static_isHuman:0
  char[]:digits:0
  double:NaN:0
  Boolean:TRUE:0
  Person:_static_fred:0
  int:MIN_VALUE:0
  char[]:DigitOnes:0
  int:BYTES:0
  int:MIN_EXPONENT:0
  String:_sfdcAdditionalCodeLocations:0
  int[]:sizeTable:0
  int:MAX_EXPONENT:0
  String:_sfdcSuppressedCodeLocations:0
  int:SIZE:0
  double:POSITIVE_INFINITY:0
  double:MIN_NORMAL:0
  int:BYTES:0

16:12:35.3 (3854558)|CUMULATIVE_LIMIT_USAGE_END

16:12:35.1 (3943178)|CODE_UNIT_FINISHED|execute_anonymous_apex
16:12:35.1 (4670875)|EXECUTION_FINISHED
16:12:35.5 (5415554)|CUMULATIVE_PROFILING_BEGIN
16:12:35.5 (5415554)|CUMULATIVE_PROFILING|No profiling information for SOQL operations
16:12:35.5 (5415554)|CUMULATIVE_PROFILING|No profiling information for SOSL operations
16:12:35.5 (5415554)|CUMULATIVE_PROFILING|No profiling information for DML operations
16:12:35.5 (5415554)|CUMULATIVE_PROFILING|method invocations|
External entry point: public static void execute(): executed 1 time in 2 ms
AnonymousBlock: line 4, column 1: public void print(): executed 1 time in 1 ms
AnonymousBlock: line 3, column 1: public Person(String, String): executed 1 time in 0 ms
AnonymousBlock: line 6, column 1: public Person(String): executed 1 time in 0 ms
AnonymousBlock: line 7, column 1: public void print(): executed 1 time in 0 ms
Class.Person.print: line 33, column 1: global public static void debug(ANY): executed 2 times in 0 ms
Class.Person.print: line 34, column 1: global public static void debug(ANY): executed 2 times in 0 ms
Class.Person.print: line 35, column 1: global public static void debug(ANY): executed 2 times in 0 ms
Class.Person.print: line 36, column 1: public static String valueOf(Object): executed 4 times in 0 ms
Class.Person.print: line 37, column 1: public static String valueOf(Object): executed 4 times in 0 ms
Class.Person.print: line 38, column 1: public static String valueOf(Object): executed 4 times in 0 ms

16:12:35.5 (5415554)|CUMULATIVE_PROFILING_END
