41.0 APEX_CODE,FINEST;APEX_PROFILING,INFO;CALLOUT,INFO;DB,INFO;SYSTEM,DEBUG;VALIDATION,INFO;VISUALFORCE,INFO;WAVE,INFO;WORKFLOW,INFO
Execute Anonymous: Day3ListsAndLoops.querySobjects();
16:19:42.0 (963753)|USER_INFO|[EXTERNAL]|0051I000000zlxU|anders.windell@atginfo.com.apex.bootcamp|Pacific Standard Time|GMT-07:00
16:19:42.0 (1143577)|EXECUTION_STARTED
16:19:42.0 (1148763)|CODE_UNIT_STARTED|[EXTERNAL]|execute_anonymous_apex
16:19:42.0 (1373359)|HEAP_ALLOCATE|[72]|Bytes:3
16:19:42.0 (1435367)|HEAP_ALLOCATE|[77]|Bytes:152
16:19:42.0 (1452381)|HEAP_ALLOCATE|[342]|Bytes:408
16:19:42.0 (1467110)|HEAP_ALLOCATE|[355]|Bytes:408
16:19:42.0 (1479757)|HEAP_ALLOCATE|[467]|Bytes:48
16:19:42.0 (1533599)|HEAP_ALLOCATE|[139]|Bytes:6
16:19:42.0 (1552419)|HEAP_ALLOCATE|[EXTERNAL]|Bytes:1
16:19:42.0 (1644546)|STATEMENT_EXECUTE|[1]
16:19:42.0 (1646845)|STATEMENT_EXECUTE|[1]
16:19:42.0 (1696149)|HEAP_ALLOCATE|[50]|Bytes:5
16:19:42.0 (1719555)|HEAP_ALLOCATE|[56]|Bytes:5
16:19:42.0 (1726265)|HEAP_ALLOCATE|[64]|Bytes:7
16:19:42.0 (1748629)|SYSTEM_MODE_ENTER|false
16:19:42.0 (1845742)|HEAP_ALLOCATE|[1]|Bytes:5
16:19:42.0 (7770161)|HEAP_ALLOCATE|[1]|Bytes:7
16:19:42.0 (7779682)|HEAP_ALLOCATE|[1]|Bytes:32
16:19:42.0 (7813220)|METHOD_ENTRY|[1]|01p1I000007biq8|Day3ListsAndLoops.Day3ListsAndLoops()
16:19:42.0 (7819752)|STATEMENT_EXECUTE|[1]
16:19:42.0 (7824066)|STATEMENT_EXECUTE|[1]
16:19:42.0 (7834428)|HEAP_ALLOCATE|[1]|Bytes:5
16:19:42.0 (7854969)|METHOD_EXIT|[1]|Day3ListsAndLoops
16:19:42.0 (7886091)|METHOD_ENTRY|[1]|01p1I000007biq8|Day3ListsAndLoops.querySobjects()
16:19:42.0 (7927854)|HEAP_ALLOCATE|[86]|Bytes:5
16:19:42.0 (7933240)|STATEMENT_EXECUTE|[84]
16:19:42.0 (7934723)|STATEMENT_EXECUTE|[86]
16:19:42.0 (7984305)|HEAP_ALLOCATE|[86]|Bytes:4
16:19:42.0 (8091307)|VARIABLE_SCOPE_BEGIN|[86]|myAccount|Account|true|false
16:19:42.0 (8122246)|VARIABLE_ASSIGNMENT|[86]|myAccount|{}|0x5a21402b
16:19:42.0 (8128067)|STATEMENT_EXECUTE|[87]
16:19:42.0 (8130568)|HEAP_ALLOCATE|[87]|Bytes:3
16:19:42.0 (8196798)|VARIABLE_ASSIGNMENT|[87]|this.Name|"ATG"|0x5a21402b
16:19:42.0 (8202672)|STATEMENT_EXECUTE|[89]
16:19:42.0 (8204935)|HEAP_ALLOCATE|[89]|Bytes:24
16:19:42.0 (8301825)|HEAP_ALLOCATE|[89]|Bytes:18
16:19:42.0 (8345717)|HEAP_ALLOCATE|[89]|Bytes:42
16:19:42.0 (8371305)|USER_DEBUG|[89]|DEBUG|myAccount before insert Account:{Name=ATG}
16:19:42.0 (8378574)|STATEMENT_EXECUTE|[91]
16:19:42.0 (8396586)|HEAP_ALLOCATE|[91]|Bytes:8
16:19:42.0 (8404528)|DML_BEGIN|[91]|Op:Insert|Type:Account|Rows:1
16:19:42.0 (8430557)|HEAP_ALLOCATE|[EXTERNAL]|Bytes:8
16:19:42.0 (17273896)|CODE_UNIT_STARTED|[EXTERNAL]|DuplicateDetector
16:19:42.0 (17285691)|DUPLICATE_DETECTION_BEGIN
16:19:42.0 (17868239)|DUPLICATE_DETECTION_RULE_INVOCATION|DuplicateRuleId:0Bm1I000003ZZdx|DuplicateRuleName:Standard Account Duplicate Rule|DmlType:INSERT
16:19:42.0 (34895315)|DUPLICATE_DETECTION_MATCH_INVOCATION_DETAILS|EntityType:Account|ActionTaken:Allow_[Alert,Report]|DuplicateRecordIds:
16:19:42.0 (34918268)|DUPLICATE_DETECTION_MATCH_INVOCATION_SUMMARY|EntityType:Account|NumRecordsToBeSaved:1|NumRecordsToBeSavedWithDuplicates:0|NumDuplicateRecordsFound:0
16:19:42.0 (35033141)|DUPLICATE_DETECTION_END
16:19:42.0 (35039416)|CODE_UNIT_FINISHED|DuplicateDetector
16:19:42.0 (64961817)|DML_END|[91]
16:19:42.0 (64990216)|STATEMENT_EXECUTE|[93]
16:19:42.0 (64999222)|HEAP_ALLOCATE|[93]|Bytes:23
16:19:42.0 (65107080)|HEAP_ALLOCATE|[93]|Bytes:41
16:19:42.0 (65127526)|HEAP_ALLOCATE|[93]|Bytes:64
16:19:42.0 (65146964)|USER_DEBUG|[93]|DEBUG|myAccount after insert Account:{Name=ATG, Id=0011I000007Q0kVQAS}
16:19:42.0 (65153410)|STATEMENT_EXECUTE|[95]
16:19:42.0 (65156033)|HEAP_ALLOCATE|[95]|Bytes:8
16:19:42.0 (65211309)|VARIABLE_ASSIGNMENT|[95]|this.Type|"Prospect"|0x5a21402b
16:19:42.0 (65216933)|STATEMENT_EXECUTE|[97]
16:19:42.0 (65246877)|HEAP_ALLOCATE|[97]|Bytes:8
16:19:42.0 (65253828)|DML_BEGIN|[97]|Op:Update|Type:Account|Rows:1
16:19:42.0 (65285528)|HEAP_ALLOCATE|[EXTERNAL]|Bytes:8
16:19:42.0 (71520641)|CODE_UNIT_STARTED|[EXTERNAL]|DuplicateDetector
16:19:42.0 (71532202)|DUPLICATE_DETECTION_BEGIN
16:19:42.0 (71566276)|DUPLICATE_DETECTION_RULE_INVOCATION|DuplicateRuleId:0Bm1I000003ZZdx|DuplicateRuleName:Standard Account Duplicate Rule|DmlType:UPDATE
16:19:42.0 (71595813)|DUPLICATE_DETECTION_END
16:19:42.0 (71600070)|CODE_UNIT_FINISHED|DuplicateDetector
16:19:42.0 (80896562)|DML_END|[97]
16:19:42.0 (80927819)|METHOD_EXIT|[1]|01p1I000007biq8|Day3ListsAndLoops.querySobjects()
16:19:42.0 (80938669)|SYSTEM_MODE_EXIT|false
16:19:42.0 (94152518)|CODE_UNIT_STARTED|[EXTERNAL]|DuplicateDetector
16:19:42.0 (94175335)|DUPLICATE_DETECTION_BEGIN
16:19:42.0 (94203976)|DUPLICATE_DETECTION_RULE_INVOCATION|DuplicateRuleId:0Bm1I000003ZZdx|DuplicateRuleName:Standard Account Duplicate Rule|DmlType:UPDATE
16:19:42.0 (100889083)|DUPLICATE_DETECTION_END
16:19:42.0 (100895463)|CODE_UNIT_FINISHED|DuplicateDetector
16:19:42.0 (100943706)|CODE_UNIT_STARTED|[EXTERNAL]|DuplicateDetector
16:19:42.0 (100949285)|DUPLICATE_DETECTION_BEGIN
16:19:42.0 (100969254)|DUPLICATE_DETECTION_RULE_INVOCATION|DuplicateRuleId:0Bm1I000003ZZdx|DuplicateRuleName:Standard Account Duplicate Rule|DmlType:INSERT
16:19:42.0 (107014271)|DUPLICATE_DETECTION_END
16:19:42.0 (107019346)|CODE_UNIT_FINISHED|DuplicateDetector
16:19:42.107 (107049840)|CUMULATIVE_LIMIT_USAGE
16:19:42.107 (107049840)|LIMIT_USAGE_FOR_NS|(default)|
  Number of SOQL queries: 0 out of 100
  Number of query rows: 0 out of 50000
  Number of SOSL queries: 0 out of 20
  Number of DML statements: 2 out of 150
  Number of DML rows: 2 out of 10000
  Maximum CPU time: 0 out of 10000
  Maximum heap size: 0 out of 6000000
  Number of callouts: 0 out of 100
  Number of Email Invocations: 0 out of 10
  Number of future calls: 0 out of 50
  Number of queueable jobs added to the queue: 0 out of 50
  Number of Mobile Apex push calls: 0 out of 10

16:19:42.107 (107049840)|CUMULATIVE_LIMIT_USAGE_END

16:19:42.0 (107090065)|CODE_UNIT_FINISHED|execute_anonymous_apex
16:19:42.0 (107831624)|EXECUTION_FINISHED
