41.0 APEX_CODE,FINEST;APEX_PROFILING,FINEST;CALLOUT,FINEST;DB,FINEST;SYSTEM,FINE;VALIDATION,INFO;VISUALFORCE,NONE;WAVE,INFO;WORKFLOW,FINER
Execute Anonymous: 
Execute Anonymous: 
Execute Anonymous: Person fred = new Person('Fred', 'freddster@hotmail.com');
Execute Anonymous: fred.setIsHuman(false);
Execute Anonymous: fred.print();
Execute Anonymous: 
Execute Anonymous: Person betty = new Person('Betty');
Execute Anonymous: betty.print();
Execute Anonymous: 
Execute Anonymous: Person johnny = new Person('Johnny', 'deadJohnny@gmail.com', true);
Execute Anonymous: johnny.print();
16:38:55.0 (981777)|USER_INFO|[EXTERNAL]|0051I000000zlxU|anders.windell@atginfo.com.apex.bootcamp|Pacific Standard Time|GMT-08:00
16:38:55.0 (1002182)|EXECUTION_STARTED
16:38:55.0 (1007831)|CODE_UNIT_STARTED|[EXTERNAL]|execute_anonymous_apex
16:38:55.0 (6385668)|VARIABLE_SCOPE_BEGIN|[12]|Person.isHuman|Boolean|false|true
16:38:55.0 (6594635)|VARIABLE_SCOPE_BEGIN|[7]|betty|Person|true|false
16:38:55.0 (6603843)|VARIABLE_SCOPE_BEGIN|[3]|fred|Person|true|false
16:38:55.0 (6610374)|VARIABLE_SCOPE_BEGIN|[10]|johnny|Person|true|false
16:38:55.0 (6737720)|HEAP_ALLOCATE|[72]|Bytes:3
16:38:55.0 (6798273)|HEAP_ALLOCATE|[77]|Bytes:152
16:38:55.0 (6815361)|HEAP_ALLOCATE|[342]|Bytes:408
16:38:55.0 (6831054)|HEAP_ALLOCATE|[355]|Bytes:408
16:38:55.0 (6843811)|HEAP_ALLOCATE|[467]|Bytes:48
16:38:55.0 (6899257)|HEAP_ALLOCATE|[139]|Bytes:6
16:38:55.0 (6916727)|HEAP_ALLOCATE|[EXTERNAL]|Bytes:15
16:38:55.0 (6999708)|STATEMENT_EXECUTE|[1]
16:38:55.0 (7001859)|STATEMENT_EXECUTE|[3]
16:38:55.0 (7005776)|HEAP_ALLOCATE|[3]|Bytes:14
16:38:55.0 (7010868)|HEAP_ALLOCATE|[3]|Bytes:20
16:38:55.0 (7052710)|METHOD_ENTRY|[10]|01p1I00000AiJUh|Person.Person()
16:38:55.0 (7058785)|STATEMENT_EXECUTE|[10]
16:38:55.0 (7061731)|STATEMENT_EXECUTE|[10]
16:38:55.0 (7062616)|STATEMENT_EXECUTE|[12]
16:38:55.0 (7091291)|HEAP_ALLOCATE|[50]|Bytes:5
16:38:55.0 (7114075)|HEAP_ALLOCATE|[56]|Bytes:5
16:38:55.0 (7121249)|HEAP_ALLOCATE|[64]|Bytes:7
16:38:55.0 (7142227)|HEAP_ALLOCATE|[12]|Bytes:5
16:38:55.0 (7173626)|VARIABLE_ASSIGNMENT|[12]|Person.isHuman|true
16:38:55.0 (7190075)|METHOD_EXIT|[10]|Person
16:38:55.0 (7208770)|HEAP_ALLOCATE|[3]|Bytes:28
16:38:55.0 (7213227)|HEAP_ALLOCATE|[3]|Bytes:4
16:38:55.0 (7215890)|HEAP_ALLOCATE|[3]|Bytes:21
16:38:55.0 (7264395)|SYSTEM_MODE_ENTER|false
16:38:55.0 (7275738)|HEAP_ALLOCATE|[3]|Bytes:5
16:38:55.0 (7305263)|CONSTRUCTOR_ENTRY|[3]|01p1I00000AiJUh|<init>(String,String)
16:38:55.0 (7334158)|VARIABLE_SCOPE_BEGIN|[28]|this|Person|true|false
16:38:55.0 (7384436)|VARIABLE_ASSIGNMENT|[28]|this|{}|0x45b6beba
16:38:55.0 (7390698)|VARIABLE_SCOPE_BEGIN|[28]|defaultName|String|false|false
16:38:55.0 (7400607)|VARIABLE_ASSIGNMENT|[28]|defaultName|"Fred"
16:38:55.0 (7404303)|VARIABLE_SCOPE_BEGIN|[28]|defaultEmail|String|false|false
16:38:55.0 (7412781)|VARIABLE_ASSIGNMENT|[28]|defaultEmail|"freddster@hotmail.co (1 more) ..."
16:38:55.0 (7418276)|STATEMENT_EXECUTE|[10]
16:38:55.0 (7419466)|STATEMENT_EXECUTE|[14]
16:38:55.0 (7420436)|STATEMENT_EXECUTE|[15]
16:38:55.0 (7421260)|STATEMENT_EXECUTE|[16]
16:38:55.0 (7422084)|STATEMENT_EXECUTE|[17]
16:38:55.0 (7422920)|STATEMENT_EXECUTE|[18]
16:38:55.0 (7423735)|STATEMENT_EXECUTE|[19]
16:38:55.0 (7429437)|HEAP_ALLOCATE|[29]|Bytes:6
16:38:55.0 (7459187)|STATEMENT_EXECUTE|[28]
16:38:55.0 (7460395)|STATEMENT_EXECUTE|[29]
16:38:55.0 (7467947)|VARIABLE_ASSIGNMENT|[29]|this.name|"Fred"|0x45b6beba
16:38:55.0 (7473106)|STATEMENT_EXECUTE|[30]
16:38:55.0 (7477123)|VARIABLE_ASSIGNMENT|[30]|this.email|"freddster@hotmail.co (1 more) ..."|0x45b6beba
16:38:55.0 (7481387)|STATEMENT_EXECUTE|[31]
16:38:55.0 (7505571)|HEAP_ALLOCATE|[31]|Bytes:5
16:38:55.0 (7512334)|VARIABLE_ASSIGNMENT|[31]|this.IS_DEAD|false|0x45b6beba
16:38:55.0 (7538533)|CONSTRUCTOR_EXIT|[3]|01p1I00000AiJUh|<init>(String,String)
16:38:55.0 (7553012)|SYSTEM_MODE_EXIT|false
16:38:55.0 (7574960)|VARIABLE_ASSIGNMENT|[3]|fred|{"email":"freddster@hotmail.co (1 more) ...","IS_DEAD":false,"name":"Fred"}|0x45b6beba
16:38:55.0 (7580466)|STATEMENT_EXECUTE|[4]
16:38:55.0 (7620455)|SYSTEM_MODE_ENTER|false
16:38:55.0 (7628557)|HEAP_ALLOCATE|[4]|Bytes:5
16:38:55.0 (7670582)|METHOD_ENTRY|[4]|01p1I00000AiJUh|Person.setIsHuman(Boolean)
16:38:55.0 (7698464)|VARIABLE_SCOPE_BEGIN|[50]|this|Person|true|false
16:38:55.0 (7717428)|VARIABLE_ASSIGNMENT|[50]|this|{"email":"freddster@hotmail.co (1 more) ...","IS_DEAD":false,"name":"Fred"}|0x45b6beba
16:38:55.0 (7724148)|VARIABLE_SCOPE_BEGIN|[50]|isHumanVal|Boolean|false|false
16:38:55.0 (7729933)|VARIABLE_ASSIGNMENT|[50]|isHumanVal|false
16:38:55.0 (7737098)|STATEMENT_EXECUTE|[50]
16:38:55.0 (7738093)|STATEMENT_EXECUTE|[51]
16:38:55.0 (7741187)|HEAP_ALLOCATE|[51]|Bytes:5
16:38:55.0 (7747012)|VARIABLE_ASSIGNMENT|[51]|Person.isHuman|false
16:38:55.0 (7768047)|METHOD_EXIT|[4]|01p1I00000AiJUh|Person.setIsHuman(Boolean)
16:38:55.0 (7779487)|SYSTEM_MODE_EXIT|false
16:38:55.0 (7783518)|STATEMENT_EXECUTE|[5]
16:38:55.0 (7803566)|SYSTEM_MODE_ENTER|false
16:38:55.0 (7810041)|HEAP_ALLOCATE|[5]|Bytes:5
16:38:55.0 (7820505)|METHOD_ENTRY|[5]|01p1I00000AiJUh|Person.print()
16:38:55.0 (7838481)|VARIABLE_SCOPE_BEGIN|[40]|this|Person|true|false
16:38:55.0 (7855902)|VARIABLE_ASSIGNMENT|[40]|this|{"email":"freddster@hotmail.co (1 more) ...","IS_DEAD":false,"name":"Fred"}|0x45b6beba
16:38:55.0 (7862291)|STATEMENT_EXECUTE|[40]
16:38:55.0 (7863238)|STATEMENT_EXECUTE|[41]
16:38:55.0 (7865584)|HEAP_ALLOCATE|[41]|Bytes:13
16:38:55.0 (7887953)|HEAP_ALLOCATE|[41]|Bytes:17
16:38:55.0 (7996864)|SYSTEM_METHOD_ENTRY|[41]|System.debug(ANY)
16:38:55.0 (8052872)|USER_DEBUG|[41]|DEBUG|Person name: Fred
16:38:55.0 (8061273)|SYSTEM_METHOD_EXIT|[41]|System.debug(ANY)
16:38:55.0 (8065539)|STATEMENT_EXECUTE|[42]
16:38:55.0 (8067978)|HEAP_ALLOCATE|[42]|Bytes:14
16:38:55.0 (8075188)|HEAP_ALLOCATE|[42]|Bytes:35
16:38:55.0 (8081458)|SYSTEM_METHOD_ENTRY|[42]|System.debug(ANY)
16:38:55.0 (8089803)|USER_DEBUG|[42]|DEBUG|Person email: freddster@hotmail.com
16:38:55.0 (8094964)|SYSTEM_METHOD_EXIT|[42]|System.debug(ANY)
16:38:55.0 (8098000)|STATEMENT_EXECUTE|[43]
16:38:55.0 (8099587)|HEAP_ALLOCATE|[43]|Bytes:15
16:38:55.0 (8104916)|HEAP_ALLOCATE|[43]|Bytes:19
16:38:55.0 (8109837)|SYSTEM_METHOD_ENTRY|[43]|System.debug(ANY)
16:38:55.0 (8115142)|USER_DEBUG|[43]|DEBUG|Person gender: null
16:38:55.0 (8119991)|SYSTEM_METHOD_EXIT|[43]|System.debug(ANY)
16:38:55.0 (8122282)|STATEMENT_EXECUTE|[44]
16:38:55.0 (8123593)|HEAP_ALLOCATE|[44]|Bytes:15
16:38:55.0 (8168493)|SYSTEM_METHOD_ENTRY|[44]|String.valueOf(Object)
16:38:55.0 (8190610)|SYSTEM_METHOD_EXIT|[44]|String.valueOf(Object)
16:38:55.0 (8196660)|HEAP_ALLOCATE|[44]|Bytes:19
16:38:55.0 (8202988)|SYSTEM_METHOD_ENTRY|[44]|System.debug(ANY)
16:38:55.0 (8206622)|USER_DEBUG|[44]|DEBUG|Person weight: null
16:38:55.0 (8210672)|SYSTEM_METHOD_EXIT|[44]|System.debug(ANY)
16:38:55.0 (8212909)|STATEMENT_EXECUTE|[45]
16:38:55.0 (8214577)|HEAP_ALLOCATE|[45]|Bytes:12
16:38:55.0 (8227096)|SYSTEM_METHOD_ENTRY|[45]|String.valueOf(Object)
16:38:55.0 (8239883)|SYSTEM_METHOD_EXIT|[45]|String.valueOf(Object)
16:38:55.0 (8244514)|HEAP_ALLOCATE|[45]|Bytes:16
16:38:55.0 (8249838)|SYSTEM_METHOD_ENTRY|[45]|System.debug(ANY)
16:38:55.0 (8253116)|USER_DEBUG|[45]|DEBUG|Person age: null
16:38:55.0 (8256866)|SYSTEM_METHOD_EXIT|[45]|System.debug(ANY)
16:38:55.0 (8259116)|STATEMENT_EXECUTE|[46]
16:38:55.0 (8260563)|HEAP_ALLOCATE|[46]|Bytes:15
16:38:55.0 (8271176)|SYSTEM_METHOD_ENTRY|[46]|String.valueOf(Object)
16:38:55.0 (8355639)|HEAP_ALLOCATE|[46]|Bytes:5
16:38:55.0 (8368289)|SYSTEM_METHOD_EXIT|[46]|String.valueOf(Object)
16:38:55.0 (8373234)|HEAP_ALLOCATE|[46]|Bytes:20
16:38:55.0 (8379180)|SYSTEM_METHOD_ENTRY|[46]|System.debug(ANY)
16:38:55.0 (8382663)|USER_DEBUG|[46]|DEBUG|Person isDead: false
16:38:55.0 (8386778)|SYSTEM_METHOD_EXIT|[46]|System.debug(ANY)
16:38:55.0 (8389516)|STATEMENT_EXECUTE|[47]
16:38:55.0 (8391111)|HEAP_ALLOCATE|[47]|Bytes:16
16:38:55.0 (8402810)|SYSTEM_METHOD_ENTRY|[47]|String.valueOf(Object)
16:38:55.0 (8410868)|HEAP_ALLOCATE|[47]|Bytes:5
16:38:55.0 (8419548)|SYSTEM_METHOD_EXIT|[47]|String.valueOf(Object)
16:38:55.0 (8424066)|HEAP_ALLOCATE|[47]|Bytes:21
16:38:55.0 (8429066)|SYSTEM_METHOD_ENTRY|[47]|System.debug(ANY)
16:38:55.0 (8432304)|USER_DEBUG|[47]|DEBUG|Person isHuman: false
16:38:55.0 (8436075)|SYSTEM_METHOD_EXIT|[47]|System.debug(ANY)
16:38:55.0 (8440378)|METHOD_EXIT|[5]|01p1I00000AiJUh|Person.print()
16:38:55.0 (8447047)|SYSTEM_MODE_EXIT|false
16:38:55.0 (8451147)|STATEMENT_EXECUTE|[7]
16:38:55.0 (8455054)|HEAP_ALLOCATE|[7]|Bytes:28
16:38:55.0 (8459017)|HEAP_ALLOCATE|[7]|Bytes:5
16:38:55.0 (8481904)|SYSTEM_MODE_ENTER|false
16:38:55.0 (8489616)|HEAP_ALLOCATE|[7]|Bytes:5
16:38:55.0 (8498876)|CONSTRUCTOR_ENTRY|[7]|01p1I00000AiJUh|<init>(String)
16:38:55.0 (8513176)|VARIABLE_SCOPE_BEGIN|[21]|this|Person|true|false
16:38:55.0 (8529534)|VARIABLE_ASSIGNMENT|[21]|this|{}|0x18294df6
16:38:55.0 (8535407)|VARIABLE_SCOPE_BEGIN|[21]|defaultName|String|false|false
16:38:55.0 (8542121)|VARIABLE_ASSIGNMENT|[21]|defaultName|"Betty"
16:38:55.0 (8546428)|STATEMENT_EXECUTE|[10]
16:38:55.0 (8547464)|STATEMENT_EXECUTE|[14]
16:38:55.0 (8548378)|STATEMENT_EXECUTE|[15]
16:38:55.0 (8549149)|STATEMENT_EXECUTE|[16]
16:38:55.0 (8550059)|STATEMENT_EXECUTE|[17]
16:38:55.0 (8550903)|STATEMENT_EXECUTE|[18]
16:38:55.0 (8551772)|STATEMENT_EXECUTE|[19]
16:38:55.0 (8561432)|STATEMENT_EXECUTE|[21]
16:38:55.0 (8562418)|STATEMENT_EXECUTE|[22]
16:38:55.0 (8567989)|VARIABLE_ASSIGNMENT|[22]|this.name|"Betty"|0x18294df6
16:38:55.0 (8572337)|STATEMENT_EXECUTE|[23]
16:38:55.0 (8579847)|HEAP_ALLOCATE|[23]|Bytes:5
16:38:55.0 (8585908)|VARIABLE_ASSIGNMENT|[23]|this.IS_DEAD|false|0x18294df6
16:38:55.0 (8593720)|CONSTRUCTOR_EXIT|[7]|01p1I00000AiJUh|<init>(String)
16:38:55.0 (8600030)|SYSTEM_MODE_EXIT|false
16:38:55.0 (8615924)|VARIABLE_ASSIGNMENT|[7]|betty|{"IS_DEAD":false,"name":"Betty"}|0x18294df6
16:38:55.0 (8624476)|STATEMENT_EXECUTE|[8]
16:38:55.0 (8644990)|SYSTEM_MODE_ENTER|false
16:38:55.0 (8651443)|HEAP_ALLOCATE|[8]|Bytes:5
16:38:55.0 (8660141)|METHOD_ENTRY|[8]|01p1I00000AiJUh|Person.print()
16:38:55.0 (8670462)|VARIABLE_SCOPE_BEGIN|[40]|this|Person|true|false
16:38:55.0 (8685859)|VARIABLE_ASSIGNMENT|[40]|this|{"IS_DEAD":false,"name":"Betty"}|0x18294df6
16:38:55.0 (8691765)|STATEMENT_EXECUTE|[40]
16:38:55.0 (8692789)|STATEMENT_EXECUTE|[41]
16:38:55.0 (8697207)|HEAP_ALLOCATE|[41]|Bytes:18
16:38:55.0 (8704908)|SYSTEM_METHOD_ENTRY|[41]|System.debug(ANY)
16:38:55.0 (8708996)|USER_DEBUG|[41]|DEBUG|Person name: Betty
16:38:55.0 (8713902)|SYSTEM_METHOD_EXIT|[41]|System.debug(ANY)
16:38:55.0 (8717129)|STATEMENT_EXECUTE|[42]
16:38:55.0 (8719874)|HEAP_ALLOCATE|[42]|Bytes:18
16:38:55.0 (8723962)|SYSTEM_METHOD_ENTRY|[42]|System.debug(ANY)
16:38:55.0 (8726366)|USER_DEBUG|[42]|DEBUG|Person email: null
16:38:55.0 (8730114)|SYSTEM_METHOD_EXIT|[42]|System.debug(ANY)
16:38:55.0 (8732175)|STATEMENT_EXECUTE|[43]
16:38:55.0 (8734259)|HEAP_ALLOCATE|[43]|Bytes:19
16:38:55.0 (8738140)|SYSTEM_METHOD_ENTRY|[43]|System.debug(ANY)
16:38:55.0 (8740823)|USER_DEBUG|[43]|DEBUG|Person gender: null
16:38:55.0 (8744547)|SYSTEM_METHOD_EXIT|[43]|System.debug(ANY)
16:38:55.0 (8746720)|STATEMENT_EXECUTE|[44]
16:38:55.0 (8760853)|SYSTEM_METHOD_ENTRY|[44]|String.valueOf(Object)
16:38:55.0 (8770376)|SYSTEM_METHOD_EXIT|[44]|String.valueOf(Object)
16:38:55.0 (8774648)|HEAP_ALLOCATE|[44]|Bytes:19
16:38:55.0 (8778907)|SYSTEM_METHOD_ENTRY|[44]|System.debug(ANY)
16:38:55.0 (8782123)|USER_DEBUG|[44]|DEBUG|Person weight: null
16:38:55.0 (8785622)|SYSTEM_METHOD_EXIT|[44]|System.debug(ANY)
16:38:55.0 (8787817)|STATEMENT_EXECUTE|[45]
16:38:55.0 (8795836)|SYSTEM_METHOD_ENTRY|[45]|String.valueOf(Object)
16:38:55.0 (8803634)|SYSTEM_METHOD_EXIT|[45]|String.valueOf(Object)
16:38:55.0 (8807111)|HEAP_ALLOCATE|[45]|Bytes:16
16:38:55.0 (8811915)|SYSTEM_METHOD_ENTRY|[45]|System.debug(ANY)
16:38:55.0 (8814738)|USER_DEBUG|[45]|DEBUG|Person age: null
16:38:55.0 (8818534)|SYSTEM_METHOD_EXIT|[45]|System.debug(ANY)
16:38:55.0 (8821363)|STATEMENT_EXECUTE|[46]
16:38:55.0 (8829296)|SYSTEM_METHOD_ENTRY|[46]|String.valueOf(Object)
16:38:55.0 (8832559)|HEAP_ALLOCATE|[46]|Bytes:5
16:38:55.0 (8840325)|SYSTEM_METHOD_EXIT|[46]|String.valueOf(Object)
16:38:55.0 (8844300)|HEAP_ALLOCATE|[46]|Bytes:20
16:38:55.0 (8848009)|SYSTEM_METHOD_ENTRY|[46]|System.debug(ANY)
16:38:55.0 (8850985)|USER_DEBUG|[46]|DEBUG|Person isDead: false
16:38:55.0 (8854744)|SYSTEM_METHOD_EXIT|[46]|System.debug(ANY)
16:38:55.0 (8857745)|STATEMENT_EXECUTE|[47]
16:38:55.0 (8865753)|SYSTEM_METHOD_ENTRY|[47]|String.valueOf(Object)
16:38:55.0 (8868789)|HEAP_ALLOCATE|[47]|Bytes:5
16:38:55.0 (8876301)|SYSTEM_METHOD_EXIT|[47]|String.valueOf(Object)
16:38:55.0 (8879588)|HEAP_ALLOCATE|[47]|Bytes:21
16:38:55.0 (8883351)|SYSTEM_METHOD_ENTRY|[47]|System.debug(ANY)
16:38:55.0 (8886124)|USER_DEBUG|[47]|DEBUG|Person isHuman: false
16:38:55.0 (8889694)|SYSTEM_METHOD_EXIT|[47]|System.debug(ANY)
16:38:55.0 (8893810)|METHOD_EXIT|[8]|01p1I00000AiJUh|Person.print()
16:38:55.0 (8899620)|SYSTEM_MODE_EXIT|false
16:38:55.0 (8903501)|STATEMENT_EXECUTE|[10]
16:38:55.0 (8907072)|HEAP_ALLOCATE|[10]|Bytes:28
16:38:55.0 (8910831)|HEAP_ALLOCATE|[10]|Bytes:6
16:38:55.0 (8913286)|HEAP_ALLOCATE|[10]|Bytes:20
16:38:55.0 (8933106)|SYSTEM_MODE_ENTER|false
16:38:55.0 (8939954)|HEAP_ALLOCATE|[10]|Bytes:5
16:38:55.0 (8949992)|CONSTRUCTOR_ENTRY|[10]|01p1I00000AiJUh|<init>(String,String,Boolean)
16:38:55.0 (8964868)|VARIABLE_SCOPE_BEGIN|[34]|this|Person|true|false
16:38:55.0 (8979184)|VARIABLE_ASSIGNMENT|[34]|this|{}|0x203ebb1e
16:38:55.0 (8984220)|VARIABLE_SCOPE_BEGIN|[34]|defaultName|String|false|false
16:38:55.0 (8990639)|VARIABLE_ASSIGNMENT|[34]|defaultName|"Johnny"
16:38:55.0 (8994171)|VARIABLE_SCOPE_BEGIN|[34]|defaultEmail|String|false|false
16:38:55.0 (8999917)|VARIABLE_ASSIGNMENT|[34]|defaultEmail|"deadJohnny@gmail.com"
16:38:55.0 (9004221)|VARIABLE_SCOPE_BEGIN|[34]|defaultIsDead|Boolean|false|false
16:38:55.0 (9011134)|VARIABLE_ASSIGNMENT|[34]|defaultIsDead|true
16:38:55.0 (9015246)|STATEMENT_EXECUTE|[10]
16:38:55.0 (9016239)|STATEMENT_EXECUTE|[14]
16:38:55.0 (9017155)|STATEMENT_EXECUTE|[15]
16:38:55.0 (9017954)|STATEMENT_EXECUTE|[16]
16:38:55.0 (9018753)|STATEMENT_EXECUTE|[17]
16:38:55.0 (9019535)|STATEMENT_EXECUTE|[18]
16:38:55.0 (9020306)|STATEMENT_EXECUTE|[19]
16:38:55.0 (9029126)|STATEMENT_EXECUTE|[34]
16:38:55.0 (9030123)|STATEMENT_EXECUTE|[35]
16:38:55.0 (9035512)|VARIABLE_ASSIGNMENT|[35]|this.name|"Johnny"|0x203ebb1e
16:38:55.0 (9039996)|STATEMENT_EXECUTE|[36]
16:38:55.0 (9043341)|VARIABLE_ASSIGNMENT|[36]|this.email|"deadJohnny@gmail.com"|0x203ebb1e
16:38:55.0 (9047278)|STATEMENT_EXECUTE|[37]
16:38:55.0 (9053811)|HEAP_ALLOCATE|[37]|Bytes:5
16:38:55.0 (9059004)|VARIABLE_ASSIGNMENT|[37]|this.IS_DEAD|true|0x203ebb1e
16:38:55.0 (9068280)|CONSTRUCTOR_EXIT|[10]|01p1I00000AiJUh|<init>(String,String,Boolean)
16:38:55.0 (9075197)|SYSTEM_MODE_EXIT|false
16:38:55.0 (9091657)|VARIABLE_ASSIGNMENT|[10]|johnny|{"email":"deadJohnny@gmail.com","IS_DEAD":true,"name":"Johnny"}|0x203ebb1e
16:38:55.0 (9096944)|STATEMENT_EXECUTE|[11]
16:38:55.0 (9116107)|SYSTEM_MODE_ENTER|false
16:38:55.0 (9122869)|HEAP_ALLOCATE|[11]|Bytes:5
16:38:55.0 (9130510)|METHOD_ENTRY|[11]|01p1I00000AiJUh|Person.print()
16:38:55.0 (9140502)|VARIABLE_SCOPE_BEGIN|[40]|this|Person|true|false
16:38:55.0 (9155107)|VARIABLE_ASSIGNMENT|[40]|this|{"email":"deadJohnny@gmail.com","IS_DEAD":true,"name":"Johnny"}|0x203ebb1e
16:38:55.0 (9161009)|STATEMENT_EXECUTE|[40]
16:38:55.0 (9162033)|STATEMENT_EXECUTE|[41]
16:38:55.0 (9170726)|HEAP_ALLOCATE|[41]|Bytes:19
16:38:55.0 (9177930)|SYSTEM_METHOD_ENTRY|[41]|System.debug(ANY)
16:38:55.0 (9181889)|USER_DEBUG|[41]|DEBUG|Person name: Johnny
16:38:55.0 (9187068)|SYSTEM_METHOD_EXIT|[41]|System.debug(ANY)
16:38:55.0 (9189840)|STATEMENT_EXECUTE|[42]
16:38:55.0 (9192414)|HEAP_ALLOCATE|[42]|Bytes:34
16:38:55.0 (9196671)|SYSTEM_METHOD_ENTRY|[42]|System.debug(ANY)
16:38:55.0 (9199337)|USER_DEBUG|[42]|DEBUG|Person email: deadJohnny@gmail.com
16:38:55.0 (9203011)|SYSTEM_METHOD_EXIT|[42]|System.debug(ANY)
16:38:55.0 (9205269)|STATEMENT_EXECUTE|[43]
16:38:55.0 (9207738)|HEAP_ALLOCATE|[43]|Bytes:19
16:38:55.0 (9211564)|SYSTEM_METHOD_ENTRY|[43]|System.debug(ANY)
16:38:55.0 (9214287)|USER_DEBUG|[43]|DEBUG|Person gender: null
16:38:55.0 (9218231)|SYSTEM_METHOD_EXIT|[43]|System.debug(ANY)
16:38:55.0 (9220393)|STATEMENT_EXECUTE|[44]
16:38:55.0 (9233966)|SYSTEM_METHOD_ENTRY|[44]|String.valueOf(Object)
16:38:55.0 (9243247)|SYSTEM_METHOD_EXIT|[44]|String.valueOf(Object)
16:38:55.0 (9247159)|HEAP_ALLOCATE|[44]|Bytes:19
16:38:55.0 (9251255)|SYSTEM_METHOD_ENTRY|[44]|System.debug(ANY)
16:38:55.0 (9254107)|USER_DEBUG|[44]|DEBUG|Person weight: null
16:38:55.0 (9257627)|SYSTEM_METHOD_EXIT|[44]|System.debug(ANY)
16:38:55.0 (9259778)|STATEMENT_EXECUTE|[45]
16:38:55.0 (9267512)|SYSTEM_METHOD_ENTRY|[45]|String.valueOf(Object)
16:38:55.0 (9275892)|SYSTEM_METHOD_EXIT|[45]|String.valueOf(Object)
16:38:55.0 (9280075)|HEAP_ALLOCATE|[45]|Bytes:16
16:38:55.0 (9284189)|SYSTEM_METHOD_ENTRY|[45]|System.debug(ANY)
16:38:55.0 (9286718)|USER_DEBUG|[45]|DEBUG|Person age: null
16:38:55.0 (9290520)|SYSTEM_METHOD_EXIT|[45]|System.debug(ANY)
16:38:55.0 (9293058)|STATEMENT_EXECUTE|[46]
16:38:55.0 (9301306)|SYSTEM_METHOD_ENTRY|[46]|String.valueOf(Object)
16:38:55.0 (9304376)|HEAP_ALLOCATE|[46]|Bytes:4
16:38:55.0 (9312134)|SYSTEM_METHOD_EXIT|[46]|String.valueOf(Object)
16:38:55.0 (9315939)|HEAP_ALLOCATE|[46]|Bytes:19
16:38:55.0 (9319710)|SYSTEM_METHOD_ENTRY|[46]|System.debug(ANY)
16:38:55.0 (9322652)|USER_DEBUG|[46]|DEBUG|Person isDead: true
16:38:55.0 (9326363)|SYSTEM_METHOD_EXIT|[46]|System.debug(ANY)
16:38:55.0 (9328447)|STATEMENT_EXECUTE|[47]
16:38:55.0 (9336527)|SYSTEM_METHOD_ENTRY|[47]|String.valueOf(Object)
16:38:55.0 (9339479)|HEAP_ALLOCATE|[47]|Bytes:5
16:38:55.0 (9346820)|SYSTEM_METHOD_EXIT|[47]|String.valueOf(Object)
16:38:55.0 (9350258)|HEAP_ALLOCATE|[47]|Bytes:21
16:38:55.0 (9353901)|SYSTEM_METHOD_ENTRY|[47]|System.debug(ANY)
16:38:55.0 (9356584)|USER_DEBUG|[47]|DEBUG|Person isHuman: false
16:38:55.0 (9360177)|SYSTEM_METHOD_EXIT|[47]|System.debug(ANY)
16:38:55.0 (9364350)|METHOD_EXIT|[11]|01p1I00000AiJUh|Person.print()
16:38:55.0 (9370162)|SYSTEM_MODE_EXIT|false
16:38:55.9 (9406390)|CUMULATIVE_LIMIT_USAGE
16:38:55.9 (9406390)|LIMIT_USAGE_FOR_NS|(default)|
  Number of SOQL queries: 0 out of 100
  Number of query rows: 0 out of 50000
  Number of SOSL queries: 0 out of 20
  Number of DML statements: 0 out of 150
  Number of DML rows: 0 out of 10000
  Maximum CPU time: 0 out of 10000
  Maximum heap size: 0 out of 6000000
  Number of callouts: 0 out of 100
  Number of Email Invocations: 0 out of 10
  Number of future calls: 0 out of 50
  Number of queueable jobs added to the queue: 0 out of 50
  Number of Mobile Apex push calls: 0 out of 10

16:38:55.9 (9406390)|TOTAL_EMAIL_RECIPIENTS_QUEUED|0
16:38:55.9 (9406390)|STATIC_VARIABLE_LIST|
  char[]:DigitTens:0
  long:serialVersionUID:0
  Person:_static_betty:0
  String:_sfdcSuppressedCodeLocations:0
  long:serialVersionUID:0
  String:_sfdcAdditionalCodeLocations:0
  double:MAX_VALUE:0
  Boolean:FALSE:0
  long:serialVersionUID:0
  double:MIN_VALUE:0
  int:SIZE:0
  double:NEGATIVE_INFINITY:0
  int:MAX_VALUE:0
  Boolean:_static_isHuman:0
  char[]:digits:0
  double:NaN:0
  Boolean:TRUE:0
  Person:_static_johnny:0
  Person:_static_fred:0
  int:MIN_VALUE:0
  char[]:DigitOnes:0
  int:BYTES:0
  int:MIN_EXPONENT:0
  String:_sfdcAdditionalCodeLocations:0
  int[]:sizeTable:0
  int:MAX_EXPONENT:0
  String:_sfdcSuppressedCodeLocations:0
  int:SIZE:0
  double:POSITIVE_INFINITY:0
  double:MIN_NORMAL:0
  int:BYTES:0

16:38:55.9 (9406390)|CUMULATIVE_LIMIT_USAGE_END

16:38:55.0 (9490991)|CODE_UNIT_FINISHED|execute_anonymous_apex
16:38:55.0 (10277287)|EXECUTION_FINISHED
16:38:55.19 (19098289)|CUMULATIVE_PROFILING_BEGIN
16:38:55.19 (19098289)|CUMULATIVE_PROFILING|No profiling information for SOQL operations
16:38:55.19 (19098289)|CUMULATIVE_PROFILING|No profiling information for SOSL operations
16:38:55.19 (19098289)|CUMULATIVE_PROFILING|No profiling information for DML operations
16:38:55.19 (19098289)|CUMULATIVE_PROFILING|method invocations|
External entry point: public static void execute(): executed 1 time in 3 ms
AnonymousBlock: line 8, column 1: public void print(): executed 1 time in 1 ms
AnonymousBlock: line 3, column 1: public Person(String, String): executed 1 time in 0 ms
AnonymousBlock: line 4, column 1: public void setIsHuman(Boolean): executed 1 time in 0 ms
AnonymousBlock: line 5, column 1: public void print(): executed 1 time in 0 ms
AnonymousBlock: line 7, column 1: public Person(String): executed 1 time in 0 ms
AnonymousBlock: line 10, column 1: public Person(String, String, Boolean): executed 1 time in 0 ms
AnonymousBlock: line 11, column 1: public void print(): executed 1 time in 0 ms
Class.Person.print: line 41, column 1: global public static void debug(ANY): executed 3 times in 0 ms
Class.Person.print: line 42, column 1: global public static void debug(ANY): executed 3 times in 0 ms
Class.Person.print: line 43, column 1: global public static void debug(ANY): executed 3 times in 0 ms

16:38:55.19 (19098289)|CUMULATIVE_PROFILING_END
