41.0 APEX_CODE,FINEST;APEX_PROFILING,FINEST;CALLOUT,FINEST;DB,FINEST;SYSTEM,FINE;VALIDATION,INFO;VISUALFORCE,NONE;WAVE,INFO;WORKFLOW,FINER
Execute Anonymous: 
Execute Anonymous: 
Execute Anonymous: Person fred = new Person('Fred', 'freddster@hotmail.com');
Execute Anonymous: fred.setIsHuman(false);
Execute Anonymous: fred.print();
Execute Anonymous: 
Execute Anonymous: Person betty = new Person('Betty');
Execute Anonymous: betty.print();
16:17:40.1 (1035749)|USER_INFO|[EXTERNAL]|0051I000000zlxU|anders.windell@atginfo.com.apex.bootcamp|Pacific Standard Time|GMT-08:00
16:17:40.1 (1057753)|EXECUTION_STARTED
16:17:40.1 (1062953)|CODE_UNIT_STARTED|[EXTERNAL]|execute_anonymous_apex
16:17:40.1 (8412467)|VARIABLE_SCOPE_BEGIN|[12]|Person.isHuman|Boolean|false|true
16:17:40.1 (8561773)|VARIABLE_SCOPE_BEGIN|[7]|betty|Person|true|false
16:17:40.1 (8581243)|VARIABLE_SCOPE_BEGIN|[3]|fred|Person|true|false
16:17:40.1 (8829339)|HEAP_ALLOCATE|[72]|Bytes:3
16:17:40.1 (8883620)|HEAP_ALLOCATE|[77]|Bytes:152
16:17:40.1 (8907612)|HEAP_ALLOCATE|[342]|Bytes:408
16:17:40.1 (8934375)|HEAP_ALLOCATE|[355]|Bytes:408
16:17:40.1 (8960186)|HEAP_ALLOCATE|[467]|Bytes:48
16:17:40.1 (9003121)|HEAP_ALLOCATE|[139]|Bytes:6
16:17:40.1 (9033197)|HEAP_ALLOCATE|[EXTERNAL]|Bytes:9
16:17:40.1 (9096589)|STATEMENT_EXECUTE|[1]
16:17:40.1 (9100913)|STATEMENT_EXECUTE|[3]
16:17:40.1 (9106721)|HEAP_ALLOCATE|[3]|Bytes:11
16:17:40.1 (9116174)|HEAP_ALLOCATE|[3]|Bytes:20
16:17:40.1 (9160421)|METHOD_ENTRY|[10]|01p1I00000AiJUh|Person.Person()
16:17:40.1 (9171612)|STATEMENT_EXECUTE|[10]
16:17:40.1 (9176268)|STATEMENT_EXECUTE|[10]
16:17:40.1 (9177787)|STATEMENT_EXECUTE|[12]
16:17:40.1 (9212122)|HEAP_ALLOCATE|[50]|Bytes:5
16:17:40.1 (9240040)|HEAP_ALLOCATE|[56]|Bytes:5
16:17:40.1 (9253526)|HEAP_ALLOCATE|[64]|Bytes:7
16:17:40.1 (9277339)|HEAP_ALLOCATE|[12]|Bytes:5
16:17:40.1 (9339516)|VARIABLE_ASSIGNMENT|[12]|Person.isHuman|true
16:17:40.1 (9352960)|METHOD_EXIT|[10]|Person
16:17:40.1 (9376486)|HEAP_ALLOCATE|[3]|Bytes:28
16:17:40.1 (9383990)|HEAP_ALLOCATE|[3]|Bytes:4
16:17:40.1 (9390470)|HEAP_ALLOCATE|[3]|Bytes:21
16:17:40.1 (9439279)|SYSTEM_MODE_ENTER|false
16:17:40.1 (9454149)|HEAP_ALLOCATE|[3]|Bytes:5
16:17:40.1 (9479220)|CONSTRUCTOR_ENTRY|[3]|01p1I00000AiJUh|<init>(String,String)
16:17:40.1 (9525103)|VARIABLE_SCOPE_BEGIN|[27]|this|Person|true|false
16:17:40.1 (9610730)|VARIABLE_ASSIGNMENT|[27]|this|{}|0x76bb602e
16:17:40.1 (9623636)|VARIABLE_SCOPE_BEGIN|[27]|defaultName|String|false|false
16:17:40.1 (9641610)|VARIABLE_ASSIGNMENT|[27]|defaultName|"Fred"
16:17:40.1 (9649595)|VARIABLE_SCOPE_BEGIN|[27]|defaultEmail|String|false|false
16:17:40.1 (9665486)|VARIABLE_ASSIGNMENT|[27]|defaultEmail|"freddster@hotmail.co (1 more) ..."
16:17:40.1 (9674538)|STATEMENT_EXECUTE|[10]
16:17:40.1 (9676728)|STATEMENT_EXECUTE|[14]
16:17:40.1 (9678416)|STATEMENT_EXECUTE|[15]
16:17:40.1 (9679758)|STATEMENT_EXECUTE|[16]
16:17:40.1 (9681138)|STATEMENT_EXECUTE|[17]
16:17:40.1 (9682604)|STATEMENT_EXECUTE|[18]
16:17:40.1 (9684013)|STATEMENT_EXECUTE|[19]
16:17:40.1 (9690423)|HEAP_ALLOCATE|[19]|Bytes:5
16:17:40.1 (9707485)|VARIABLE_ASSIGNMENT|[19]|this.isDead|false|0x76bb602e
16:17:40.1 (9722628)|HEAP_ALLOCATE|[19]|Bytes:6
16:17:40.1 (9768428)|STATEMENT_EXECUTE|[27]
16:17:40.1 (9770712)|STATEMENT_EXECUTE|[28]
16:17:40.1 (9781201)|VARIABLE_ASSIGNMENT|[28]|this.name|"Fred"|0x76bb602e
16:17:40.1 (9798466)|STATEMENT_EXECUTE|[29]
16:17:40.1 (9808798)|VARIABLE_ASSIGNMENT|[29]|this.email|"freddster@hotmail.co (1 more) ..."|0x76bb602e
16:17:40.1 (9828957)|CONSTRUCTOR_EXIT|[3]|01p1I00000AiJUh|<init>(String,String)
16:17:40.1 (9845234)|SYSTEM_MODE_EXIT|false
16:17:40.1 (9896275)|VARIABLE_ASSIGNMENT|[3]|fred|{"email":"freddster@hotmail.co (1 more) ...","isDead":false,"name":"Fred"}|0x76bb602e
16:17:40.1 (9908608)|STATEMENT_EXECUTE|[4]
16:17:40.1 (9951172)|SYSTEM_MODE_ENTER|false
16:17:40.1 (9963612)|HEAP_ALLOCATE|[4]|Bytes:5
16:17:40.1 (10004885)|METHOD_ENTRY|[4]|01p1I00000AiJUh|Person.setIsHuman(Boolean)
16:17:40.1 (10039953)|VARIABLE_SCOPE_BEGIN|[42]|this|Person|true|false
16:17:40.1 (10074976)|VARIABLE_ASSIGNMENT|[42]|this|{"email":"freddster@hotmail.co (1 more) ...","isDead":false,"name":"Fred"}|0x76bb602e
16:17:40.1 (10089280)|VARIABLE_SCOPE_BEGIN|[42]|isHumanVal|Boolean|false|false
16:17:40.1 (10099900)|VARIABLE_ASSIGNMENT|[42]|isHumanVal|false
16:17:40.1 (10111417)|STATEMENT_EXECUTE|[42]
16:17:40.1 (10113220)|STATEMENT_EXECUTE|[43]
16:17:40.1 (10119336)|HEAP_ALLOCATE|[43]|Bytes:5
16:17:40.1 (10132166)|VARIABLE_ASSIGNMENT|[43]|Person.isHuman|false
16:17:40.1 (10146160)|METHOD_EXIT|[4]|01p1I00000AiJUh|Person.setIsHuman(Boolean)
16:17:40.1 (10159923)|SYSTEM_MODE_EXIT|false
16:17:40.1 (10168015)|STATEMENT_EXECUTE|[5]
16:17:40.1 (10222353)|SYSTEM_MODE_ENTER|false
16:17:40.1 (10234341)|HEAP_ALLOCATE|[5]|Bytes:5
16:17:40.1 (10253243)|METHOD_ENTRY|[5]|01p1I00000AiJUh|Person.print()
16:17:40.1 (10284242)|VARIABLE_SCOPE_BEGIN|[32]|this|Person|true|false
16:17:40.1 (10318306)|VARIABLE_ASSIGNMENT|[32]|this|{"email":"freddster@hotmail.co (1 more) ...","isDead":false,"name":"Fred"}|0x76bb602e
16:17:40.1 (10331597)|STATEMENT_EXECUTE|[32]
16:17:40.1 (10333262)|STATEMENT_EXECUTE|[33]
16:17:40.1 (10337325)|HEAP_ALLOCATE|[33]|Bytes:13
16:17:40.1 (10364590)|HEAP_ALLOCATE|[33]|Bytes:17
16:17:40.1 (10420032)|SYSTEM_METHOD_ENTRY|[33]|System.debug(ANY)
16:17:40.1 (10475936)|USER_DEBUG|[33]|DEBUG|Person name: Fred
16:17:40.1 (10489992)|SYSTEM_METHOD_EXIT|[33]|System.debug(ANY)
16:17:40.1 (10495903)|STATEMENT_EXECUTE|[34]
16:17:40.1 (10500235)|HEAP_ALLOCATE|[34]|Bytes:14
16:17:40.1 (10511706)|HEAP_ALLOCATE|[34]|Bytes:35
16:17:40.1 (10523176)|SYSTEM_METHOD_ENTRY|[34]|System.debug(ANY)
16:17:40.1 (10537601)|USER_DEBUG|[34]|DEBUG|Person email: freddster@hotmail.com
16:17:40.1 (10546753)|SYSTEM_METHOD_EXIT|[34]|System.debug(ANY)
16:17:40.1 (10552390)|STATEMENT_EXECUTE|[35]
16:17:40.1 (10556015)|HEAP_ALLOCATE|[35]|Bytes:15
16:17:40.1 (10565448)|HEAP_ALLOCATE|[35]|Bytes:19
16:17:40.1 (10572006)|SYSTEM_METHOD_ENTRY|[35]|System.debug(ANY)
16:17:40.1 (10579261)|USER_DEBUG|[35]|DEBUG|Person gender: null
16:17:40.1 (10584668)|SYSTEM_METHOD_EXIT|[35]|System.debug(ANY)
16:17:40.1 (10587256)|STATEMENT_EXECUTE|[36]
16:17:40.1 (10589113)|HEAP_ALLOCATE|[36]|Bytes:15
16:17:40.1 (10622164)|SYSTEM_METHOD_ENTRY|[36]|String.valueOf(Object)
16:17:40.1 (10648749)|SYSTEM_METHOD_EXIT|[36]|String.valueOf(Object)
16:17:40.1 (10658461)|HEAP_ALLOCATE|[36]|Bytes:19
16:17:40.1 (10669080)|SYSTEM_METHOD_ENTRY|[36]|System.debug(ANY)
16:17:40.1 (10675325)|USER_DEBUG|[36]|DEBUG|Person weight: null
16:17:40.1 (10683416)|SYSTEM_METHOD_EXIT|[36]|System.debug(ANY)
16:17:40.1 (10688361)|STATEMENT_EXECUTE|[37]
16:17:40.1 (10691900)|HEAP_ALLOCATE|[37]|Bytes:12
16:17:40.1 (10714931)|SYSTEM_METHOD_ENTRY|[37]|String.valueOf(Object)
16:17:40.1 (10739781)|SYSTEM_METHOD_EXIT|[37]|String.valueOf(Object)
16:17:40.1 (10748422)|HEAP_ALLOCATE|[37]|Bytes:16
16:17:40.1 (10759232)|SYSTEM_METHOD_ENTRY|[37]|System.debug(ANY)
16:17:40.1 (10765005)|USER_DEBUG|[37]|DEBUG|Person age: null
16:17:40.1 (10773736)|SYSTEM_METHOD_EXIT|[37]|System.debug(ANY)
16:17:40.1 (10778698)|STATEMENT_EXECUTE|[38]
16:17:40.1 (10782045)|HEAP_ALLOCATE|[38]|Bytes:15
16:17:40.1 (10810772)|SYSTEM_METHOD_ENTRY|[38]|String.valueOf(Object)
16:17:40.1 (10831670)|HEAP_ALLOCATE|[38]|Bytes:5
16:17:40.1 (10850891)|SYSTEM_METHOD_EXIT|[38]|String.valueOf(Object)
16:17:40.1 (10859080)|HEAP_ALLOCATE|[38]|Bytes:20
16:17:40.1 (10869561)|SYSTEM_METHOD_ENTRY|[38]|System.debug(ANY)
16:17:40.1 (10875868)|USER_DEBUG|[38]|DEBUG|Person isDead: false
16:17:40.1 (10884139)|SYSTEM_METHOD_EXIT|[38]|System.debug(ANY)
16:17:40.1 (10888691)|STATEMENT_EXECUTE|[39]
16:17:40.1 (10891734)|HEAP_ALLOCATE|[39]|Bytes:16
16:17:40.1 (10914132)|SYSTEM_METHOD_ENTRY|[39]|String.valueOf(Object)
16:17:40.1 (10927404)|HEAP_ALLOCATE|[39]|Bytes:5
16:17:40.1 (10949275)|SYSTEM_METHOD_EXIT|[39]|String.valueOf(Object)
16:17:40.1 (10958290)|HEAP_ALLOCATE|[39]|Bytes:21
16:17:40.1 (10968902)|SYSTEM_METHOD_ENTRY|[39]|System.debug(ANY)
16:17:40.1 (10975212)|USER_DEBUG|[39]|DEBUG|Person isHuman: false
16:17:40.1 (10983470)|SYSTEM_METHOD_EXIT|[39]|System.debug(ANY)
16:17:40.1 (10991242)|METHOD_EXIT|[5]|01p1I00000AiJUh|Person.print()
16:17:40.1 (11003148)|SYSTEM_MODE_EXIT|false
16:17:40.1 (11010852)|STATEMENT_EXECUTE|[7]
16:17:40.1 (11019753)|HEAP_ALLOCATE|[7]|Bytes:28
16:17:40.1 (11026823)|HEAP_ALLOCATE|[7]|Bytes:5
16:17:40.1 (11062449)|SYSTEM_MODE_ENTER|false
16:17:40.1 (11074192)|HEAP_ALLOCATE|[7]|Bytes:5
16:17:40.1 (11091445)|CONSTRUCTOR_ENTRY|[7]|01p1I00000AiJUh|<init>(String)
16:17:40.1 (11115414)|VARIABLE_SCOPE_BEGIN|[21]|this|Person|true|false
16:17:40.1 (11142555)|VARIABLE_ASSIGNMENT|[21]|this|{}|0x2df9a0c7
16:17:40.1 (11153411)|VARIABLE_SCOPE_BEGIN|[21]|defaultName|String|false|false
16:17:40.1 (11162311)|VARIABLE_ASSIGNMENT|[21]|defaultName|"Betty"
16:17:40.1 (11167651)|STATEMENT_EXECUTE|[10]
16:17:40.1 (11168838)|STATEMENT_EXECUTE|[14]
16:17:40.1 (11169929)|STATEMENT_EXECUTE|[15]
16:17:40.1 (11170854)|STATEMENT_EXECUTE|[16]
16:17:40.1 (11171680)|STATEMENT_EXECUTE|[17]
16:17:40.1 (11172504)|STATEMENT_EXECUTE|[18]
16:17:40.1 (11173340)|STATEMENT_EXECUTE|[19]
16:17:40.1 (11177780)|HEAP_ALLOCATE|[19]|Bytes:5
16:17:40.1 (11186043)|VARIABLE_ASSIGNMENT|[19]|this.isDead|false|0x2df9a0c7
16:17:40.1 (11201365)|STATEMENT_EXECUTE|[21]
16:17:40.1 (11202423)|STATEMENT_EXECUTE|[22]
16:17:40.1 (11225851)|VARIABLE_ASSIGNMENT|[22]|this.name|"Betty"|0x2df9a0c7
16:17:40.1 (11236723)|CONSTRUCTOR_EXIT|[7]|01p1I00000AiJUh|<init>(String)
16:17:40.1 (11245219)|SYSTEM_MODE_EXIT|false
16:17:40.1 (11265174)|VARIABLE_ASSIGNMENT|[7]|betty|{"isDead":false,"name":"Betty"}|0x2df9a0c7
16:17:40.1 (11271369)|STATEMENT_EXECUTE|[8]
16:17:40.1 (11298166)|SYSTEM_MODE_ENTER|false
16:17:40.1 (11305541)|HEAP_ALLOCATE|[8]|Bytes:5
16:17:40.1 (11314597)|METHOD_ENTRY|[8]|01p1I00000AiJUh|Person.print()
16:17:40.1 (11326155)|VARIABLE_SCOPE_BEGIN|[32]|this|Person|true|false
16:17:40.1 (11344136)|VARIABLE_ASSIGNMENT|[32]|this|{"isDead":false,"name":"Betty"}|0x2df9a0c7
16:17:40.1 (11351914)|STATEMENT_EXECUTE|[32]
16:17:40.1 (11353080)|STATEMENT_EXECUTE|[33]
16:17:40.1 (11358325)|HEAP_ALLOCATE|[33]|Bytes:18
16:17:40.1 (11367039)|SYSTEM_METHOD_ENTRY|[33]|System.debug(ANY)
16:17:40.1 (11372370)|USER_DEBUG|[33]|DEBUG|Person name: Betty
16:17:40.1 (11378274)|SYSTEM_METHOD_EXIT|[33]|System.debug(ANY)
16:17:40.1 (11381281)|STATEMENT_EXECUTE|[34]
16:17:40.1 (11385073)|HEAP_ALLOCATE|[34]|Bytes:18
16:17:40.1 (11389900)|SYSTEM_METHOD_ENTRY|[34]|System.debug(ANY)
16:17:40.1 (11393114)|USER_DEBUG|[34]|DEBUG|Person email: null
16:17:40.1 (11397623)|SYSTEM_METHOD_EXIT|[34]|System.debug(ANY)
16:17:40.1 (11400346)|STATEMENT_EXECUTE|[35]
16:17:40.1 (11403018)|HEAP_ALLOCATE|[35]|Bytes:19
16:17:40.1 (11407253)|SYSTEM_METHOD_ENTRY|[35]|System.debug(ANY)
16:17:40.1 (11409662)|USER_DEBUG|[35]|DEBUG|Person gender: null
16:17:40.1 (11413722)|SYSTEM_METHOD_EXIT|[35]|System.debug(ANY)
16:17:40.1 (11416724)|STATEMENT_EXECUTE|[36]
16:17:40.1 (11435989)|SYSTEM_METHOD_ENTRY|[36]|String.valueOf(Object)
16:17:40.1 (11446348)|SYSTEM_METHOD_EXIT|[36]|String.valueOf(Object)
16:17:40.1 (11450330)|HEAP_ALLOCATE|[36]|Bytes:19
16:17:40.1 (11454908)|SYSTEM_METHOD_ENTRY|[36]|System.debug(ANY)
16:17:40.1 (11457905)|USER_DEBUG|[36]|DEBUG|Person weight: null
16:17:40.1 (11462468)|SYSTEM_METHOD_EXIT|[36]|System.debug(ANY)
16:17:40.1 (11464971)|STATEMENT_EXECUTE|[37]
16:17:40.1 (11473769)|SYSTEM_METHOD_ENTRY|[37]|String.valueOf(Object)
16:17:40.1 (11481998)|SYSTEM_METHOD_EXIT|[37]|String.valueOf(Object)
16:17:40.1 (11485390)|HEAP_ALLOCATE|[37]|Bytes:16
16:17:40.1 (11490185)|SYSTEM_METHOD_ENTRY|[37]|System.debug(ANY)
16:17:40.1 (11493156)|USER_DEBUG|[37]|DEBUG|Person age: null
16:17:40.1 (11496789)|SYSTEM_METHOD_EXIT|[37]|System.debug(ANY)
16:17:40.1 (11499069)|STATEMENT_EXECUTE|[38]
16:17:40.1 (11507683)|SYSTEM_METHOD_ENTRY|[38]|String.valueOf(Object)
16:17:40.1 (11511645)|HEAP_ALLOCATE|[38]|Bytes:5
16:17:40.1 (11520345)|SYSTEM_METHOD_EXIT|[38]|String.valueOf(Object)
16:17:40.1 (11525520)|HEAP_ALLOCATE|[38]|Bytes:20
16:17:40.1 (11529774)|SYSTEM_METHOD_ENTRY|[38]|System.debug(ANY)
16:17:40.1 (11532707)|USER_DEBUG|[38]|DEBUG|Person isDead: false
16:17:40.1 (11536754)|SYSTEM_METHOD_EXIT|[38]|System.debug(ANY)
16:17:40.1 (11539106)|STATEMENT_EXECUTE|[39]
16:17:40.1 (11547463)|SYSTEM_METHOD_ENTRY|[39]|String.valueOf(Object)
16:17:40.1 (11551137)|HEAP_ALLOCATE|[39]|Bytes:5
16:17:40.1 (11559516)|SYSTEM_METHOD_EXIT|[39]|String.valueOf(Object)
16:17:40.1 (11563543)|HEAP_ALLOCATE|[39]|Bytes:21
16:17:40.1 (11567651)|SYSTEM_METHOD_ENTRY|[39]|System.debug(ANY)
16:17:40.1 (11570577)|USER_DEBUG|[39]|DEBUG|Person isHuman: false
16:17:40.1 (11575208)|SYSTEM_METHOD_EXIT|[39]|System.debug(ANY)
16:17:40.1 (11580291)|METHOD_EXIT|[8]|01p1I00000AiJUh|Person.print()
16:17:40.1 (11587022)|SYSTEM_MODE_EXIT|false
16:17:40.11 (11616236)|CUMULATIVE_LIMIT_USAGE
16:17:40.11 (11616236)|LIMIT_USAGE_FOR_NS|(default)|
  Number of SOQL queries: 0 out of 100
  Number of query rows: 0 out of 50000
  Number of SOSL queries: 0 out of 20
  Number of DML statements: 0 out of 150
  Number of DML rows: 0 out of 10000
  Maximum CPU time: 0 out of 10000
  Maximum heap size: 0 out of 6000000
  Number of callouts: 0 out of 100
  Number of Email Invocations: 0 out of 10
  Number of future calls: 0 out of 50
  Number of queueable jobs added to the queue: 0 out of 50
  Number of Mobile Apex push calls: 0 out of 10

16:17:40.11 (11616236)|TOTAL_EMAIL_RECIPIENTS_QUEUED|0
16:17:40.11 (11616236)|STATIC_VARIABLE_LIST|
  char[]:DigitTens:0
  long:serialVersionUID:0
  Person:_static_betty:0
  String:_sfdcSuppressedCodeLocations:0
  long:serialVersionUID:0
  String:_sfdcAdditionalCodeLocations:0
  double:MAX_VALUE:0
  Boolean:FALSE:0
  long:serialVersionUID:0
  double:MIN_VALUE:0
  int:SIZE:0
  double:NEGATIVE_INFINITY:0
  int:MAX_VALUE:0
  Boolean:_static_isHuman:0
  char[]:digits:0
  double:NaN:0
  Boolean:TRUE:0
  Person:_static_fred:0
  int:MIN_VALUE:0
  char[]:DigitOnes:0
  int:BYTES:0
  int:MIN_EXPONENT:0
  String:_sfdcAdditionalCodeLocations:0
  int[]:sizeTable:0
  int:MAX_EXPONENT:0
  String:_sfdcSuppressedCodeLocations:0
  int:SIZE:0
  double:POSITIVE_INFINITY:0
  double:MIN_NORMAL:0
  int:BYTES:0

16:17:40.11 (11616236)|CUMULATIVE_LIMIT_USAGE_END

16:17:40.1 (11735482)|CODE_UNIT_FINISHED|execute_anonymous_apex
16:17:40.1 (12695525)|EXECUTION_FINISHED
16:17:40.13 (13488583)|CUMULATIVE_PROFILING_BEGIN
16:17:40.13 (13488583)|CUMULATIVE_PROFILING|No profiling information for SOQL operations
16:17:40.13 (13488583)|CUMULATIVE_PROFILING|No profiling information for SOSL operations
16:17:40.13 (13488583)|CUMULATIVE_PROFILING|No profiling information for DML operations
16:17:40.13 (13488583)|CUMULATIVE_PROFILING|method invocations|
External entry point: public static void execute(): executed 1 time in 3 ms
AnonymousBlock: line 3, column 1: public Person(String, String): executed 1 time in 0 ms
AnonymousBlock: line 4, column 1: public void setIsHuman(Boolean): executed 1 time in 0 ms
AnonymousBlock: line 5, column 1: public void print(): executed 1 time in 0 ms
AnonymousBlock: line 7, column 1: public Person(String): executed 1 time in 0 ms
AnonymousBlock: line 8, column 1: public void print(): executed 1 time in 0 ms
Class.Person.print: line 33, column 1: global public static void debug(ANY): executed 2 times in 0 ms
Class.Person.print: line 34, column 1: global public static void debug(ANY): executed 2 times in 0 ms
Class.Person.print: line 35, column 1: global public static void debug(ANY): executed 2 times in 0 ms
Class.Person.print: line 36, column 1: public static String valueOf(Object): executed 4 times in 0 ms
Class.Person.print: line 37, column 1: public static String valueOf(Object): executed 4 times in 0 ms

16:17:40.13 (13488583)|CUMULATIVE_PROFILING_END
