41.0 APEX_CODE,FINEST;APEX_PROFILING,INFO;CALLOUT,INFO;DB,INFO;SYSTEM,DEBUG;VALIDATION,INFO;VISUALFORCE,INFO;WAVE,INFO;WORKFLOW,INFO
Execute Anonymous: Day3ListsAndLoops.execute();
15:18:51.0 (924281)|USER_INFO|[EXTERNAL]|0051I000000zlxU|anders.windell@atginfo.com.apex.bootcamp|Pacific Standard Time|GMT-07:00
15:18:51.0 (948875)|EXECUTION_STARTED
15:18:51.0 (951778)|CODE_UNIT_STARTED|[EXTERNAL]|execute_anonymous_apex
15:18:51.0 (1102346)|HEAP_ALLOCATE|[72]|Bytes:3
15:18:51.0 (1135002)|HEAP_ALLOCATE|[77]|Bytes:152
15:18:51.0 (1148718)|HEAP_ALLOCATE|[342]|Bytes:408
15:18:51.0 (1163652)|HEAP_ALLOCATE|[355]|Bytes:408
15:18:51.0 (1177179)|HEAP_ALLOCATE|[467]|Bytes:48
15:18:51.0 (1201827)|HEAP_ALLOCATE|[139]|Bytes:6
15:18:51.0 (1216416)|HEAP_ALLOCATE|[EXTERNAL]|Bytes:1
15:18:51.0 (1270166)|STATEMENT_EXECUTE|[1]
15:18:51.0 (1272373)|STATEMENT_EXECUTE|[1]
15:18:51.0 (1313237)|HEAP_ALLOCATE|[50]|Bytes:5
15:18:51.0 (1331690)|HEAP_ALLOCATE|[56]|Bytes:5
15:18:51.0 (1338844)|HEAP_ALLOCATE|[64]|Bytes:7
15:18:51.0 (1358890)|SYSTEM_MODE_ENTER|false
15:18:51.0 (1374002)|HEAP_ALLOCATE|[1]|Bytes:5
15:18:51.0 (6534843)|HEAP_ALLOCATE|[1]|Bytes:1
15:18:51.0 (6544697)|HEAP_ALLOCATE|[1]|Bytes:14
15:18:51.0 (6559159)|METHOD_ENTRY|[1]|01p1I000007biq8|Day3ListsAndLoops.Day3ListsAndLoops()
15:18:51.0 (6564663)|STATEMENT_EXECUTE|[1]
15:18:51.0 (6568316)|STATEMENT_EXECUTE|[1]
15:18:51.0 (6578244)|HEAP_ALLOCATE|[1]|Bytes:5
15:18:51.0 (6588009)|METHOD_EXIT|[1]|Day3ListsAndLoops
15:18:51.0 (6607174)|METHOD_ENTRY|[1]|01p1I000007biq8|Day3ListsAndLoops.execute()
15:18:51.0 (6640103)|HEAP_ALLOCATE|[6]|Bytes:5
15:18:51.0 (6645658)|STATEMENT_EXECUTE|[3]
15:18:51.0 (6647573)|STATEMENT_EXECUTE|[6]
15:18:51.0 (6650281)|HEAP_ALLOCATE|[6]|Bytes:6
15:18:51.0 (6656377)|VARIABLE_SCOPE_BEGIN|[6]|myName|String|false|false
15:18:51.0 (6682399)|VARIABLE_ASSIGNMENT|[6]|myName|"Anders"
15:18:51.0 (6686895)|STATEMENT_EXECUTE|[10]
15:18:51.0 (6717902)|HEAP_ALLOCATE|[10]|Bytes:4
15:18:51.0 (6826327)|VARIABLE_SCOPE_BEGIN|[10]|names|List<String>|true|false
15:18:51.0 (6854146)|HEAP_ALLOCATE|[EXTERNAL]|Bytes:4
15:18:51.0 (6867863)|VARIABLE_ASSIGNMENT|[10]|names|[]|0x4a3a3b3a
15:18:51.0 (6873441)|STATEMENT_EXECUTE|[13]
15:18:51.0 (6880712)|HEAP_ALLOCATE|[13]|Bytes:4
15:18:51.0 (6897444)|HEAP_ALLOCATE|[13]|Bytes:9
15:18:51.0 (6905802)|HEAP_ALLOCATE|[13]|Bytes:9
15:18:51.0 (6909684)|HEAP_ALLOCATE|[13]|Bytes:9
15:18:51.0 (6913438)|VARIABLE_SCOPE_BEGIN|[13]|students|List<String>|true|false
15:18:51.0 (6930288)|HEAP_ALLOCATE|[EXTERNAL]|Bytes:16
15:18:51.0 (6939222)|VARIABLE_ASSIGNMENT|[13]|students|["Student 1","Student 2","Student 3"]|0x453f793b
15:18:51.0 (6943867)|STATEMENT_EXECUTE|[16]
15:18:51.0 (6949551)|HEAP_ALLOCATE|[16]|Bytes:4
15:18:51.0 (6971217)|VARIABLE_SCOPE_BEGIN|[16]|employees|List<String>|true|false
15:18:51.0 (6986932)|HEAP_ALLOCATE|[EXTERNAL]|Bytes:84
15:18:51.0 (6994114)|VARIABLE_ASSIGNMENT|[16]|employees|"List of size 20 too large to display"|0x3f47867d
15:18:51.0 (6999041)|STATEMENT_EXECUTE|[18]
15:18:51.0 (7026954)|HEAP_ALLOCATE|[EXTERNAL]|Bytes:4
15:18:51.0 (7036669)|STATEMENT_EXECUTE|[19]
15:18:51.0 (7039078)|HEAP_ALLOCATE|[19]|Bytes:7
15:18:51.0 (7053795)|HEAP_ALLOCATE|[EXTERNAL]|Bytes:4
15:18:51.0 (7058598)|STATEMENT_EXECUTE|[20]
15:18:51.0 (7060376)|HEAP_ALLOCATE|[20]|Bytes:4
15:18:51.0 (7071639)|HEAP_ALLOCATE|[EXTERNAL]|Bytes:4
15:18:51.0 (7075725)|STATEMENT_EXECUTE|[21]
15:18:51.0 (7077249)|HEAP_ALLOCATE|[21]|Bytes:5
15:18:51.0 (7088175)|HEAP_ALLOCATE|[EXTERNAL]|Bytes:4
15:18:51.0 (7092188)|STATEMENT_EXECUTE|[24]
15:18:51.0 (7093660)|HEAP_ALLOCATE|[24]|Bytes:7
15:18:51.0 (7134846)|HEAP_ALLOCATE|[24]|Bytes:30
15:18:51.0 (7151947)|HEAP_ALLOCATE|[24]|Bytes:37
15:18:51.0 (7171731)|USER_DEBUG|[24]|DEBUG|names: (Anders, Windell, Papa, Bless)
15:18:51.0 (7178325)|STATEMENT_EXECUTE|[26]
15:18:51.0 (7196377)|HEAP_ALLOCATE|[26]|Bytes:5
15:18:51.0 (7201902)|STATEMENT_EXECUTE|[28]
15:18:51.0 (7203732)|HEAP_ALLOCATE|[28]|Bytes:33
15:18:51.0 (7221730)|HEAP_ALLOCATE|[28]|Bytes:23
15:18:51.0 (7230805)|HEAP_ALLOCATE|[28]|Bytes:56
15:18:51.0 (7237071)|USER_DEBUG|[28]|DEBUG|names after last element removed (Anders, Windell, Papa)
15:18:51.0 (7242195)|STATEMENT_EXECUTE|[30]
15:18:51.0 (7256781)|HEAP_ALLOCATE|[30]|Bytes:4
15:18:51.0 (7261392)|STATEMENT_EXECUTE|[32]
15:18:51.0 (7263170)|HEAP_ALLOCATE|[32]|Bytes:28
15:18:51.0 (7279392)|HEAP_ALLOCATE|[32]|Bytes:17
15:18:51.0 (7287548)|HEAP_ALLOCATE|[32]|Bytes:45
15:18:51.0 (7293215)|USER_DEBUG|[32]|DEBUG|names after dynamic removal (Anders, Windell)
15:18:51.0 (7298346)|STATEMENT_EXECUTE|[34]
15:18:51.0 (7311046)|HEAP_ALLOCATE|[34]|Bytes:4
15:18:51.0 (7331989)|VARIABLE_SCOPE_BEGIN|[34]|uniqueNames|Set<String>|true|false
15:18:51.0 (7358410)|VARIABLE_ASSIGNMENT|[34]|uniqueNames|[]|0x73072027
15:18:51.0 (7364012)|STATEMENT_EXECUTE|[36]
15:18:51.0 (7381712)|HEAP_ALLOCATE|[EXTERNAL]|Bytes:4
15:18:51.0 (7388239)|STATEMENT_EXECUTE|[37]
15:18:51.0 (7396928)|HEAP_ALLOCATE|[EXTERNAL]|Bytes:4
15:18:51.0 (7401723)|STATEMENT_EXECUTE|[38]
15:18:51.0 (7409222)|HEAP_ALLOCATE|[EXTERNAL]|Bytes:4
15:18:51.0 (7413441)|STATEMENT_EXECUTE|[39]
15:18:51.0 (7420773)|HEAP_ALLOCATE|[EXTERNAL]|Bytes:4
15:18:51.0 (7424871)|STATEMENT_EXECUTE|[40]
15:18:51.0 (7432300)|HEAP_ALLOCATE|[EXTERNAL]|Bytes:4
15:18:51.0 (7436012)|STATEMENT_EXECUTE|[41]
15:18:51.0 (7443290)|HEAP_ALLOCATE|[EXTERNAL]|Bytes:4
15:18:51.0 (7447280)|STATEMENT_EXECUTE|[42]
15:18:51.0 (7454863)|HEAP_ALLOCATE|[EXTERNAL]|Bytes:4
15:18:51.0 (7459291)|STATEMENT_EXECUTE|[45]
15:18:51.0 (7467811)|VARIABLE_SCOPE_BEGIN|[45]|setSize|Integer|false|false
15:18:51.0 (7475784)|HEAP_ALLOCATE|[45]|Bytes:4
15:18:51.0 (7482913)|VARIABLE_ASSIGNMENT|[45]|setSize|1
15:18:51.0 (7486580)|STATEMENT_EXECUTE|[47]
15:18:51.0 (7489150)|HEAP_ALLOCATE|[47]|Bytes:13
15:18:51.0 (7512665)|HEAP_ALLOCATE|[47]|Bytes:8
15:18:51.0 (7521869)|HEAP_ALLOCATE|[47]|Bytes:21
15:18:51.0 (7528596)|USER_DEBUG|[47]|DEBUG|uniqueNames: {Anders}
15:18:51.0 (7533499)|STATEMENT_EXECUTE|[48]
15:18:51.0 (7535284)|HEAP_ALLOCATE|[48]|Bytes:10
15:18:51.0 (7549295)|HEAP_ALLOCATE|[48]|Bytes:1
15:18:51.0 (7557304)|HEAP_ALLOCATE|[48]|Bytes:11
15:18:51.0 (7563524)|USER_DEBUG|[48]|DEBUG|set size: 1
15:18:51.0 (7574033)|METHOD_EXIT|[1]|01p1I000007biq8|Day3ListsAndLoops.execute()
15:18:51.0 (7579432)|SYSTEM_MODE_EXIT|false
15:18:51.7 (7599504)|CUMULATIVE_LIMIT_USAGE
15:18:51.7 (7599504)|LIMIT_USAGE_FOR_NS|(default)|
  Number of SOQL queries: 0 out of 100
  Number of query rows: 0 out of 50000
  Number of SOSL queries: 0 out of 20
  Number of DML statements: 0 out of 150
  Number of DML rows: 0 out of 10000
  Maximum CPU time: 0 out of 10000
  Maximum heap size: 0 out of 6000000
  Number of callouts: 0 out of 100
  Number of Email Invocations: 0 out of 10
  Number of future calls: 0 out of 50
  Number of queueable jobs added to the queue: 0 out of 50
  Number of Mobile Apex push calls: 0 out of 10

15:18:51.7 (7599504)|CUMULATIVE_LIMIT_USAGE_END

15:18:51.0 (7632133)|CODE_UNIT_FINISHED|execute_anonymous_apex
15:18:51.0 (8651826)|EXECUTION_FINISHED
