41.0 APEX_CODE,FINEST;APEX_PROFILING,INFO;CALLOUT,INFO;DB,INFO;SYSTEM,DEBUG;VALIDATION,INFO;VISUALFORCE,INFO;WAVE,INFO;WORKFLOW,INFO
Execute Anonymous: Day3ListsAndLoops.updateAccountTypeOnEveryAccount();
16:45:03.0 (989090)|USER_INFO|[EXTERNAL]|0051I000000zlxU|anders.windell@atginfo.com.apex.bootcamp|Pacific Standard Time|GMT-07:00
16:45:03.0 (1153442)|EXECUTION_STARTED
16:45:03.0 (1158860)|CODE_UNIT_STARTED|[EXTERNAL]|execute_anonymous_apex
16:45:03.0 (1382386)|HEAP_ALLOCATE|[72]|Bytes:3
16:45:03.0 (1441291)|HEAP_ALLOCATE|[77]|Bytes:152
16:45:03.0 (1456228)|HEAP_ALLOCATE|[342]|Bytes:408
16:45:03.0 (1471392)|HEAP_ALLOCATE|[355]|Bytes:408
16:45:03.0 (1484187)|HEAP_ALLOCATE|[467]|Bytes:48
16:45:03.0 (1537438)|HEAP_ALLOCATE|[139]|Bytes:6
16:45:03.0 (1553020)|HEAP_ALLOCATE|[EXTERNAL]|Bytes:1
16:45:03.0 (1640009)|STATEMENT_EXECUTE|[1]
16:45:03.0 (1642121)|STATEMENT_EXECUTE|[1]
16:45:03.0 (1691233)|HEAP_ALLOCATE|[50]|Bytes:5
16:45:03.0 (1715870)|HEAP_ALLOCATE|[56]|Bytes:5
16:45:03.0 (1723243)|HEAP_ALLOCATE|[64]|Bytes:7
16:45:03.0 (1745050)|SYSTEM_MODE_ENTER|false
16:45:03.0 (1852258)|HEAP_ALLOCATE|[1]|Bytes:5
16:45:03.0 (12009877)|HEAP_ALLOCATE|[1]|Bytes:14
16:45:03.0 (12019824)|HEAP_ALLOCATE|[1]|Bytes:48
16:45:03.0 (12058886)|METHOD_ENTRY|[1]|01p1I000007biq8|Day3ListsAndLoops.Day3ListsAndLoops()
16:45:03.0 (12065900)|STATEMENT_EXECUTE|[1]
16:45:03.0 (12070327)|STATEMENT_EXECUTE|[1]
16:45:03.0 (12081753)|HEAP_ALLOCATE|[1]|Bytes:5
16:45:03.0 (12103708)|METHOD_EXIT|[1]|Day3ListsAndLoops
16:45:03.0 (12136878)|METHOD_ENTRY|[1]|01p1I000007biq8|Day3ListsAndLoops.updateAccountTypeOnEveryAccount()
16:45:03.0 (12180839)|HEAP_ALLOCATE|[124]|Bytes:5
16:45:03.0 (12186236)|STATEMENT_EXECUTE|[115]
16:45:03.0 (12187414)|STATEMENT_EXECUTE|[124]
16:45:03.0 (12189773)|HEAP_ALLOCATE|[124]|Bytes:28
16:45:03.0 (12212072)|HEAP_ALLOCATE|[124]|Bytes:4
16:45:03.0 (12408022)|SOQL_EXECUTE_BEGIN|[124]|Aggregations:0|SELECT Id, Type FROM Account
16:45:03.0 (20080505)|SOQL_EXECUTE_END|[124]|Rows:14
16:45:03.0 (20100651)|HEAP_ALLOCATE|[124]|Bytes:60
16:45:03.0 (20131117)|HEAP_ALLOCATE|[124]|Bytes:701
16:45:03.0 (20230585)|HEAP_ALLOCATE|[124]|Bytes:60
16:45:03.0 (20245743)|VARIABLE_SCOPE_BEGIN|[124]|queriedAccounts|List<Account>|true|false
16:45:03.0 (20276228)|VARIABLE_ASSIGNMENT|[124]|queriedAccounts|"List of size 14 too large to display"|0x7deebcfc
16:45:03.0 (20282247)|STATEMENT_EXECUTE|[129]
16:45:03.0 (20285465)|HEAP_ALLOCATE|[129]|Bytes:18
16:45:03.0 (20407321)|HEAP_ALLOCATE|[129]|Bytes:545
16:45:03.0 (20453231)|HEAP_ALLOCATE|[129]|Bytes:563
16:45:03.0 (20484478)|USER_DEBUG|[129]|DEBUG|Queried Accounts: (Account:{Id=0011I000007Q0kVQAS, Type=Prospect}, Account:{Id=0011I000007Q0kLQAS}, Account:{Id=0011I000007E0ExQAK, Type=Customer - Channel}, Account:{Id=0011I000007E0EvQAK, Type=Customer - Direct}, Account:{Id=0011I000007E0EwQAK, Type=Customer - Direct}, Account:{Id=0011I000007E0EnQAK, Type=Customer - Direct}, Account:{Id=0011I000007E0EoQAK, Type=Customer - Direct}, Account:{Id=0011I000007E0EpQAK, Type=Customer - Channel}, Account:{Id=0011I000007E0EqQAK, Type=Customer - Channel}, Account:{Id=0011I000007E0ErQAK, Type=Customer - Direct}, ...)
16:45:03.0 (20676610)|HEAP_ALLOCATE|[131]|Bytes:5
16:45:03.0 (20705632)|HEAP_ALLOCATE|[131]|Bytes:12
16:45:03.0 (20715025)|VARIABLE_SCOPE_BEGIN|[131]|acct|Account|true|false
16:45:03.0 (20736739)|VARIABLE_ASSIGNMENT|[131]|acct|{"Id":"0011I000007Q0kVQAS","Type":"Prospect"}|0x42bef688
16:45:03.0 (20742963)|STATEMENT_EXECUTE|[131]
16:45:03.0 (20744102)|STATEMENT_EXECUTE|[132]
16:45:03.0 (20746602)|HEAP_ALLOCATE|[132]|Bytes:5
16:45:03.0 (20792411)|VARIABLE_ASSIGNMENT|[132]|this.Type|"Other"|0x42bef688
16:45:03.0 (20807092)|HEAP_ALLOCATE|[131]|Bytes:5
16:45:03.0 (20816360)|HEAP_ALLOCATE|[131]|Bytes:8
16:45:03.0 (20821587)|VARIABLE_SCOPE_BEGIN|[131]|acct|Account|true|false
16:45:03.0 (20831624)|VARIABLE_ASSIGNMENT|[131]|acct|{"Id":"0011I000007Q0kLQAS"}|0x17670d00
16:45:03.0 (20836762)|STATEMENT_EXECUTE|[131]
16:45:03.0 (20837790)|STATEMENT_EXECUTE|[132]
16:45:03.0 (20853582)|HEAP_ALLOCATE|[132]|Bytes:-4
16:45:03.0 (20859962)|VARIABLE_ASSIGNMENT|[132]|this.Type|"Other"|0x17670d00
16:45:03.0 (20870938)|HEAP_ALLOCATE|[131]|Bytes:5
16:45:03.0 (20878727)|HEAP_ALLOCATE|[131]|Bytes:12
16:45:03.0 (20883197)|VARIABLE_SCOPE_BEGIN|[131]|acct|Account|true|false
16:45:03.0 (20893264)|VARIABLE_ASSIGNMENT|[131]|acct|{"Id":"0011I000007E0ExQAK","Type":"Customer - Channel"}|0x3b1edd37
16:45:03.0 (20898172)|STATEMENT_EXECUTE|[131]
16:45:03.0 (20899247)|STATEMENT_EXECUTE|[132]
16:45:03.0 (20913765)|VARIABLE_ASSIGNMENT|[132]|this.Type|"Other"|0x3b1edd37
16:45:03.0 (20924088)|HEAP_ALLOCATE|[131]|Bytes:5
16:45:03.0 (20930905)|HEAP_ALLOCATE|[131]|Bytes:12
16:45:03.0 (20935033)|VARIABLE_SCOPE_BEGIN|[131]|acct|Account|true|false
16:45:03.0 (20944076)|VARIABLE_ASSIGNMENT|[131]|acct|{"Id":"0011I000007E0EvQAK","Type":"Customer - Direct"}|0x4c3a46ec
16:45:03.0 (20949376)|STATEMENT_EXECUTE|[131]
16:45:03.0 (20950450)|STATEMENT_EXECUTE|[132]
16:45:03.0 (20963189)|VARIABLE_ASSIGNMENT|[132]|this.Type|"Other"|0x4c3a46ec
16:45:03.0 (20972360)|HEAP_ALLOCATE|[131]|Bytes:5
16:45:03.0 (20979024)|HEAP_ALLOCATE|[131]|Bytes:12
16:45:03.0 (20983174)|VARIABLE_SCOPE_BEGIN|[131]|acct|Account|true|false
16:45:03.0 (20992023)|VARIABLE_ASSIGNMENT|[131]|acct|{"Id":"0011I000007E0EwQAK","Type":"Customer - Direct"}|0x7905e355
16:45:03.0 (20996559)|STATEMENT_EXECUTE|[131]
16:45:03.0 (20997511)|STATEMENT_EXECUTE|[132]
16:45:03.0 (21009757)|VARIABLE_ASSIGNMENT|[132]|this.Type|"Other"|0x7905e355
16:45:03.0 (21020237)|HEAP_ALLOCATE|[131]|Bytes:5
16:45:03.0 (21026654)|HEAP_ALLOCATE|[131]|Bytes:12
16:45:03.0 (21030798)|VARIABLE_SCOPE_BEGIN|[131]|acct|Account|true|false
16:45:03.0 (21039658)|VARIABLE_ASSIGNMENT|[131]|acct|{"Id":"0011I000007E0EnQAK","Type":"Customer - Direct"}|0x56a5fe78
16:45:03.0 (21043896)|STATEMENT_EXECUTE|[131]
16:45:03.0 (21044833)|STATEMENT_EXECUTE|[132]
16:45:03.0 (21062692)|VARIABLE_ASSIGNMENT|[132]|this.Type|"Other"|0x56a5fe78
16:45:03.0 (21072424)|HEAP_ALLOCATE|[131]|Bytes:5
16:45:03.0 (21079022)|HEAP_ALLOCATE|[131]|Bytes:12
16:45:03.0 (21083286)|VARIABLE_SCOPE_BEGIN|[131]|acct|Account|true|false
16:45:03.0 (21092148)|VARIABLE_ASSIGNMENT|[131]|acct|{"Id":"0011I000007E0EoQAK","Type":"Customer - Direct"}|0x1b9f66fe
16:45:03.0 (21096675)|STATEMENT_EXECUTE|[131]
16:45:03.0 (21097661)|STATEMENT_EXECUTE|[132]
16:45:03.0 (21110270)|VARIABLE_ASSIGNMENT|[132]|this.Type|"Other"|0x1b9f66fe
16:45:03.0 (21119620)|HEAP_ALLOCATE|[131]|Bytes:5
16:45:03.0 (21126368)|HEAP_ALLOCATE|[131]|Bytes:12
16:45:03.0 (21130415)|VARIABLE_SCOPE_BEGIN|[131]|acct|Account|true|false
16:45:03.0 (21139235)|VARIABLE_ASSIGNMENT|[131]|acct|{"Id":"0011I000007E0EpQAK","Type":"Customer - Channel"}|0x58c5e47
16:45:03.0 (21144077)|STATEMENT_EXECUTE|[131]
16:45:03.0 (21144946)|STATEMENT_EXECUTE|[132]
16:45:03.0 (21157491)|VARIABLE_ASSIGNMENT|[132]|this.Type|"Other"|0x58c5e47
16:45:03.0 (21167081)|HEAP_ALLOCATE|[131]|Bytes:5
16:45:03.0 (21173821)|HEAP_ALLOCATE|[131]|Bytes:12
16:45:03.0 (21178146)|VARIABLE_SCOPE_BEGIN|[131]|acct|Account|true|false
16:45:03.0 (21186645)|VARIABLE_ASSIGNMENT|[131]|acct|{"Id":"0011I000007E0EqQAK","Type":"Customer - Channel"}|0x53451ae8
16:45:03.0 (21190949)|STATEMENT_EXECUTE|[131]
16:45:03.0 (21191847)|STATEMENT_EXECUTE|[132]
16:45:03.0 (21204157)|VARIABLE_ASSIGNMENT|[132]|this.Type|"Other"|0x53451ae8
16:45:03.0 (21213373)|HEAP_ALLOCATE|[131]|Bytes:5
16:45:03.0 (21219894)|HEAP_ALLOCATE|[131]|Bytes:12
16:45:03.0 (21223924)|VARIABLE_SCOPE_BEGIN|[131]|acct|Account|true|false
16:45:03.0 (21232445)|VARIABLE_ASSIGNMENT|[131]|acct|{"Id":"0011I000007E0ErQAK","Type":"Customer - Direct"}|0x2a6a78c6
16:45:03.0 (21236356)|STATEMENT_EXECUTE|[131]
16:45:03.0 (21237293)|STATEMENT_EXECUTE|[132]
16:45:03.0 (21249714)|VARIABLE_ASSIGNMENT|[132]|this.Type|"Other"|0x2a6a78c6
16:45:03.0 (21258724)|HEAP_ALLOCATE|[131]|Bytes:5
16:45:03.0 (21265328)|HEAP_ALLOCATE|[131]|Bytes:12
16:45:03.0 (21269598)|VARIABLE_SCOPE_BEGIN|[131]|acct|Account|true|false
16:45:03.0 (21277964)|VARIABLE_ASSIGNMENT|[131]|acct|{"Id":"0011I000007E0EtQAK","Type":"Customer - Channel"}|0x4aa243e3
16:45:03.0 (21282500)|STATEMENT_EXECUTE|[131]
16:45:03.0 (21283394)|STATEMENT_EXECUTE|[132]
16:45:03.0 (21295406)|VARIABLE_ASSIGNMENT|[132]|this.Type|"Other"|0x4aa243e3
16:45:03.0 (21304809)|HEAP_ALLOCATE|[131]|Bytes:5
16:45:03.0 (21311346)|HEAP_ALLOCATE|[131]|Bytes:12
16:45:03.0 (21315786)|VARIABLE_SCOPE_BEGIN|[131]|acct|Account|true|false
16:45:03.0 (21324301)|VARIABLE_ASSIGNMENT|[131]|acct|{"Id":"0011I000007E0EuQAK","Type":"Customer - Direct"}|0x2d3b5296
16:45:03.0 (21328877)|STATEMENT_EXECUTE|[131]
16:45:03.0 (21329789)|STATEMENT_EXECUTE|[132]
16:45:03.0 (21341867)|VARIABLE_ASSIGNMENT|[132]|this.Type|"Other"|0x2d3b5296
16:45:03.0 (21351046)|HEAP_ALLOCATE|[131]|Bytes:5
16:45:03.0 (21357842)|HEAP_ALLOCATE|[131]|Bytes:12
16:45:03.0 (21361946)|VARIABLE_SCOPE_BEGIN|[131]|acct|Account|true|false
16:45:03.0 (21370688)|VARIABLE_ASSIGNMENT|[131]|acct|{"Id":"0011I000007E0EsQAK","Type":"Customer - Direct"}|0x56d28f83
16:45:03.0 (21374947)|STATEMENT_EXECUTE|[131]
16:45:03.0 (21375934)|STATEMENT_EXECUTE|[132]
16:45:03.0 (21388053)|VARIABLE_ASSIGNMENT|[132]|this.Type|"Other"|0x56d28f83
16:45:03.0 (21397491)|HEAP_ALLOCATE|[131]|Bytes:5
16:45:03.0 (21404405)|HEAP_ALLOCATE|[131]|Bytes:8
16:45:03.0 (21408809)|VARIABLE_SCOPE_BEGIN|[131]|acct|Account|true|false
16:45:03.0 (21416644)|VARIABLE_ASSIGNMENT|[131]|acct|{"Id":"0011I000007E0EyQAK"}|0x2f0771d7
16:45:03.0 (21420885)|STATEMENT_EXECUTE|[131]
16:45:03.0 (21421795)|STATEMENT_EXECUTE|[132]
16:45:03.0 (21431859)|HEAP_ALLOCATE|[132]|Bytes:-4
16:45:03.0 (21437123)|VARIABLE_ASSIGNMENT|[132]|this.Type|"Other"|0x2f0771d7
16:45:03.0 (21445963)|HEAP_ALLOCATE|[131]|Bytes:5
16:45:03.0 (21455306)|VARIABLE_ASSIGNMENT|[131]|acct|null|
16:45:03.0 (21459333)|STATEMENT_EXECUTE|[134]
16:45:03.0 (21462021)|HEAP_ALLOCATE|[134]|Bytes:23
16:45:03.0 (21543281)|HEAP_ALLOCATE|[134]|Bytes:455
16:45:03.0 (21557149)|HEAP_ALLOCATE|[134]|Bytes:478
16:45:03.0 (21566299)|USER_DEBUG|[134]|DEBUG|Accounts after update: (Account:{Id=0011I000007Q0kVQAS, Type=Other}, Account:{Id=0011I000007Q0kLQAS, Type=Other}, Account:{Id=0011I000007E0ExQAK, Type=Other}, Account:{Id=0011I000007E0EvQAK, Type=Other}, Account:{Id=0011I000007E0EwQAK, Type=Other}, Account:{Id=0011I000007E0EnQAK, Type=Other}, Account:{Id=0011I000007E0EoQAK, Type=Other}, Account:{Id=0011I000007E0EpQAK, Type=Other}, Account:{Id=0011I000007E0EqQAK, Type=Other}, Account:{Id=0011I000007E0ErQAK, Type=Other}, ...)
16:45:03.0 (21576828)|STATEMENT_EXECUTE|[136]
16:45:03.0 (21611803)|DML_BEGIN|[136]|Op:Update|Type:Account|Rows:14
16:45:03.0 (21636397)|HEAP_ALLOCATE|[EXTERNAL]|Bytes:60
16:45:03.0 (45885037)|CODE_UNIT_STARTED|[EXTERNAL]|DuplicateDetector
16:45:03.0 (45919535)|DUPLICATE_DETECTION_BEGIN
16:45:03.0 (46576035)|DUPLICATE_DETECTION_RULE_INVOCATION|DuplicateRuleId:0Bm1I000003ZZdx|DuplicateRuleName:Standard Account Duplicate Rule|DmlType:UPDATE
16:45:03.0 (46622370)|DUPLICATE_DETECTION_END
16:45:03.0 (46628315)|CODE_UNIT_FINISHED|DuplicateDetector
16:45:03.0 (90600347)|DML_END|[136]
16:45:03.0 (90670261)|HEAP_ALLOCATE|[EXTERNAL]|Bytes:60
16:45:03.0 (90701249)|METHOD_EXIT|[1]|01p1I000007biq8|Day3ListsAndLoops.updateAccountTypeOnEveryAccount()
16:45:03.0 (90710146)|SYSTEM_MODE_EXIT|false
16:45:03.0 (95685053)|CODE_UNIT_STARTED|[EXTERNAL]|DuplicateDetector
16:45:03.0 (95697861)|DUPLICATE_DETECTION_BEGIN
16:45:03.0 (95744237)|DUPLICATE_DETECTION_RULE_INVOCATION|DuplicateRuleId:0Bm1I000003ZZdx|DuplicateRuleName:Standard Account Duplicate Rule|DmlType:UPDATE
16:45:03.0 (106322734)|DUPLICATE_DETECTION_END
16:45:03.0 (106330627)|CODE_UNIT_FINISHED|DuplicateDetector
16:45:03.106 (106363217)|CUMULATIVE_LIMIT_USAGE
16:45:03.106 (106363217)|LIMIT_USAGE_FOR_NS|(default)|
  Number of SOQL queries: 1 out of 100
  Number of query rows: 14 out of 50000
  Number of SOSL queries: 0 out of 20
  Number of DML statements: 1 out of 150
  Number of DML rows: 14 out of 10000
  Maximum CPU time: 0 out of 10000
  Maximum heap size: 0 out of 6000000
  Number of callouts: 0 out of 100
  Number of Email Invocations: 0 out of 10
  Number of future calls: 0 out of 50
  Number of queueable jobs added to the queue: 0 out of 50
  Number of Mobile Apex push calls: 0 out of 10

16:45:03.106 (106363217)|CUMULATIVE_LIMIT_USAGE_END

16:45:03.0 (106399447)|CODE_UNIT_FINISHED|execute_anonymous_apex
16:45:03.0 (107123697)|EXECUTION_FINISHED
