41.0 APEX_CODE,FINEST;APEX_PROFILING,FINEST;CALLOUT,FINEST;DB,FINEST;SYSTEM,FINE;VALIDATION,INFO;VISUALFORCE,NONE;WAVE,INFO;WORKFLOW,FINER
Execute Anonymous: 
Execute Anonymous: 
Execute Anonymous: Person fred = new Person('Fred', 'freddster@hotmail.com');
Execute Anonymous: fred.setIsHuman(false);
Execute Anonymous: fred.setAge(46);
Execute Anonymous: fred.print();
Execute Anonymous: 
Execute Anonymous: Person betty = new Person('Betty');
Execute Anonymous: betty.print();
Execute Anonymous: 
Execute Anonymous: Person johnny = new Person('Johnny', 'deadJohnny@gmail.com', true);
Execute Anonymous: johnny.print();
16:57:29.0 (994583)|USER_INFO|[EXTERNAL]|0051I000000zlxU|anders.windell@atginfo.com.apex.bootcamp|Pacific Standard Time|GMT-08:00
16:57:29.0 (1016059)|EXECUTION_STARTED
16:57:29.0 (1020827)|CODE_UNIT_STARTED|[EXTERNAL]|execute_anonymous_apex
16:57:29.0 (6601740)|VARIABLE_SCOPE_BEGIN|[12]|Person.isHuman|Boolean|false|true
16:57:29.0 (6653252)|VARIABLE_SCOPE_BEGIN|[8]|betty|Person|true|false
16:57:29.0 (6662176)|VARIABLE_SCOPE_BEGIN|[3]|fred|Person|true|false
16:57:29.0 (6668225)|VARIABLE_SCOPE_BEGIN|[11]|johnny|Person|true|false
16:57:29.0 (6786242)|HEAP_ALLOCATE|[72]|Bytes:3
16:57:29.0 (6827003)|HEAP_ALLOCATE|[77]|Bytes:152
16:57:29.0 (6839193)|HEAP_ALLOCATE|[342]|Bytes:408
16:57:29.0 (6849872)|HEAP_ALLOCATE|[355]|Bytes:408
16:57:29.0 (6859612)|HEAP_ALLOCATE|[467]|Bytes:48
16:57:29.0 (6884643)|HEAP_ALLOCATE|[139]|Bytes:6
16:57:29.0 (6900566)|HEAP_ALLOCATE|[EXTERNAL]|Bytes:17
16:57:29.0 (6946521)|STATEMENT_EXECUTE|[1]
16:57:29.0 (6948579)|STATEMENT_EXECUTE|[3]
16:57:29.0 (6951882)|HEAP_ALLOCATE|[3]|Bytes:47
16:57:29.0 (6956722)|HEAP_ALLOCATE|[3]|Bytes:20
16:57:29.0 (6983985)|METHOD_ENTRY|[10]|01p1I00000AiJUh|Person.Person()
16:57:29.0 (6989606)|STATEMENT_EXECUTE|[10]
16:57:29.0 (6992112)|STATEMENT_EXECUTE|[10]
16:57:29.0 (6993013)|STATEMENT_EXECUTE|[12]
16:57:29.0 (7019120)|HEAP_ALLOCATE|[50]|Bytes:5
16:57:29.0 (7040603)|HEAP_ALLOCATE|[56]|Bytes:5
16:57:29.0 (7046641)|HEAP_ALLOCATE|[64]|Bytes:7
16:57:29.0 (7063921)|HEAP_ALLOCATE|[12]|Bytes:5
16:57:29.0 (7083268)|VARIABLE_ASSIGNMENT|[12]|Person.isHuman|true
16:57:29.0 (7095943)|METHOD_EXIT|[10]|Person
16:57:29.0 (7113134)|HEAP_ALLOCATE|[3]|Bytes:28
16:57:29.0 (7116688)|HEAP_ALLOCATE|[3]|Bytes:4
16:57:29.0 (7119751)|HEAP_ALLOCATE|[3]|Bytes:21
16:57:29.0 (7151259)|SYSTEM_MODE_ENTER|false
16:57:29.0 (7161298)|HEAP_ALLOCATE|[3]|Bytes:5
16:57:29.0 (7179742)|CONSTRUCTOR_ENTRY|[3]|01p1I00000AiJUh|<init>(String,String)
16:57:29.0 (7203156)|VARIABLE_SCOPE_BEGIN|[30]|this|Person|true|false
16:57:29.0 (7245854)|VARIABLE_ASSIGNMENT|[30]|this|{}|0x1ad1e0bc
16:57:29.0 (7252523)|VARIABLE_SCOPE_BEGIN|[30]|defaultName|String|false|false
16:57:29.0 (7260828)|VARIABLE_ASSIGNMENT|[30]|defaultName|"Fred"
16:57:29.0 (7264240)|VARIABLE_SCOPE_BEGIN|[30]|defaultEmail|String|false|false
16:57:29.0 (7272612)|VARIABLE_ASSIGNMENT|[30]|defaultEmail|"freddster@hotmail.co (1 more) ..."
16:57:29.0 (7278301)|STATEMENT_EXECUTE|[10]
16:57:29.0 (7279356)|STATEMENT_EXECUTE|[15]
16:57:29.0 (7280240)|STATEMENT_EXECUTE|[16]
16:57:29.0 (7281018)|STATEMENT_EXECUTE|[17]
16:57:29.0 (7281842)|STATEMENT_EXECUTE|[18]
16:57:29.0 (7282628)|STATEMENT_EXECUTE|[19]
16:57:29.0 (7283415)|STATEMENT_EXECUTE|[21]
16:57:29.0 (7287917)|HEAP_ALLOCATE|[31]|Bytes:6
16:57:29.0 (7316624)|STATEMENT_EXECUTE|[30]
16:57:29.0 (7317776)|STATEMENT_EXECUTE|[31]
16:57:29.0 (7325909)|VARIABLE_ASSIGNMENT|[31]|this.name|"Fred"|0x1ad1e0bc
16:57:29.0 (7330754)|STATEMENT_EXECUTE|[32]
16:57:29.0 (7334818)|VARIABLE_ASSIGNMENT|[32]|this.email|"freddster@hotmail.co (1 more) ..."|0x1ad1e0bc
16:57:29.0 (7338952)|STATEMENT_EXECUTE|[33]
16:57:29.0 (7361296)|HEAP_ALLOCATE|[33]|Bytes:5
16:57:29.0 (7366995)|VARIABLE_ASSIGNMENT|[33]|this.IS_DEAD|false|0x1ad1e0bc
16:57:29.0 (7376802)|CONSTRUCTOR_EXIT|[3]|01p1I00000AiJUh|<init>(String,String)
16:57:29.0 (7387602)|SYSTEM_MODE_EXIT|false
16:57:29.0 (7407531)|VARIABLE_ASSIGNMENT|[3]|fred|{"email":"freddster@hotmail.co (1 more) ...","IS_DEAD":false,"name":"Fred"}|0x1ad1e0bc
16:57:29.0 (7413085)|STATEMENT_EXECUTE|[4]
16:57:29.0 (7437809)|SYSTEM_MODE_ENTER|false
16:57:29.0 (7444469)|HEAP_ALLOCATE|[4]|Bytes:5
16:57:29.0 (7472716)|METHOD_ENTRY|[4]|01p1I00000AiJUh|Person.setIsHuman(Boolean)
16:57:29.0 (7492624)|VARIABLE_SCOPE_BEGIN|[54]|this|Person|true|false
16:57:29.0 (7510307)|VARIABLE_ASSIGNMENT|[54]|this|{"email":"freddster@hotmail.co (1 more) ...","IS_DEAD":false,"name":"Fred"}|0x1ad1e0bc
16:57:29.0 (7517228)|VARIABLE_SCOPE_BEGIN|[54]|isHumanVal|Boolean|false|false
16:57:29.0 (7523790)|VARIABLE_ASSIGNMENT|[54]|isHumanVal|false
16:57:29.0 (7530315)|STATEMENT_EXECUTE|[54]
16:57:29.0 (7531328)|STATEMENT_EXECUTE|[55]
16:57:29.0 (7534381)|HEAP_ALLOCATE|[55]|Bytes:5
16:57:29.0 (7540240)|VARIABLE_ASSIGNMENT|[55]|Person.isHuman|false
16:57:29.0 (7547053)|METHOD_EXIT|[4]|01p1I00000AiJUh|Person.setIsHuman(Boolean)
16:57:29.0 (7554742)|SYSTEM_MODE_EXIT|false
16:57:29.0 (7559172)|STATEMENT_EXECUTE|[5]
16:57:29.0 (7578156)|SYSTEM_MODE_ENTER|false
16:57:29.0 (7583763)|HEAP_ALLOCATE|[5]|Bytes:5
16:57:29.0 (7595461)|METHOD_ENTRY|[5]|01p1I00000AiJUh|Person.setAge(Integer)
16:57:29.0 (7610298)|VARIABLE_SCOPE_BEGIN|[94]|this|Person|true|false
16:57:29.0 (7626460)|VARIABLE_ASSIGNMENT|[94]|this|{"email":"freddster@hotmail.co (1 more) ...","IS_DEAD":false,"name":"Fred"}|0x1ad1e0bc
16:57:29.0 (7632874)|VARIABLE_SCOPE_BEGIN|[94]|newAge|Integer|false|false
16:57:29.0 (7639595)|VARIABLE_ASSIGNMENT|[94]|newAge|46
16:57:29.0 (7643925)|STATEMENT_EXECUTE|[94]
16:57:29.0 (7644935)|STATEMENT_EXECUTE|[95]
16:57:29.0 (7647709)|HEAP_ALLOCATE|[95]|Bytes:4
16:57:29.0 (7652772)|VARIABLE_ASSIGNMENT|[95]|this.age|46|0x1ad1e0bc
16:57:29.0 (7659683)|METHOD_EXIT|[5]|01p1I00000AiJUh|Person.setAge(Integer)
16:57:29.0 (7665332)|SYSTEM_MODE_EXIT|false
16:57:29.0 (7669290)|STATEMENT_EXECUTE|[6]
16:57:29.0 (7685345)|SYSTEM_MODE_ENTER|false
16:57:29.0 (7690958)|HEAP_ALLOCATE|[6]|Bytes:5
16:57:29.0 (7700127)|METHOD_ENTRY|[6]|01p1I00000AiJUh|Person.print()
16:57:29.0 (7714581)|VARIABLE_SCOPE_BEGIN|[42]|this|Person|true|false
16:57:29.0 (7732134)|VARIABLE_ASSIGNMENT|[42]|this|{"age":46,"email":"freddster@hotmail.co (1 more) ...","IS_DEAD":false,"name":"Fred"}|0x1ad1e0bc
16:57:29.0 (7738272)|STATEMENT_EXECUTE|[42]
16:57:29.0 (7739356)|STATEMENT_EXECUTE|[43]
16:57:29.0 (7741468)|HEAP_ALLOCATE|[43]|Bytes:13
16:57:29.0 (7761579)|HEAP_ALLOCATE|[43]|Bytes:17
16:57:29.0 (7778030)|SYSTEM_METHOD_ENTRY|[43]|System.debug(ANY)
16:57:29.0 (7824191)|USER_DEBUG|[43]|DEBUG|Person name: Fred
16:57:29.0 (7831606)|SYSTEM_METHOD_EXIT|[43]|System.debug(ANY)
16:57:29.0 (7835146)|STATEMENT_EXECUTE|[44]
16:57:29.0 (7837208)|HEAP_ALLOCATE|[44]|Bytes:14
16:57:29.0 (7844036)|HEAP_ALLOCATE|[44]|Bytes:35
16:57:29.0 (7849396)|SYSTEM_METHOD_ENTRY|[44]|System.debug(ANY)
16:57:29.0 (7856508)|USER_DEBUG|[44]|DEBUG|Person email: freddster@hotmail.com
16:57:29.0 (7861137)|SYSTEM_METHOD_EXIT|[44]|System.debug(ANY)
16:57:29.0 (7863690)|STATEMENT_EXECUTE|[45]
16:57:29.0 (7865336)|HEAP_ALLOCATE|[45]|Bytes:15
16:57:29.0 (7870324)|HEAP_ALLOCATE|[45]|Bytes:19
16:57:29.0 (7874548)|SYSTEM_METHOD_ENTRY|[45]|System.debug(ANY)
16:57:29.0 (7879979)|USER_DEBUG|[45]|DEBUG|Person gender: null
16:57:29.0 (7884363)|SYSTEM_METHOD_EXIT|[45]|System.debug(ANY)
16:57:29.0 (7886643)|STATEMENT_EXECUTE|[46]
16:57:29.0 (7888215)|HEAP_ALLOCATE|[46]|Bytes:15
16:57:29.0 (7915385)|SYSTEM_METHOD_ENTRY|[46]|String.valueOf(Object)
16:57:29.0 (7933328)|SYSTEM_METHOD_EXIT|[46]|String.valueOf(Object)
16:57:29.0 (7938834)|HEAP_ALLOCATE|[46]|Bytes:19
16:57:29.0 (7944370)|SYSTEM_METHOD_ENTRY|[46]|System.debug(ANY)
16:57:29.0 (7947503)|USER_DEBUG|[46]|DEBUG|Person weight: null
16:57:29.0 (7951195)|SYSTEM_METHOD_EXIT|[46]|System.debug(ANY)
16:57:29.0 (7953355)|STATEMENT_EXECUTE|[47]
16:57:29.0 (7954839)|HEAP_ALLOCATE|[47]|Bytes:12
16:57:29.0 (7965748)|SYSTEM_METHOD_ENTRY|[47]|String.valueOf(Object)
16:57:29.0 (7973658)|HEAP_ALLOCATE|[47]|Bytes:2
16:57:29.0 (7981497)|SYSTEM_METHOD_EXIT|[47]|String.valueOf(Object)
16:57:29.0 (7985624)|HEAP_ALLOCATE|[47]|Bytes:14
16:57:29.0 (7990222)|SYSTEM_METHOD_ENTRY|[47]|System.debug(ANY)
16:57:29.0 (7992906)|USER_DEBUG|[47]|DEBUG|Person age: 46
16:57:29.0 (7996726)|SYSTEM_METHOD_EXIT|[47]|System.debug(ANY)
16:57:29.0 (7999256)|STATEMENT_EXECUTE|[48]
16:57:29.0 (8000690)|HEAP_ALLOCATE|[48]|Bytes:15
16:57:29.0 (8011110)|SYSTEM_METHOD_ENTRY|[48]|String.valueOf(Object)
16:57:29.0 (8017784)|HEAP_ALLOCATE|[48]|Bytes:5
16:57:29.0 (8025467)|SYSTEM_METHOD_EXIT|[48]|String.valueOf(Object)
16:57:29.0 (8029406)|HEAP_ALLOCATE|[48]|Bytes:20
16:57:29.0 (8033563)|SYSTEM_METHOD_ENTRY|[48]|System.debug(ANY)
16:57:29.0 (8036360)|USER_DEBUG|[48]|DEBUG|Person isDead: false
16:57:29.0 (8040239)|SYSTEM_METHOD_EXIT|[48]|System.debug(ANY)
16:57:29.0 (8042323)|STATEMENT_EXECUTE|[49]
16:57:29.0 (8043708)|HEAP_ALLOCATE|[49]|Bytes:16
16:57:29.0 (8054120)|SYSTEM_METHOD_ENTRY|[49]|String.valueOf(Object)
16:57:29.0 (8060514)|HEAP_ALLOCATE|[49]|Bytes:5
16:57:29.0 (8068453)|SYSTEM_METHOD_EXIT|[49]|String.valueOf(Object)
16:57:29.0 (8071892)|HEAP_ALLOCATE|[49]|Bytes:21
16:57:29.0 (8076137)|SYSTEM_METHOD_ENTRY|[49]|System.debug(ANY)
16:57:29.0 (8078878)|USER_DEBUG|[49]|DEBUG|Person isHuman: false
16:57:29.0 (8087539)|SYSTEM_METHOD_EXIT|[49]|System.debug(ANY)
16:57:29.0 (8091820)|METHOD_EXIT|[6]|01p1I00000AiJUh|Person.print()
16:57:29.0 (8097702)|SYSTEM_MODE_EXIT|false
16:57:29.0 (8102278)|STATEMENT_EXECUTE|[8]
16:57:29.0 (8106147)|HEAP_ALLOCATE|[8]|Bytes:28
16:57:29.0 (8110102)|HEAP_ALLOCATE|[8]|Bytes:5
16:57:29.0 (8130361)|SYSTEM_MODE_ENTER|false
16:57:29.0 (8136759)|HEAP_ALLOCATE|[8]|Bytes:5
16:57:29.0 (8145954)|CONSTRUCTOR_ENTRY|[8]|01p1I00000AiJUh|<init>(String)
16:57:29.0 (8159040)|VARIABLE_SCOPE_BEGIN|[23]|this|Person|true|false
16:57:29.0 (8178973)|VARIABLE_ASSIGNMENT|[23]|this|{}|0x31e08377
16:57:29.0 (8184887)|VARIABLE_SCOPE_BEGIN|[23]|defaultName|String|false|false
16:57:29.0 (8191955)|VARIABLE_ASSIGNMENT|[23]|defaultName|"Betty"
16:57:29.0 (8196066)|STATEMENT_EXECUTE|[10]
16:57:29.0 (8197064)|STATEMENT_EXECUTE|[15]
16:57:29.0 (8197933)|STATEMENT_EXECUTE|[16]
16:57:29.0 (8198782)|STATEMENT_EXECUTE|[17]
16:57:29.0 (8199583)|STATEMENT_EXECUTE|[18]
16:57:29.0 (8200375)|STATEMENT_EXECUTE|[19]
16:57:29.0 (8201197)|STATEMENT_EXECUTE|[21]
16:57:29.0 (8209617)|STATEMENT_EXECUTE|[23]
16:57:29.0 (8210538)|STATEMENT_EXECUTE|[24]
16:57:29.0 (8216205)|VARIABLE_ASSIGNMENT|[24]|this.name|"Betty"|0x31e08377
16:57:29.0 (8220616)|STATEMENT_EXECUTE|[25]
16:57:29.0 (8227599)|HEAP_ALLOCATE|[25]|Bytes:5
16:57:29.0 (8232665)|VARIABLE_ASSIGNMENT|[25]|this.IS_DEAD|false|0x31e08377
16:57:29.0 (8239934)|CONSTRUCTOR_EXIT|[8]|01p1I00000AiJUh|<init>(String)
16:57:29.0 (8246111)|SYSTEM_MODE_EXIT|false
16:57:29.0 (8262507)|VARIABLE_ASSIGNMENT|[8]|betty|{"IS_DEAD":false,"name":"Betty"}|0x31e08377
16:57:29.0 (8267831)|STATEMENT_EXECUTE|[9]
16:57:29.0 (8287328)|SYSTEM_MODE_ENTER|false
16:57:29.0 (8293099)|HEAP_ALLOCATE|[9]|Bytes:5
16:57:29.0 (8301157)|METHOD_ENTRY|[9]|01p1I00000AiJUh|Person.print()
16:57:29.0 (8310693)|VARIABLE_SCOPE_BEGIN|[42]|this|Person|true|false
16:57:29.0 (8325868)|VARIABLE_ASSIGNMENT|[42]|this|{"IS_DEAD":false,"name":"Betty"}|0x31e08377
16:57:29.0 (8331301)|STATEMENT_EXECUTE|[42]
16:57:29.0 (8332309)|STATEMENT_EXECUTE|[43]
16:57:29.0 (8336525)|HEAP_ALLOCATE|[43]|Bytes:18
16:57:29.0 (8342858)|SYSTEM_METHOD_ENTRY|[43]|System.debug(ANY)
16:57:29.0 (8346718)|USER_DEBUG|[43]|DEBUG|Person name: Betty
16:57:29.0 (8351420)|SYSTEM_METHOD_EXIT|[43]|System.debug(ANY)
16:57:29.0 (8353770)|STATEMENT_EXECUTE|[44]
16:57:29.0 (8356889)|HEAP_ALLOCATE|[44]|Bytes:18
16:57:29.0 (8360507)|SYSTEM_METHOD_ENTRY|[44]|System.debug(ANY)
16:57:29.0 (8362847)|USER_DEBUG|[44]|DEBUG|Person email: null
16:57:29.0 (8366714)|SYSTEM_METHOD_EXIT|[44]|System.debug(ANY)
16:57:29.0 (8369228)|STATEMENT_EXECUTE|[45]
16:57:29.0 (8371278)|HEAP_ALLOCATE|[45]|Bytes:19
16:57:29.0 (8374339)|SYSTEM_METHOD_ENTRY|[45]|System.debug(ANY)
16:57:29.0 (8376404)|USER_DEBUG|[45]|DEBUG|Person gender: null
16:57:29.0 (8380084)|SYSTEM_METHOD_EXIT|[45]|System.debug(ANY)
16:57:29.0 (8382120)|STATEMENT_EXECUTE|[46]
16:57:29.0 (8393570)|SYSTEM_METHOD_ENTRY|[46]|String.valueOf(Object)
16:57:29.0 (8402181)|SYSTEM_METHOD_EXIT|[46]|String.valueOf(Object)
16:57:29.0 (8406057)|HEAP_ALLOCATE|[46]|Bytes:19
16:57:29.0 (8410079)|SYSTEM_METHOD_ENTRY|[46]|System.debug(ANY)
16:57:29.0 (8413000)|USER_DEBUG|[46]|DEBUG|Person weight: null
16:57:29.0 (8417171)|SYSTEM_METHOD_EXIT|[46]|System.debug(ANY)
16:57:29.0 (8419620)|STATEMENT_EXECUTE|[47]
16:57:29.0 (8428919)|SYSTEM_METHOD_ENTRY|[47]|String.valueOf(Object)
16:57:29.0 (8437056)|SYSTEM_METHOD_EXIT|[47]|String.valueOf(Object)
16:57:29.0 (8440693)|HEAP_ALLOCATE|[47]|Bytes:16
16:57:29.0 (8444592)|SYSTEM_METHOD_ENTRY|[47]|System.debug(ANY)
16:57:29.0 (8447322)|USER_DEBUG|[47]|DEBUG|Person age: null
16:57:29.0 (8451126)|SYSTEM_METHOD_EXIT|[47]|System.debug(ANY)
16:57:29.0 (8453300)|STATEMENT_EXECUTE|[48]
16:57:29.0 (8460595)|SYSTEM_METHOD_ENTRY|[48]|String.valueOf(Object)
16:57:29.0 (8464174)|HEAP_ALLOCATE|[48]|Bytes:5
16:57:29.0 (8471105)|SYSTEM_METHOD_EXIT|[48]|String.valueOf(Object)
16:57:29.0 (8474770)|HEAP_ALLOCATE|[48]|Bytes:20
16:57:29.0 (8478184)|SYSTEM_METHOD_ENTRY|[48]|System.debug(ANY)
16:57:29.0 (8481084)|USER_DEBUG|[48]|DEBUG|Person isDead: false
16:57:29.0 (8484805)|SYSTEM_METHOD_EXIT|[48]|System.debug(ANY)
16:57:29.0 (8487036)|STATEMENT_EXECUTE|[49]
16:57:29.0 (8494754)|SYSTEM_METHOD_ENTRY|[49]|String.valueOf(Object)
16:57:29.0 (8497805)|HEAP_ALLOCATE|[49]|Bytes:5
16:57:29.0 (8504570)|SYSTEM_METHOD_EXIT|[49]|String.valueOf(Object)
16:57:29.0 (8508397)|HEAP_ALLOCATE|[49]|Bytes:21
16:57:29.0 (8511940)|SYSTEM_METHOD_ENTRY|[49]|System.debug(ANY)
16:57:29.0 (8514465)|USER_DEBUG|[49]|DEBUG|Person isHuman: false
16:57:29.0 (8518139)|SYSTEM_METHOD_EXIT|[49]|System.debug(ANY)
16:57:29.0 (8521930)|METHOD_EXIT|[9]|01p1I00000AiJUh|Person.print()
16:57:29.0 (8527757)|SYSTEM_MODE_EXIT|false
16:57:29.0 (8531760)|STATEMENT_EXECUTE|[11]
16:57:29.0 (8535094)|HEAP_ALLOCATE|[11]|Bytes:28
16:57:29.0 (8538907)|HEAP_ALLOCATE|[11]|Bytes:6
16:57:29.0 (8541800)|HEAP_ALLOCATE|[11]|Bytes:20
16:57:29.0 (8562015)|SYSTEM_MODE_ENTER|false
16:57:29.0 (8568250)|HEAP_ALLOCATE|[11]|Bytes:5
16:57:29.0 (8578231)|CONSTRUCTOR_ENTRY|[11]|01p1I00000AiJUh|<init>(String,String,Boolean)
16:57:29.0 (8593232)|VARIABLE_SCOPE_BEGIN|[36]|this|Person|true|false
16:57:29.0 (8608330)|VARIABLE_ASSIGNMENT|[36]|this|{}|0x1394663b
16:57:29.0 (8613583)|VARIABLE_SCOPE_BEGIN|[36]|defaultName|String|false|false
16:57:29.0 (8619667)|VARIABLE_ASSIGNMENT|[36]|defaultName|"Johnny"
16:57:29.0 (8623550)|VARIABLE_SCOPE_BEGIN|[36]|defaultEmail|String|false|false
16:57:29.0 (8630063)|VARIABLE_ASSIGNMENT|[36]|defaultEmail|"deadJohnny@gmail.com"
16:57:29.0 (8635166)|VARIABLE_SCOPE_BEGIN|[36]|defaultIsDead|Boolean|false|false
16:57:29.0 (8641864)|VARIABLE_ASSIGNMENT|[36]|defaultIsDead|true
16:57:29.0 (8645496)|STATEMENT_EXECUTE|[10]
16:57:29.0 (8646517)|STATEMENT_EXECUTE|[15]
16:57:29.0 (8647412)|STATEMENT_EXECUTE|[16]
16:57:29.0 (8648353)|STATEMENT_EXECUTE|[17]
16:57:29.0 (8649154)|STATEMENT_EXECUTE|[18]
16:57:29.0 (8649996)|STATEMENT_EXECUTE|[19]
16:57:29.0 (8650774)|STATEMENT_EXECUTE|[21]
16:57:29.0 (8659036)|STATEMENT_EXECUTE|[36]
16:57:29.0 (8659964)|STATEMENT_EXECUTE|[37]
16:57:29.0 (8665243)|VARIABLE_ASSIGNMENT|[37]|this.name|"Johnny"|0x1394663b
16:57:29.0 (8670252)|STATEMENT_EXECUTE|[38]
16:57:29.0 (8673497)|VARIABLE_ASSIGNMENT|[38]|this.email|"deadJohnny@gmail.com"|0x1394663b
16:57:29.0 (8677862)|STATEMENT_EXECUTE|[39]
16:57:29.0 (8683815)|HEAP_ALLOCATE|[39]|Bytes:5
16:57:29.0 (8688475)|VARIABLE_ASSIGNMENT|[39]|this.IS_DEAD|true|0x1394663b
16:57:29.0 (8696896)|CONSTRUCTOR_EXIT|[11]|01p1I00000AiJUh|<init>(String,String,Boolean)
16:57:29.0 (8702863)|SYSTEM_MODE_EXIT|false
16:57:29.0 (8719485)|VARIABLE_ASSIGNMENT|[11]|johnny|{"email":"deadJohnny@gmail.com","IS_DEAD":true,"name":"Johnny"}|0x1394663b
16:57:29.0 (8724877)|STATEMENT_EXECUTE|[12]
16:57:29.0 (8744003)|SYSTEM_MODE_ENTER|false
16:57:29.0 (8749419)|HEAP_ALLOCATE|[12]|Bytes:5
16:57:29.0 (8757175)|METHOD_ENTRY|[12]|01p1I00000AiJUh|Person.print()
16:57:29.0 (8766782)|VARIABLE_SCOPE_BEGIN|[42]|this|Person|true|false
16:57:29.0 (8781799)|VARIABLE_ASSIGNMENT|[42]|this|{"email":"deadJohnny@gmail.com","IS_DEAD":true,"name":"Johnny"}|0x1394663b
16:57:29.0 (8787856)|STATEMENT_EXECUTE|[42]
16:57:29.0 (8788817)|STATEMENT_EXECUTE|[43]
16:57:29.0 (8792366)|HEAP_ALLOCATE|[43]|Bytes:19
16:57:29.0 (8798521)|SYSTEM_METHOD_ENTRY|[43]|System.debug(ANY)
16:57:29.0 (8802053)|USER_DEBUG|[43]|DEBUG|Person name: Johnny
16:57:29.0 (8806970)|SYSTEM_METHOD_EXIT|[43]|System.debug(ANY)
16:57:29.0 (8809469)|STATEMENT_EXECUTE|[44]
16:57:29.0 (8811712)|HEAP_ALLOCATE|[44]|Bytes:34
16:57:29.0 (8815296)|SYSTEM_METHOD_ENTRY|[44]|System.debug(ANY)
16:57:29.0 (8817932)|USER_DEBUG|[44]|DEBUG|Person email: deadJohnny@gmail.com
16:57:29.0 (8821696)|SYSTEM_METHOD_EXIT|[44]|System.debug(ANY)
16:57:29.0 (8824463)|STATEMENT_EXECUTE|[45]
16:57:29.0 (8826701)|HEAP_ALLOCATE|[45]|Bytes:19
16:57:29.0 (8830342)|SYSTEM_METHOD_ENTRY|[45]|System.debug(ANY)
16:57:29.0 (8832985)|USER_DEBUG|[45]|DEBUG|Person gender: null
16:57:29.0 (8836393)|SYSTEM_METHOD_EXIT|[45]|System.debug(ANY)
16:57:29.0 (8842304)|STATEMENT_EXECUTE|[46]
16:57:29.0 (8854589)|SYSTEM_METHOD_ENTRY|[46]|String.valueOf(Object)
16:57:29.0 (8862838)|SYSTEM_METHOD_EXIT|[46]|String.valueOf(Object)
16:57:29.0 (8866702)|HEAP_ALLOCATE|[46]|Bytes:19
16:57:29.0 (8870564)|SYSTEM_METHOD_ENTRY|[46]|System.debug(ANY)
16:57:29.0 (8872979)|USER_DEBUG|[46]|DEBUG|Person weight: null
16:57:29.0 (8876595)|SYSTEM_METHOD_EXIT|[46]|System.debug(ANY)
16:57:29.0 (8878972)|STATEMENT_EXECUTE|[47]
16:57:29.0 (8885732)|SYSTEM_METHOD_ENTRY|[47]|String.valueOf(Object)
16:57:29.0 (8892548)|SYSTEM_METHOD_EXIT|[47]|String.valueOf(Object)
16:57:29.0 (8895806)|HEAP_ALLOCATE|[47]|Bytes:16
16:57:29.0 (8899401)|SYSTEM_METHOD_ENTRY|[47]|System.debug(ANY)
16:57:29.0 (8902045)|USER_DEBUG|[47]|DEBUG|Person age: null
16:57:29.0 (8905924)|SYSTEM_METHOD_EXIT|[47]|System.debug(ANY)
16:57:29.0 (8908127)|STATEMENT_EXECUTE|[48]
16:57:29.0 (8915328)|SYSTEM_METHOD_ENTRY|[48]|String.valueOf(Object)
16:57:29.0 (8918325)|HEAP_ALLOCATE|[48]|Bytes:4
16:57:29.0 (8925028)|SYSTEM_METHOD_EXIT|[48]|String.valueOf(Object)
16:57:29.0 (8928742)|HEAP_ALLOCATE|[48]|Bytes:19
16:57:29.0 (8931917)|SYSTEM_METHOD_ENTRY|[48]|System.debug(ANY)
16:57:29.0 (8934727)|USER_DEBUG|[48]|DEBUG|Person isDead: true
16:57:29.0 (8938224)|SYSTEM_METHOD_EXIT|[48]|System.debug(ANY)
16:57:29.0 (8940532)|STATEMENT_EXECUTE|[49]
16:57:29.0 (8948145)|SYSTEM_METHOD_ENTRY|[49]|String.valueOf(Object)
16:57:29.0 (8951004)|HEAP_ALLOCATE|[49]|Bytes:5
16:57:29.0 (8958288)|SYSTEM_METHOD_EXIT|[49]|String.valueOf(Object)
16:57:29.0 (8961791)|HEAP_ALLOCATE|[49]|Bytes:21
16:57:29.0 (8965056)|SYSTEM_METHOD_ENTRY|[49]|System.debug(ANY)
16:57:29.0 (8967162)|USER_DEBUG|[49]|DEBUG|Person isHuman: false
16:57:29.0 (8970755)|SYSTEM_METHOD_EXIT|[49]|System.debug(ANY)
16:57:29.0 (8974733)|METHOD_EXIT|[12]|01p1I00000AiJUh|Person.print()
16:57:29.0 (8980569)|SYSTEM_MODE_EXIT|false
16:57:29.9 (9001216)|CUMULATIVE_LIMIT_USAGE
16:57:29.9 (9001216)|LIMIT_USAGE_FOR_NS|(default)|
  Number of SOQL queries: 0 out of 100
  Number of query rows: 0 out of 50000
  Number of SOSL queries: 0 out of 20
  Number of DML statements: 0 out of 150
  Number of DML rows: 0 out of 10000
  Maximum CPU time: 0 out of 10000
  Maximum heap size: 0 out of 6000000
  Number of callouts: 0 out of 100
  Number of Email Invocations: 0 out of 10
  Number of future calls: 0 out of 50
  Number of queueable jobs added to the queue: 0 out of 50
  Number of Mobile Apex push calls: 0 out of 10

16:57:29.9 (9001216)|TOTAL_EMAIL_RECIPIENTS_QUEUED|0
16:57:29.9 (9001216)|STATIC_VARIABLE_LIST|
  char[]:DigitTens:0
  long:serialVersionUID:0
  Person:_static_betty:0
  String:_sfdcSuppressedCodeLocations:0
  long:serialVersionUID:0
  String:_sfdcAdditionalCodeLocations:0
  double:MAX_VALUE:0
  Boolean:FALSE:0
  long:serialVersionUID:0
  double:MIN_VALUE:0
  int:SIZE:0
  double:NEGATIVE_INFINITY:0
  int:MAX_VALUE:0
  Boolean:_static_isHuman:0
  char[]:digits:0
  double:NaN:0
  Boolean:TRUE:0
  Person:_static_johnny:0
  Person:_static_fred:0
  int:MIN_VALUE:0
  char[]:DigitOnes:0
  int:BYTES:0
  int:MIN_EXPONENT:0
  String:_sfdcAdditionalCodeLocations:0
  int[]:sizeTable:0
  int:MAX_EXPONENT:0
  String:_sfdcSuppressedCodeLocations:0
  int:SIZE:0
  double:POSITIVE_INFINITY:0
  double:MIN_NORMAL:0
  int:BYTES:0

16:57:29.9 (9001216)|CUMULATIVE_LIMIT_USAGE_END

16:57:29.0 (9091989)|CODE_UNIT_FINISHED|execute_anonymous_apex
16:57:29.0 (9911954)|EXECUTION_FINISHED
16:57:29.18 (18651906)|CUMULATIVE_PROFILING_BEGIN
16:57:29.18 (18651906)|CUMULATIVE_PROFILING|No profiling information for SOQL operations
16:57:29.18 (18651906)|CUMULATIVE_PROFILING|No profiling information for SOSL operations
16:57:29.18 (18651906)|CUMULATIVE_PROFILING|No profiling information for DML operations
16:57:29.18 (18651906)|CUMULATIVE_PROFILING|method invocations|
External entry point: public static void execute(): executed 1 time in 3 ms
AnonymousBlock: line 6, column 1: public void print(): executed 1 time in 1 ms
AnonymousBlock: line 12, column 1: public void print(): executed 1 time in 1 ms
AnonymousBlock: line 3, column 1: public Person(String, String): executed 1 time in 0 ms
AnonymousBlock: line 4, column 1: public void setIsHuman(Boolean): executed 1 time in 0 ms
AnonymousBlock: line 5, column 1: public void setAge(Integer): executed 1 time in 0 ms
AnonymousBlock: line 8, column 1: public Person(String): executed 1 time in 0 ms
AnonymousBlock: line 9, column 1: public void print(): executed 1 time in 0 ms
AnonymousBlock: line 11, column 1: public Person(String, String, Boolean): executed 1 time in 0 ms
Class.Person.print: line 48, column 1: public static String valueOf(Object): executed 6 times in 0 ms
Class.Person.print: line 49, column 1: public static String valueOf(Object): executed 6 times in 0 ms

16:57:29.18 (18651906)|CUMULATIVE_PROFILING_END
