36.0 APEX_CODE,FINEST;APEX_PROFILING,FINEST;CALLOUT,FINEST;DB,FINEST;SYSTEM,FINE;VALIDATION,INFO;VISUALFORCE,NONE;WAVE,INFO;WORKFLOW,FINER
14:48:19.1 (1527450)|USER_INFO|[EXTERNAL]|0051I000000zlxU|anders.windell@atginfo.com.apex.bootcamp|Pacific Standard Time|GMT-08:00
14:48:19.1 (1559305)|EXECUTION_STARTED
14:48:19.1 (1563088)|CODE_UNIT_STARTED|[EXTERNAL]|01q1I000001Dynp|ProductTrigger on Product2 trigger event AfterUpdate for [01t1I0000016vrf]
14:48:19.1 (1613684)|HEAP_ALLOCATE|[EXTERNAL]|Bytes:8
14:48:19.1 (1650192)|HEAP_ALLOCATE|[EXTERNAL]|Bytes:8
14:48:19.1 (2024128)|HEAP_ALLOCATE|[72]|Bytes:3
14:48:19.1 (2083651)|HEAP_ALLOCATE|[77]|Bytes:152
14:48:19.1 (2097597)|HEAP_ALLOCATE|[342]|Bytes:408
14:48:19.1 (2108781)|HEAP_ALLOCATE|[355]|Bytes:408
14:48:19.1 (2119000)|HEAP_ALLOCATE|[467]|Bytes:48
14:48:19.1 (2148039)|HEAP_ALLOCATE|[139]|Bytes:6
14:48:19.1 (2171266)|HEAP_ALLOCATE|[EXTERNAL]|Bytes:4
14:48:19.1 (2195960)|VARIABLE_SCOPE_BEGIN|[1]|this|ProductTrigger|true|false
14:48:19.1 (2442403)|VARIABLE_ASSIGNMENT|[1]|this|{}|0x5f2b3d8
14:48:19.1 (2488742)|HEAP_ALLOCATE|[EXTERNAL]|Bytes:4
14:48:19.1 (2530847)|VARIABLE_SCOPE_BEGIN|[1]|this|ProductTrigger|true|false
14:48:19.1 (2544007)|VARIABLE_ASSIGNMENT|[1]|this|{}|0x5f2b3d8
14:48:19.1 (2551232)|STATEMENT_EXECUTE|[1]
14:48:19.1 (2581184)|HEAP_ALLOCATE|[50]|Bytes:5
14:48:19.1 (2605879)|HEAP_ALLOCATE|[56]|Bytes:5
14:48:19.1 (2614073)|HEAP_ALLOCATE|[64]|Bytes:7
14:48:19.1 (2645360)|STATEMENT_EXECUTE|[3]
14:48:19.1 (2647397)|STATEMENT_EXECUTE|[4]
14:48:19.1 (5912040)|HEAP_ALLOCATE|[4]|Bytes:3
14:48:19.1 (5926780)|HEAP_ALLOCATE|[4]|Bytes:2
14:48:19.1 (5969485)|METHOD_ENTRY|[1]|01p1I00000FWXW5|ProductTriggerHelper.ProductTriggerHelper()
14:48:19.1 (5979948)|STATEMENT_EXECUTE|[1]
14:48:19.1 (5985580)|STATEMENT_EXECUTE|[1]
14:48:19.1 (6389157)|SYSTEM_MODE_ENTER|false
14:48:19.1 (6412312)|HEAP_ALLOCATE|[4]|Bytes:5
14:48:19.1 (6423741)|SYSTEM_MODE_EXIT|false
14:48:19.1 (6456025)|METHOD_EXIT|[1]|ProductTriggerHelper
14:48:19.1 (6514463)|METHOD_ENTRY|[4]|01p1I00000FWXW5|ProductTriggerHelper.handleAfterUpdate(List<Product2>, Map<Id,Product2>)
14:48:19.1 (6562256)|VARIABLE_SCOPE_BEGIN|[3]|products|List<Product2>|true|false
14:48:19.1 (7311823)|VARIABLE_ASSIGNMENT|[3]|products|[{"LastModifiedDate":"2018-01-02T22:48:19.000Z","IsDeleted":false,"CreatedById":"0051I000000zlxUQAQ","ProductCode":"GC1060","IsActive":true,"CreatedDate":"2017-10-25T22:52:04.000Z","Id":"01t1I0000016vrfQAA","LastModifiedById":"0051I000000zlxUQAQ","Name":"GenWatt Diesel 1000k (14 more) ...","SystemModstamp":"2018-01-02T22:48:19.000Z"}]|0xe0b96ab
14:48:19.1 (7329784)|VARIABLE_SCOPE_BEGIN|[3]|oldProductMap|Map<Id,Product2>|true|false
14:48:19.1 (7909495)|VARIABLE_ASSIGNMENT|[3]|oldProductMap|{"01t1I0000016vrfQAA":{"LastModifiedDate":"2017-10-25T22:52:04.000Z","IsDeleted":false,"CreatedById":"0051I000000zlxUQAQ","ProductCode":"GC1060","IsActive":true,"CreatedDate":"2017-10-25T22:52:04.000Z","Id":"01t1I0000016vrfQAA","LastModifiedById":"0051I000000zlxUQAQ","Name":"GenWatt Diesel 1000k (1 more) ...","SystemModstamp":"2017-10-25T22:52:04.000Z"}}|0x5f0e42b7
14:48:19.1 (7936836)|SYSTEM_MODE_ENTER|false
14:48:19.1 (7946770)|HEAP_ALLOCATE|[4]|Bytes:5
14:48:19.1 (7954221)|STATEMENT_EXECUTE|[3]
14:48:19.1 (7956042)|STATEMENT_EXECUTE|[4]
14:48:19.1 (7979514)|METHOD_ENTRY|[4]|01p1I00000FWXW5|ProductTriggerHelper.checkIfNameChanged(List<Product2>, Map<Id,Product2>)
14:48:19.1 (8030105)|VARIABLE_SCOPE_BEGIN|[7]|products|List<Product2>|true|false
14:48:19.1 (8320017)|VARIABLE_ASSIGNMENT|[7]|products|[{"LastModifiedDate":"2018-01-02T22:48:19.000Z","IsDeleted":false,"CreatedById":"0051I000000zlxUQAQ","ProductCode":"GC1060","IsActive":true,"CreatedDate":"2017-10-25T22:52:04.000Z","Id":"01t1I0000016vrfQAA","LastModifiedById":"0051I000000zlxUQAQ","Name":"GenWatt Diesel 1000k (14 more) ...","SystemModstamp":"2018-01-02T22:48:19.000Z"}]|0xe0b96ab
14:48:19.1 (8339602)|VARIABLE_SCOPE_BEGIN|[7]|oldProductMap|Map<Id,Product2>|true|false
14:48:19.1 (8622197)|VARIABLE_ASSIGNMENT|[7]|oldProductMap|{"01t1I0000016vrfQAA":{"LastModifiedDate":"2017-10-25T22:52:04.000Z","IsDeleted":false,"CreatedById":"0051I000000zlxUQAQ","ProductCode":"GC1060","IsActive":true,"CreatedDate":"2017-10-25T22:52:04.000Z","Id":"01t1I0000016vrfQAA","LastModifiedById":"0051I000000zlxUQAQ","Name":"GenWatt Diesel 1000k (1 more) ...","SystemModstamp":"2017-10-25T22:52:04.000Z"}}|0x5f0e42b7
14:48:19.1 (8652405)|HEAP_ALLOCATE|[11]|Bytes:5
14:48:19.1 (8660672)|STATEMENT_EXECUTE|[7]
14:48:19.1 (8750396)|SYSTEM_METHOD_ENTRY|[11]|List<Product2>.iterator()
14:48:19.1 (9001407)|SYSTEM_METHOD_EXIT|[11]|List<Product2>.iterator()
14:48:19.1 (9040242)|SYSTEM_METHOD_ENTRY|[11]|system.ListIterator.hasNext()
14:48:19.1 (9053821)|HEAP_ALLOCATE|[11]|Bytes:5
14:48:19.1 (9068882)|SYSTEM_METHOD_EXIT|[11]|system.ListIterator.hasNext()
14:48:19.1 (9089026)|VARIABLE_SCOPE_BEGIN|[11]|prod|Product2|true|false
14:48:19.1 (9289302)|VARIABLE_ASSIGNMENT|[11]|prod|{"LastModifiedDate":"2018-01-02T22:48:19.000Z","IsDeleted":false,"CreatedById":"0051I000000zlxUQAQ","ProductCode":"GC1060","IsActive":true,"CreatedDate":"2017-10-25T22:52:04.000Z","Id":"01t1I0000016vrfQAA","LastModifiedById":"0051I000000zlxUQAQ","Name":"GenWatt Diesel 1000k (14 more) ...","SystemModstamp":"2018-01-02T22:48:19.000Z"}|0x2d81cea6
14:48:19.1 (9301087)|STATEMENT_EXECUTE|[11]
14:48:19.1 (9374223)|SYSTEM_METHOD_ENTRY|[12]|Map<Id,Product2>.get(Object)
14:48:19.1 (9413922)|SYSTEM_METHOD_EXIT|[12]|Map<Id,Product2>.get(Object)
14:48:19.1 (9446800)|STATEMENT_EXECUTE|[12]
14:48:19.1 (9448312)|STATEMENT_EXECUTE|[13]
14:48:19.1 (9451249)|HEAP_ALLOCATE|[13]|Bytes:26
14:48:19.1 (9466067)|SYSTEM_METHOD_ENTRY|[13]|Map<Id,Product2>.get(Object)
14:48:19.1 (9482670)|SYSTEM_METHOD_EXIT|[13]|Map<Id,Product2>.get(Object)
14:48:19.1 (9489145)|HEAP_ALLOCATE|[13]|Bytes:4
14:48:19.1 (9507835)|HEAP_ALLOCATE|[13]|Bytes:85
14:48:19.1 (9624766)|SYSTEM_METHOD_ENTRY|[13]|System.debug(ANY)
14:48:19.1 (9635134)|USER_DEBUG|[13]|DEBUG|Product Name Changed From GenWatt Diesel 1000kW to GenWatt Diesel 1000kW - Deprecated
14:48:19.1 (9646472)|SYSTEM_METHOD_EXIT|[13]|System.debug(ANY)
14:48:19.1 (9655501)|SYSTEM_METHOD_ENTRY|[11]|system.ListIterator.hasNext()
14:48:19.1 (9663055)|HEAP_ALLOCATE|[11]|Bytes:5
14:48:19.1 (9668681)|SYSTEM_METHOD_EXIT|[11]|system.ListIterator.hasNext()
14:48:19.1 (9678504)|VARIABLE_ASSIGNMENT|[11]|prod|null|
14:48:19.1 (9690318)|METHOD_EXIT|[4]|01p1I00000FWXW5|ProductTriggerHelper.checkIfNameChanged(List<Product2>, Map<Id,Product2>)
14:48:19.1 (9695794)|SYSTEM_MODE_EXIT|false
14:48:19.1 (9701687)|METHOD_EXIT|[4]|01p1I00000FWXW5|ProductTriggerHelper.handleAfterUpdate(List<Product2>, Map<Id,Product2>)
14:48:19.9 (9710401)|CUMULATIVE_LIMIT_USAGE
14:48:19.9 (9710401)|LIMIT_USAGE_FOR_NS|(default)|
  Number of SOQL queries: 0 out of 100
  Number of query rows: 0 out of 50000
  Number of SOSL queries: 0 out of 20
  Number of DML statements: 0 out of 150
  Number of DML rows: 0 out of 10000
  Maximum CPU time: 0 out of 10000
  Maximum heap size: 0 out of 6000000
  Number of callouts: 0 out of 100
  Number of Email Invocations: 0 out of 10
  Number of future calls: 0 out of 50
  Number of queueable jobs added to the queue: 0 out of 50
  Number of Mobile Apex push calls: 0 out of 10

14:48:19.9 (9710401)|TOTAL_EMAIL_RECIPIENTS_QUEUED|0
14:48:19.9 (9710401)|STATIC_VARIABLE_LIST|
  char[]:DigitTens:0
  long:serialVersionUID:0
  long:serialVersionUID:0
  double:MAX_VALUE:0
  Boolean:FALSE:0
  long:serialVersionUID:0
  String:_sfdcSuppressedCodeLocations:0
  double:MIN_VALUE:0
  int:SIZE:0
  double:NEGATIVE_INFINITY:0
  int:MAX_VALUE:0
  char[]:digits:0
  double:NaN:0
  Boolean:TRUE:0
  int:MIN_VALUE:0
  char[]:DigitOnes:0
  String:_sfdcAdditionalCodeLocations:0
  int:BYTES:0
  int:MIN_EXPONENT:0
  int[]:sizeTable:0
  int:MAX_EXPONENT:0
  int:SIZE:0
  double:POSITIVE_INFINITY:0
  double:MIN_NORMAL:0
  int:BYTES:0

14:48:19.9 (9710401)|CUMULATIVE_LIMIT_USAGE_END

14:48:19.1 (10819305)|CODE_UNIT_FINISHED|ProductTrigger on Product2 trigger event AfterUpdate for [01t1I0000016vrf]
14:48:19.1 (11647314)|EXECUTION_FINISHED
14:48:19.20 (20490075)|CUMULATIVE_PROFILING_BEGIN
14:48:19.20 (20490075)|CUMULATIVE_PROFILING|No profiling information for SOQL operations
14:48:19.20 (20490075)|CUMULATIVE_PROFILING|No profiling information for SOSL operations
14:48:19.20 (20490075)|CUMULATIVE_PROFILING|No profiling information for DML operations
14:48:19.20 (20490075)|CUMULATIVE_PROFILING|method invocations|
External entry point: public void invoke(): executed 1 time in 7 ms
Trigger.ProductTrigger: line 4, column 1: public static void handleAfterUpdate(List<Product2>, Map<Id,Product2>): executed 1 time in 3 ms
Class.ProductTriggerHelper.handleAfterUpdate: line 4, column 1: private static void checkIfNameChanged(List<Product2>, Map<Id,Product2>): executed 1 time in 1 ms
Class.ProductTriggerHelper.checkIfNameChanged: line 11, column 1: global public System.Iterator iterator(): executed 3 times in 1 ms
Class.ProductTriggerHelper.checkIfNameChanged: line 12, column 1: global public Object get(Object): executed 1 time in 0 ms
Class.ProductTriggerHelper.checkIfNameChanged: line 13, column 1: global public Object get(Object): executed 2 times in 0 ms

14:48:19.20 (20490075)|CUMULATIVE_PROFILING_END
