36.0 APEX_CODE,FINEST;APEX_PROFILING,FINEST;CALLOUT,FINEST;DB,FINEST;SYSTEM,FINE;VALIDATION,INFO;VISUALFORCE,NONE;WAVE,INFO;WORKFLOW,FINER
15:40:42.0 (391113)|USER_INFO|[EXTERNAL]|0051I000000zlxU|anders.windell@atginfo.com.apex.bootcamp|Pacific Standard Time|GMT-08:00
15:40:42.0 (425580)|EXECUTION_STARTED
15:40:42.0 (430444)|CODE_UNIT_STARTED|[EXTERNAL]|01q1I000001Dynp|ProductTrigger on Product2 trigger event AfterUpdate for [01t1I0000016vrf]
15:40:42.0 (474282)|HEAP_ALLOCATE|[EXTERNAL]|Bytes:8
15:40:42.0 (591479)|HEAP_ALLOCATE|[EXTERNAL]|Bytes:8
15:40:42.0 (1013170)|HEAP_ALLOCATE|[72]|Bytes:3
15:40:42.0 (1061113)|HEAP_ALLOCATE|[77]|Bytes:152
15:40:42.0 (1077580)|HEAP_ALLOCATE|[342]|Bytes:408
15:40:42.0 (1098980)|HEAP_ALLOCATE|[355]|Bytes:408
15:40:42.0 (1113216)|HEAP_ALLOCATE|[467]|Bytes:48
15:40:42.0 (1166543)|HEAP_ALLOCATE|[139]|Bytes:6
15:40:42.0 (1189219)|HEAP_ALLOCATE|[EXTERNAL]|Bytes:4
15:40:42.0 (1210765)|VARIABLE_SCOPE_BEGIN|[1]|this|ProductTrigger|true|false
15:40:42.0 (1268200)|VARIABLE_ASSIGNMENT|[1]|this|{}|0x4eede3ed
15:40:42.0 (1321985)|HEAP_ALLOCATE|[EXTERNAL]|Bytes:4
15:40:42.0 (1385101)|VARIABLE_SCOPE_BEGIN|[1]|this|ProductTrigger|true|false
15:40:42.0 (1398671)|VARIABLE_ASSIGNMENT|[1]|this|{}|0x4eede3ed
15:40:42.0 (1405455)|STATEMENT_EXECUTE|[1]
15:40:42.0 (1443479)|HEAP_ALLOCATE|[50]|Bytes:5
15:40:42.0 (1463511)|HEAP_ALLOCATE|[56]|Bytes:5
15:40:42.0 (1471312)|HEAP_ALLOCATE|[64]|Bytes:7
15:40:42.0 (1499438)|STATEMENT_EXECUTE|[3]
15:40:42.0 (1501108)|STATEMENT_EXECUTE|[4]
15:40:42.0 (40831155)|HEAP_ALLOCATE|[4]|Bytes:3
15:40:42.0 (40843601)|HEAP_ALLOCATE|[4]|Bytes:2
15:40:42.0 (40875425)|METHOD_ENTRY|[1]|01p1I00000FWXW5|ProductTriggerHelper.ProductTriggerHelper()
15:40:42.0 (40883468)|STATEMENT_EXECUTE|[1]
15:40:42.0 (40888451)|STATEMENT_EXECUTE|[1]
15:40:42.0 (41300423)|SYSTEM_MODE_ENTER|false
15:40:42.0 (41317514)|HEAP_ALLOCATE|[4]|Bytes:5
15:40:42.0 (41325379)|SYSTEM_MODE_EXIT|false
15:40:42.0 (41350354)|METHOD_EXIT|[1]|ProductTriggerHelper
15:40:42.0 (41401962)|METHOD_ENTRY|[4]|01p1I00000FWXW5|ProductTriggerHelper.handleAfterUpdate(List<Product2>, Map<Id,Product2>)
15:40:42.0 (41461852)|VARIABLE_SCOPE_BEGIN|[3]|products|List<Product2>|true|false
15:40:42.0 (42158965)|VARIABLE_ASSIGNMENT|[3]|products|[{"LastModifiedDate":"2018-01-02T23:40:41.000Z","IsDeleted":false,"CreatedById":"0051I000000zlxUQAQ","ProductCode":"GC1060-3","IsActive":true,"CreatedDate":"2017-10-25T22:52:04.000Z","Id":"01t1I0000016vrfQAA","LastModifiedById":"0051I000000zlxUQAQ","Name":"GenWatt Diesel 1000k (24 more) ...","SystemModstamp":"2018-01-02T23:40:41.000Z"}]|0x7ad743df
15:40:42.0 (42178721)|VARIABLE_SCOPE_BEGIN|[3]|oldProductMap|Map<Id,Product2>|true|false
15:40:42.0 (42368681)|VARIABLE_ASSIGNMENT|[3]|oldProductMap|{"01t1I0000016vrfQAA":{"LastModifiedDate":"2018-01-02T23:27:58.000Z","IsDeleted":false,"CreatedById":"0051I000000zlxUQAQ","ProductCode":"GC1060-3","IsActive":false,"CreatedDate":"2017-10-25T22:52:04.000Z","Id":"01t1I0000016vrfQAA","LastModifiedById":"0051I000000zlxUQAQ","Name":"GenWatt Diesel 1000k (24 more) ...","SystemModstamp":"2018-01-02T23:27:58.000Z"}}|0x3021eb8f
15:40:42.0 (42394201)|SYSTEM_MODE_ENTER|false
15:40:42.0 (42402792)|HEAP_ALLOCATE|[4]|Bytes:5
15:40:42.0 (42408960)|STATEMENT_EXECUTE|[3]
15:40:42.0 (42410342)|STATEMENT_EXECUTE|[4]
15:40:42.0 (42429162)|METHOD_ENTRY|[4]|01p1I00000FWXW5|ProductTriggerHelper.checkIfNameChanged(List<Product2>, Map<Id,Product2>)
15:40:42.0 (42473851)|VARIABLE_SCOPE_BEGIN|[7]|products|List<Product2>|true|false
15:40:42.0 (42634979)|VARIABLE_ASSIGNMENT|[7]|products|[{"LastModifiedDate":"2018-01-02T23:40:41.000Z","IsDeleted":false,"CreatedById":"0051I000000zlxUQAQ","ProductCode":"GC1060-3","IsActive":true,"CreatedDate":"2017-10-25T22:52:04.000Z","Id":"01t1I0000016vrfQAA","LastModifiedById":"0051I000000zlxUQAQ","Name":"GenWatt Diesel 1000k (24 more) ...","SystemModstamp":"2018-01-02T23:40:41.000Z"}]|0x7ad743df
15:40:42.0 (42646477)|VARIABLE_SCOPE_BEGIN|[7]|oldProductMap|Map<Id,Product2>|true|false
15:40:42.0 (42793424)|VARIABLE_ASSIGNMENT|[7]|oldProductMap|{"01t1I0000016vrfQAA":{"LastModifiedDate":"2018-01-02T23:27:58.000Z","IsDeleted":false,"CreatedById":"0051I000000zlxUQAQ","ProductCode":"GC1060-3","IsActive":false,"CreatedDate":"2017-10-25T22:52:04.000Z","Id":"01t1I0000016vrfQAA","LastModifiedById":"0051I000000zlxUQAQ","Name":"GenWatt Diesel 1000k (24 more) ...","SystemModstamp":"2018-01-02T23:27:58.000Z"}}|0x3021eb8f
15:40:42.0 (42815287)|HEAP_ALLOCATE|[10]|Bytes:5
15:40:42.0 (42821252)|STATEMENT_EXECUTE|[7]
15:40:42.0 (42822668)|STATEMENT_EXECUTE|[10]
15:40:42.0 (42835357)|HEAP_ALLOCATE|[10]|Bytes:4
15:40:42.0 (42874540)|SYSTEM_CONSTRUCTOR_ENTRY|[10]|<init>()
15:40:42.0 (42923012)|SYSTEM_CONSTRUCTOR_EXIT|[10]|<init>()
15:40:42.0 (42933575)|HEAP_ALLOCATE|[10]|Bytes:4
15:40:42.0 (42946982)|HEAP_ALLOCATE|[10]|Bytes:11
15:40:42.0 (42952214)|HEAP_ALLOCATE|[10]|Bytes:9
15:40:42.0 (42958302)|VARIABLE_SCOPE_BEGIN|[10]|trackChanges|List<String>|true|false
15:40:42.0 (42984355)|HEAP_ALLOCATE|[EXTERNAL]|Bytes:16
15:40:42.0 (42995647)|VARIABLE_ASSIGNMENT|[10]|trackChanges|["Name","ProductCode","fakeField"]|0x12070e3f
15:40:42.0 (43001203)|STATEMENT_EXECUTE|[11]
15:40:42.0 (46571471)|HEAP_ALLOCATE|[11]|Bytes:4
15:40:42.0 (46592552)|METHOD_ENTRY|[1]|01p1I00000FWXzb|Utils.Utils()
15:40:42.0 (46598390)|STATEMENT_EXECUTE|[1]
15:40:42.0 (46602158)|STATEMENT_EXECUTE|[1]
15:40:42.0 (46610237)|SYSTEM_MODE_ENTER|true
15:40:42.0 (46617557)|HEAP_ALLOCATE|[11]|Bytes:5
15:40:42.0 (46623821)|SYSTEM_MODE_EXIT|true
15:40:42.0 (46632942)|METHOD_EXIT|[1]|Utils
15:40:42.0 (46660825)|METHOD_ENTRY|[11]|01p1I00000FWXzb|Utils.checkForChangedFields(List<SObject>, Map<Id,SObject>, List<String>)
15:40:42.0 (46680923)|VARIABLE_SCOPE_BEGIN|[18]|newRecords|List<SObject>|true|false
15:40:42.0 (46859229)|VARIABLE_ASSIGNMENT|[18]|newRecords|[{"LastModifiedDate":"2018-01-02T23:40:41.000Z","IsDeleted":false,"CreatedById":"0051I000000zlxUQAQ","ProductCode":"GC1060-3","IsActive":true,"CreatedDate":"2017-10-25T22:52:04.000Z","Id":"01t1I0000016vrfQAA","LastModifiedById":"0051I000000zlxUQAQ","Name":"GenWatt Diesel 1000k (24 more) ...","SystemModstamp":"2018-01-02T23:40:41.000Z"}]|0x7ad743df
15:40:42.0 (46877515)|VARIABLE_SCOPE_BEGIN|[18]|oldRecordMap|Map<Id,SObject>|true|false
15:40:42.0 (47032400)|VARIABLE_ASSIGNMENT|[18]|oldRecordMap|{"01t1I0000016vrfQAA":{"LastModifiedDate":"2018-01-02T23:27:58.000Z","IsDeleted":false,"CreatedById":"0051I000000zlxUQAQ","ProductCode":"GC1060-3","IsActive":false,"CreatedDate":"2017-10-25T22:52:04.000Z","Id":"01t1I0000016vrfQAA","LastModifiedById":"0051I000000zlxUQAQ","Name":"GenWatt Diesel 1000k (24 more) ...","SystemModstamp":"2018-01-02T23:27:58.000Z"}}|0x3021eb8f
15:40:42.0 (47045392)|VARIABLE_SCOPE_BEGIN|[18]|fields|List<String>|true|false
15:40:42.0 (47056088)|VARIABLE_ASSIGNMENT|[18]|fields|["Name","ProductCode","fakeField"]|0x12070e3f
15:40:42.0 (47067462)|SYSTEM_MODE_ENTER|true
15:40:42.0 (47074032)|HEAP_ALLOCATE|[20]|Bytes:5
15:40:42.0 (47079278)|STATEMENT_EXECUTE|[18]
15:40:42.0 (47080457)|STATEMENT_EXECUTE|[20]
15:40:42.0 (47097806)|HEAP_ALLOCATE|[20]|Bytes:4
15:40:42.0 (47110860)|SYSTEM_CONSTRUCTOR_ENTRY|[20]|<init>()
15:40:42.0 (47142272)|SYSTEM_CONSTRUCTOR_EXIT|[20]|<init>()
15:40:42.0 (47147738)|VARIABLE_SCOPE_BEGIN|[20]|changedRecords|List<SObject>|true|false
15:40:42.0 (47157130)|HEAP_ALLOCATE|[EXTERNAL]|Bytes:4
15:40:42.0 (47164426)|VARIABLE_ASSIGNMENT|[20]|changedRecords|[]|0x63473902
15:40:42.0 (47201528)|SYSTEM_METHOD_ENTRY|[21]|List<Product2>.iterator()
15:40:42.0 (47373130)|SYSTEM_METHOD_EXIT|[21]|List<Product2>.iterator()
15:40:42.0 (47397927)|SYSTEM_METHOD_ENTRY|[21]|system.ListIterator.hasNext()
15:40:42.0 (47408084)|HEAP_ALLOCATE|[21]|Bytes:5
15:40:42.0 (47427535)|SYSTEM_METHOD_EXIT|[21]|system.ListIterator.hasNext()
15:40:42.0 (47459705)|VARIABLE_SCOPE_BEGIN|[21]|newRecord|SObject|true|false
15:40:42.0 (47624583)|VARIABLE_ASSIGNMENT|[21]|newRecord|{"LastModifiedDate":"2018-01-02T23:40:41.000Z","IsDeleted":false,"CreatedById":"0051I000000zlxUQAQ","ProductCode":"GC1060-3","IsActive":true,"CreatedDate":"2017-10-25T22:52:04.000Z","Id":"01t1I0000016vrfQAA","LastModifiedById":"0051I000000zlxUQAQ","Name":"GenWatt Diesel 1000k (24 more) ...","SystemModstamp":"2018-01-02T23:40:41.000Z"}|0x5f9caa48
15:40:42.0 (47636506)|STATEMENT_EXECUTE|[21]
15:40:42.0 (47637728)|STATEMENT_EXECUTE|[22]
15:40:42.0 (47641401)|HEAP_ALLOCATE|[22]|Bytes:2
15:40:42.0 (47679513)|SYSTEM_METHOD_ENTRY|[22]|SObject.get(String)
15:40:42.0 (47720948)|HEAP_ALLOCATE|[22]|Bytes:4
15:40:42.0 (47734319)|SYSTEM_METHOD_EXIT|[22]|SObject.get(String)
15:40:42.0 (47744833)|HEAP_ALLOCATE|[22]|Bytes:4
15:40:42.0 (47782403)|SYSTEM_METHOD_ENTRY|[22]|Map<Id,Product2>.get(Object)
15:40:42.0 (47806778)|SYSTEM_METHOD_EXIT|[22]|Map<Id,Product2>.get(Object)
15:40:42.0 (47817471)|VARIABLE_SCOPE_BEGIN|[22]|oldRecord|SObject|true|false
15:40:42.0 (47964614)|VARIABLE_ASSIGNMENT|[22]|oldRecord|{"LastModifiedDate":"2018-01-02T23:27:58.000Z","IsDeleted":false,"CreatedById":"0051I000000zlxUQAQ","ProductCode":"GC1060-3","IsActive":false,"CreatedDate":"2017-10-25T22:52:04.000Z","Id":"01t1I0000016vrfQAA","LastModifiedById":"0051I000000zlxUQAQ","Name":"GenWatt Diesel 1000k (24 more) ...","SystemModstamp":"2018-01-02T23:27:58.000Z"}|0x45b2f6cd
15:40:42.0 (47982827)|SYSTEM_METHOD_ENTRY|[24]|List<String>.iterator()
15:40:42.0 (48002196)|SYSTEM_METHOD_EXIT|[24]|List<String>.iterator()
15:40:42.0 (48011588)|SYSTEM_METHOD_ENTRY|[24]|system.ListIterator.hasNext()
15:40:42.0 (48019379)|HEAP_ALLOCATE|[24]|Bytes:5
15:40:42.0 (48025752)|SYSTEM_METHOD_EXIT|[24]|system.ListIterator.hasNext()
15:40:42.0 (48032661)|HEAP_ALLOCATE|[24]|Bytes:4
15:40:42.0 (48038710)|VARIABLE_SCOPE_BEGIN|[24]|field|String|false|false
15:40:42.0 (48047935)|VARIABLE_ASSIGNMENT|[24]|field|"Name"
15:40:42.0 (48052489)|STATEMENT_EXECUTE|[24]
15:40:42.0 (48065134)|SYSTEM_METHOD_ENTRY|[25]|SObject.get(String)
15:40:42.0 (48098254)|HEAP_ALLOCATE|[25]|Bytes:44
15:40:42.0 (48110936)|SYSTEM_METHOD_EXIT|[25]|SObject.get(String)
15:40:42.0 (48121683)|SYSTEM_METHOD_ENTRY|[25]|SObject.get(String)
15:40:42.0 (48132947)|HEAP_ALLOCATE|[25]|Bytes:44
15:40:42.0 (48140943)|SYSTEM_METHOD_EXIT|[25]|SObject.get(String)
15:40:42.0 (48182621)|SYSTEM_METHOD_ENTRY|[25]|com.salesforce.api.fast.System.compareObjects(Object, Object)
15:40:42.0 (48212743)|SYSTEM_METHOD_EXIT|[25]|com.salesforce.api.fast.System.compareObjects(Object, Object)
15:40:42.0 (48218621)|STATEMENT_EXECUTE|[25]
15:40:42.0 (48223654)|SYSTEM_METHOD_ENTRY|[24]|system.ListIterator.hasNext()
15:40:42.0 (48230007)|HEAP_ALLOCATE|[24]|Bytes:5
15:40:42.0 (48234729)|SYSTEM_METHOD_EXIT|[24]|system.ListIterator.hasNext()
15:40:42.0 (48239870)|HEAP_ALLOCATE|[24]|Bytes:11
15:40:42.0 (48245574)|VARIABLE_SCOPE_BEGIN|[24]|field|String|false|false
15:40:42.0 (48254421)|VARIABLE_ASSIGNMENT|[24]|field|"ProductCode"
15:40:42.0 (48258582)|STATEMENT_EXECUTE|[24]
15:40:42.0 (48266970)|SYSTEM_METHOD_ENTRY|[25]|SObject.get(String)
15:40:42.0 (48282310)|HEAP_ALLOCATE|[25]|Bytes:8
15:40:42.0 (48291957)|SYSTEM_METHOD_EXIT|[25]|SObject.get(String)
15:40:42.0 (48300075)|SYSTEM_METHOD_ENTRY|[25]|SObject.get(String)
15:40:42.0 (48308882)|HEAP_ALLOCATE|[25]|Bytes:8
15:40:42.0 (48316803)|SYSTEM_METHOD_EXIT|[25]|SObject.get(String)
15:40:42.0 (48327385)|SYSTEM_METHOD_ENTRY|[25]|com.salesforce.api.fast.System.compareObjects(Object, Object)
15:40:42.0 (48342806)|SYSTEM_METHOD_EXIT|[25]|com.salesforce.api.fast.System.compareObjects(Object, Object)
15:40:42.0 (48348628)|STATEMENT_EXECUTE|[25]
15:40:42.0 (48352347)|SYSTEM_METHOD_ENTRY|[24]|system.ListIterator.hasNext()
15:40:42.0 (48357114)|HEAP_ALLOCATE|[24]|Bytes:5
15:40:42.0 (48361425)|SYSTEM_METHOD_EXIT|[24]|system.ListIterator.hasNext()
15:40:42.0 (48372062)|HEAP_ALLOCATE|[24]|Bytes:9
15:40:42.0 (48377460)|VARIABLE_SCOPE_BEGIN|[24]|field|String|false|false
15:40:42.0 (48385689)|VARIABLE_ASSIGNMENT|[24]|field|"fakeField"
15:40:42.0 (48389784)|STATEMENT_EXECUTE|[24]
15:40:42.0 (48398094)|SYSTEM_METHOD_ENTRY|[25]|SObject.get(String)
15:40:42.0 (48555142)|HEAP_ALLOCATE|[25]|Bytes:40
15:40:42.0 (48567390)|SYSTEM_METHOD_EXIT|[25]|SObject.get(String)
15:40:42.0 (48576226)|SYSTEM_MODE_EXIT|true
15:40:42.0 (48586000)|METHOD_EXIT|[11]|01p1I00000FWXzb|Utils.checkForChangedFields(List<SObject>, Map<Id,SObject>, List<String>)
15:40:42.0 (48595092)|METHOD_EXIT|[4]|01p1I00000FWXW5|ProductTriggerHelper.checkIfNameChanged(List<Product2>, Map<Id,Product2>)
15:40:42.0 (48600588)|SYSTEM_MODE_EXIT|false
15:40:42.0 (48605146)|METHOD_EXIT|[4]|01p1I00000FWXW5|ProductTriggerHelper.handleAfterUpdate(List<Product2>, Map<Id,Product2>)
15:40:42.0 (48696460)|FATAL_ERROR|System.SObjectException: Invalid field fakeField for Product2

Class.Utils.checkForChangedFields: line 25, column 1
Class.ProductTriggerHelper.checkIfNameChanged: line 11, column 1
Class.ProductTriggerHelper.handleAfterUpdate: line 4, column 1
Trigger.ProductTrigger: line 4, column 1
15:40:42.0 (48728441)|FATAL_ERROR|System.SObjectException: Invalid field fakeField for Product2

Class.Utils.checkForChangedFields: line 25, column 1
Class.ProductTriggerHelper.checkIfNameChanged: line 11, column 1
Class.ProductTriggerHelper.handleAfterUpdate: line 4, column 1
Trigger.ProductTrigger: line 4, column 1
15:40:42.48 (48776110)|CUMULATIVE_LIMIT_USAGE
15:40:42.48 (48776110)|LIMIT_USAGE_FOR_NS|(default)|
  Number of SOQL queries: 0 out of 100
  Number of query rows: 0 out of 50000
  Number of SOSL queries: 0 out of 20
  Number of DML statements: 0 out of 150
  Number of DML rows: 0 out of 10000
  Maximum CPU time: 0 out of 10000
  Maximum heap size: 0 out of 6000000
  Number of callouts: 0 out of 100
  Number of Email Invocations: 0 out of 10
  Number of future calls: 0 out of 50
  Number of queueable jobs added to the queue: 0 out of 50
  Number of Mobile Apex push calls: 0 out of 10

15:40:42.48 (48776110)|TOTAL_EMAIL_RECIPIENTS_QUEUED|0
15:40:42.48 (48776110)|STATIC_VARIABLE_LIST|
  char[]:DigitTens:0
  long:serialVersionUID:0
  long:serialVersionUID:0
  double:MAX_VALUE:0
  Boolean:FALSE:0
  long:serialVersionUID:0
  String:_sfdcSuppressedCodeLocations:0
  double:MIN_VALUE:0
  int:SIZE:0
  double:NEGATIVE_INFINITY:0
  int:MAX_VALUE:0
  String:_sfdcAdditionalCodeLocations:0
  char[]:digits:0
  double:NaN:0
  Boolean:TRUE:0
  int:MIN_VALUE:0
  char[]:DigitOnes:0
  String:_sfdcAdditionalCodeLocations:0
  int:BYTES:0
  int:MIN_EXPONENT:0
  int[]:sizeTable:0
  int:MAX_EXPONENT:0
  int:SIZE:0
  double:POSITIVE_INFINITY:0
  double:MIN_NORMAL:0
  int:BYTES:0

15:40:42.48 (48776110)|CUMULATIVE_LIMIT_USAGE_END

15:40:42.0 (49900158)|CODE_UNIT_FINISHED|ProductTrigger on Product2 trigger event AfterUpdate for [01t1I0000016vrf]
15:40:42.0 (50710863)|EXECUTION_FINISHED
15:40:42.128 (128296140)|CUMULATIVE_PROFILING_BEGIN
15:40:42.128 (128296140)|CUMULATIVE_PROFILING|No profiling information for SOQL operations
15:40:42.128 (128296140)|CUMULATIVE_PROFILING|No profiling information for SOSL operations
15:40:42.128 (128296140)|CUMULATIVE_PROFILING|No profiling information for DML operations
15:40:42.128 (128296140)|CUMULATIVE_PROFILING|method invocations|
External entry point: public void invoke(): executed 1 time in 47 ms
Trigger.ProductTrigger: line 4, column 1: public static void handleAfterUpdate(List<Product2>, Map<Id,Product2>): executed 1 time in 7 ms
Class.ProductTriggerHelper.handleAfterUpdate: line 4, column 1: private static void checkIfNameChanged(List<Product2>, Map<Id,Product2>): executed 1 time in 6 ms
Class.ProductTriggerHelper.checkIfNameChanged: line 11, column 1: public static List<SObject> checkForChangedFields(List<SObject>, Map<Id,SObject>, List<String>): executed 1 time in 2 ms
Class.Utils.checkForChangedFields: line 20, column 1: global public List<SObject>(): executed 1 time in 0 ms
Class.Utils.checkForChangedFields: line 21, column 1: global public System.Iterator iterator(): executed 2 times in 0 ms
Class.Utils.checkForChangedFields: line 22, column 1: public Object get(String): executed 2 times in 0 ms
Class.Utils.checkForChangedFields: line 24, column 1: global public System.Iterator iterator(): executed 4 times in 0 ms
Class.Utils.checkForChangedFields: line 25, column 1: public Object get(String): executed 7 times in 0 ms
Class.ProductTriggerHelper.checkIfNameChanged: line 10, column 1: global public List<String>(): executed 1 time in 0 ms

15:40:42.128 (128296140)|CUMULATIVE_PROFILING_END
